2274000000,1.000000000000000,1.000000000000000,0.000000000000000,0,0,0,0,0,-107968236,UPDATESTANDBY
2374000000,1.000000000000000,1.000000000000000,0.000000000000000,1,0,0,1,2274000000,7,UPDATESTANDBY
2474000000,1.000000000000000,1.000000000000000,0.000000000000000,1,0,0,2,2375000000,6,UPDATESTANDBY
2574000000,1.000000000000000,1.000000000000000,0.000000000000000,1,0,0,3,2475000000,6,UPDATESTANDBY
2674000000,1.000000000000000,1.000000000000000,0.000000000000000,1,0,0,4,2574000000,6,UPDATESTANDBY
2775000000,1.000000000000000,1.000000000000000,0.000000000000000,1,0,0,5,2674000000,6,UPDATESTANDBY
2874000000,1.000000000000000,1.000000000000000,0.000000000000000,1,0,0,6,2775000000,6,UPDATESTANDBY
2974000000,1.000000000000000,1.000000000000000,0.000000000000000,1,0,0,7,2874000000,6,UPDATESTANDBY
3074000000,1.000000000000000,1.000000000000000,0.000000000000000,1,0,0,8,2974000000,6,UPDATESTANDBY
3180000000,1.000000000000000,1.000000000000000,0.000000000000000,1,0,0,9,3075000000,6,UPDATESTANDBY
3274000000,1.000000000000000,1.000000000000000,0.000000000000000,1,0,0,10,3180000000,7,UPDATESTANDBY
3374000000,1.000000000000000,1.000000000000000,0.000000000000000,1,0,0,11,3274000000,6,UPDATESTANDBY
3474000000,1.000000000000000,1.000000000000000,0.000000000000000,1,0,0,12,3375000000,6,UPDATESTANDBY
3574000000,1.000000000000000,1.000000000000000,0.000000000000000,1,0,0,13,3474000000,6,UPDATESTANDBY
3674000000,1.000000000000000,1.000000000000000,0.000000000000000,1,0,0,14,3574000000,6,UPDATESTANDBY
3774000000,1.000000000000000,1.000000000000000,0.000000000000000,1,0,0,15,3674000000,6,UPDATESTANDBY
3874000000,1.000000000000000,1.000000000000000,0.000000000000000,1,0,0,16,3774000000,6,UPDATESTANDBY
3974000000,1.000000000000000,1.000000000000000,0.000000000000000,1,0,0,17,3874000000,6,UPDATESTANDBY
4074000000,1.000000000000000,1.000000000000000,0.000000000000000,1,0,0,18,3974000000,6,UPDATESTANDBY
4174000000,1.000000000000000,1.000000000000000,0.000000000000000,1,0,0,19,4074000000,6,UPDATESTANDBY
4274000000,1.000000000000000,1.000000000000000,0.000000000000000,1,0,0,20,4174000000,7,UPDATESTANDBY
4374000000,1.000000000000000,1.000000000000000,0.000000000000000,1,0,0,21,4274000000,6,UPDATESTANDBY
4475000000,1.000000000000000,1.000000000000000,0.000000000000000,1,0,0,22,4374000000,6,UPDATESTANDBY
4574000000,1.000000000000000,1.000000000000000,0.000000000000000,1,0,0,23,4475000000,6,UPDATESTANDBY
4674000000,1.000000000000000,1.000000000000000,0.000000000000000,1,0,0,24,4574000000,6,UPDATESTANDBY
4774000000,1.000000000000000,1.000000000000000,0.000000000000000,1,0,0,25,4674000000,6,UPDATESTANDBY
4874000000,1.000000000000000,1.000000000000000,0.000000000000000,1,0,0,26,4774000000,6,UPDATESTANDBY
4974000000,1.000000000000000,1.000000000000000,0.000000000000000,1,0,0,27,4874000000,6,UPDATESTANDBY
5074000000,1.000000000000000,1.000000000000000,0.000000000000000,1,0,0,28,4974000000,6,UPDATESTANDBY
5175000000,1.000000000000000,1.000000000000000,0.000000000000000,1,0,0,29,5074000000,6,UPDATESTANDBY
5274000000,1.000000000000000,1.000000000000000,0.000000000000000,1,0,0,30,5175000000,7,UPDATESTANDBY
5375000000,1.000000000000000,1.000000000000000,0.000000000000000,1,0,0,31,5274000000,6,UPDATESTANDBY
5474000000,1.000000000000000,1.000000000000000,0.000000000000000,1,0,0,32,5375000000,6,UPDATESTANDBY
5574000000,1.000000000000000,1.000000000000000,0.000000000000000,1,0,0,33,5475000000,6,UPDATESTANDBY
5674000000,1.000000000000000,1.000000000000000,0.000000000000000,1,0,0,34,5574000000,6,UPDATESTANDBY
5774000000,1.000000000000000,1.000000000000000,0.000000000000000,1,0,0,35,5674000000,6,UPDATESTANDBY
5874000000,1.000000000000000,1.000000000000000,0.000000000000000,1,0,0,36,5774000000,6,UPDATESTANDBY
5974000000,1.000000000000000,1.000000000000000,0.000000000000000,1,0,0,37,5874000000,6,UPDATESTANDBY
6074000000,1.000000000000000,1.000000000000000,0.000000000000000,1,0,0,38,5974000000,6,UPDATESTANDBY
6175000000,1.000000000000000,1.000000000000000,0.000000000000000,1,0,0,39,6074000000,6,UPDATESTANDBY
6276000000,1.000000000000000,1.000000000000000,0.000000000000000,1,0,0,40,6175000000,7,UPDATESTANDBY
6374000000,1.000000000000000,1.000000000000000,0.000000000000000,1,0,0,41,6276000000,6,UPDATESTANDBY
6474000000,1.000000000000000,1.000000000000000,0.000000000000000,1,0,0,42,6374000000,6,UPDATESTANDBY
6576000000,1.000000000000000,1.000000000000000,0.000000000000000,1,0,0,43,6475000000,6,UPDATESTANDBY
6674000000,1.000000000000000,1.000000000000000,0.000000000000000,1,0,0,44,6576000000,6,UPDATESTANDBY
6774000000,1.000000000000000,1.000000000000000,0.000000000000000,1,0,0,45,6674000000,6,UPDATESTANDBY
6874000000,1.000000000000000,1.000000000000000,0.000000000000000,1,0,0,46,6775000000,6,UPDATESTANDBY
6975000000,1.000000000000000,1.000000000000000,0.000000000000000,1,0,0,47,6874000000,6,UPDATESTANDBY
7074000000,1.000000000000000,1.000000000000000,0.000000000000000,1,0,0,48,6975000000,6,UPDATESTANDBY
7174000000,1.000000000000000,1.000000000000000,0.000000000000000,1,0,0,49,7074000000,6,UPDATESTANDBY
7274000000,1.000000000000000,1.000000000000000,0.000000000000000,1,0,0,50,7174000000,7,UPDATESTANDBY
7374000000,1.000000000000000,1.000000000000000,0.000000000000000,1,0,0,51,7274000000,6,UPDATESTANDBY
7475000000,1.000000000000000,1.000000000000000,0.000000000000000,1,0,0,52,7374000000,6,UPDATESTANDBY
7574000000,1.000000000000000,1.000000000000000,0.000000000000000,1,0,0,53,7475000000,6,UPDATESTANDBY
7674000000,1.000000000000000,1.000000000000000,0.000000000000000,1,0,0,54,7574000000,6,UPDATESTANDBY
7774000000,1.000000000000000,1.000000000000000,0.000000000000000,1,0,0,55,7674000000,6,UPDATESTANDBY
7874000000,1.000000000000000,1.000000000000000,0.000000000000000,1,0,0,56,7774000000,6,UPDATESTANDBY
7974000000,1.000000000000000,1.000000000000000,0.000000000000000,1,0,0,57,7874000000,6,UPDATESTANDBY
8075000000,1.000000000000000,1.000000000000000,0.000000000000000,1,0,0,58,7974000000,6,UPDATESTANDBY
8174000000,1.000000000000000,1.000000000000000,0.000000000000000,1,0,0,59,8075000000,6,UPDATESTANDBY
8275000000,1.000000000000000,1.000000000000000,0.000000000000000,1,0,0,60,8174000000,7,UPDATESTANDBY
8374000000,1.000000000000000,1.000000000000000,0.000000000000000,1,0,0,61,8275000000,6,UPDATESTANDBY
8474000000,1.000000000000000,1.000000000000000,0.000000000000000,1,0,0,62,8374000000,6,UPDATESTANDBY
8574000000,1.000000000000000,1.000000000000000,0.000000000000000,1,0,0,63,8474000000,6,UPDATESTANDBY
8674000000,1.000000000000000,1.000000000000000,0.000000000000000,1,0,0,64,8574000000,6,UPDATESTANDBY
8776000000,1.000000000000000,1.000000000000000,0.000000000000000,1,0,0,65,8674000000,6,UPDATESTANDBY
8874000000,1.000000000000000,1.000000000000000,0.000000000000000,1,0,0,66,8776000000,6,UPDATESTANDBY
8975000000,1.000000000000000,1.000000000000000,0.000000000000000,1,0,0,67,8874000000,6,UPDATESTANDBY
9074000000,1.000000000000000,1.000000000000000,0.000000000000000,1,0,0,68,8975000000,6,UPDATESTANDBY
9174000000,1.000000000000000,1.000000000000000,0.000000000000000,1,0,0,69,9074000000,6,UPDATESTANDBY
9275000000,1.000000000000000,1.000000000000000,0.000000000000000,1,0,0,70,9174000000,7,UPDATESTANDBY
9375000000,1.000000000000000,1.000000000000000,0.000000000000000,1,0,0,71,9276000000,6,UPDATESTANDBY
9475000000,1.000000000000000,1.000000000000000,0.000000000000000,1,0,0,72,9375000000,6,UPDATESTANDBY
9574000000,1.000000000000000,1.000000000000000,0.000000000000000,1,0,0,73,9475000000,6,UPDATESTANDBY
9674000000,1.000000000000000,1.000000000000000,0.000000000000000,1,0,0,74,9574000000,6,UPDATESTANDBY
9774000000,1.000000000000000,1.000000000000000,0.000000000000000,1,0,0,75,9674000000,6,UPDATESTANDBY
9874000000,1.000000000000000,1.000000000000000,0.000000000000000,1,0,0,76,9774000000,6,UPDATESTANDBY
9974000000,1.000000000000000,1.000000000000000,0.000000000000000,1,0,0,77,9874000000,6,UPDATESTANDBY
10074000000,1.000000000000000,1.000000000000000,0.000000000000000,1,0,0,78,9974000000,6,UPDATESTANDBY
10174000000,1.000000000000000,1.000000000000000,0.000000000000000,1,0,0,79,10074000000,6,UPDATESTANDBY
10276000000,1.000000000000000,1.000000000000000,0.000000000000000,1,0,0,80,10174000000,7,UPDATESTANDBY
10376000000,1.000000000000000,1.000000000000000,0.000000000000000,1,0,0,81,10276000000,6,UPDATESTANDBY
10474000000,1.000000000000000,1.000000000000000,0.000000000000000,1,0,0,82,10377000000,6,UPDATESTANDBY
10574000000,1.000000000000000,1.000000000000000,0.000000000000000,1,0,0,83,10475000000,6,UPDATESTANDBY
10674000000,1.000000000000000,1.000000000000000,0.000000000000000,1,0,0,84,10574000000,6,UPDATESTANDBY
10775000000,1.000000000000000,1.000000000000000,0.000000000000000,1,0,0,85,10674000000,6,UPDATESTANDBY
10874000000,1.000000000000000,1.000000000000000,0.000000000000000,1,0,0,86,10775000000,6,UPDATESTANDBY
10975000000,1.000000000000000,1.000000000000000,0.000000000000000,1,0,0,87,10874000000,6,UPDATESTANDBY
11076000000,1.000000000000000,1.000000000000000,0.000000000000000,1,0,0,88,10975000000,6,UPDATESTANDBY
11175000000,1.000000000000000,1.000000000000000,0.000000000000000,1,0,0,89,11076000000,6,UPDATESTANDBY
11274000000,1.000000000000000,1.000000000000000,0.000000000000000,1,0,0,90,11175000000,7,UPDATESTANDBY
11374000000,1.000000000000000,1.000000000000000,0.000000000000000,1,0,0,91,11274000000,6,UPDATESTANDBY
11474000000,1.000000000000000,1.000000000000000,0.000000000000000,1,0,0,92,11374000000,6,UPDATESTANDBY
11575000000,1.000000000000000,1.000000000000000,0.000000000000000,1,0,0,93,11475000000,6,UPDATESTANDBY
11674000000,1.000000000000000,1.000000000000000,0.000000000000000,1,0,0,94,11575000000,6,UPDATESTANDBY
11774000000,1.000000000000000,1.000000000000000,0.000000000000000,1,0,0,95,11675000000,6,UPDATESTANDBY
11874000000,1.000000000000000,1.000000000000000,0.000000000000000,1,0,0,96,11774000000,6,UPDATESTANDBY
11975000000,1.000000000000000,1.000000000000000,0.000000000000000,1,0,0,97,11874000000,6,UPDATESTANDBY
12074000000,1.000000000000000,1.000000000000000,0.000000000000000,1,0,0,98,11975000000,6,UPDATESTANDBY
12176000000,1.000000000000000,1.000000000000000,0.000000000000000,1,0,0,99,12075000000,6,UPDATESTANDBY
12274000000,1.000000000000000,1.000000000000000,0.000000000000000,1,0,0,100,12176000000,7,UPDATESTANDBY
12374000000,1.000000000000000,1.000000000000000,0.000000000000000,1,0,0,101,12275000000,6,UPDATESTANDBY
12474000000,1.000000000000000,1.000000000000000,0.000000000000000,1,0,0,102,12374000000,6,UPDATESTANDBY
12574000000,1.000000000000000,1.000000000000000,0.000000000000000,1,0,0,103,12474000000,6,UPDATESTANDBY
12674000000,1.000000000000000,1.000000000000000,0.000000000000000,1,0,0,104,12574000000,6,UPDATESTANDBY
12774000000,1.000000000000000,1.000000000000000,0.000000000000000,1,0,0,105,12674000000,6,UPDATESTANDBY
12874000000,1.000000000000000,1.000000000000000,0.000000000000000,1,0,0,106,12774000000,6,UPDATESTANDBY
12974000000,1.000000000000000,1.000000000000000,0.000000000000000,1,0,0,107,12875000000,6,UPDATESTANDBY
13074000000,1.000000000000000,1.000000000000000,0.000000000000000,1,0,0,108,12974000000,6,UPDATESTANDBY
13174000000,1.000000000000000,1.000000000000000,0.000000000000000,1,0,0,109,13074000000,6,UPDATESTANDBY
13274000000,1.000000000000000,1.000000000000000,0.000000000000000,1,0,0,110,13175000000,7,UPDATESTANDBY
13375000000,1.000000000000000,1.000000000000000,0.000000000000000,1,0,0,111,13274000000,6,UPDATESTANDBY
13474000000,1.000000000000000,1.000000000000000,0.000000000000000,1,0,0,112,13375000000,6,UPDATESTANDBY
13574000000,1.000000000000000,1.000000000000000,0.000000000000000,1,0,0,113,13475000000,6,UPDATESTANDBY
13674000000,1.000000000000000,1.000000000000000,0.000000000000000,1,0,0,114,13574000000,6,UPDATESTANDBY
13774000000,1.000000000000000,1.000000000000000,0.000000000000000,1,0,0,115,13676000000,6,UPDATESTANDBY
13874000000,1.000000000000000,1.000000000000000,0.000000000000000,1,0,0,116,13775000000,6,UPDATESTANDBY
13974000000,1.000000000000000,1.000000000000000,0.000000000000000,1,0,0,117,13874000000,6,UPDATESTANDBY
14074000000,1.000000000000000,1.000000000000000,0.000000000000000,1,0,0,118,13974000000,6,UPDATESTANDBY
14174000000,1.000000000000000,1.000000000000000,0.000000000000000,1,0,0,119,14074000000,6,UPDATESTANDBY
14274000000,1.000000000000000,1.000000000000000,0.000000000000000,1,0,0,120,14174000000,7,UPDATESTANDBY
14376000000,1.000000000000000,1.000000000000000,0.000000000000000,1,0,0,121,14274000000,6,UPDATESTANDBY
14475000000,1.000000000000000,1.000000000000000,0.000000000000000,1,0,0,122,14376000000,6,UPDATESTANDBY
14574000000,1.000000000000000,1.000000000000000,0.000000000000000,1,0,0,123,14476000000,6,UPDATESTANDBY
14674000000,1.000000000000000,1.000000000000000,0.000000000000000,1,0,0,124,14574000000,6,UPDATESTANDBY
14774000000,1.000000000000000,1.000000000000000,0.000000000000000,1,0,0,125,14674000000,6,UPDATESTANDBY
14875000000,1.000000000000000,1.000000000000000,0.000000000000000,1,0,0,126,14774000000,6,UPDATESTANDBY
14975000000,1.000000000000000,1.000000000000000,0.000000000000000,1,0,0,127,14876000000,6,UPDATESTANDBY
15074000000,1.000000000000000,1.000000000000000,0.000000000000000,1,0,0,128,14975000000,6,UPDATESTANDBY
15174000000,1.000000000000000,1.000000000000000,0.000000000000000,1,0,0,129,15074000000,6,UPDATESTANDBY
15274000000,1.000000000000000,1.000000000000000,0.000000000000000,1,0,0,130,15174000000,7,UPDATESTANDBY
15374000000,1.000000000000000,1.000000000000000,0.000000000000000,1,0,0,131,15276000000,6,UPDATESTANDBY
15474000000,1.000000000000000,1.000000000000000,0.000000000000000,1,0,0,132,15375000000,6,UPDATESTANDBY
15575000000,1.000000000000000,1.000000000000000,0.000000000000000,1,0,0,133,15474000000,6,UPDATESTANDBY
15674000000,1.000000000000000,1.000000000000000,0.000000000000000,1,0,0,134,15575000000,6,UPDATESTANDBY
15774000000,1.000000000000000,1.000000000000000,0.000000000000000,1,0,0,135,15675000000,6,UPDATESTANDBY
15874000000,1.000000000000000,1.000000000000000,0.000000000000000,1,0,0,136,15774000000,6,UPDATESTANDBY
15974000000,1.000000000000000,1.000000000000000,0.000000000000000,1,0,0,137,15875000000,6,UPDATESTANDBY
16074000000,1.000000000000000,1.000000000000000,0.000000000000000,1,0,0,138,15974000000,6,UPDATESTANDBY
16174000000,1.000000000000000,1.000000000000000,0.000000000000000,1,0,0,139,16074000000,6,UPDATESTANDBY
16274000000,1.000000000000000,1.000000000000000,0.000000000000000,1,0,0,140,16174000000,7,UPDATESTANDBY
16374000000,1.000000000000000,1.000000000000000,0.000000000000000,1,0,0,141,16274000000,6,UPDATESTANDBY
16474000000,1.000000000000000,1.000000000000000,0.000000000000000,1,0,0,142,16374000000,6,UPDATESTANDBY
16575000000,1.000000000000000,1.000000000000000,0.000000000000000,1,0,0,143,16474000000,6,UPDATESTANDBY
16674000000,1.000000000000000,1.000000000000000,0.000000000000000,1,0,0,144,16575000000,6,UPDATESTANDBY
16774000000,1.000000000000000,1.000000000000000,0.000000000000000,1,0,0,145,16674000000,6,UPDATESTANDBY
16874000000,1.000000000000000,1.000000000000000,0.000000000000000,1,0,0,146,16774000000,6,UPDATESTANDBY
16974000000,1.000000000000000,1.000000000000000,0.000000000000000,1,0,0,147,16874000000,6,UPDATESTANDBY
17075000000,1.000000000000000,1.000000000000000,0.000000000000000,1,0,0,148,16975000000,6,UPDATESTANDBY
17174000000,1.000000000000000,1.000000000000000,0.000000000000000,1,0,0,149,17075000000,6,UPDATESTANDBY
17274000000,1.000000000000000,1.000000000000000,0.000000000000000,1,0,0,150,17174000000,7,UPDATESTANDBY
17374000000,1.000000000000000,1.000000000000000,0.000000000000000,1,0,0,151,17274000000,6,UPDATESTANDBY
17474000000,1.000000000000000,1.000000000000000,0.000000000000000,1,0,0,152,17374000000,6,UPDATESTANDBY
17574000000,1.000000000000000,1.000000000000000,0.000000000000000,1,0,0,153,17475000000,6,UPDATESTANDBY
17674000000,1.000000000000000,1.000000000000000,0.000000000000000,1,0,0,154,17574000000,6,UPDATESTANDBY
17774000000,1.000000000000000,1.000000000000000,0.000000000000000,1,0,0,155,17674000000,6,UPDATESTANDBY
17875000000,1.000000000000000,1.000000000000000,0.000000000000000,1,0,0,156,17775000000,6,UPDATESTANDBY
17974000000,1.000000000000000,1.000000000000000,0.000000000000000,1,0,0,157,17878000000,6,UPDATESTANDBY
18074000000,1.000000000000000,1.000000000000000,0.000000000000000,1,0,0,158,17975000000,6,UPDATESTANDBY
18174000000,1.000000000000000,1.000000000000000,0.000000000000000,1,0,0,159,18075000000,6,UPDATESTANDBY
18274000000,1.000000000000000,1.000000000000000,0.000000000000000,1,0,0,160,18174000000,7,UPDATESTANDBY
18380000000,1.000000000000000,1.000000000000000,0.000000000000000,1,0,0,161,18275000000,6,UPDATESTANDBY
18474000000,1.000000000000000,1.000000000000000,0.000000000000000,1,0,0,162,18384000000,6,UPDATESTANDBY
18574000000,1.000000000000000,1.000000000000000,0.000000000000000,1,0,0,163,18474000000,6,UPDATESTANDBY
18674000000,1.000000000000000,1.000000000000000,0.000000000000000,1,0,0,164,18574000000,6,UPDATESTANDBY
18774000000,1.000000000000000,1.000000000000000,0.000000000000000,1,0,0,165,18674000000,6,UPDATESTANDBY
18874000000,1.000000000000000,1.000000000000000,0.000000000000000,1,0,0,166,18774000000,6,UPDATESTANDBY
18974000000,1.000000000000000,1.000000000000000,0.000000000000000,1,0,0,167,18874000000,6,UPDATESTANDBY
19074000000,1.000000000000000,1.000000000000000,0.000000000000000,1,0,0,168,18974000000,6,UPDATESTANDBY
19174000000,1.000000000000000,1.000000000000000,0.000000000000000,1,0,0,169,19074000000,6,UPDATESTANDBY
19274000000,1.000000000000000,1.000000000000000,0.000000000000000,1,0,0,170,19175000000,7,UPDATESTANDBY
19374000000,1.000000000000000,1.000000000000000,0.000000000000000,1,0,0,171,19274000000,6,UPDATESTANDBY
19475000000,1.000000000000000,1.000000000000000,0.000000000000000,1,0,0,172,19374000000,6,UPDATESTANDBY
19574000000,1.000000000000000,1.000000000000000,0.000000000000000,1,0,0,173,19475000000,6,UPDATESTANDBY
19674000000,1.000000000000000,1.000000000000000,0.000000000000000,1,0,0,174,19574000000,6,UPDATESTANDBY
19774000000,1.000000000000000,1.000000000000000,0.000000000000000,1,0,0,175,19675000000,6,UPDATESTANDBY
19875000000,1.000000000000000,1.000000000000000,0.000000000000000,1,0,0,176,19774000000,6,UPDATESTANDBY
19974000000,1.000000000000000,1.000000000000000,0.000000000000000,1,0,0,177,19876000000,6,UPDATESTANDBY
20074000000,1.000000000000000,1.000000000000000,0.000000000000000,1,0,0,178,19975000000,6,UPDATESTANDBY
20174000000,1.000000000000000,1.000000000000000,0.000000000000000,1,0,0,179,20074000000,6,UPDATESTANDBY
20274000000,1.000000000000000,1.000000000000000,0.000000000000000,1,0,0,180,20174000000,7,UPDATESTANDBY
20374000000,1.000000000000000,1.000000000000000,0.000000000000000,1,0,0,181,20274000000,6,UPDATESTANDBY
20475000000,1.000000000000000,1.000000000000000,0.000000000000000,1,0,0,182,20374000000,6,UPDATESTANDBY
20574000000,1.000000000000000,1.000000000000000,0.000000000000000,1,0,0,183,20475000000,6,UPDATESTANDBY
20674000000,1.000000000000000,1.000000000000000,0.000000000000000,1,0,0,184,20574000000,6,UPDATESTANDBY
20774000000,1.000000000000000,1.000000000000000,0.000000000000000,1,0,0,185,20676000000,6,UPDATESTANDBY
20874000000,1.000000000000000,1.000000000000000,0.000000000000000,1,0,0,186,20775000000,6,UPDATESTANDBY
20974000000,1.000000000000000,1.000000000000000,0.000000000000000,1,0,0,187,20874000000,6,UPDATESTANDBY
21074000000,1.000000000000000,1.000000000000000,0.000000000000000,1,0,0,188,20974000000,6,UPDATESTANDBY
21174000000,1.000000000000000,1.000000000000000,0.000000000000000,1,0,0,189,21075000000,6,UPDATESTANDBY
21274000000,1.000000000000000,1.000000000000000,0.000000000000000,1,0,0,190,21174000000,7,UPDATESTANDBY
21374000000,1.000000000000000,1.000000000000000,0.000000000000000,1,0,0,191,21274000000,6,UPDATESTANDBY
21474000000,1.000000000000000,1.000000000000000,0.000000000000000,1,0,0,192,21374000000,6,UPDATESTANDBY
21574000000,1.000000000000000,1.000000000000000,0.000000000000000,1,0,0,193,21475000000,6,UPDATESTANDBY
21674000000,1.000000000000000,1.000000000000000,0.000000000000000,1,0,0,194,21575000000,6,UPDATESTANDBY
21774000000,1.000000000000000,1.000000000000000,0.000000000000000,1,0,0,195,21675000000,6,UPDATESTANDBY
21874000000,1.000000000000000,1.000000000000000,0.000000000000000,1,0,0,196,21774000000,6,UPDATESTANDBY
21974000000,1.000000000000000,1.000000000000000,0.000000000000000,1,0,0,197,21875000000,6,UPDATESTANDBY
22076000000,1.000000000000000,1.000000000000000,0.000000000000000,1,0,0,198,21974000000,6,UPDATESTANDBY
22174000000,1.000000000000000,1.000000000000000,0.000000000000000,1,0,0,199,22076000000,6,UPDATESTANDBY
22274000000,1.000000000000000,1.000000000000000,0.000000000000000,1,0,0,200,22174000000,7,UPDATESTANDBY
22375000000,1.000000000000000,1.000000000000000,0.000000000000000,1,0,0,201,22274000000,6,UPDATESTANDBY
22474000000,1.000000000000000,1.000000000000000,0.000000000000000,1,0,0,202,22376000000,6,UPDATESTANDBY
22575000000,1.000000000000000,1.000000000000000,0.000000000000000,1,0,0,203,22474000000,6,UPDATESTANDBY
22674000000,1.000000000000000,1.000000000000000,0.000000000000000,1,0,0,204,22577000000,6,UPDATESTANDBY
22774000000,1.000000000000000,1.000000000000000,0.000000000000000,1,0,0,205,22674000000,6,UPDATESTANDBY
22874000000,1.000000000000000,1.000000000000000,0.000000000000000,1,0,0,206,22775000000,6,UPDATESTANDBY
22974000000,1.000000000000000,1.000000000000000,0.000000000000000,1,0,0,207,22875000000,6,UPDATESTANDBY
23075000000,1.000000000000000,1.000000000000000,0.000000000000000,1,0,0,208,22975000000,6,UPDATESTANDBY
23177000000,1.000000000000000,1.000000000000000,0.000000000000000,1,0,0,209,23075000000,6,UPDATESTANDBY
23274000000,1.000000000000000,1.000000000000000,0.000000000000000,1,0,0,210,23177000000,7,UPDATESTANDBY
23374000000,1.000000000000000,1.000000000000000,0.000000000000000,1,0,0,211,23275000000,6,UPDATESTANDBY
23477000000,1.000000000000000,1.000000000000000,0.000000000000000,1,0,0,212,23375000000,6,UPDATESTANDBY
23574000000,1.000000000000000,1.000000000000000,0.000000000000000,1,0,0,213,23478000000,6,UPDATESTANDBY
23674000000,1.000000000000000,1.000000000000000,0.000000000000000,1,0,0,214,23574000000,6,UPDATESTANDBY
23774000000,1.000000000000000,1.000000000000000,0.000000000000000,1,0,0,215,23675000000,6,UPDATESTANDBY
23874000000,1.000000000000000,1.000000000000000,0.000000000000000,1,0,0,216,23774000000,6,UPDATESTANDBY
23974000000,1.000000000000000,1.000000000000000,0.000000000000000,1,0,0,217,23874000000,6,UPDATESTANDBY
24074000000,1.000000000000000,1.000000000000000,0.000000000000000,1,0,0,218,23974000000,6,UPDATESTANDBY
24174000000,1.000000000000000,1.000000000000000,0.000000000000000,1,0,0,219,24075000000,6,UPDATESTANDBY
24274000000,1.000000000000000,1.000000000000000,0.000000000000000,1,0,0,220,24174000000,7,UPDATESTANDBY
24374000000,1.000000000000000,1.000000000000000,0.000000000000000,1,0,0,221,24274000000,6,UPDATESTANDBY
24474000000,1.000000000000000,1.000000000000000,0.000000000000000,1,0,0,222,24374000000,6,UPDATESTANDBY
24574000000,1.000000000000000,1.000000000000000,0.000000000000000,1,0,0,223,24474000000,6,UPDATESTANDBY
24674000000,1.000000000000000,1.000000000000000,0.000000000000000,1,0,0,224,24574000000,6,UPDATESTANDBY
24774000000,1.000000000000000,1.000000000000000,0.000000000000000,1,0,0,225,24674000000,6,UPDATESTANDBY
24874000000,1.000000000000000,1.000000000000000,0.000000000000000,1,0,0,226,24774000000,6,UPDATESTANDBY
24974000000,1.000000000000000,1.000000000000000,0.000000000000000,1,0,0,227,24874000000,6,UPDATESTANDBY
25074000000,1.000000000000000,1.000000000000000,0.000000000000000,1,0,0,228,24975000000,6,UPDATESTANDBY
25174000000,1.000000000000000,1.000000000000000,0.000000000000000,1,0,0,229,25074000000,6,UPDATESTANDBY
25274000000,1.000000000000000,1.000000000000000,0.000000000000000,1,0,0,230,25174000000,7,UPDATESTANDBY
25374000000,1.000000000000000,1.000000000000000,0.000000000000000,1,0,0,231,25275000000,6,UPDATESTANDBY
25474000000,1.000000000000000,1.000000000000000,0.000000000000000,1,0,0,232,25377000000,6,UPDATESTANDBY
25574000000,1.000000000000000,1.000000000000000,0.000000000000000,1,0,0,233,25474000000,6,UPDATESTANDBY
25674000000,1.000000000000000,1.000000000000000,0.000000000000000,1,0,0,234,25574000000,6,UPDATESTANDBY
25775000000,1.000000000000000,1.000000000000000,0.000000000000000,1,0,0,235,25674000000,6,UPDATESTANDBY
25875000000,1.000000000000000,1.000000000000000,0.000000000000000,1,0,0,236,25776000000,6,UPDATESTANDBY
25974000000,1.000000000000000,1.000000000000000,0.000000000000000,1,0,0,237,25877000000,6,UPDATESTANDBY
26074000000,1.000000000000000,1.000000000000000,0.000000000000000,1,0,0,238,25976000000,6,UPDATESTANDBY
26174000000,1.000000000000000,1.000000000000000,0.000000000000000,1,0,0,239,26074000000,6,UPDATESTANDBY
26274000000,1.000000000000000,1.000000000000000,0.000000000000000,1,0,0,240,26174000000,7,UPDATESTANDBY
26375000000,1.000000000000000,1.000000000000000,0.000000000000000,1,0,0,241,26274000000,6,UPDATESTANDBY
26474000000,1.000000000000000,1.000000000000000,0.000000000000000,1,0,0,242,26375000000,6,UPDATESTANDBY
26574000000,1.000000000000000,1.000000000000000,0.000000000000000,1,0,0,243,26475000000,6,UPDATESTANDBY
26674000000,1.000000000000000,1.000000000000000,0.000000000000000,1,0,0,244,26574000000,6,UPDATESTANDBY
26774000000,1.000000000000000,1.000000000000000,0.000000000000000,1,0,0,245,26675000000,6,UPDATESTANDBY
26874000000,1.000000000000000,1.000000000000000,0.000000000000000,1,0,0,246,26774000000,6,UPDATESTANDBY
26975000000,1.000000000000000,1.000000000000000,0.000000000000000,1,0,0,247,26875000000,6,UPDATESTANDBY
27075000000,1.000000000000000,1.000000000000000,0.000000000000000,1,0,0,248,26975000000,6,UPDATESTANDBY
27174000000,1.000000000000000,1.000000000000000,0.000000000000000,1,0,0,249,27076000000,6,UPDATESTANDBY
27274000000,1.000000000000000,1.000000000000000,0.000000000000000,1,0,0,250,27175000000,7,UPDATESTANDBY
27374000000,1.000000000000000,1.000000000000000,0.000000000000000,1,0,0,251,27275000000,6,UPDATESTANDBY
27474000000,1.000000000000000,1.000000000000000,0.000000000000000,1,0,0,252,27375000000,6,UPDATESTANDBY
27574000000,1.000000000000000,1.000000000000000,0.000000000000000,1,0,0,253,27475000000,6,UPDATESTANDBY
27674000000,1.000000000000000,1.000000000000000,0.000000000000000,1,0,0,254,27574000000,6,UPDATESTANDBY
27774000000,1.000000000000000,1.000000000000000,0.000000000000000,1,0,0,255,27674000000,6,UPDATESTANDBY
27874000000,1.000000000000000,1.000000000000000,0.000000000000000,1,0,0,256,27774000000,6,UPDATESTANDBY
27974000000,1.000000000000000,1.000000000000000,0.000000000000000,1,0,0,257,27874000000,6,UPDATESTANDBY
28076000000,1.000000000000000,1.000000000000000,0.000000000000000,1,0,0,258,27976000000,6,UPDATESTANDBY
28174000000,1.000000000000000,1.000000000000000,0.000000000000000,1,0,0,259,28077000000,6,UPDATESTANDBY
28275000000,1.000000000000000,1.000000000000000,0.000000000000000,1,0,0,260,28174000000,7,UPDATESTANDBY
28374000000,1.000000000000000,1.000000000000000,0.000000000000000,1,0,0,261,28275000000,6,UPDATESTANDBY
28474000000,1.000000000000000,1.000000000000000,0.000000000000000,1,0,0,262,28374000000,6,UPDATESTANDBY
28574000000,1.000000000000000,1.000000000000000,0.000000000000000,1,0,0,263,28474000000,6,UPDATESTANDBY
28674000000,1.000000000000000,1.000000000000000,0.000000000000000,1,0,0,264,28574000000,6,UPDATESTANDBY
28776000000,1.000000000000000,1.000000000000000,0.000000000000000,1,0,0,265,28675000000,6,UPDATESTANDBY
28874000000,1.000000000000000,1.000000000000000,0.000000000000000,1,0,0,266,28776000000,6,UPDATESTANDBY
28975000000,1.000000000000000,1.000000000000000,0.000000000000000,1,0,0,267,28875000000,6,UPDATESTANDBY
29074000000,1.000000000000000,1.000000000000000,0.000000000000000,1,0,0,268,28975000000,6,UPDATESTANDBY
29175000000,1.000000000000000,1.000000000000000,0.000000000000000,1,0,0,269,29075000000,6,UPDATESTANDBY
29276000000,1.000000000000000,1.000000000000000,0.000000000000000,1,0,0,270,29175000000,7,UPDATESTANDBY
29375000000,1.000000000000000,1.000000000000000,0.000000000000000,1,0,0,271,29276000000,6,UPDATESTANDBY
29475000000,1.000000000000000,1.000000000000000,0.000000000000000,1,0,0,272,29375000000,6,UPDATESTANDBY
29574000000,1.000000000000000,1.000000000000000,0.000000000000000,1,0,0,273,29475000000,6,UPDATESTANDBY
29674000000,1.000000000000000,1.000000000000000,0.000000000000000,1,0,0,274,29575000000,6,UPDATESTANDBY
29774000000,1.000000000000000,1.000000000000000,0.000000000000000,1,0,0,275,29674000000,6,UPDATESTANDBY
29875000000,1.000000000000000,1.000000000000000,0.000000000000000,1,0,0,276,29774000000,6,UPDATESTANDBY
29974000000,1.000000000000000,1.000000000000000,0.000000000000000,1,0,0,277,29875000000,6,UPDATESTANDBY
30074000000,1.000000000000000,1.000000000000000,0.000000000000000,1,0,0,278,29974000000,6,UPDATESTANDBY
30174000000,1.000000000000000,1.000000000000000,0.000000000000000,1,0,0,279,30074000000,6,UPDATESTANDBY
30275000000,1.000000000000000,1.000000000000000,0.000000000000000,1,0,0,280,30174000000,7,UPDATESTANDBY
30374000000,1.000000000000000,1.000000000000000,0.000000000000000,1,0,0,281,30275000000,6,UPDATESTANDBY
30476000000,1.000000000000000,1.000000000000000,0.000000000000000,1,0,0,282,30374000000,6,UPDATESTANDBY
30575000000,1.000000000000000,1.000000000000000,0.000000000000000,1,0,0,283,30476000000,6,UPDATESTANDBY
30674000000,1.000000000000000,1.000000000000000,0.000000000000000,1,0,0,284,30575000000,6,UPDATESTANDBY
30774000000,1.000000000000000,1.000000000000000,0.000000000000000,1,0,0,285,30674000000,6,UPDATESTANDBY
30874000000,1.000000000000000,1.000000000000000,0.000000000000000,1,0,0,286,30774000000,6,UPDATESTANDBY
30976000000,1.000000000000000,1.000000000000000,0.000000000000000,1,0,0,287,30874000000,6,UPDATESTANDBY
31074000000,1.000000000000000,1.000000000000000,0.000000000000000,1,0,0,288,30977000000,6,UPDATESTANDBY
31174000000,1.000000000000000,1.000000000000000,0.000000000000000,1,0,0,289,31075000000,6,UPDATESTANDBY
31274000000,1.000000000000000,1.000000000000000,0.000000000000000,1,0,0,290,31174000000,7,UPDATESTANDBY
31374000000,1.000000000000000,1.000000000000000,0.000000000000000,1,0,0,291,31274000000,6,UPDATESTANDBY
31475000000,1.000000000000000,1.000000000000000,0.000000000000000,1,0,0,292,31374000000,6,UPDATESTANDBY
31574000000,1.000000000000000,1.000000000000000,0.000000000000000,1,0,0,293,31475000000,6,UPDATESTANDBY
31674000000,1.000000000000000,1.000000000000000,0.000000000000000,1,0,0,294,31574000000,6,UPDATESTANDBY
31774000000,1.000000000000000,1.000000000000000,0.000000000000000,1,0,0,295,31674000000,6,UPDATESTANDBY
31874000000,1.000000000000000,1.000000000000000,0.000000000000000,1,0,0,296,31774000000,6,UPDATESTANDBY
31974000000,1.000000000000000,1.000000000000000,0.000000000000000,1,0,0,297,31874000000,6,UPDATESTANDBY
32074000000,1.000000000000000,1.000000000000000,0.000000000000000,1,0,0,298,31974000000,6,UPDATESTANDBY
32174000000,1.000000000000000,1.000000000000000,0.000000000000000,1,0,0,299,32074000000,6,UPDATESTANDBY
32274000000,1.000000000000000,1.000000000000000,0.000000000000000,1,0,0,300,32174000000,7,UPDATESTANDBY
32374000000,1.000000000000000,1.000000000000000,0.000000000000000,1,0,0,301,32275000000,6,UPDATESTANDBY
32474000000,1.000000000000000,1.000000000000000,0.000000000000000,1,0,0,302,32376000000,6,UPDATESTANDBY
32574000000,1.000000000000000,1.000000000000000,0.000000000000000,1,0,0,303,32474000000,6,UPDATESTANDBY
32674000000,1.000000000000000,1.000000000000000,0.000000000000000,1,0,0,304,32574000000,6,UPDATESTANDBY
32774000000,1.000000000000000,1.000000000000000,0.000000000000000,1,0,0,305,32674000000,6,UPDATESTANDBY
32875000000,1.000000000000000,1.000000000000000,0.000000000000000,1,0,0,306,32774000000,6,UPDATESTANDBY
32974000000,1.000000000000000,1.000000000000000,0.000000000000000,1,0,0,307,32875000000,6,UPDATESTANDBY
33074000000,1.000000000000000,1.000000000000000,0.000000000000000,1,0,0,308,32974000000,6,UPDATESTANDBY
33174000000,1.000000000000000,1.000000000000000,0.000000000000000,1,0,0,309,33074000000,6,UPDATESTANDBY
33274000000,1.000000000000000,1.000000000000000,0.000000000000000,1,0,0,310,33175000000,7,UPDATESTANDBY
33374000000,1.000000000000000,1.000000000000000,0.000000000000000,1,0,0,311,33274000000,6,UPDATESTANDBY
33475000000,1.000000000000000,1.000000000000000,0.000000000000000,1,0,0,312,33374000000,6,UPDATESTANDBY
33574000000,1.000000000000000,1.000000000000000,0.000000000000000,1,0,0,313,33475000000,6,UPDATESTANDBY
33674000000,1.000000000000000,1.000000000000000,0.000000000000000,1,0,0,314,33576000000,6,UPDATESTANDBY
33774000000,1.000000000000000,1.000000000000000,0.000000000000000,1,0,0,315,33675000000,6,UPDATESTANDBY
33874000000,1.000000000000000,1.000000000000000,0.000000000000000,1,0,0,316,33775000000,6,UPDATESTANDBY
33974000000,1.000000000000000,1.000000000000000,0.000000000000000,1,0,0,317,33875000000,6,UPDATESTANDBY
34074000000,1.000000000000000,1.000000000000000,0.000000000000000,1,0,0,318,33975000000,6,UPDATESTANDBY
34174000000,1.000000000000000,1.000000000000000,0.000000000000000,1,0,0,319,34075000000,6,UPDATESTANDBY
34274000000,1.000000000000000,1.000000000000000,0.000000000000000,1,0,0,320,34176000000,7,UPDATESTANDBY
34374000000,1.000000000000000,1.000000000000000,0.000000000000000,1,0,0,321,34275000000,6,UPDATESTANDBY
34474000000,1.000000000000000,1.000000000000000,0.000000000000000,1,0,0,322,34375000000,6,UPDATESTANDBY
34575000000,1.000000000000000,1.000000000000000,0.000000000000000,1,0,0,323,34474000000,6,UPDATESTANDBY
34674000000,1.000000000000000,1.000000000000000,0.000000000000000,1,0,0,324,34575000000,6,UPDATESTANDBY
34774000000,1.000000000000000,1.000000000000000,0.000000000000000,1,0,0,325,34676000000,6,UPDATESTANDBY
34874000000,1.000000000000000,1.000000000000000,0.000000000000000,1,0,0,326,34774000000,6,UPDATESTANDBY
34974000000,1.000000000000000,1.000000000000000,0.000000000000000,1,0,0,327,34876000000,6,UPDATESTANDBY
35074000000,1.000000000000000,1.000000000000000,0.000000000000000,1,0,0,328,34975000000,6,UPDATESTANDBY
35174000000,1.000000000000000,1.000000000000000,0.000000000000000,1,0,0,329,35076000000,6,UPDATESTANDBY
35274000000,1.000000000000000,1.000000000000000,0.000000000000000,1,0,0,330,35174000000,7,UPDATESTANDBY
35374000000,1.000000000000000,1.000000000000000,0.000000000000000,1,0,0,331,35274000000,6,UPDATESTANDBY
35474000000,1.000000000000000,1.000000000000000,0.000000000000000,1,0,0,332,35376000000,6,UPDATESTANDBY
35575000000,1.000000000000000,1.000000000000000,0.000000000000000,1,0,0,333,35475000000,6,UPDATESTANDBY
35674000000,1.000000000000000,1.000000000000000,0.000000000000000,1,0,0,334,35577000000,6,UPDATESTANDBY
35774000000,1.000000000000000,1.000000000000000,0.000000000000000,1,0,0,335,35674000000,6,UPDATESTANDBY
35874000000,1.000000000000000,1.000000000000000,0.000000000000000,1,0,0,336,35774000000,6,UPDATESTANDBY
35974000000,1.000000000000000,1.000000000000000,0.000000000000000,1,0,0,337,35874000000,6,UPDATESTANDBY
36076000000,1.000000000000000,1.000000000000000,0.000000000000000,1,0,0,338,35974000000,6,UPDATESTANDBY
36174000000,1.000000000000000,1.000000000000000,0.000000000000000,1,0,0,339,36077000000,6,UPDATESTANDBY
36274000000,1.000000000000000,1.000000000000000,0.000000000000000,1,0,0,340,36175000000,7,UPDATESTANDBY
36374000000,1.000000000000000,1.000000000000000,0.000000000000000,1,0,0,341,36276000000,6,UPDATESTANDBY
36474000000,1.000000000000000,1.000000000000000,0.000000000000000,1,0,0,342,36376000000,6,UPDATESTANDBY
36574000000,1.000000000000000,1.000000000000000,0.000000000000000,1,0,0,343,36475000000,6,UPDATESTANDBY
36674000000,1.000000000000000,1.000000000000000,0.000000000000000,1,0,0,344,36575000000,6,UPDATESTANDBY
36774000000,1.000000000000000,1.000000000000000,0.000000000000000,1,0,0,345,36674000000,6,UPDATESTANDBY
36875000000,1.000000000000000,1.000000000000000,0.000000000000000,1,0,0,346,36776000000,6,UPDATESTANDBY
36974000000,1.000000000000000,1.000000000000000,0.000000000000000,1,0,0,347,36875000000,6,UPDATESTANDBY
37074000000,1.000000000000000,1.000000000000000,0.000000000000000,1,0,0,348,36975000000,6,UPDATESTANDBY
37174000000,1.000000000000000,1.000000000000000,0.000000000000000,1,0,0,349,37076000000,6,UPDATESTANDBY
37274000000,1.000000000000000,1.000000000000000,0.000000000000000,1,0,0,350,37174000000,7,UPDATESTANDBY
37374000000,1.000000000000000,1.000000000000000,0.000000000000000,1,0,0,351,37274000000,6,UPDATESTANDBY
37475000000,1.000000000000000,1.000000000000000,0.000000000000000,1,0,0,352,37377000000,6,UPDATESTANDBY
37574000000,1.000000000000000,1.000000000000000,0.000000000000000,1,0,0,353,37476000000,6,UPDATESTANDBY
37674000000,1.000000000000000,1.000000000000000,0.000000000000000,1,0,0,354,37576000000,6,UPDATESTANDBY
37775000000,1.000000000000000,1.000000000000000,0.000000000000000,1,0,0,355,37674000000,6,UPDATESTANDBY
37874000000,1.000000000000000,1.000000000000000,0.000000000000000,1,0,0,356,37775000000,6,UPDATESTANDBY
37975000000,1.000000000000000,1.000000000000000,0.000000000000000,1,0,0,357,37875000000,6,UPDATESTANDBY
38074000000,1.000000000000000,1.000000000000000,0.000000000000000,1,0,0,358,37975000000,6,UPDATESTANDBY
38174000000,1.000000000000000,1.000000000000000,0.000000000000000,1,0,0,359,38074000000,6,UPDATESTANDBY
38274000000,1.000000000000000,1.000000000000000,0.000000000000000,1,0,0,360,38175000000,7,UPDATESTANDBY
38374000000,1.000000000000000,1.000000000000000,0.000000000000000,1,0,0,361,38276000000,6,UPDATESTANDBY
38474000000,1.000000000000000,1.000000000000000,0.000000000000000,1,0,0,362,38376000000,6,UPDATESTANDBY
38574000000,1.000000000000000,1.000000000000000,0.000000000000000,1,0,0,363,38474000000,6,UPDATESTANDBY
38674000000,1.000000000000000,1.000000000000000,0.000000000000000,1,0,0,364,38575000000,6,UPDATESTANDBY
38774000000,1.000000000000000,1.000000000000000,0.000000000000000,1,0,0,365,38675000000,6,UPDATESTANDBY
38875000000,1.000000000000000,1.000000000000000,0.000000000000000,1,0,0,366,38777000000,6,UPDATESTANDBY
38974000000,1.000000000000000,1.000000000000000,0.000000000000000,1,0,0,367,38876000000,6,UPDATESTANDBY
39074000000,1.000000000000000,1.000000000000000,0.000000000000000,1,0,0,368,38975000000,6,UPDATESTANDBY
39175000000,1.000000000000000,1.000000000000000,0.000000000000000,1,0,0,369,39076000000,6,UPDATESTANDBY
39274000000,1.000000000000000,1.000000000000000,0.000000000000000,1,0,0,370,39176000000,7,UPDATESTANDBY
39374000000,1.000000000000000,1.000000000000000,0.000000000000000,1,0,0,371,39274000000,6,UPDATESTANDBY
39474000000,1.000000000000000,1.000000000000000,0.000000000000000,1,0,0,372,39376000000,6,UPDATESTANDBY
39574000000,1.000000000000000,1.000000000000000,0.000000000000000,1,0,0,373,39476000000,6,UPDATESTANDBY
39675000000,1.000000000000000,1.000000000000000,0.000000000000000,1,0,0,374,39575000000,6,UPDATESTANDBY
39774000000,1.000000000000000,1.000000000000000,0.000000000000000,1,0,0,375,39676000000,6,UPDATESTANDBY
39874000000,1.000000000000000,1.000000000000000,0.000000000000000,1,0,0,376,39776000000,6,UPDATESTANDBY
39974000000,1.000000000000000,1.000000000000000,0.000000000000000,1,0,0,377,39874000000,6,UPDATESTANDBY
40074000000,1.000000000000000,1.000000000000000,0.000000000000000,1,0,0,378,39976000000,6,UPDATESTANDBY
40174000000,1.000000000000000,1.000000000000000,0.000000000000000,1,0,0,379,40074000000,6,UPDATESTANDBY
40274000000,1.000000000000000,1.000000000000000,0.000000000000000,1,0,0,380,40174000000,7,UPDATESTANDBY
40374000000,1.000000000000000,1.000000000000000,0.000000000000000,1,0,0,381,40274000000,6,UPDATESTANDBY
40474000000,1.000000000000000,1.000000000000000,0.000000000000000,1,0,0,382,40375000000,6,UPDATESTANDBY
40574000000,1.000000000000000,1.000000000000000,0.000000000000000,1,0,0,383,40475000000,6,UPDATESTANDBY
40674000000,1.000000000000000,1.000000000000000,0.000000000000000,1,0,0,384,40574000000,6,UPDATESTANDBY
40774000000,1.000000000000000,1.000000000000000,0.000000000000000,1,0,0,385,40674000000,6,UPDATESTANDBY
40874000000,1.000000000000000,1.000000000000000,0.000000000000000,1,0,0,386,40774000000,6,UPDATESTANDBY
40974000000,1.000000000000000,1.000000000000000,0.000000000000000,1,0,0,387,40875000000,6,UPDATESTANDBY
41074000000,1.000000000000000,1.000000000000000,0.000000000000000,1,0,0,388,40974000000,6,UPDATESTANDBY
41174000000,1.000000000000000,1.000000000000000,0.000000000000000,1,0,0,389,41074000000,6,UPDATESTANDBY
41274000000,1.000000000000000,1.000000000000000,0.000000000000000,1,0,0,390,41174000000,7,UPDATESTANDBY
41374000000,1.000000000000000,1.000000000000000,0.000000000000000,1,0,0,391,41274000000,6,UPDATESTANDBY
41474000000,1.000000000000000,1.000000000000000,0.000000000000000,1,0,0,392,41375000000,6,UPDATESTANDBY
41574000000,1.000000000000000,1.000000000000000,0.000000000000000,1,0,0,393,41474000000,6,UPDATESTANDBY
41674000000,1.000000000000000,1.000000000000000,0.000000000000000,1,0,0,394,41579000000,6,UPDATESTANDBY
41774000000,1.000000000000000,1.000000000000000,0.000000000000000,1,0,0,395,41675000000,6,UPDATESTANDBY
41874000000,1.000000000000000,1.000000000000000,0.000000000000000,1,0,0,396,41776000000,6,UPDATESTANDBY
41974000000,1.000000000000000,1.000000000000000,0.000000000000000,1,0,0,397,41874000000,6,UPDATESTANDBY
42074000000,1.000000000000000,1.000000000000000,0.000000000000000,1,0,0,398,41974000000,6,UPDATESTANDBY
42174000000,1.000000000000000,1.000000000000000,0.000000000000000,1,0,0,399,42074000000,6,UPDATESTANDBY
42275000000,1.000000000000000,1.000000000000000,0.000000000000000,1,0,0,400,42174000000,7,UPDATESTANDBY
42374000000,1.000000000000000,1.000000000000000,0.000000000000000,1,0,0,401,42281000000,6,UPDATESTANDBY
42474000000,1.000000000000000,1.000000000000000,0.000000000000000,1,0,0,402,42374000000,6,UPDATESTANDBY
42575000000,1.000000000000000,1.000000000000000,0.000000000000000,1,0,0,403,42474000000,6,UPDATESTANDBY
42675000000,1.000000000000000,1.000000000000000,0.000000000000000,1,0,0,404,42575000000,6,UPDATESTANDBY
42774000000,1.000000000000000,1.000000000000000,0.000000000000000,1,0,0,405,42675000000,6,UPDATESTANDBY
42875000000,1.000000000000000,1.000000000000000,0.000000000000000,1,0,0,406,42774000000,6,UPDATESTANDBY
42974000000,1.000000000000000,1.000000000000000,0.000000000000000,1,0,0,407,42875000000,6,UPDATESTANDBY
43074000000,1.000000000000000,1.000000000000000,0.000000000000000,1,0,0,408,42976000000,6,UPDATESTANDBY
43174000000,1.000000000000000,1.000000000000000,0.000000000000000,1,0,0,409,43077000000,6,UPDATESTANDBY
43274000000,1.000000000000000,1.000000000000000,0.000000000000000,1,0,0,410,43175000000,7,UPDATESTANDBY
43377000000,1.000000000000000,1.000000000000000,0.000000000000000,1,0,0,411,43274000000,6,UPDATESTANDBY
