Determining if the pthread_create exist failed with the following output:
Change Dir: /home/jackson/Development/HARE/build/CMakeFiles/CMakeTmp

Run Build Command:"/usr/bin/make" "cmTC_39bab/fast"
/usr/bin/make -f CMakeFiles/cmTC_39bab.dir/build.make CMakeFiles/cmTC_39bab.dir/build
make[1]: Entering directory '/home/jackson/Development/HARE/build/CMakeFiles/CMakeTmp'
Building C object CMakeFiles/cmTC_39bab.dir/CheckSymbolExists.c.o
/usr/bin/cc     -o CMakeFiles/cmTC_39bab.dir/CheckSymbolExists.c.o   -c /home/jackson/Development/HARE/build/CMakeFiles/CMakeTmp/CheckSymbolExists.c
Linking C executable cmTC_39bab
/usr/bin/cmake -E cmake_link_script CMakeFiles/cmTC_39bab.dir/link.txt --verbose=1
/usr/bin/cc       CMakeFiles/cmTC_39bab.dir/CheckSymbolExists.c.o  -o cmTC_39bab -rdynamic 
CMakeFiles/cmTC_39bab.dir/CheckSymbolExists.c.o: In function `main':
CheckSymbolExists.c:(.text+0x16): undefined reference to `pthread_create'
collect2: error: ld returned 1 exit status
CMakeFiles/cmTC_39bab.dir/build.make:97: recipe for target 'cmTC_39bab' failed
make[1]: *** [cmTC_39bab] Error 1
make[1]: Leaving directory '/home/jackson/Development/HARE/build/CMakeFiles/CMakeTmp'
Makefile:126: recipe for target 'cmTC_39bab/fast' failed
make: *** [cmTC_39bab/fast] Error 2

File /home/jackson/Development/HARE/build/CMakeFiles/CMakeTmp/CheckSymbolExists.c:
/* */
#include <pthread.h>

int main(int argc, char** argv)
{
  (void)argv;
#ifndef pthread_create
  return ((int*)(&pthread_create))[argc];
#else
  (void)argc;
  return 0;
#endif
}

Determining if the function pthread_create exists in the pthreads failed with the following output:
Change Dir: /home/jackson/Development/HARE/build/CMakeFiles/CMakeTmp

Run Build Command:"/usr/bin/make" "cmTC_30d38/fast"
/usr/bin/make -f CMakeFiles/cmTC_30d38.dir/build.make CMakeFiles/cmTC_30d38.dir/build
make[1]: Entering directory '/home/jackson/Development/HARE/build/CMakeFiles/CMakeTmp'
Building C object CMakeFiles/cmTC_30d38.dir/CheckFunctionExists.c.o
/usr/bin/cc    -DCHECK_FUNCTION_EXISTS=pthread_create   -o CMakeFiles/cmTC_30d38.dir/CheckFunctionExists.c.o   -c /usr/share/cmake-3.5/Modules/CheckFunctionExists.c
Linking C executable cmTC_30d38
/usr/bin/cmake -E cmake_link_script CMakeFiles/cmTC_30d38.dir/link.txt --verbose=1
/usr/bin/cc   -DCHECK_FUNCTION_EXISTS=pthread_create    CMakeFiles/cmTC_30d38.dir/CheckFunctionExists.c.o  -o cmTC_30d38 -rdynamic -lpthreads 
/usr/bin/ld: cannot find -lpthreads
collect2: error: ld returned 1 exit status
CMakeFiles/cmTC_30d38.dir/build.make:97: recipe for target 'cmTC_30d38' failed
make[1]: *** [cmTC_30d38] Error 1
make[1]: Leaving directory '/home/jackson/Development/HARE/build/CMakeFiles/CMakeTmp'
Makefile:126: recipe for target 'cmTC_30d38/fast' failed
make: *** [cmTC_30d38/fast] Error 2


