2316000000,1.000000000000000,1.000000000000000,0.000000000000000,0,0,0,0,0,34,UPDATESTANDBY
2414000000,1.000000000000000,1.000000000000000,0.000000000000000,1,0,0,1,2317000000,7,UPDATESTANDBY
2514000000,1.000000000000000,1.000000000000000,0.000000000000000,1,0,0,2,2414000000,6,UPDATESTANDBY
2614000000,1.000000000000000,1.000000000000000,0.000000000000000,1,0,0,3,2515000000,6,UPDATESTANDBY
2714000000,1.000000000000000,1.000000000000000,0.000000000000000,1,0,0,4,2614000000,6,UPDATESTANDBY
2814000000,1.000000000000000,1.000000000000000,0.000000000000000,1,0,0,5,2714000000,6,UPDATESTANDBY
2915000000,1.000000000000000,1.000000000000000,0.000000000000000,1,0,0,6,2815000000,6,UPDATESTANDBY
3014000000,1.000000000000000,1.000000000000000,0.000000000000000,1,0,0,7,2915000000,6,UPDATESTANDBY
3114000000,1.000000000000000,1.000000000000000,0.000000000000000,1,0,0,8,3015000000,6,UPDATESTANDBY
3215000000,1.000000000000000,1.000000000000000,0.000000000000000,1,0,0,9,3114000000,6,UPDATESTANDBY
3314000000,1.000000000000000,1.000000000000000,0.000000000000000,1,0,0,10,3215000000,7,UPDATESTANDBY
3414000000,1.000000000000000,1.000000000000000,0.000000000000000,1,0,0,11,3314000000,6,UPDATESTANDBY
3514000000,1.000000000000000,1.000000000000000,0.000000000000000,1,0,0,12,3415000000,6,UPDATESTANDBY
3614000000,1.000000000000000,1.000000000000000,0.000000000000000,1,0,0,13,3514000000,6,UPDATESTANDBY
3714000000,1.000000000000000,1.000000000000000,0.000000000000000,1,0,0,14,3614000000,6,UPDATESTANDBY
3814000000,1.000000000000000,1.000000000000000,0.000000000000000,1,0,0,15,3714000000,6,UPDATESTANDBY
3915000000,1.000000000000000,1.000000000000000,0.000000000000000,1,0,0,16,3815000000,6,UPDATESTANDBY
4014000000,1.000000000000000,1.000000000000000,0.000000000000000,1,0,0,17,3915000000,6,UPDATESTANDBY
4114000000,1.000000000000000,1.000000000000000,0.000000000000000,1,0,0,18,4015000000,6,UPDATESTANDBY
4214000000,1.000000000000000,1.000000000000000,0.000000000000000,1,0,0,19,4115000000,6,UPDATESTANDBY
4314000000,1.000000000000000,1.000000000000000,0.000000000000000,1,0,0,20,4214000000,7,UPDATESTANDBY
4414000000,1.000000000000000,1.000000000000000,0.000000000000000,1,0,0,21,4315000000,6,UPDATESTANDBY
4514000000,1.000000000000000,1.000000000000000,0.000000000000000,1,0,0,22,4414000000,6,UPDATESTANDBY
4614000000,1.000000000000000,1.000000000000000,0.000000000000000,1,0,0,23,4514000000,6,UPDATESTANDBY
4714000000,1.000000000000000,1.000000000000000,0.000000000000000,1,0,0,24,4614000000,6,UPDATESTANDBY
4814000000,1.000000000000000,1.000000000000000,0.000000000000000,1,0,0,25,4714000000,6,UPDATESTANDBY
4914000000,1.000000000000000,1.000000000000000,0.000000000000000,1,0,0,26,4814000000,6,UPDATESTANDBY
5014000000,1.000000000000000,1.000000000000000,0.000000000000000,1,0,0,27,4914000000,6,UPDATESTANDBY
5114000000,1.000000000000000,1.000000000000000,0.000000000000000,1,0,0,28,5014000000,6,UPDATESTANDBY
5214000000,1.000000000000000,1.000000000000000,0.000000000000000,1,0,0,29,5114000000,6,UPDATESTANDBY
5314000000,1.000000000000000,1.000000000000000,0.000000000000000,1,0,0,30,5214000000,7,UPDATESTANDBY
5414000000,1.000000000000000,1.000000000000000,0.000000000000000,1,0,0,31,5314000000,6,UPDATESTANDBY
5514000000,1.000000000000000,1.000000000000000,0.000000000000000,1,0,0,32,5414000000,6,UPDATESTANDBY
5614000000,1.000000000000000,1.000000000000000,0.000000000000000,1,0,0,33,5515000000,6,UPDATESTANDBY
5714000000,1.000000000000000,1.000000000000000,0.000000000000000,1,0,0,34,5614000000,6,UPDATESTANDBY
5816000000,1.000000000000000,1.000000000000000,0.000000000000000,1,0,0,35,5715000000,6,UPDATESTANDBY
5914000000,1.000000000000000,1.000000000000000,0.000000000000000,1,0,0,36,5817000000,6,UPDATESTANDBY
6015000000,1.000000000000000,1.000000000000000,0.000000000000000,1,0,0,37,5915000000,6,UPDATESTANDBY
6114000000,1.000000000000000,1.000000000000000,0.000000000000000,1,0,0,38,6015000000,6,UPDATESTANDBY
6214000000,1.000000000000000,1.000000000000000,0.000000000000000,1,0,0,39,6114000000,6,UPDATESTANDBY
6314000000,1.000000000000000,1.000000000000000,0.000000000000000,1,0,0,40,6214000000,7,UPDATESTANDBY
6414000000,1.000000000000000,1.000000000000000,0.000000000000000,1,0,0,41,6314000000,6,UPDATESTANDBY
6515000000,1.000000000000000,1.000000000000000,0.000000000000000,1,0,0,42,6414000000,6,UPDATESTANDBY
6614000000,1.000000000000000,1.000000000000000,0.000000000000000,1,0,0,43,6515000000,6,UPDATESTANDBY
6714000000,1.000000000000000,1.000000000000000,0.000000000000000,1,0,0,44,6614000000,6,UPDATESTANDBY
6814000000,1.000000000000000,1.000000000000000,0.000000000000000,1,0,0,45,6714000000,6,UPDATESTANDBY
6914000000,1.000000000000000,1.000000000000000,0.000000000000000,1,0,0,46,6814000000,6,UPDATESTANDBY
7014000000,1.000000000000000,1.000000000000000,0.000000000000000,1,0,0,47,6914000000,6,UPDATESTANDBY
7114000000,1.000000000000000,1.000000000000000,0.000000000000000,1,0,0,48,7014000000,6,UPDATESTANDBY
7214000000,1.000000000000000,1.000000000000000,0.000000000000000,1,0,0,49,7114000000,6,UPDATESTANDBY
7314000000,1.000000000000000,1.000000000000000,0.000000000000000,1,0,0,50,7214000000,7,UPDATESTANDBY
7414000000,1.000000000000000,1.000000000000000,0.000000000000000,1,0,0,51,7314000000,6,UPDATESTANDBY
7514000000,1.000000000000000,1.000000000000000,0.000000000000000,1,0,0,52,7414000000,6,UPDATESTANDBY
7614000000,1.000000000000000,1.000000000000000,0.000000000000000,1,0,0,53,7515000000,6,UPDATESTANDBY
7714000000,1.000000000000000,1.000000000000000,0.000000000000000,1,0,0,54,7614000000,6,UPDATESTANDBY
7814000000,1.000000000000000,1.000000000000000,0.000000000000000,1,0,0,55,7715000000,6,UPDATESTANDBY
7914000000,1.000000000000000,1.000000000000000,0.000000000000000,1,0,0,56,7814000000,6,UPDATESTANDBY
8014000000,1.000000000000000,1.000000000000000,0.000000000000000,1,0,0,57,7914000000,6,UPDATESTANDBY
8114000000,1.000000000000000,1.000000000000000,0.000000000000000,1,0,0,58,8014000000,6,UPDATESTANDBY
8214000000,1.000000000000000,1.000000000000000,0.000000000000000,1,0,0,59,8114000000,6,UPDATESTANDBY
8314000000,1.000000000000000,1.000000000000000,0.000000000000000,1,0,0,60,8215000000,7,UPDATESTANDBY
8414000000,1.000000000000000,1.000000000000000,0.000000000000000,1,0,0,61,8314000000,6,UPDATESTANDBY
8514000000,1.000000000000000,1.000000000000000,0.000000000000000,1,0,0,62,8414000000,6,UPDATESTANDBY
8615000000,1.000000000000000,1.000000000000000,0.000000000000000,1,0,0,63,8514000000,6,UPDATESTANDBY
8715000000,1.000000000000000,1.000000000000000,0.000000000000000,1,0,0,64,8615000000,6,UPDATESTANDBY
8814000000,1.000000000000000,1.000000000000000,0.000000000000000,1,0,0,65,8715000000,6,UPDATESTANDBY
8914000000,1.000000000000000,1.000000000000000,0.000000000000000,1,0,0,66,8814000000,6,UPDATESTANDBY
9014000000,1.000000000000000,1.000000000000000,0.000000000000000,1,0,0,67,8914000000,6,UPDATESTANDBY
9114000000,1.000000000000000,1.000000000000000,0.000000000000000,1,0,0,68,9015000000,6,UPDATESTANDBY
9214000000,1.000000000000000,1.000000000000000,0.000000000000000,1,0,0,69,9114000000,6,UPDATESTANDBY
9314000000,1.000000000000000,1.000000000000000,0.000000000000000,1,0,0,70,9214000000,7,UPDATESTANDBY
9414000000,1.000000000000000,1.000000000000000,0.000000000000000,1,0,0,71,9314000000,6,UPDATESTANDBY
9514000000,1.000000000000000,1.000000000000000,0.000000000000000,1,0,0,72,9414000000,6,UPDATESTANDBY
9614000000,1.000000000000000,1.000000000000000,0.000000000000000,1,0,0,73,9514000000,6,UPDATESTANDBY
9714000000,1.000000000000000,1.000000000000000,0.000000000000000,1,0,0,74,9614000000,6,UPDATESTANDBY
9814000000,1.000000000000000,1.000000000000000,0.000000000000000,1,0,0,75,9714000000,6,UPDATESTANDBY
9915000000,1.000000000000000,1.000000000000000,0.000000000000000,1,0,0,76,9814000000,6,UPDATESTANDBY
10014000000,1.000000000000000,1.000000000000000,0.000000000000000,1,0,0,77,9915000000,6,UPDATESTANDBY
10114000000,1.000000000000000,1.000000000000000,0.000000000000000,1,0,0,78,10015000000,6,UPDATESTANDBY
10214000000,1.000000000000000,1.000000000000000,0.000000000000000,1,0,0,79,10114000000,6,UPDATESTANDBY
10314000000,1.000000000000000,1.000000000000000,0.000000000000000,1,0,0,80,10214000000,7,UPDATESTANDBY
10414000000,1.000000000000000,1.000000000000000,0.000000000000000,1,0,0,81,10314000000,6,UPDATESTANDBY
10514000000,1.000000000000000,1.000000000000000,0.000000000000000,1,0,0,82,10414000000,6,UPDATESTANDBY
10614000000,1.000000000000000,1.000000000000000,0.000000000000000,1,0,0,83,10514000000,6,UPDATESTANDBY
10715000000,1.000000000000000,1.000000000000000,0.000000000000000,1,0,0,84,10615000000,6,UPDATESTANDBY
10814000000,1.000000000000000,1.000000000000000,0.000000000000000,1,0,0,85,10715000000,6,UPDATESTANDBY
10914000000,1.000000000000000,1.000000000000000,0.000000000000000,1,0,0,86,10814000000,6,UPDATESTANDBY
11014000000,1.000000000000000,1.000000000000000,0.000000000000000,1,0,0,87,10915000000,6,UPDATESTANDBY
11114000000,1.000000000000000,1.000000000000000,0.000000000000000,1,0,0,88,11015000000,6,UPDATESTANDBY
11214000000,1.000000000000000,1.000000000000000,0.000000000000000,1,0,0,89,11115000000,6,UPDATESTANDBY
11315000000,1.000000000000000,1.000000000000000,0.000000000000000,1,0,0,90,11215000000,7,UPDATESTANDBY
11415000000,1.000000000000000,1.000000000000000,0.000000000000000,1,0,0,91,11315000000,6,UPDATESTANDBY
11515000000,1.000000000000000,1.000000000000000,0.000000000000000,1,0,0,92,11415000000,6,UPDATESTANDBY
11614000000,1.000000000000000,1.000000000000000,0.000000000000000,1,0,0,93,11515000000,6,UPDATESTANDBY
11714000000,1.000000000000000,1.000000000000000,0.000000000000000,1,0,0,94,11616000000,6,UPDATESTANDBY
11814000000,1.000000000000000,1.000000000000000,0.000000000000000,1,0,0,95,11715000000,6,UPDATESTANDBY
11915000000,1.000000000000000,1.000000000000000,0.000000000000000,1,0,0,96,11816000000,6,UPDATESTANDBY
12015000000,1.000000000000000,1.000000000000000,0.000000000000000,1,0,0,97,11915000000,6,UPDATESTANDBY
12115000000,1.000000000000000,1.000000000000000,0.000000000000000,1,0,0,98,12015000000,6,UPDATESTANDBY
12214000000,1.000000000000000,1.000000000000000,0.000000000000000,1,0,0,99,12116000000,6,UPDATESTANDBY
12314000000,1.000000000000000,1.000000000000000,0.000000000000000,1,0,0,100,12214000000,7,UPDATESTANDBY
12414000000,1.000000000000000,1.000000000000000,0.000000000000000,1,0,0,101,12315000000,6,UPDATESTANDBY
12515000000,1.000000000000000,1.000000000000000,0.000000000000000,1,0,0,102,12414000000,6,UPDATESTANDBY
12614000000,1.000000000000000,1.000000000000000,0.000000000000000,1,0,0,103,12516000000,6,UPDATESTANDBY
12714000000,1.000000000000000,1.000000000000000,0.000000000000000,1,0,0,104,12615000000,6,UPDATESTANDBY
12814000000,1.000000000000000,1.000000000000000,0.000000000000000,1,0,0,105,12714000000,6,UPDATESTANDBY
12915000000,1.000000000000000,1.000000000000000,0.000000000000000,1,0,0,106,12814000000,6,UPDATESTANDBY
13014000000,1.000000000000000,1.000000000000000,0.000000000000000,1,0,0,107,12916000000,6,UPDATESTANDBY
13115000000,1.000000000000000,1.000000000000000,0.000000000000000,1,0,0,108,13015000000,6,UPDATESTANDBY
13215000000,1.000000000000000,1.000000000000000,0.000000000000000,1,0,0,109,13116000000,6,UPDATESTANDBY
13314000000,1.000000000000000,1.000000000000000,0.000000000000000,1,0,0,110,13215000000,7,UPDATESTANDBY
13414000000,1.000000000000000,1.000000000000000,0.000000000000000,1,0,0,111,13315000000,6,UPDATESTANDBY
13514000000,1.000000000000000,1.000000000000000,0.000000000000000,1,0,0,112,13414000000,6,UPDATESTANDBY
13614000000,1.000000000000000,1.000000000000000,0.000000000000000,1,0,0,113,13518000000,6,UPDATESTANDBY
13714000000,1.000000000000000,1.000000000000000,0.000000000000000,1,0,0,114,13615000000,6,UPDATESTANDBY
13814000000,1.000000000000000,1.000000000000000,0.000000000000000,1,0,0,115,13715000000,6,UPDATESTANDBY
13915000000,1.000000000000000,1.000000000000000,0.000000000000000,1,0,0,116,13815000000,6,UPDATESTANDBY
14015000000,1.000000000000000,1.000000000000000,0.000000000000000,1,0,0,117,13915000000,6,UPDATESTANDBY
14114000000,1.000000000000000,1.000000000000000,0.000000000000000,1,0,0,118,14015000000,6,UPDATESTANDBY
14214000000,1.000000000000000,1.000000000000000,0.000000000000000,1,0,0,119,14115000000,6,UPDATESTANDBY
14315000000,1.000000000000000,1.000000000000000,0.000000000000000,1,0,0,120,14214000000,7,UPDATESTANDBY
14414000000,1.000000000000000,1.000000000000000,0.000000000000000,1,0,0,121,14315000000,6,UPDATESTANDBY
14514000000,1.000000000000000,1.000000000000000,0.000000000000000,1,0,0,122,14414000000,6,UPDATESTANDBY
14614000000,1.000000000000000,1.000000000000000,0.000000000000000,1,0,0,123,14514000000,6,UPDATESTANDBY
14714000000,1.000000000000000,1.000000000000000,0.000000000000000,1,0,0,124,14614000000,6,UPDATESTANDBY
14815000000,1.000000000000000,1.000000000000000,0.000000000000000,1,0,0,125,14715000000,6,UPDATESTANDBY
14914000000,1.000000000000000,1.000000000000000,0.000000000000000,1,0,0,126,14815000000,6,UPDATESTANDBY
15014000000,1.000000000000000,1.000000000000000,0.000000000000000,1,0,0,127,14914000000,6,UPDATESTANDBY
15114000000,1.000000000000000,1.000000000000000,0.000000000000000,1,0,0,128,15014000000,6,UPDATESTANDBY
15214000000,1.000000000000000,1.000000000000000,0.000000000000000,1,0,0,129,15114000000,6,UPDATESTANDBY
15315000000,1.000000000000000,1.000000000000000,0.000000000000000,1,0,0,130,15215000000,7,UPDATESTANDBY
15415000000,1.000000000000000,1.000000000000000,0.000000000000000,1,0,0,131,15315000000,6,UPDATESTANDBY
15515000000,1.000000000000000,1.000000000000000,0.000000000000000,1,0,0,132,15415000000,6,UPDATESTANDBY
15615000000,1.000000000000000,1.000000000000000,0.000000000000000,1,0,0,133,15515000000,6,UPDATESTANDBY
15715000000,1.000000000000000,1.000000000000000,0.000000000000000,1,0,0,134,15615000000,6,UPDATESTANDBY
15815000000,1.000000000000000,1.000000000000000,0.000000000000000,1,0,0,135,15715000000,6,UPDATESTANDBY
15914000000,1.000000000000000,1.000000000000000,0.000000000000000,1,0,0,136,15815000000,6,UPDATESTANDBY
16014000000,1.000000000000000,1.000000000000000,0.000000000000000,1,0,0,137,15914000000,6,UPDATESTANDBY
16114000000,1.000000000000000,1.000000000000000,0.000000000000000,1,0,0,138,16014000000,6,UPDATESTANDBY
16214000000,1.000000000000000,1.000000000000000,0.000000000000000,1,0,0,139,16115000000,6,UPDATESTANDBY
16315000000,1.000000000000000,1.000000000000000,0.000000000000000,1,0,0,140,16215000000,7,UPDATESTANDBY
16415000000,1.000000000000000,1.000000000000000,0.000000000000000,1,0,0,141,16315000000,6,UPDATESTANDBY
16514000000,1.000000000000000,1.000000000000000,0.000000000000000,1,0,0,142,16415000000,6,UPDATESTANDBY
16614000000,1.000000000000000,1.000000000000000,0.000000000000000,1,0,0,143,16514000000,6,UPDATESTANDBY
16714000000,1.000000000000000,1.000000000000000,0.000000000000000,1,0,0,144,16614000000,6,UPDATESTANDBY
16814000000,1.000000000000000,1.000000000000000,0.000000000000000,1,0,0,145,16715000000,6,UPDATESTANDBY
16914000000,1.000000000000000,1.000000000000000,0.000000000000000,1,0,0,146,16814000000,6,UPDATESTANDBY
17015000000,1.000000000000000,1.000000000000000,0.000000000000000,1,0,0,147,16914000000,6,UPDATESTANDBY
17114000000,1.000000000000000,1.000000000000000,0.000000000000000,1,0,0,148,17015000000,6,UPDATESTANDBY
17215000000,1.000000000000000,1.000000000000000,0.000000000000000,1,0,0,149,17114000000,6,UPDATESTANDBY
17315000000,1.000000000000000,1.000000000000000,0.000000000000000,1,0,0,150,17215000000,7,UPDATESTANDBY
17414000000,1.000000000000000,1.000000000000000,0.000000000000000,1,0,0,151,17315000000,6,UPDATESTANDBY
17515000000,1.000000000000000,1.000000000000000,0.000000000000000,1,0,0,152,17414000000,6,UPDATESTANDBY
17614000000,1.000000000000000,1.000000000000000,0.000000000000000,1,0,0,153,17515000000,6,UPDATESTANDBY
17715000000,1.000000000000000,1.000000000000000,0.000000000000000,1,0,0,154,17614000000,6,UPDATESTANDBY
17814000000,1.000000000000000,1.000000000000000,0.000000000000000,1,0,0,155,17715000000,6,UPDATESTANDBY
17915000000,1.000000000000000,1.000000000000000,0.000000000000000,1,0,0,156,17814000000,6,UPDATESTANDBY
18015000000,1.000000000000000,1.000000000000000,0.000000000000000,1,0,0,157,17915000000,6,UPDATESTANDBY
18114000000,1.000000000000000,1.000000000000000,0.000000000000000,1,0,0,158,18015000000,6,UPDATESTANDBY
18215000000,1.000000000000000,1.000000000000000,0.000000000000000,1,0,0,159,18114000000,6,UPDATESTANDBY
18314000000,1.000000000000000,1.000000000000000,0.000000000000000,1,0,0,160,18215000000,7,UPDATESTANDBY
18414000000,1.000000000000000,1.000000000000000,0.000000000000000,1,0,0,161,18314000000,6,UPDATESTANDBY
18515000000,1.000000000000000,1.000000000000000,0.000000000000000,1,0,0,162,18414000000,6,UPDATESTANDBY
18615000000,1.000000000000000,1.000000000000000,0.000000000000000,1,0,0,163,18515000000,6,UPDATESTANDBY
18714000000,1.000000000000000,1.000000000000000,0.000000000000000,1,0,0,164,18615000000,6,UPDATESTANDBY
18814000000,1.000000000000000,1.000000000000000,0.000000000000000,1,0,0,165,18714000000,6,UPDATESTANDBY
18914000000,1.000000000000000,1.000000000000000,0.000000000000000,1,0,0,166,18814000000,6,UPDATESTANDBY
19014000000,1.000000000000000,1.000000000000000,0.000000000000000,1,0,0,167,18914000000,6,UPDATESTANDBY
19114000000,1.000000000000000,1.000000000000000,0.000000000000000,1,0,0,168,19015000000,6,UPDATESTANDBY
19215000000,1.000000000000000,1.000000000000000,0.000000000000000,1,0,0,169,19114000000,6,UPDATESTANDBY
19315000000,1.000000000000000,1.000000000000000,0.000000000000000,1,0,0,170,19215000000,7,UPDATESTANDBY
19414000000,1.000000000000000,1.000000000000000,0.000000000000000,1,0,0,171,19315000000,6,UPDATESTANDBY
19515000000,1.000000000000000,1.000000000000000,0.000000000000000,1,0,0,172,19414000000,6,UPDATESTANDBY
19614000000,1.000000000000000,1.000000000000000,0.000000000000000,1,0,0,173,19515000000,6,UPDATESTANDBY
19715000000,1.000000000000000,1.000000000000000,0.000000000000000,1,0,0,174,19614000000,6,UPDATESTANDBY
19814000000,1.000000000000000,1.000000000000000,0.000000000000000,1,0,0,175,19715000000,6,UPDATESTANDBY
19914000000,1.000000000000000,1.000000000000000,0.000000000000000,1,0,0,176,19814000000,6,UPDATESTANDBY
20014000000,1.000000000000000,1.000000000000000,0.000000000000000,1,0,0,177,19914000000,6,UPDATESTANDBY
20115000000,1.000000000000000,1.000000000000000,0.000000000000000,1,0,0,178,20014000000,6,UPDATESTANDBY
20214000000,1.000000000000000,1.000000000000000,0.000000000000000,1,0,0,179,20115000000,6,UPDATESTANDBY
20314000000,1.000000000000000,1.000000000000000,0.000000000000000,1,0,0,180,20214000000,7,UPDATESTANDBY
20414000000,1.000000000000000,1.000000000000000,0.000000000000000,1,0,0,181,20314000000,6,UPDATESTANDBY
20514000000,1.000000000000000,1.000000000000000,0.000000000000000,1,0,0,182,20414000000,6,UPDATESTANDBY
20614000000,1.000000000000000,1.000000000000000,0.000000000000000,1,0,0,183,20514000000,6,UPDATESTANDBY
20715000000,1.000000000000000,1.000000000000000,0.000000000000000,1,0,0,184,20614000000,6,UPDATESTANDBY
20814000000,1.000000000000000,1.000000000000000,0.000000000000000,1,0,0,185,20715000000,6,UPDATESTANDBY
20914000000,1.000000000000000,1.000000000000000,0.000000000000000,1,0,0,186,20814000000,6,UPDATESTANDBY
21014000000,1.000000000000000,1.000000000000000,0.000000000000000,1,0,0,187,20914000000,6,UPDATESTANDBY
21114000000,1.000000000000000,1.000000000000000,0.000000000000000,1,0,0,188,21014000000,6,UPDATESTANDBY
21215000000,1.000000000000000,1.000000000000000,0.000000000000000,1,0,0,189,21115000000,6,UPDATESTANDBY
21315000000,1.000000000000000,1.000000000000000,0.000000000000000,1,0,0,190,21215000000,7,UPDATESTANDBY
21414000000,1.000000000000000,1.000000000000000,0.000000000000000,1,0,0,191,21315000000,6,UPDATESTANDBY
21515000000,1.000000000000000,1.000000000000000,0.000000000000000,1,0,0,192,21414000000,6,UPDATESTANDBY
21615000000,1.000000000000000,1.000000000000000,0.000000000000000,1,0,0,193,21515000000,6,UPDATESTANDBY
21715000000,1.000000000000000,1.000000000000000,0.000000000000000,1,0,0,194,21615000000,6,UPDATESTANDBY
21815000000,1.000000000000000,1.000000000000000,0.000000000000000,1,0,0,195,21715000000,6,UPDATESTANDBY
21914000000,1.000000000000000,1.000000000000000,0.000000000000000,1,0,0,196,21815000000,6,UPDATESTANDBY
22014000000,1.000000000000000,1.000000000000000,0.000000000000000,1,0,0,197,21914000000,6,UPDATESTANDBY
22114000000,1.000000000000000,1.000000000000000,0.000000000000000,1,0,0,198,22014000000,6,UPDATESTANDBY
22214000000,1.000000000000000,1.000000000000000,0.000000000000000,1,0,0,199,22114000000,6,UPDATESTANDBY
22314000000,1.000000000000000,1.000000000000000,0.000000000000000,1,0,0,200,22214000000,7,UPDATESTANDBY
22415000000,1.000000000000000,1.000000000000000,0.000000000000000,1,0,0,201,22314000000,6,UPDATESTANDBY
22514000000,1.000000000000000,1.000000000000000,0.000000000000000,1,0,0,202,22415000000,6,UPDATESTANDBY
22614000000,1.000000000000000,1.000000000000000,0.000000000000000,1,0,0,203,22514000000,6,UPDATESTANDBY
22715000000,1.000000000000000,1.000000000000000,0.000000000000000,1,0,0,204,22614000000,6,UPDATESTANDBY
22814000000,1.000000000000000,1.000000000000000,0.000000000000000,1,0,0,205,22715000000,6,UPDATESTANDBY
22915000000,1.000000000000000,1.000000000000000,0.000000000000000,1,0,0,206,22814000000,6,UPDATESTANDBY
23015000000,1.000000000000000,1.000000000000000,0.000000000000000,1,0,0,207,22915000000,6,UPDATESTANDBY
23114000000,1.000000000000000,1.000000000000000,0.000000000000000,1,0,0,208,23015000000,6,UPDATESTANDBY
23215000000,1.000000000000000,1.000000000000000,0.000000000000000,1,0,0,209,23115000000,6,UPDATESTANDBY
23314000000,1.000000000000000,1.000000000000000,0.000000000000000,1,0,0,210,23215000000,7,UPDATESTANDBY
23414000000,1.000000000000000,1.000000000000000,0.000000000000000,1,0,0,211,23315000000,6,UPDATESTANDBY
23515000000,1.000000000000000,1.000000000000000,0.000000000000000,1,0,0,212,23415000000,6,UPDATESTANDBY
23614000000,1.000000000000000,1.000000000000000,0.000000000000000,1,0,0,213,23515000000,6,UPDATESTANDBY
23714000000,1.000000000000000,1.000000000000000,0.000000000000000,1,0,0,214,23614000000,6,UPDATESTANDBY
23814000000,1.000000000000000,1.000000000000000,0.000000000000000,1,0,0,215,23714000000,6,UPDATESTANDBY
23915000000,1.000000000000000,1.000000000000000,0.000000000000000,1,0,0,216,23814000000,6,UPDATESTANDBY
24014000000,1.000000000000000,1.000000000000000,0.000000000000000,1,0,0,217,23915000000,6,UPDATESTANDBY
24114000000,1.000000000000000,1.000000000000000,0.000000000000000,1,0,0,218,24014000000,6,UPDATESTANDBY
24214000000,1.000000000000000,1.000000000000000,0.000000000000000,1,0,0,219,24115000000,6,UPDATESTANDBY
24314000000,1.000000000000000,1.000000000000000,0.000000000000000,1,0,0,220,24214000000,7,UPDATESTANDBY
24414000000,1.000000000000000,1.000000000000000,0.000000000000000,1,0,0,221,24315000000,6,UPDATESTANDBY
24514000000,1.000000000000000,1.000000000000000,0.000000000000000,1,0,0,222,24415000000,6,UPDATESTANDBY
24614000000,1.000000000000000,1.000000000000000,0.000000000000000,1,0,0,223,24514000000,6,UPDATESTANDBY
24715000000,1.000000000000000,1.000000000000000,0.000000000000000,1,0,0,224,24614000000,6,UPDATESTANDBY
24814000000,1.000000000000000,1.000000000000000,0.000000000000000,1,0,0,225,24715000000,6,UPDATESTANDBY
24915000000,1.000000000000000,1.000000000000000,0.000000000000000,1,0,0,226,24814000000,6,UPDATESTANDBY
25014000000,1.000000000000000,1.000000000000000,0.000000000000000,1,0,0,227,24916000000,6,UPDATESTANDBY
25114000000,1.000000000000000,1.000000000000000,0.000000000000000,1,0,0,228,25015000000,6,UPDATESTANDBY
25214000000,1.000000000000000,1.000000000000000,0.000000000000000,1,0,0,229,25114000000,6,UPDATESTANDBY
25314000000,1.000000000000000,1.000000000000000,0.000000000000000,1,0,0,230,25214000000,7,UPDATESTANDBY
25415000000,1.000000000000000,1.000000000000000,0.000000000000000,1,0,0,231,25314000000,6,UPDATESTANDBY
25515000000,1.000000000000000,1.000000000000000,0.000000000000000,1,0,0,232,25415000000,6,UPDATESTANDBY
25615000000,1.000000000000000,1.000000000000000,0.000000000000000,1,0,0,233,25516000000,6,UPDATESTANDBY
25714000000,1.000000000000000,1.000000000000000,0.000000000000000,1,0,0,234,25615000000,6,UPDATESTANDBY
25815000000,1.000000000000000,1.000000000000000,0.000000000000000,1,0,0,235,25714000000,6,UPDATESTANDBY
25915000000,1.000000000000000,1.000000000000000,0.000000000000000,1,0,0,236,25815000000,6,UPDATESTANDBY
26014000000,1.000000000000000,1.000000000000000,0.000000000000000,1,0,0,237,25915000000,6,UPDATESTANDBY
26114000000,1.000000000000000,1.000000000000000,0.000000000000000,1,0,0,238,26014000000,6,UPDATESTANDBY
26214000000,1.000000000000000,1.000000000000000,0.000000000000000,1,0,0,239,26115000000,6,UPDATESTANDBY
26315000000,1.000000000000000,1.000000000000000,0.000000000000000,1,0,0,240,26214000000,7,UPDATESTANDBY
26414000000,1.000000000000000,1.000000000000000,0.000000000000000,1,0,0,241,26315000000,6,UPDATESTANDBY
26515000000,1.000000000000000,1.000000000000000,0.000000000000000,1,0,0,242,26414000000,6,UPDATESTANDBY
26614000000,1.000000000000000,1.000000000000000,0.000000000000000,1,0,0,243,26515000000,6,UPDATESTANDBY
26714000000,1.000000000000000,1.000000000000000,0.000000000000000,1,0,0,244,26615000000,6,UPDATESTANDBY
26814000000,1.000000000000000,1.000000000000000,0.000000000000000,1,0,0,245,26714000000,6,UPDATESTANDBY
26914000000,1.000000000000000,1.000000000000000,0.000000000000000,1,0,0,246,26814000000,6,UPDATESTANDBY
27014000000,1.000000000000000,1.000000000000000,0.000000000000000,1,0,0,247,26914000000,6,UPDATESTANDBY
27114000000,1.000000000000000,1.000000000000000,0.000000000000000,1,0,0,248,27014000000,6,UPDATESTANDBY
27214000000,1.000000000000000,1.000000000000000,0.000000000000000,1,0,0,249,27114000000,6,UPDATESTANDBY
27314000000,1.000000000000000,1.000000000000000,0.000000000000000,1,0,0,250,27214000000,7,UPDATESTANDBY
27414000000,1.000000000000000,1.000000000000000,0.000000000000000,1,0,0,251,27315000000,6,UPDATESTANDBY
27515000000,1.000000000000000,1.000000000000000,0.000000000000000,1,0,0,252,27414000000,6,UPDATESTANDBY
27615000000,1.000000000000000,1.000000000000000,0.000000000000000,1,0,0,253,27515000000,6,UPDATESTANDBY
27715000000,1.000000000000000,1.000000000000000,0.000000000000000,1,0,0,254,27615000000,6,UPDATESTANDBY
27815000000,1.000000000000000,1.000000000000000,0.000000000000000,1,0,0,255,27715000000,6,UPDATESTANDBY
27915000000,1.000000000000000,1.000000000000000,0.000000000000000,1,0,0,256,27815000000,6,UPDATESTANDBY
28014000000,1.000000000000000,1.000000000000000,0.000000000000000,1,0,0,257,27915000000,6,UPDATESTANDBY
28114000000,1.000000000000000,1.000000000000000,0.000000000000000,1,0,0,258,28014000000,6,UPDATESTANDBY
28214000000,1.000000000000000,1.000000000000000,0.000000000000000,1,0,0,259,28114000000,6,UPDATESTANDBY
28315000000,1.000000000000000,1.000000000000000,0.000000000000000,1,0,0,260,28215000000,7,UPDATESTANDBY
28414000000,1.000000000000000,1.000000000000000,0.000000000000000,1,0,0,261,28315000000,6,UPDATESTANDBY
28514000000,1.000000000000000,1.000000000000000,0.000000000000000,1,0,0,262,28414000000,6,UPDATESTANDBY
28614000000,1.000000000000000,1.000000000000000,0.000000000000000,1,0,0,263,28514000000,6,UPDATESTANDBY
28714000000,1.000000000000000,1.000000000000000,0.000000000000000,1,0,0,264,28614000000,6,UPDATESTANDBY
28815000000,1.000000000000000,1.000000000000000,0.000000000000000,1,0,0,265,28715000000,6,UPDATESTANDBY
28915000000,1.000000000000000,1.000000000000000,0.000000000000000,1,0,0,266,28815000000,6,UPDATESTANDBY
29014000000,1.000000000000000,1.000000000000000,0.000000000000000,1,0,0,267,28915000000,6,UPDATESTANDBY
29114000000,1.000000000000000,1.000000000000000,0.000000000000000,1,0,0,268,29014000000,6,UPDATESTANDBY
29214000000,1.000000000000000,1.000000000000000,0.000000000000000,1,0,0,269,29114000000,6,UPDATESTANDBY
29314000000,1.000000000000000,1.000000000000000,0.000000000000000,1,0,0,270,29214000000,7,UPDATESTANDBY
29414000000,1.000000000000000,1.000000000000000,0.000000000000000,1,0,0,271,29314000000,6,UPDATESTANDBY
29514000000,1.000000000000000,1.000000000000000,0.000000000000000,1,0,0,272,29414000000,6,UPDATESTANDBY
29614000000,1.000000000000000,1.000000000000000,0.000000000000000,1,0,0,273,29514000000,6,UPDATESTANDBY
29714000000,1.000000000000000,1.000000000000000,0.000000000000000,1,0,0,274,29614000000,6,UPDATESTANDBY
29814000000,1.000000000000000,1.000000000000000,0.000000000000000,1,0,0,275,29714000000,6,UPDATESTANDBY
29914000000,1.000000000000000,1.000000000000000,0.000000000000000,1,0,0,276,29814000000,6,UPDATESTANDBY
30014000000,1.000000000000000,1.000000000000000,0.000000000000000,1,0,0,277,29914000000,6,UPDATESTANDBY
30114000000,1.000000000000000,1.000000000000000,0.000000000000000,1,0,0,278,30014000000,6,UPDATESTANDBY
30214000000,1.000000000000000,1.000000000000000,0.000000000000000,1,0,0,279,30115000000,6,UPDATESTANDBY
30314000000,1.000000000000000,1.000000000000000,0.000000000000000,1,0,0,280,30214000000,7,UPDATESTANDBY
30414000000,1.000000000000000,1.000000000000000,0.000000000000000,1,0,0,281,30314000000,6,UPDATESTANDBY
30514000000,1.000000000000000,1.000000000000000,0.000000000000000,1,0,0,282,30414000000,6,UPDATESTANDBY
30614000000,1.000000000000000,1.000000000000000,0.000000000000000,1,0,0,283,30514000000,6,UPDATESTANDBY
30714000000,1.000000000000000,1.000000000000000,0.000000000000000,1,0,0,284,30614000000,6,UPDATESTANDBY
30814000000,1.000000000000000,1.000000000000000,0.000000000000000,1,0,0,285,30714000000,6,UPDATESTANDBY
30914000000,1.000000000000000,1.000000000000000,0.000000000000000,1,0,0,286,30814000000,6,UPDATESTANDBY
31014000000,1.000000000000000,1.000000000000000,0.000000000000000,1,0,0,287,30914000000,6,UPDATESTANDBY
31115000000,1.000000000000000,1.000000000000000,0.000000000000000,1,0,0,288,31014000000,6,UPDATESTANDBY
31214000000,1.000000000000000,1.000000000000000,0.000000000000000,1,0,0,289,31115000000,6,UPDATESTANDBY
31314000000,1.000000000000000,1.000000000000000,0.000000000000000,1,0,0,290,31214000000,7,UPDATESTANDBY
31414000000,1.000000000000000,1.000000000000000,0.000000000000000,1,0,0,291,31314000000,6,UPDATESTANDBY
31514000000,1.000000000000000,1.000000000000000,0.000000000000000,1,0,0,292,31414000000,6,UPDATESTANDBY
31614000000,1.000000000000000,1.000000000000000,0.000000000000000,1,0,0,293,31514000000,6,UPDATESTANDBY
31714000000,1.000000000000000,1.000000000000000,0.000000000000000,1,0,0,294,31614000000,6,UPDATESTANDBY
31814000000,1.000000000000000,1.000000000000000,0.000000000000000,1,0,0,295,31714000000,6,UPDATESTANDBY
31914000000,1.000000000000000,1.000000000000000,0.000000000000000,1,0,0,296,31814000000,6,UPDATESTANDBY
32014000000,1.000000000000000,1.000000000000000,0.000000000000000,1,0,0,297,31914000000,6,UPDATESTANDBY
32114000000,1.000000000000000,1.000000000000000,0.000000000000000,1,0,0,298,32014000000,6,UPDATESTANDBY
32215000000,1.000000000000000,1.000000000000000,0.000000000000000,1,0,0,299,32114000000,6,UPDATESTANDBY
32315000000,1.000000000000000,1.000000000000000,0.000000000000000,1,0,0,300,32215000000,7,UPDATESTANDBY
32414000000,1.000000000000000,1.000000000000000,0.000000000000000,1,0,0,301,32315000000,6,UPDATESTANDBY
32514000000,1.000000000000000,1.000000000000000,0.000000000000000,1,0,0,302,32415000000,6,UPDATESTANDBY
32614000000,1.000000000000000,1.000000000000000,0.000000000000000,1,0,0,303,32515000000,6,UPDATESTANDBY
32714000000,1.000000000000000,1.000000000000000,0.000000000000000,1,0,0,304,32614000000,6,UPDATESTANDBY
32814000000,1.000000000000000,1.000000000000000,0.000000000000000,1,0,0,305,32714000000,6,UPDATESTANDBY
32914000000,1.000000000000000,1.000000000000000,0.000000000000000,1,0,0,306,32814000000,6,UPDATESTANDBY
33014000000,1.000000000000000,1.000000000000000,0.000000000000000,1,0,0,307,32915000000,6,UPDATESTANDBY
33114000000,1.000000000000000,1.000000000000000,0.000000000000000,1,0,0,308,33015000000,6,UPDATESTANDBY
33214000000,1.000000000000000,1.000000000000000,0.000000000000000,1,0,0,309,33114000000,6,UPDATESTANDBY
33314000000,1.000000000000000,1.000000000000000,0.000000000000000,1,0,0,310,33214000000,7,UPDATESTANDBY
33414000000,1.000000000000000,1.000000000000000,0.000000000000000,1,0,0,311,33314000000,6,UPDATESTANDBY
33514000000,1.000000000000000,1.000000000000000,0.000000000000000,1,0,0,312,33414000000,6,UPDATESTANDBY
33614000000,1.000000000000000,1.000000000000000,0.000000000000000,1,0,0,313,33515000000,6,UPDATESTANDBY
33714000000,1.000000000000000,1.000000000000000,0.000000000000000,1,0,0,314,33615000000,6,UPDATESTANDBY
33814000000,1.000000000000000,1.000000000000000,0.000000000000000,1,0,0,315,33714000000,6,UPDATESTANDBY
33914000000,1.000000000000000,1.000000000000000,0.000000000000000,1,0,0,316,33815000000,6,UPDATESTANDBY
34014000000,1.000000000000000,1.000000000000000,0.000000000000000,1,0,0,317,33915000000,6,UPDATESTANDBY
34114000000,1.000000000000000,1.000000000000000,0.000000000000000,1,0,0,318,34014000000,6,UPDATESTANDBY
34214000000,1.000000000000000,1.000000000000000,0.000000000000000,1,0,0,319,34114000000,6,UPDATESTANDBY
34314000000,1.000000000000000,1.000000000000000,0.000000000000000,1,0,0,320,34214000000,7,UPDATESTANDBY
34414000000,1.000000000000000,1.000000000000000,0.000000000000000,1,0,0,321,34314000000,6,UPDATESTANDBY
34514000000,1.000000000000000,1.000000000000000,0.000000000000000,1,0,0,322,34414000000,6,UPDATESTANDBY
34615000000,1.000000000000000,1.000000000000000,0.000000000000000,1,0,0,323,34515000000,6,UPDATESTANDBY
34714000000,1.000000000000000,1.000000000000000,0.000000000000000,1,0,0,324,34615000000,6,UPDATESTANDBY
34814000000,1.000000000000000,1.000000000000000,0.000000000000000,1,0,0,325,34714000000,6,UPDATESTANDBY
34914000000,1.000000000000000,1.000000000000000,0.000000000000000,1,0,0,326,34815000000,6,UPDATESTANDBY
35014000000,1.000000000000000,1.000000000000000,0.000000000000000,1,0,0,327,34914000000,6,UPDATESTANDBY
35115000000,1.000000000000000,1.000000000000000,0.000000000000000,1,0,0,328,35014000000,6,UPDATESTANDBY
35214000000,1.000000000000000,1.000000000000000,0.000000000000000,1,0,0,329,35115000000,6,UPDATESTANDBY
35314000000,1.000000000000000,1.000000000000000,0.000000000000000,1,0,0,330,35215000000,7,UPDATESTANDBY
35414000000,1.000000000000000,1.000000000000000,0.000000000000000,1,0,0,331,35315000000,6,UPDATESTANDBY
35514000000,1.000000000000000,1.000000000000000,0.000000000000000,1,0,0,332,35414000000,6,UPDATESTANDBY
35614000000,1.000000000000000,1.000000000000000,0.000000000000000,1,0,0,333,35515000000,6,UPDATESTANDBY
35715000000,1.000000000000000,1.000000000000000,0.000000000000000,1,0,0,334,35615000000,6,UPDATESTANDBY
35814000000,1.000000000000000,1.000000000000000,0.000000000000000,1,0,0,335,35715000000,6,UPDATESTANDBY
35914000000,1.000000000000000,1.000000000000000,0.000000000000000,1,0,0,336,35814000000,6,UPDATESTANDBY
36014000000,1.000000000000000,1.000000000000000,0.000000000000000,1,0,0,337,35915000000,6,UPDATESTANDBY
36114000000,1.000000000000000,1.000000000000000,0.000000000000000,1,0,0,338,36015000000,6,UPDATESTANDBY
36214000000,1.000000000000000,1.000000000000000,0.000000000000000,1,0,0,339,36115000000,6,UPDATESTANDBY
36314000000,1.000000000000000,1.000000000000000,0.000000000000000,1,0,0,340,36215000000,7,UPDATESTANDBY
36414000000,1.000000000000000,1.000000000000000,0.000000000000000,1,0,0,341,36315000000,6,UPDATESTANDBY
36515000000,1.000000000000000,1.000000000000000,0.000000000000000,1,0,0,342,36415000000,6,UPDATESTANDBY
36614000000,1.000000000000000,1.000000000000000,0.000000000000000,1,0,0,343,36515000000,6,UPDATESTANDBY
36714000000,1.000000000000000,1.000000000000000,0.000000000000000,1,0,0,344,36614000000,6,UPDATESTANDBY
36814000000,1.000000000000000,1.000000000000000,0.000000000000000,1,0,0,345,36715000000,6,UPDATESTANDBY
36914000000,1.000000000000000,1.000000000000000,0.000000000000000,1,0,0,346,36815000000,6,UPDATESTANDBY
37014000000,1.000000000000000,1.000000000000000,0.000000000000000,1,0,0,347,36915000000,6,UPDATESTANDBY
37114000000,1.000000000000000,1.000000000000000,0.000000000000000,1,0,0,348,37014000000,6,UPDATESTANDBY
37214000000,1.000000000000000,1.000000000000000,0.000000000000000,1,0,0,349,37115000000,6,UPDATESTANDBY
37314000000,1.000000000000000,1.000000000000000,0.000000000000000,1,0,0,350,37215000000,7,UPDATESTANDBY
37414000000,1.000000000000000,1.000000000000000,0.000000000000000,1,0,0,351,37314000000,6,UPDATESTANDBY
37514000000,1.000000000000000,1.000000000000000,0.000000000000000,1,0,0,352,37415000000,6,UPDATESTANDBY
37614000000,1.000000000000000,1.000000000000000,0.000000000000000,1,0,0,353,37515000000,6,UPDATESTANDBY
37714000000,1.000000000000000,1.000000000000000,0.000000000000000,1,0,0,354,37615000000,6,UPDATESTANDBY
37814000000,1.000000000000000,1.000000000000000,0.000000000000000,1,0,0,355,37714000000,6,UPDATESTANDBY
37915000000,1.000000000000000,1.000000000000000,0.000000000000000,1,0,0,356,37815000000,6,UPDATESTANDBY
38014000000,1.000000000000000,1.000000000000000,0.000000000000000,1,0,0,357,37915000000,6,UPDATESTANDBY
38114000000,1.000000000000000,1.000000000000000,0.000000000000000,1,0,0,358,38015000000,6,UPDATESTANDBY
38214000000,1.000000000000000,1.000000000000000,0.000000000000000,1,0,0,359,38115000000,6,UPDATESTANDBY
38314000000,1.000000000000000,1.000000000000000,0.000000000000000,1,0,0,360,38215000000,7,UPDATESTANDBY
38415000000,1.000000000000000,1.000000000000000,0.000000000000000,1,0,0,361,38314000000,6,UPDATESTANDBY
38514000000,1.000000000000000,1.000000000000000,0.000000000000000,1,0,0,362,38415000000,6,UPDATESTANDBY
38614000000,1.000000000000000,1.000000000000000,0.000000000000000,1,0,0,363,38515000000,6,UPDATESTANDBY
38715000000,1.000000000000000,1.000000000000000,0.000000000000000,1,0,0,364,38614000000,6,UPDATESTANDBY
38814000000,1.000000000000000,1.000000000000000,0.000000000000000,1,0,0,365,38715000000,6,UPDATESTANDBY
38915000000,1.000000000000000,1.000000000000000,0.000000000000000,1,0,0,366,38815000000,6,UPDATESTANDBY
39014000000,1.000000000000000,1.000000000000000,0.000000000000000,1,0,0,367,38915000000,6,UPDATESTANDBY
39115000000,1.000000000000000,1.000000000000000,0.000000000000000,1,0,0,368,39015000000,6,UPDATESTANDBY
39215000000,1.000000000000000,1.000000000000000,0.000000000000000,1,0,0,369,39115000000,6,UPDATESTANDBY
39315000000,1.000000000000000,1.000000000000000,0.000000000000000,1,0,0,370,39215000000,7,UPDATESTANDBY
39415000000,1.000000000000000,1.000000000000000,0.000000000000000,1,0,0,371,39315000000,6,UPDATESTANDBY
39514000000,1.000000000000000,1.000000000000000,0.000000000000000,1,0,0,372,39415000000,6,UPDATESTANDBY
39614000000,1.000000000000000,1.000000000000000,0.000000000000000,1,0,0,373,39515000000,6,UPDATESTANDBY
39714000000,1.000000000000000,1.000000000000000,0.000000000000000,1,0,0,374,39614000000,6,UPDATESTANDBY
39814000000,1.000000000000000,1.000000000000000,0.000000000000000,1,0,0,375,39715000000,6,UPDATESTANDBY
39915000000,1.000000000000000,1.000000000000000,0.000000000000000,1,0,0,376,39815000000,6,UPDATESTANDBY
40014000000,1.000000000000000,1.000000000000000,0.000000000000000,1,0,0,377,39915000000,6,UPDATESTANDBY
40114000000,1.000000000000000,1.000000000000000,0.000000000000000,1,0,0,378,40015000000,6,UPDATESTANDBY
40214000000,1.000000000000000,1.000000000000000,0.000000000000000,1,0,0,379,40115000000,6,UPDATESTANDBY
40315000000,1.000000000000000,1.000000000000000,0.000000000000000,1,0,0,380,40215000000,7,UPDATESTANDBY
40415000000,1.000000000000000,1.000000000000000,0.000000000000000,1,0,0,381,40315000000,6,UPDATESTANDBY
40514000000,1.000000000000000,1.000000000000000,0.000000000000000,1,0,0,382,40415000000,6,UPDATESTANDBY
40615000000,1.000000000000000,1.000000000000000,0.000000000000000,1,0,0,383,40514000000,6,UPDATESTANDBY
40714000000,1.000000000000000,1.000000000000000,0.000000000000000,1,0,0,384,40615000000,6,UPDATESTANDBY
40815000000,1.000000000000000,1.000000000000000,0.000000000000000,1,0,0,385,40715000000,6,UPDATESTANDBY
40914000000,1.000000000000000,1.000000000000000,0.000000000000000,1,0,0,386,40815000000,6,UPDATESTANDBY
41014000000,1.000000000000000,1.000000000000000,0.000000000000000,1,0,0,387,40915000000,6,UPDATESTANDBY
41114000000,1.000000000000000,1.000000000000000,0.000000000000000,1,0,0,388,41015000000,6,UPDATESTANDBY
41214000000,1.000000000000000,1.000000000000000,0.000000000000000,1,0,0,389,41114000000,6,UPDATESTANDBY
41314000000,1.000000000000000,1.000000000000000,0.000000000000000,1,0,0,390,41215000000,7,UPDATESTANDBY
41414000000,1.000000000000000,1.000000000000000,0.000000000000000,1,0,0,391,41315000000,6,UPDATESTANDBY
41514000000,1.000000000000000,1.000000000000000,0.000000000000000,1,0,0,392,41414000000,6,UPDATESTANDBY
41614000000,1.000000000000000,1.000000000000000,0.000000000000000,1,0,0,393,41515000000,6,UPDATESTANDBY
41714000000,1.000000000000000,1.000000000000000,0.000000000000000,1,0,0,394,41615000000,6,UPDATESTANDBY
41814000000,1.000000000000000,1.000000000000000,0.000000000000000,1,0,0,395,41715000000,6,UPDATESTANDBY
41914000000,1.000000000000000,1.000000000000000,0.000000000000000,1,0,0,396,41814000000,6,UPDATESTANDBY
42014000000,1.000000000000000,1.000000000000000,0.000000000000000,1,0,0,397,41914000000,6,UPDATESTANDBY
42114000000,1.000000000000000,1.000000000000000,0.000000000000000,1,0,0,398,42014000000,6,UPDATESTANDBY
42214000000,1.000000000000000,1.000000000000000,0.000000000000000,1,0,0,399,42114000000,6,UPDATESTANDBY
42314000000,1.000000000000000,1.000000000000000,0.000000000000000,1,0,0,400,42215000000,7,UPDATESTANDBY
42414000000,1.000000000000000,1.000000000000000,0.000000000000000,1,0,0,401,42315000000,6,UPDATESTANDBY
42514000000,1.000000000000000,1.000000000000000,0.000000000000000,1,0,0,402,42415000000,6,UPDATESTANDBY
42614000000,1.000000000000000,1.000000000000000,0.000000000000000,1,0,0,403,42514000000,6,UPDATESTANDBY
42715000000,1.000000000000000,1.000000000000000,0.000000000000000,1,0,0,404,42615000000,6,UPDATESTANDBY
42814000000,1.000000000000000,1.000000000000000,0.000000000000000,1,0,0,405,42716000000,6,UPDATESTANDBY
42914000000,1.000000000000000,1.000000000000000,0.000000000000000,1,0,0,406,42815000000,6,UPDATESTANDBY
43014000000,1.000000000000000,1.000000000000000,0.000000000000000,1,0,0,407,42915000000,6,UPDATESTANDBY
43115000000,1.000000000000000,1.000000000000000,0.000000000000000,1,0,0,408,43016000000,6,UPDATESTANDBY
43214000000,1.000000000000000,1.000000000000000,0.000000000000000,1,0,0,409,43115000000,6,UPDATESTANDBY
43314000000,1.000000000000000,1.000000000000000,0.000000000000000,1,0,0,410,43215000000,7,UPDATESTANDBY
43414000000,1.000000000000000,1.000000000000000,0.000000000000000,1,0,0,411,43315000000,6,UPDATESTANDBY
43514000000,1.000000000000000,1.000000000000000,0.000000000000000,1,0,0,412,43415000000,6,UPDATESTANDBY
43615000000,1.000000000000000,1.000000000000000,0.000000000000000,1,0,0,413,43515000000,6,UPDATESTANDBY
43714000000,1.000000000000000,1.000000000000000,0.000000000000000,1,0,0,414,43615000000,6,UPDATESTANDBY
43814000000,1.000000000000000,1.000000000000000,0.000000000000000,1,0,0,415,43716000000,6,UPDATESTANDBY
43914000000,1.000000000000000,1.000000000000000,0.000000000000000,1,0,0,416,43815000000,6,UPDATESTANDBY
44014000000,1.000000000000000,1.000000000000000,0.000000000000000,1,0,0,417,43914000000,6,UPDATESTANDBY
44115000000,1.000000000000000,1.000000000000000,0.000000000000000,1,0,0,418,44015000000,6,UPDATESTANDBY
44214000000,1.000000000000000,1.000000000000000,0.000000000000000,1,0,0,419,44115000000,6,UPDATESTANDBY
44314000000,1.000000000000000,1.000000000000000,0.000000000000000,1,0,0,420,44214000000,7,UPDATESTANDBY
44414000000,1.000000000000000,1.000000000000000,0.000000000000000,1,0,0,421,44315000000,6,UPDATESTANDBY
44514000000,1.000000000000000,1.000000000000000,0.000000000000000,1,0,0,422,44415000000,6,UPDATESTANDBY
44614000000,1.000000000000000,1.000000000000000,0.000000000000000,1,0,0,423,44514000000,6,UPDATESTANDBY
44714000000,1.000000000000000,1.000000000000000,0.000000000000000,1,0,0,424,44614000000,6,UPDATESTANDBY
44814000000,1.000000000000000,1.000000000000000,0.000000000000000,1,0,0,425,44714000000,6,UPDATESTANDBY
44914000000,1.000000000000000,1.000000000000000,0.000000000000000,1,0,0,426,44814000000,6,UPDATESTANDBY
45014000000,1.000000000000000,1.000000000000000,0.000000000000000,1,0,0,427,44914000000,6,UPDATESTANDBY
45114000000,1.000000000000000,1.000000000000000,0.000000000000000,1,0,0,428,45014000000,6,UPDATESTANDBY
45214000000,1.000000000000000,1.000000000000000,0.000000000000000,1,0,0,429,45114000000,6,UPDATESTANDBY
45314000000,1.000000000000000,1.000000000000000,0.000000000000000,1,0,0,430,45214000000,7,UPDATESTANDBY
45414000000,1.000000000000000,1.000000000000000,0.000000000000000,1,0,0,431,45314000000,6,UPDATESTANDBY
45515000000,1.000000000000000,1.000000000000000,0.000000000000000,1,0,0,432,45414000000,6,UPDATESTANDBY
45614000000,1.000000000000000,1.000000000000000,0.000000000000000,1,0,0,433,45515000000,6,UPDATESTANDBY
45714000000,1.000000000000000,1.000000000000000,0.000000000000000,1,0,0,434,45614000000,6,UPDATESTANDBY
45814000000,1.000000000000000,1.000000000000000,0.000000000000000,1,0,0,435,45714000000,6,UPDATESTANDBY
45914000000,1.000000000000000,1.000000000000000,0.000000000000000,1,0,0,436,45814000000,6,UPDATESTANDBY
46015000000,1.000000000000000,1.000000000000000,0.000000000000000,1,0,0,437,45915000000,6,UPDATESTANDBY
46114000000,1.000000000000000,1.000000000000000,0.000000000000000,1,0,0,438,46015000000,6,UPDATESTANDBY
46214000000,1.000000000000000,1.000000000000000,0.000000000000000,1,0,0,439,46114000000,6,UPDATESTANDBY
46314000000,1.000000000000000,1.000000000000000,0.000000000000000,1,0,0,440,46215000000,7,UPDATESTANDBY
46414000000,1.000000000000000,1.000000000000000,0.000000000000000,1,0,0,441,46314000000,6,UPDATESTANDBY
46514000000,1.000000000000000,1.000000000000000,0.000000000000000,1,0,0,442,46414000000,6,UPDATESTANDBY
46614000000,1.000000000000000,1.000000000000000,0.000000000000000,1,0,0,443,46515000000,6,UPDATESTANDBY
46714000000,1.000000000000000,1.000000000000000,0.000000000000000,1,0,0,444,46614000000,6,UPDATESTANDBY
46814000000,1.000000000000000,1.000000000000000,0.000000000000000,1,0,0,445,46714000000,6,UPDATESTANDBY
46914000000,1.000000000000000,1.000000000000000,0.000000000000000,1,0,0,446,46814000000,6,UPDATESTANDBY
47014000000,1.000000000000000,1.000000000000000,0.000000000000000,1,0,0,447,46914000000,6,UPDATESTANDBY
47114000000,1.000000000000000,1.000000000000000,0.000000000000000,1,0,0,448,47015000000,6,UPDATESTANDBY
47214000000,1.000000000000000,1.000000000000000,0.000000000000000,1,0,0,449,47114000000,6,UPDATESTANDBY
47314000000,1.000000000000000,1.000000000000000,0.000000000000000,1,0,0,450,47214000000,7,UPDATESTANDBY
47414000000,1.000000000000000,1.000000000000000,0.000000000000000,1,0,0,451,47314000000,6,UPDATESTANDBY
47514000000,1.000000000000000,1.000000000000000,0.000000000000000,1,0,0,452,47414000000,6,UPDATESTANDBY
47614000000,1.000000000000000,1.000000000000000,0.000000000000000,1,0,0,453,47514000000,6,UPDATESTANDBY
47714000000,1.000000000000000,1.000000000000000,0.000000000000000,1,0,0,454,47614000000,6,UPDATESTANDBY
47814000000,1.000000000000000,1.000000000000000,0.000000000000000,1,0,0,455,47715000000,6,UPDATESTANDBY
47914000000,1.000000000000000,1.000000000000000,0.000000000000000,1,0,0,456,47815000000,6,UPDATESTANDBY
48014000000,1.000000000000000,1.000000000000000,0.000000000000000,1,0,0,457,47914000000,6,UPDATESTANDBY
48114000000,1.000000000000000,1.000000000000000,0.000000000000000,1,0,0,458,48014000000,6,UPDATESTANDBY
48214000000,1.000000000000000,1.000000000000000,0.000000000000000,1,0,0,459,48115000000,6,UPDATESTANDBY
48314000000,1.000000000000000,1.000000000000000,0.000000000000000,1,0,0,460,48214000000,7,UPDATESTANDBY
48414000000,1.000000000000000,1.000000000000000,0.000000000000000,1,0,0,461,48314000000,6,UPDATESTANDBY
48514000000,1.000000000000000,1.000000000000000,0.000000000000000,1,0,0,462,48415000000,6,UPDATESTANDBY
48614000000,1.000000000000000,1.000000000000000,0.000000000000000,1,0,0,463,48514000000,6,UPDATESTANDBY
48714000000,1.000000000000000,1.000000000000000,0.000000000000000,1,0,0,464,48614000000,6,UPDATESTANDBY
48815000000,1.000000000000000,1.000000000000000,0.000000000000000,1,0,0,465,48714000000,6,UPDATESTANDBY
48914000000,1.000000000000000,1.000000000000000,0.000000000000000,1,0,0,466,48816000000,6,UPDATESTANDBY
49015000000,1.000000000000000,1.000000000000000,0.000000000000000,1,0,0,467,48915000000,6,UPDATESTANDBY
49114000000,1.000000000000000,1.000000000000000,0.000000000000000,1,0,0,468,49015000000,6,UPDATESTANDBY
49214000000,1.000000000000000,1.000000000000000,0.000000000000000,1,0,0,469,49115000000,6,UPDATESTANDBY
49314000000,1.000000000000000,1.000000000000000,0.000000000000000,1,0,0,470,49214000000,7,UPDATESTANDBY
49414000000,1.000000000000000,1.000000000000000,0.000000000000000,1,0,0,471,49315000000,6,UPDATESTANDBY
49514000000,1.000000000000000,1.000000000000000,0.000000000000000,1,0,0,472,49415000000,6,UPDATESTANDBY
49614000000,1.000000000000000,1.000000000000000,0.000000000000000,1,0,0,473,49515000000,6,UPDATESTANDBY
49714000000,1.000000000000000,1.000000000000000,0.000000000000000,1,0,0,474,49614000000,6,UPDATESTANDBY
49814000000,1.000000000000000,1.000000000000000,0.000000000000000,1,0,0,475,49714000000,6,UPDATESTANDBY
49914000000,1.000000000000000,1.000000000000000,0.000000000000000,1,0,0,476,49815000000,6,UPDATESTANDBY
50014000000,1.000000000000000,1.000000000000000,0.000000000000000,1,0,0,477,49914000000,6,UPDATESTANDBY
50114000000,1.000000000000000,1.000000000000000,0.000000000000000,1,0,0,478,50015000000,6,UPDATESTANDBY
50214000000,1.000000000000000,1.000000000000000,0.000000000000000,1,0,0,479,50115000000,6,UPDATESTANDBY
50314000000,1.000000000000000,1.000000000000000,0.000000000000000,1,0,0,480,50214000000,7,UPDATESTANDBY
50415000000,1.000000000000000,1.000000000000000,0.000000000000000,1,0,0,481,50316000000,6,UPDATESTANDBY
50516000000,1.000000000000000,1.000000000000000,0.000000000000000,1,0,0,482,50416000000,6,UPDATESTANDBY
50614000000,1.000000000000000,1.000000000000000,0.000000000000000,1,0,0,483,50517000000,6,UPDATESTANDBY
50714000000,1.000000000000000,1.000000000000000,0.000000000000000,1,0,0,484,50616000000,6,UPDATESTANDBY
50814000000,1.000000000000000,1.000000000000000,0.000000000000000,1,0,0,485,50715000000,6,UPDATESTANDBY
50915000000,1.000000000000000,1.000000000000000,0.000000000000000,1,0,0,486,50815000000,6,UPDATESTANDBY
51014000000,1.000000000000000,1.000000000000000,0.000000000000000,1,0,0,487,50916000000,6,UPDATESTANDBY
51114000000,1.000000000000000,1.000000000000000,0.000000000000000,1,0,0,488,51015000000,6,UPDATESTANDBY
51214000000,1.000000000000000,1.000000000000000,0.000000000000000,1,0,0,489,51114000000,6,UPDATESTANDBY
51314000000,1.000000000000000,1.000000000000000,0.000000000000000,1,0,0,490,51214000000,7,UPDATESTANDBY
51414000000,1.000000000000000,1.000000000000000,0.000000000000000,1,0,0,491,51315000000,6,UPDATESTANDBY
51514000000,1.000000000000000,1.000000000000000,0.000000000000000,1,0,0,492,51414000000,6,UPDATESTANDBY
51614000000,1.000000000000000,1.000000000000000,0.000000000000000,1,0,0,493,51514000000,6,UPDATESTANDBY
51715000000,1.000000000000000,1.000000000000000,0.000000000000000,1,0,0,494,51614000000,6,UPDATESTANDBY
51814000000,1.000000000000000,1.000000000000000,0.000000000000000,1,0,0,495,51715000000,6,UPDATESTANDBY
51914000000,1.000000000000000,1.000000000000000,0.000000000000000,1,0,0,496,51814000000,6,UPDATESTANDBY
52014000000,1.000000000000000,1.000000000000000,0.000000000000000,1,0,0,497,51914000000,6,UPDATESTANDBY
52114000000,1.000000000000000,1.000000000000000,0.000000000000000,1,0,0,498,52015000000,6,UPDATESTANDBY
52214000000,1.000000000000000,1.000000000000000,0.000000000000000,1,0,0,499,52114000000,6,UPDATESTANDBY
52314000000,1.000000000000000,1.000000000000000,0.000000000000000,1,0,0,500,52214000000,7,UPDATESTANDBY
52414000000,1.000000000000000,1.000000000000000,0.000000000000000,1,0,0,501,52314000000,6,UPDATESTANDBY
52514000000,1.000000000000000,1.000000000000000,0.000000000000000,1,0,0,502,52414000000,6,UPDATESTANDBY
52614000000,1.000000000000000,1.000000000000000,0.000000000000000,1,0,0,503,52514000000,6,UPDATESTANDBY
52715000000,1.000000000000000,1.000000000000000,0.000000000000000,1,0,0,504,52614000000,6,UPDATESTANDBY
52814000000,1.000000000000000,1.000000000000000,0.000000000000000,1,0,0,505,52715000000,6,UPDATESTANDBY
52914000000,1.000000000000000,1.000000000000000,0.000000000000000,1,0,0,506,52814000000,6,UPDATESTANDBY
53014000000,1.000000000000000,1.000000000000000,0.000000000000000,1,0,0,507,52914000000,6,UPDATESTANDBY
53115000000,1.000000000000000,1.000000000000000,0.000000000000000,1,0,0,508,53015000000,6,UPDATESTANDBY
53214000000,1.000000000000000,1.000000000000000,0.000000000000000,1,0,0,509,53115000000,6,UPDATESTANDBY
53314000000,1.000000000000000,1.000000000000000,0.000000000000000,1,0,0,510,53214000000,7,UPDATESTANDBY
53414000000,1.000000000000000,1.000000000000000,0.000000000000000,1,0,0,511,53314000000,6,UPDATESTANDBY
53514000000,1.000000000000000,1.000000000000000,0.000000000000000,1,0,0,512,53414000000,6,UPDATESTANDBY
53614000000,1.000000000000000,1.000000000000000,0.000000000000000,1,0,0,513,53514000000,6,UPDATESTANDBY
53714000000,1.000000000000000,1.000000000000000,0.000000000000000,1,0,0,514,53614000000,6,UPDATESTANDBY
53814000000,1.000000000000000,1.000000000000000,0.000000000000000,1,0,0,515,53714000000,6,UPDATESTANDBY
53914000000,1.000000000000000,1.000000000000000,0.000000000000000,1,0,0,516,53814000000,6,UPDATESTANDBY
54014000000,1.000000000000000,1.000000000000000,0.000000000000000,1,0,0,517,53915000000,6,UPDATESTANDBY
54114000000,1.000000000000000,1.000000000000000,0.000000000000000,1,0,0,518,54014000000,6,UPDATESTANDBY
54214000000,1.000000000000000,1.000000000000000,0.000000000000000,1,0,0,519,54114000000,6,UPDATESTANDBY
54314000000,1.000000000000000,1.000000000000000,0.000000000000000,1,0,0,520,54214000000,7,UPDATESTANDBY
54414000000,1.000000000000000,1.000000000000000,0.000000000000000,1,0,0,521,54314000000,6,UPDATESTANDBY
54514000000,1.000000000000000,1.000000000000000,0.000000000000000,1,0,0,522,54414000000,6,UPDATESTANDBY
54614000000,1.000000000000000,1.000000000000000,0.000000000000000,1,0,0,523,54514000000,6,UPDATESTANDBY
54714000000,1.000000000000000,1.000000000000000,0.000000000000000,1,0,0,524,54614000000,6,UPDATESTANDBY
54814000000,1.000000000000000,1.000000000000000,0.000000000000000,1,0,0,525,54730000000,6,UPDATESTANDBY
54915000000,1.000000000000000,1.000000000000000,0.000000000000000,1,0,0,526,54815000000,6,UPDATESTANDBY
55014000000,1.000000000000000,1.000000000000000,0.000000000000000,1,0,0,527,54915000000,6,UPDATESTANDBY
55114000000,1.000000000000000,1.000000000000000,0.000000000000000,1,0,0,528,55015000000,6,UPDATESTANDBY
55214000000,1.000000000000000,1.000000000000000,0.000000000000000,1,0,0,529,55114000000,6,UPDATESTANDBY
55314000000,1.000000000000000,1.000000000000000,0.000000000000000,1,0,0,530,55214000000,7,UPDATESTANDBY
55414000000,1.000000000000000,1.000000000000000,0.000000000000000,1,0,0,531,55315000000,6,UPDATESTANDBY
55514000000,1.000000000000000,1.000000000000000,0.000000000000000,1,0,0,532,55415000000,6,UPDATESTANDBY
55614000000,1.000000000000000,1.000000000000000,0.000000000000000,1,0,0,533,55515000000,6,UPDATESTANDBY
55715000000,1.000000000000000,1.000000000000000,0.000000000000000,1,0,0,534,55615000000,6,UPDATESTANDBY
55814000000,1.000000000000000,1.000000000000000,0.000000000000000,1,0,0,535,55715000000,6,UPDATESTANDBY
55914000000,1.000000000000000,1.000000000000000,0.000000000000000,1,0,0,536,55814000000,6,UPDATESTANDBY
56014000000,1.000000000000000,1.000000000000000,0.000000000000000,1,0,0,537,55915000000,6,UPDATESTANDBY
56114000000,1.000000000000000,1.000000000000000,0.000000000000000,1,0,0,538,56014000000,6,UPDATESTANDBY
56214000000,1.000000000000000,1.000000000000000,0.000000000000000,1,0,0,539,56114000000,6,UPDATESTANDBY
56314000000,1.000000000000000,1.000000000000000,0.000000000000000,1,0,0,540,56214000000,7,UPDATESTANDBY
56414000000,1.000000000000000,1.000000000000000,0.000000000000000,1,0,0,541,56316000000,6,UPDATESTANDBY
56514000000,1.000000000000000,1.000000000000000,0.000000000000000,1,0,0,542,56415000000,6,UPDATESTANDBY
56615000000,1.000000000000000,1.000000000000000,0.000000000000000,1,0,0,543,56515000000,6,UPDATESTANDBY
56714000000,1.000000000000000,1.000000000000000,0.000000000000000,1,0,0,544,56615000000,6,UPDATESTANDBY
56814000000,1.000000000000000,1.000000000000000,0.000000000000000,1,0,0,545,56714000000,6,UPDATESTANDBY
56914000000,1.000000000000000,1.000000000000000,0.000000000000000,1,0,0,546,56815000000,6,UPDATESTANDBY
57015000000,1.000000000000000,1.000000000000000,0.000000000000000,1,0,0,547,56915000000,6,UPDATESTANDBY
57114000000,1.000000000000000,1.000000000000000,0.000000000000000,1,0,0,548,57016000000,6,UPDATESTANDBY
57215000000,1.000000000000000,1.000000000000000,0.000000000000000,1,0,0,549,57114000000,6,UPDATESTANDBY
57314000000,1.000000000000000,1.000000000000000,0.000000000000000,1,0,0,550,57215000000,7,UPDATESTANDBY
57414000000,1.000000000000000,1.000000000000000,0.000000000000000,1,0,0,551,57314000000,6,UPDATESTANDBY
57514000000,1.000000000000000,1.000000000000000,0.000000000000000,1,0,0,552,57415000000,6,UPDATESTANDBY
57614000000,1.000000000000000,1.000000000000000,0.000000000000000,1,0,0,553,57515000000,6,UPDATESTANDBY
57714000000,1.000000000000000,1.000000000000000,0.000000000000000,1,0,0,554,57614000000,6,UPDATESTANDBY
57814000000,1.000000000000000,1.000000000000000,0.000000000000000,1,0,0,555,57714000000,6,UPDATESTANDBY
57914000000,1.000000000000000,1.000000000000000,0.000000000000000,1,0,0,556,57814000000,6,UPDATESTANDBY
58014000000,1.000000000000000,1.000000000000000,0.000000000000000,1,0,0,557,57915000000,6,UPDATESTANDBY
58114000000,1.000000000000000,1.000000000000000,0.000000000000000,1,0,0,558,58014000000,6,UPDATESTANDBY
58214000000,1.000000000000000,1.000000000000000,0.000000000000000,1,0,0,559,58114000000,6,UPDATESTANDBY
58314000000,1.000000000000000,1.000000000000000,0.000000000000000,1,0,0,560,58214000000,7,UPDATESTANDBY
58414000000,1.000000000000000,1.000000000000000,0.000000000000000,1,0,0,561,58314000000,6,UPDATESTANDBY
58514000000,1.000000000000000,1.000000000000000,0.000000000000000,1,0,0,562,58414000000,6,UPDATESTANDBY
58614000000,1.000000000000000,1.000000000000000,0.000000000000000,1,0,0,563,58514000000,6,UPDATESTANDBY
58715000000,1.000000000000000,1.000000000000000,0.000000000000000,1,0,0,564,58614000000,6,UPDATESTANDBY
58815000000,1.000000000000000,1.000000000000000,0.000000000000000,1,0,0,565,58715000000,6,UPDATESTANDBY
58914000000,1.000000000000000,1.000000000000000,0.000000000000000,1,0,0,566,58815000000,6,UPDATESTANDBY
59014000000,1.000000000000000,1.000000000000000,0.000000000000000,1,0,0,567,58914000000,6,UPDATESTANDBY
59114000000,1.000000000000000,1.000000000000000,0.000000000000000,1,0,0,568,59014000000,6,UPDATESTANDBY
59214000000,1.000000000000000,1.000000000000000,0.000000000000000,1,0,0,569,59114000000,6,UPDATESTANDBY
59314000000,1.000000000000000,1.000000000000000,0.000000000000000,1,0,0,570,59214000000,7,UPDATESTANDBY
59414000000,1.000000000000000,1.000000000000000,0.000000000000000,1,0,0,571,59315000000,6,UPDATESTANDBY
59514000000,1.000000000000000,1.000000000000000,0.000000000000000,1,0,0,572,59414000000,6,UPDATESTANDBY
59614000000,1.000000000000000,1.000000000000000,0.000000000000000,1,0,0,573,59514000000,6,UPDATESTANDBY
59714000000,1.000000000000000,1.000000000000000,0.000000000000000,1,0,0,574,59614000000,6,UPDATESTANDBY
59815000000,1.000000000000000,1.000000000000000,0.000000000000000,1,0,0,575,59714000000,6,UPDATESTANDBY
59914000000,1.000000000000000,1.000000000000000,0.000000000000000,1,0,0,576,59815000000,6,UPDATESTANDBY
60014000000,1.000000000000000,1.000000000000000,0.000000000000000,1,0,0,577,59914000000,6,UPDATESTANDBY
60115000000,1.000000000000000,1.000000000000000,0.000000000000000,1,0,0,578,60014000000,6,UPDATESTANDBY
60214000000,1.000000000000000,1.000000000000000,0.000000000000000,1,0,0,579,60115000000,6,UPDATESTANDBY
60314000000,1.000000000000000,1.000000000000000,0.000000000000000,1,0,0,580,60214000000,7,UPDATESTANDBY
60414000000,1.000000000000000,1.000000000000000,0.000000000000000,1,0,0,581,60314000000,6,UPDATESTANDBY
60514000000,1.000000000000000,1.000000000000000,0.000000000000000,1,0,0,582,60414000000,6,UPDATESTANDBY
60614000000,1.000000000000000,1.000000000000000,0.000000000000000,1,0,0,583,60514000000,6,UPDATESTANDBY
60714000000,1.000000000000000,1.000000000000000,0.000000000000000,1,0,0,584,60614000000,6,UPDATESTANDBY
60814000000,1.000000000000000,1.000000000000000,0.000000000000000,1,0,0,585,60714000000,6,UPDATESTANDBY
60914000000,1.000000000000000,1.000000000000000,0.000000000000000,1,0,0,586,60814000000,6,UPDATESTANDBY
61014000000,1.000000000000000,1.000000000000000,0.000000000000000,1,0,0,587,60914000000,6,UPDATESTANDBY
61114000000,1.000000000000000,1.000000000000000,0.000000000000000,1,0,0,588,61014000000,6,UPDATESTANDBY
61214000000,1.000000000000000,1.000000000000000,0.000000000000000,1,0,0,589,61114000000,6,UPDATESTANDBY
61314000000,1.000000000000000,1.000000000000000,0.000000000000000,1,0,0,590,61214000000,7,UPDATESTANDBY
61414000000,1.000000000000000,1.000000000000000,0.000000000000000,1,0,0,591,61315000000,6,UPDATESTANDBY
61515000000,1.000000000000000,1.000000000000000,0.000000000000000,1,0,0,592,61415000000,6,UPDATESTANDBY
61614000000,1.000000000000000,1.000000000000000,0.000000000000000,1,0,0,593,61515000000,6,UPDATESTANDBY
61714000000,1.000000000000000,1.000000000000000,0.000000000000000,1,0,0,594,61615000000,6,UPDATESTANDBY
61815000000,1.000000000000000,1.000000000000000,0.000000000000000,1,0,0,595,61714000000,6,UPDATESTANDBY
61914000000,1.000000000000000,1.000000000000000,0.000000000000000,1,0,0,596,61815000000,6,UPDATESTANDBY
62014000000,1.000000000000000,1.000000000000000,0.000000000000000,1,0,0,597,61914000000,6,UPDATESTANDBY
62115000000,1.000000000000000,1.000000000000000,0.000000000000000,1,0,0,598,62015000000,6,UPDATESTANDBY
62214000000,1.000000000000000,1.000000000000000,0.000000000000000,1,0,0,599,62115000000,6,UPDATESTANDBY
62314000000,1.000000000000000,1.000000000000000,0.000000000000000,1,0,0,600,62214000000,7,UPDATESTANDBY
62414000000,1.000000000000000,1.000000000000000,0.000000000000000,1,0,0,601,62314000000,6,UPDATESTANDBY
62514000000,1.000000000000000,1.000000000000000,0.000000000000000,1,0,0,602,62415000000,6,UPDATESTANDBY
62615000000,1.000000000000000,1.000000000000000,0.000000000000000,1,0,0,603,62516000000,6,UPDATESTANDBY
62714000000,1.000000000000000,1.000000000000000,0.000000000000000,1,0,0,604,62615000000,6,UPDATESTANDBY
62815000000,1.000000000000000,1.000000000000000,0.000000000000000,1,0,0,605,62714000000,6,UPDATESTANDBY
62914000000,1.000000000000000,1.000000000000000,0.000000000000000,1,0,0,606,62816000000,6,UPDATESTANDBY
63014000000,1.000000000000000,1.000000000000000,0.000000000000000,1,0,0,607,62914000000,6,UPDATESTANDBY
63114000000,1.000000000000000,1.000000000000000,0.000000000000000,1,0,0,608,63015000000,6,UPDATESTANDBY
63214000000,1.000000000000000,1.000000000000000,0.000000000000000,1,0,0,609,63114000000,6,UPDATESTANDBY
63314000000,1.000000000000000,1.000000000000000,0.000000000000000,1,0,0,610,63214000000,7,UPDATESTANDBY
63414000000,1.000000000000000,1.000000000000000,0.000000000000000,1,0,0,611,63314000000,6,UPDATESTANDBY
63514000000,1.000000000000000,1.000000000000000,0.000000000000000,1,0,0,612,63414000000,6,UPDATESTANDBY
63614000000,1.000000000000000,1.000000000000000,0.000000000000000,1,0,0,613,63514000000,6,UPDATESTANDBY
63715000000,1.000000000000000,1.000000000000000,0.000000000000000,1,0,0,614,63614000000,6,UPDATESTANDBY
63814000000,1.000000000000000,1.000000000000000,0.000000000000000,1,0,0,615,63715000000,6,UPDATESTANDBY
63914000000,1.000000000000000,1.000000000000000,0.000000000000000,1,0,0,616,63814000000,6,UPDATESTANDBY
64014000000,1.000000000000000,1.000000000000000,0.000000000000000,1,0,0,617,63914000000,6,UPDATESTANDBY
64114000000,1.000000000000000,1.000000000000000,0.000000000000000,1,0,0,618,64014000000,6,UPDATESTANDBY
64214000000,1.000000000000000,1.000000000000000,0.000000000000000,1,0,0,619,64114000000,6,UPDATESTANDBY
64314000000,1.000000000000000,1.000000000000000,0.000000000000000,1,0,0,620,64214000000,7,UPDATESTANDBY
64414000000,1.000000000000000,1.000000000000000,0.000000000000000,1,0,0,621,64314000000,6,UPDATESTANDBY
64514000000,1.000000000000000,1.000000000000000,0.000000000000000,1,0,0,622,64414000000,6,UPDATESTANDBY
64614000000,1.000000000000000,1.000000000000000,0.000000000000000,1,0,0,623,64514000000,6,UPDATESTANDBY
64715000000,1.000000000000000,1.000000000000000,0.000000000000000,1,0,0,624,64614000000,6,UPDATESTANDBY
64814000000,1.000000000000000,1.000000000000000,0.000000000000000,1,0,0,625,64715000000,6,UPDATESTANDBY
64914000000,1.000000000000000,1.000000000000000,0.000000000000000,1,0,0,626,64815000000,6,UPDATESTANDBY
65014000000,1.000000000000000,1.000000000000000,0.000000000000000,1,0,0,627,64914000000,6,UPDATESTANDBY
65115000000,1.000000000000000,1.000000000000000,0.000000000000000,1,0,0,628,65015000000,6,UPDATESTANDBY
65215000000,1.000000000000000,1.000000000000000,0.000000000000000,1,0,0,629,65116000000,6,UPDATESTANDBY
65315000000,1.000000000000000,1.000000000000000,0.000000000000000,1,0,0,630,65216000000,7,UPDATESTANDBY
65415000000,1.000000000000000,1.000000000000000,0.000000000000000,1,0,0,631,65316000000,6,UPDATESTANDBY
65515000000,1.000000000000000,1.000000000000000,0.000000000000000,1,0,0,632,65417000000,6,UPDATESTANDBY
65614000000,1.000000000000000,1.000000000000000,0.000000000000000,1,0,0,633,65515000000,6,UPDATESTANDBY
65714000000,1.000000000000000,1.000000000000000,0.000000000000000,1,0,0,634,65615000000,6,UPDATESTANDBY
65814000000,1.000000000000000,1.000000000000000,0.000000000000000,1,0,0,635,65714000000,6,UPDATESTANDBY
65915000000,1.000000000000000,1.000000000000000,0.000000000000000,1,0,0,636,65815000000,6,UPDATESTANDBY
66014000000,1.000000000000000,1.000000000000000,0.000000000000000,1,0,0,637,65916000000,6,UPDATESTANDBY
66114000000,1.000000000000000,1.000000000000000,0.000000000000000,1,0,0,638,66015000000,6,UPDATESTANDBY
66214000000,1.000000000000000,1.000000000000000,0.000000000000000,1,0,0,639,66116000000,6,UPDATESTANDBY
66315000000,1.000000000000000,1.000000000000000,0.000000000000000,1,0,0,640,66215000000,7,UPDATESTANDBY
66414000000,1.000000000000000,1.000000000000000,0.000000000000000,1,0,0,641,66315000000,6,UPDATESTANDBY
66515000000,1.000000000000000,1.000000000000000,0.000000000000000,1,0,0,642,66420000000,6,UPDATESTANDBY
66614000000,1.000000000000000,1.000000000000000,0.000000000000000,1,0,0,643,66516000000,6,UPDATESTANDBY
66714000000,1.000000000000000,1.000000000000000,0.000000000000000,1,0,0,644,66626000000,6,UPDATESTANDBY
66815000000,1.000000000000000,1.000000000000000,0.000000000000000,1,0,0,645,66714000000,6,UPDATESTANDBY
66917000000,1.000000000000000,1.000000000000000,0.000000000000000,1,0,0,646,66816000000,6,UPDATESTANDBY
67014000000,1.000000000000000,1.000000000000000,0.000000000000000,1,0,0,647,66923000000,6,UPDATESTANDBY
67114000000,1.000000000000000,1.000000000000000,0.000000000000000,1,0,0,648,67015000000,6,UPDATESTANDBY
67214000000,1.000000000000000,1.000000000000000,0.000000000000000,1,0,0,649,67114000000,6,UPDATESTANDBY
67315000000,1.000000000000000,1.000000000000000,0.000000000000000,1,0,0,650,67214000000,7,UPDATESTANDBY
67414000000,1.000000000000000,1.000000000000000,0.000000000000000,1,0,0,651,67315000000,6,UPDATESTANDBY
67514000000,1.000000000000000,1.000000000000000,0.000000000000000,1,0,0,652,67415000000,6,UPDATESTANDBY
67614000000,1.000000000000000,1.000000000000000,0.000000000000000,1,0,0,653,67515000000,6,UPDATESTANDBY
67714000000,1.000000000000000,1.000000000000000,0.000000000000000,1,0,0,654,67615000000,6,UPDATESTANDBY
67814000000,1.000000000000000,1.000000000000000,0.000000000000000,1,0,0,655,67715000000,6,UPDATESTANDBY
67914000000,1.000000000000000,1.000000000000000,0.000000000000000,1,0,0,656,67815000000,6,UPDATESTANDBY
68015000000,1.000000000000000,1.000000000000000,0.000000000000000,1,0,0,657,67915000000,6,UPDATESTANDBY
68114000000,1.000000000000000,1.000000000000000,0.000000000000000,1,0,0,658,68015000000,6,UPDATESTANDBY
68215000000,1.000000000000000,1.000000000000000,0.000000000000000,1,0,0,659,68115000000,6,UPDATESTANDBY
68318000000,1.000000000000000,1.000000000000000,0.000000000000000,1,0,0,660,68215000000,7,UPDATESTANDBY
68414000000,1.000000000000000,1.000000000000000,0.000000000000000,1,0,0,661,68320000000,6,UPDATESTANDBY
68514000000,1.000000000000000,1.000000000000000,0.000000000000000,1,0,0,662,68415000000,6,UPDATESTANDBY
68614000000,1.000000000000000,1.000000000000000,0.000000000000000,1,0,0,663,68515000000,6,UPDATESTANDBY
68714000000,1.000000000000000,1.000000000000000,0.000000000000000,1,0,0,664,68615000000,6,UPDATESTANDBY
68815000000,1.000000000000000,1.000000000000000,0.000000000000000,1,0,0,665,68715000000,6,UPDATESTANDBY
68914000000,1.000000000000000,1.000000000000000,0.000000000000000,1,0,0,666,68815000000,6,UPDATESTANDBY
69014000000,1.000000000000000,1.000000000000000,0.000000000000000,1,0,0,667,68915000000,6,UPDATESTANDBY
69114000000,1.000000000000000,1.000000000000000,0.000000000000000,1,0,0,668,69014000000,6,UPDATESTANDBY
