2326000000,1.000000000000000,1.000000000000000,0.000000000000000,0,0,0,0,0,34,UPDATESTANDBY
2426000000,1.000000000000000,1.000000000000000,0.000000000000000,1,0,0,1,2327000000,7,UPDATESTANDBY
2526000000,1.000000000000000,1.000000000000000,0.000000000000000,1,0,0,2,2426000000,6,UPDATESTANDBY
2626000000,1.000000000000000,1.000000000000000,0.000000000000000,1,0,0,3,2526000000,6,UPDATESTANDBY
2726000000,1.000000000000000,1.000000000000000,0.000000000000000,1,0,0,4,2626000000,6,UPDATESTANDBY
2826000000,1.000000000000000,1.000000000000000,0.000000000000000,1,0,0,5,2726000000,6,UPDATESTANDBY
2927000000,1.000000000000000,1.000000000000000,0.000000000000000,1,0,0,6,2827000000,6,UPDATESTANDBY
3026000000,1.000000000000000,1.000000000000000,0.000000000000000,1,0,0,7,2927000000,6,UPDATESTANDBY
3126000000,1.000000000000000,1.000000000000000,0.000000000000000,1,0,0,8,3027000000,6,UPDATESTANDBY
3227000000,1.000000000000000,1.000000000000000,0.000000000000000,1,0,0,9,3127000000,6,UPDATESTANDBY
3326000000,1.000000000000000,1.000000000000000,0.000000000000000,1,0,0,10,3227000000,7,UPDATESTANDBY
3426000000,1.000000000000000,1.000000000000000,0.000000000000000,1,0,0,11,3326000000,6,UPDATESTANDBY
3526000000,1.000000000000000,1.000000000000000,0.000000000000000,1,0,0,12,3427000000,6,UPDATESTANDBY
3626000000,1.000000000000000,1.000000000000000,0.000000000000000,1,0,0,13,3526000000,6,UPDATESTANDBY
3727000000,1.000000000000000,1.000000000000000,0.000000000000000,1,0,0,14,3626000000,6,UPDATESTANDBY
3826000000,1.000000000000000,1.000000000000000,0.000000000000000,1,0,0,15,3727000000,6,UPDATESTANDBY
3926000000,1.000000000000000,1.000000000000000,0.000000000000000,1,0,0,16,3827000000,6,UPDATESTANDBY
4026000000,1.000000000000000,1.000000000000000,0.000000000000000,1,0,0,17,3927000000,6,UPDATESTANDBY
4126000000,1.000000000000000,1.000000000000000,0.000000000000000,1,0,0,18,4026000000,6,UPDATESTANDBY
4226000000,1.000000000000000,1.000000000000000,0.000000000000000,1,0,0,19,4127000000,6,UPDATESTANDBY
4326000000,1.000000000000000,1.000000000000000,0.000000000000000,1,0,0,20,4226000000,7,UPDATESTANDBY
4426000000,1.000000000000000,1.000000000000000,0.000000000000000,1,0,0,21,4327000000,6,UPDATESTANDBY
4526000000,1.000000000000000,1.000000000000000,0.000000000000000,1,0,0,22,4427000000,6,UPDATESTANDBY
4626000000,1.000000000000000,1.000000000000000,0.000000000000000,1,0,0,23,4526000000,6,UPDATESTANDBY
4726000000,1.000000000000000,1.000000000000000,0.000000000000000,1,0,0,24,4626000000,6,UPDATESTANDBY
4826000000,1.000000000000000,1.000000000000000,0.000000000000000,1,0,0,25,4726000000,6,UPDATESTANDBY
4926000000,1.000000000000000,1.000000000000000,0.000000000000000,1,0,0,26,4827000000,6,UPDATESTANDBY
5027000000,1.000000000000000,1.000000000000000,0.000000000000000,1,0,0,27,4926000000,6,UPDATESTANDBY
5126000000,1.000000000000000,1.000000000000000,0.000000000000000,1,0,0,28,5027000000,6,UPDATESTANDBY
5226000000,1.000000000000000,1.000000000000000,0.000000000000000,1,0,0,29,5126000000,6,UPDATESTANDBY
5326000000,1.000000000000000,1.000000000000000,0.000000000000000,1,0,0,30,5226000000,7,UPDATESTANDBY
5427000000,1.000000000000000,1.000000000000000,0.000000000000000,1,0,0,31,5326000000,6,UPDATESTANDBY
5526000000,1.000000000000000,1.000000000000000,0.000000000000000,1,0,0,32,5427000000,6,UPDATESTANDBY
5628000000,1.000000000000000,1.000000000000000,0.000000000000000,1,0,0,33,5526000000,6,UPDATESTANDBY
5727000000,1.000000000000000,1.000000000000000,0.000000000000000,1,0,0,34,5629000000,6,UPDATESTANDBY
5827000000,1.000000000000000,1.000000000000000,0.000000000000000,1,0,0,35,5727000000,6,UPDATESTANDBY
5926000000,1.000000000000000,1.000000000000000,0.000000000000000,1,0,0,36,5827000000,6,UPDATESTANDBY
6026000000,1.000000000000000,1.000000000000000,0.000000000000000,1,0,0,37,5927000000,6,UPDATESTANDBY
6126000000,1.000000000000000,1.000000000000000,0.000000000000000,1,0,0,38,6026000000,6,UPDATESTANDBY
6226000000,1.000000000000000,1.000000000000000,0.000000000000000,1,0,0,39,6126000000,6,UPDATESTANDBY
6326000000,1.000000000000000,1.000000000000000,0.000000000000000,1,0,0,40,6226000000,7,UPDATESTANDBY
6426000000,1.000000000000000,1.000000000000000,0.000000000000000,1,0,0,41,6326000000,6,UPDATESTANDBY
6526000000,1.000000000000000,1.000000000000000,0.000000000000000,1,0,0,42,6426000000,6,UPDATESTANDBY
6626000000,1.000000000000000,1.000000000000000,0.000000000000000,1,0,0,43,6526000000,6,UPDATESTANDBY
6726000000,1.000000000000000,1.000000000000000,0.000000000000000,1,0,0,44,6626000000,6,UPDATESTANDBY
6826000000,1.000000000000000,1.000000000000000,0.000000000000000,1,0,0,45,6727000000,6,UPDATESTANDBY
6926000000,1.000000000000000,1.000000000000000,0.000000000000000,1,0,0,46,6826000000,6,UPDATESTANDBY
7026000000,1.000000000000000,1.000000000000000,0.000000000000000,1,0,0,47,6926000000,6,UPDATESTANDBY
7126000000,1.000000000000000,1.000000000000000,0.000000000000000,1,0,0,48,7026000000,6,UPDATESTANDBY
7226000000,1.000000000000000,1.000000000000000,0.000000000000000,1,0,0,49,7126000000,6,UPDATESTANDBY
7326000000,1.000000000000000,1.000000000000000,0.000000000000000,1,0,0,50,7226000000,7,UPDATESTANDBY
7426000000,1.000000000000000,1.000000000000000,0.000000000000000,1,0,0,51,7326000000,6,UPDATESTANDBY
7527000000,1.000000000000000,1.000000000000000,0.000000000000000,1,0,0,52,7426000000,6,UPDATESTANDBY
7626000000,1.000000000000000,1.000000000000000,0.000000000000000,1,0,0,53,7527000000,6,UPDATESTANDBY
7726000000,1.000000000000000,1.000000000000000,0.000000000000000,1,0,0,54,7626000000,6,UPDATESTANDBY
7826000000,1.000000000000000,1.000000000000000,0.000000000000000,1,0,0,55,7726000000,6,UPDATESTANDBY
7926000000,1.000000000000000,1.000000000000000,0.000000000000000,1,0,0,56,7826000000,6,UPDATESTANDBY
8027000000,1.000000000000000,1.000000000000000,0.000000000000000,1,0,0,57,7926000000,6,UPDATESTANDBY
8126000000,1.000000000000000,1.000000000000000,0.000000000000000,1,0,0,58,8027000000,6,UPDATESTANDBY
8226000000,1.000000000000000,1.000000000000000,0.000000000000000,1,0,0,59,8126000000,6,UPDATESTANDBY
8326000000,1.000000000000000,1.000000000000000,0.000000000000000,1,0,0,60,8226000000,7,UPDATESTANDBY
8426000000,1.000000000000000,1.000000000000000,0.000000000000000,1,0,0,61,8326000000,6,UPDATESTANDBY
8526000000,1.000000000000000,1.000000000000000,0.000000000000000,1,0,0,62,8426000000,6,UPDATESTANDBY
8626000000,1.000000000000000,1.000000000000000,0.000000000000000,1,0,0,63,8526000000,6,UPDATESTANDBY
8726000000,1.000000000000000,1.000000000000000,0.000000000000000,1,0,0,64,8627000000,6,UPDATESTANDBY
8826000000,1.000000000000000,1.000000000000000,0.000000000000000,1,0,0,65,8726000000,6,UPDATESTANDBY
8926000000,1.000000000000000,1.000000000000000,0.000000000000000,1,0,0,66,8826000000,6,UPDATESTANDBY
9026000000,1.000000000000000,1.000000000000000,0.000000000000000,1,0,0,67,8926000000,6,UPDATESTANDBY
9126000000,1.000000000000000,1.000000000000000,0.000000000000000,1,0,0,68,9026000000,6,UPDATESTANDBY
9226000000,1.000000000000000,1.000000000000000,0.000000000000000,1,0,0,69,9127000000,6,UPDATESTANDBY
9326000000,1.000000000000000,1.000000000000000,0.000000000000000,1,0,0,70,9226000000,7,UPDATESTANDBY
9426000000,1.000000000000000,1.000000000000000,0.000000000000000,1,0,0,71,9326000000,6,UPDATESTANDBY
9526000000,1.000000000000000,1.000000000000000,0.000000000000000,1,0,0,72,9426000000,6,UPDATESTANDBY
9626000000,1.000000000000000,1.000000000000000,0.000000000000000,1,0,0,73,9527000000,6,UPDATESTANDBY
9726000000,1.000000000000000,1.000000000000000,0.000000000000000,1,0,0,74,9626000000,6,UPDATESTANDBY
9826000000,1.000000000000000,1.000000000000000,0.000000000000000,1,0,0,75,9726000000,6,UPDATESTANDBY
9926000000,1.000000000000000,1.000000000000000,0.000000000000000,1,0,0,76,9826000000,6,UPDATESTANDBY
10026000000,1.000000000000000,1.000000000000000,0.000000000000000,1,0,0,77,9926000000,6,UPDATESTANDBY
10126000000,1.000000000000000,1.000000000000000,0.000000000000000,1,0,0,78,10026000000,6,UPDATESTANDBY
10226000000,1.000000000000000,1.000000000000000,0.000000000000000,1,0,0,79,10126000000,6,UPDATESTANDBY
10326000000,1.000000000000000,1.000000000000000,0.000000000000000,1,0,0,80,10226000000,7,UPDATESTANDBY
10426000000,1.000000000000000,1.000000000000000,0.000000000000000,1,0,0,81,10326000000,6,UPDATESTANDBY
10526000000,1.000000000000000,1.000000000000000,0.000000000000000,1,0,0,82,10426000000,6,UPDATESTANDBY
10626000000,1.000000000000000,1.000000000000000,0.000000000000000,1,0,0,83,10526000000,6,UPDATESTANDBY
10726000000,1.000000000000000,1.000000000000000,0.000000000000000,1,0,0,84,10626000000,6,UPDATESTANDBY
10826000000,1.000000000000000,1.000000000000000,0.000000000000000,1,0,0,85,10726000000,6,UPDATESTANDBY
10926000000,1.000000000000000,1.000000000000000,0.000000000000000,1,0,0,86,10827000000,6,UPDATESTANDBY
11026000000,1.000000000000000,1.000000000000000,0.000000000000000,1,0,0,87,10926000000,6,UPDATESTANDBY
11126000000,1.000000000000000,1.000000000000000,0.000000000000000,1,0,0,88,11026000000,6,UPDATESTANDBY
11226000000,1.000000000000000,1.000000000000000,0.000000000000000,1,0,0,89,11126000000,6,UPDATESTANDBY
11326000000,1.000000000000000,1.000000000000000,0.000000000000000,1,0,0,90,11227000000,7,UPDATESTANDBY
11426000000,1.000000000000000,1.000000000000000,0.000000000000000,1,0,0,91,11326000000,6,UPDATESTANDBY
11526000000,1.000000000000000,1.000000000000000,0.000000000000000,1,0,0,92,11426000000,6,UPDATESTANDBY
11626000000,1.000000000000000,1.000000000000000,0.000000000000000,1,0,0,93,11526000000,6,UPDATESTANDBY
11727000000,1.000000000000000,1.000000000000000,0.000000000000000,1,0,0,94,11626000000,6,UPDATESTANDBY
11827000000,1.000000000000000,1.000000000000000,0.000000000000000,1,0,0,95,11727000000,6,UPDATESTANDBY
11926000000,1.000000000000000,1.000000000000000,0.000000000000000,1,0,0,96,11827000000,6,UPDATESTANDBY
12027000000,1.000000000000000,1.000000000000000,0.000000000000000,1,0,0,97,11926000000,6,UPDATESTANDBY
12126000000,1.000000000000000,1.000000000000000,0.000000000000000,1,0,0,98,12027000000,6,UPDATESTANDBY
12226000000,1.000000000000000,1.000000000000000,0.000000000000000,1,0,0,99,12126000000,6,UPDATESTANDBY
12326000000,1.000000000000000,1.000000000000000,0.000000000000000,1,0,0,100,12226000000,7,UPDATESTANDBY
12426000000,1.000000000000000,1.000000000000000,0.000000000000000,1,0,0,101,12326000000,6,UPDATESTANDBY
12526000000,1.000000000000000,1.000000000000000,0.000000000000000,1,0,0,102,12426000000,6,UPDATESTANDBY
12627000000,1.000000000000000,1.000000000000000,0.000000000000000,1,0,0,103,12526000000,6,UPDATESTANDBY
12726000000,1.000000000000000,1.000000000000000,0.000000000000000,1,0,0,104,12627000000,6,UPDATESTANDBY
12826000000,1.000000000000000,1.000000000000000,0.000000000000000,1,0,0,105,12726000000,6,UPDATESTANDBY
12926000000,1.000000000000000,1.000000000000000,0.000000000000000,1,0,0,106,12827000000,6,UPDATESTANDBY
13026000000,1.000000000000000,1.000000000000000,0.000000000000000,1,0,0,107,12927000000,6,UPDATESTANDBY
13126000000,1.000000000000000,1.000000000000000,0.000000000000000,1,0,0,108,13026000000,6,UPDATESTANDBY
13226000000,1.000000000000000,1.000000000000000,0.000000000000000,1,0,0,109,13126000000,6,UPDATESTANDBY
13326000000,1.000000000000000,1.000000000000000,0.000000000000000,1,0,0,110,13226000000,7,UPDATESTANDBY
13426000000,1.000000000000000,1.000000000000000,0.000000000000000,1,0,0,111,13326000000,6,UPDATESTANDBY
13527000000,1.000000000000000,1.000000000000000,0.000000000000000,1,0,0,112,13427000000,6,UPDATESTANDBY
13626000000,1.000000000000000,1.000000000000000,0.000000000000000,1,0,0,113,13527000000,6,UPDATESTANDBY
13726000000,1.000000000000000,1.000000000000000,0.000000000000000,1,0,0,114,13626000000,6,UPDATESTANDBY
13826000000,1.000000000000000,1.000000000000000,0.000000000000000,1,0,0,115,13726000000,6,UPDATESTANDBY
13926000000,1.000000000000000,1.000000000000000,0.000000000000000,1,0,0,116,13826000000,6,UPDATESTANDBY
14026000000,1.000000000000000,1.000000000000000,0.000000000000000,1,0,0,117,13926000000,6,UPDATESTANDBY
14126000000,1.000000000000000,1.000000000000000,0.000000000000000,1,0,0,118,14027000000,6,UPDATESTANDBY
14226000000,1.000000000000000,1.000000000000000,0.000000000000000,1,0,0,119,14126000000,6,UPDATESTANDBY
14326000000,1.000000000000000,1.000000000000000,0.000000000000000,1,0,0,120,14226000000,7,UPDATESTANDBY
14426000000,1.000000000000000,1.000000000000000,0.000000000000000,1,0,0,121,14326000000,6,UPDATESTANDBY
14526000000,1.000000000000000,1.000000000000000,0.000000000000000,1,0,0,122,14426000000,6,UPDATESTANDBY
14626000000,1.000000000000000,1.000000000000000,0.000000000000000,1,0,0,123,14526000000,6,UPDATESTANDBY
14726000000,1.000000000000000,1.000000000000000,0.000000000000000,1,0,0,124,14626000000,6,UPDATESTANDBY
14826000000,1.000000000000000,1.000000000000000,0.000000000000000,1,0,0,125,14726000000,6,UPDATESTANDBY
14926000000,1.000000000000000,1.000000000000000,0.000000000000000,1,0,0,126,14826000000,6,UPDATESTANDBY
15026000000,1.000000000000000,1.000000000000000,0.000000000000000,1,0,0,127,14926000000,6,UPDATESTANDBY
15126000000,1.000000000000000,1.000000000000000,0.000000000000000,1,0,0,128,15026000000,6,UPDATESTANDBY
15227000000,1.000000000000000,1.000000000000000,0.000000000000000,1,0,0,129,15126000000,6,UPDATESTANDBY
15326000000,1.000000000000000,1.000000000000000,0.000000000000000,1,0,0,130,15227000000,7,UPDATESTANDBY
15426000000,1.000000000000000,1.000000000000000,0.000000000000000,1,0,0,131,15326000000,6,UPDATESTANDBY
15526000000,1.000000000000000,1.000000000000000,0.000000000000000,1,0,0,132,15427000000,6,UPDATESTANDBY
15627000000,1.000000000000000,1.000000000000000,0.000000000000000,1,0,0,133,15526000000,6,UPDATESTANDBY
15726000000,1.000000000000000,1.000000000000000,0.000000000000000,1,0,0,134,15627000000,6,UPDATESTANDBY
15826000000,1.000000000000000,1.000000000000000,0.000000000000000,1,0,0,135,15726000000,6,UPDATESTANDBY
15926000000,1.000000000000000,1.000000000000000,0.000000000000000,1,0,0,136,15826000000,6,UPDATESTANDBY
16027000000,1.000000000000000,1.000000000000000,0.000000000000000,1,0,0,137,15927000000,6,UPDATESTANDBY
16126000000,1.000000000000000,1.000000000000000,0.000000000000000,1,0,0,138,16027000000,6,UPDATESTANDBY
16226000000,1.000000000000000,1.000000000000000,0.000000000000000,1,0,0,139,16126000000,6,UPDATESTANDBY
16326000000,1.000000000000000,1.000000000000000,0.000000000000000,1,0,0,140,16226000000,7,UPDATESTANDBY
16426000000,1.000000000000000,1.000000000000000,0.000000000000000,1,0,0,141,16326000000,6,UPDATESTANDBY
16526000000,1.000000000000000,1.000000000000000,0.000000000000000,1,0,0,142,16426000000,6,UPDATESTANDBY
16626000000,1.000000000000000,1.000000000000000,0.000000000000000,1,0,0,143,16526000000,6,UPDATESTANDBY
16726000000,1.000000000000000,1.000000000000000,0.000000000000000,1,0,0,144,16627000000,6,UPDATESTANDBY
16826000000,1.000000000000000,1.000000000000000,0.000000000000000,1,0,0,145,16726000000,6,UPDATESTANDBY
16926000000,1.000000000000000,1.000000000000000,0.000000000000000,1,0,0,146,16826000000,6,UPDATESTANDBY
17026000000,1.000000000000000,1.000000000000000,0.000000000000000,1,0,0,147,16927000000,6,UPDATESTANDBY
17126000000,1.000000000000000,1.000000000000000,0.000000000000000,1,0,0,148,17027000000,6,UPDATESTANDBY
17226000000,1.000000000000000,1.000000000000000,0.000000000000000,1,0,0,149,17127000000,6,UPDATESTANDBY
17326000000,1.000000000000000,1.000000000000000,0.000000000000000,1,0,0,150,17227000000,7,UPDATESTANDBY
17426000000,1.000000000000000,1.000000000000000,0.000000000000000,1,0,0,151,17326000000,6,UPDATESTANDBY
17526000000,1.000000000000000,1.000000000000000,0.000000000000000,1,0,0,152,17426000000,6,UPDATESTANDBY
17626000000,1.000000000000000,1.000000000000000,0.000000000000000,1,0,0,153,17526000000,6,UPDATESTANDBY
17726000000,1.000000000000000,1.000000000000000,0.000000000000000,1,0,0,154,17627000000,6,UPDATESTANDBY
17826000000,1.000000000000000,1.000000000000000,0.000000000000000,1,0,0,155,17726000000,6,UPDATESTANDBY
17926000000,1.000000000000000,1.000000000000000,0.000000000000000,1,0,0,156,17827000000,6,UPDATESTANDBY
18027000000,1.000000000000000,1.000000000000000,0.000000000000000,1,0,0,157,17927000000,6,UPDATESTANDBY
18126000000,1.000000000000000,1.000000000000000,0.000000000000000,1,0,0,158,18027000000,6,UPDATESTANDBY
18226000000,1.000000000000000,1.000000000000000,0.000000000000000,1,0,0,159,18126000000,6,UPDATESTANDBY
18326000000,1.000000000000000,1.000000000000000,0.000000000000000,1,0,0,160,18226000000,7,UPDATESTANDBY
18426000000,1.000000000000000,1.000000000000000,0.000000000000000,1,0,0,161,18326000000,6,UPDATESTANDBY
18526000000,1.000000000000000,1.000000000000000,0.000000000000000,1,0,0,162,18427000000,6,UPDATESTANDBY
18626000000,1.000000000000000,1.000000000000000,0.000000000000000,1,0,0,163,18526000000,6,UPDATESTANDBY
18726000000,1.000000000000000,1.000000000000000,0.000000000000000,1,0,0,164,18626000000,6,UPDATESTANDBY
18826000000,1.000000000000000,1.000000000000000,0.000000000000000,1,0,0,165,18727000000,6,UPDATESTANDBY
18927000000,1.000000000000000,1.000000000000000,0.000000000000000,1,0,0,166,18826000000,6,UPDATESTANDBY
19026000000,1.000000000000000,1.000000000000000,0.000000000000000,1,0,0,167,18927000000,6,UPDATESTANDBY
19126000000,1.000000000000000,1.000000000000000,0.000000000000000,1,0,0,168,19026000000,6,UPDATESTANDBY
19226000000,1.000000000000000,1.000000000000000,0.000000000000000,1,0,0,169,19126000000,6,UPDATESTANDBY
19327000000,1.000000000000000,1.000000000000000,0.000000000000000,1,0,0,170,19226000000,7,UPDATESTANDBY
19427000000,1.000000000000000,1.000000000000000,0.000000000000000,1,0,0,171,19327000000,6,UPDATESTANDBY
19526000000,1.000000000000000,1.000000000000000,0.000000000000000,1,0,0,172,19427000000,6,UPDATESTANDBY
19626000000,1.000000000000000,1.000000000000000,0.000000000000000,1,0,0,173,19526000000,6,UPDATESTANDBY
19726000000,1.000000000000000,1.000000000000000,0.000000000000000,1,0,0,174,19626000000,6,UPDATESTANDBY
19826000000,1.000000000000000,1.000000000000000,0.000000000000000,1,0,0,175,19726000000,6,UPDATESTANDBY
19926000000,1.000000000000000,1.000000000000000,0.000000000000000,1,0,0,176,19826000000,6,UPDATESTANDBY
20026000000,1.000000000000000,1.000000000000000,0.000000000000000,1,0,0,177,19926000000,6,UPDATESTANDBY
20126000000,1.000000000000000,1.000000000000000,0.000000000000000,1,0,0,178,20026000000,6,UPDATESTANDBY
20226000000,1.000000000000000,1.000000000000000,0.000000000000000,1,0,0,179,20127000000,6,UPDATESTANDBY
20326000000,1.000000000000000,1.000000000000000,0.000000000000000,1,0,0,180,20226000000,7,UPDATESTANDBY
20426000000,1.000000000000000,1.000000000000000,0.000000000000000,1,0,0,181,20326000000,6,UPDATESTANDBY
20527000000,1.000000000000000,1.000000000000000,0.000000000000000,1,0,0,182,20426000000,6,UPDATESTANDBY
20627000000,1.000000000000000,1.000000000000000,0.000000000000000,1,0,0,183,20527000000,6,UPDATESTANDBY
20726000000,1.000000000000000,1.000000000000000,0.000000000000000,1,0,0,184,20627000000,6,UPDATESTANDBY
20827000000,1.000000000000000,1.000000000000000,0.000000000000000,1,0,0,185,20726000000,6,UPDATESTANDBY
20926000000,1.000000000000000,1.000000000000000,0.000000000000000,1,0,0,186,20828000000,6,UPDATESTANDBY
21028000000,1.000000000000000,1.000000000000000,0.000000000000000,1,0,0,187,20927000000,6,UPDATESTANDBY
21126000000,1.000000000000000,1.000000000000000,0.000000000000000,1,0,0,188,21028000000,6,UPDATESTANDBY
21226000000,1.000000000000000,1.000000000000000,0.000000000000000,1,0,0,189,21126000000,6,UPDATESTANDBY
21327000000,1.000000000000000,1.000000000000000,0.000000000000000,1,0,0,190,21227000000,7,UPDATESTANDBY
21427000000,1.000000000000000,1.000000000000000,0.000000000000000,1,0,0,191,21369000000,6,UPDATESTANDBY
21526000000,1.000000000000000,1.000000000000000,0.000000000000000,1,0,0,192,21427000000,6,UPDATESTANDBY
21626000000,1.000000000000000,1.000000000000000,0.000000000000000,1,0,0,193,21527000000,6,UPDATESTANDBY
21726000000,1.000000000000000,1.000000000000000,0.000000000000000,1,0,0,194,21627000000,6,UPDATESTANDBY
21826000000,1.000000000000000,1.000000000000000,0.000000000000000,1,0,0,195,21727000000,6,UPDATESTANDBY
21926000000,1.000000000000000,1.000000000000000,0.000000000000000,1,0,0,196,21842000000,6,UPDATESTANDBY
22027000000,1.000000000000000,1.000000000000000,0.000000000000000,1,0,0,197,21928000000,6,UPDATESTANDBY
22126000000,1.000000000000000,1.000000000000000,0.000000000000000,1,0,0,198,22028000000,6,UPDATESTANDBY
22226000000,1.000000000000000,1.000000000000000,0.000000000000000,1,0,0,199,22127000000,6,UPDATESTANDBY
22326000000,1.000000000000000,1.000000000000000,0.000000000000000,1,0,0,200,22226000000,7,UPDATESTANDBY
22426000000,1.000000000000000,1.000000000000000,0.000000000000000,1,0,0,201,22326000000,6,UPDATESTANDBY
22526000000,1.000000000000000,1.000000000000000,0.000000000000000,1,0,0,202,22426000000,6,UPDATESTANDBY
22626000000,1.000000000000000,1.000000000000000,0.000000000000000,1,0,0,203,22527000000,6,UPDATESTANDBY
22726000000,1.000000000000000,1.000000000000000,0.000000000000000,1,0,0,204,22626000000,6,UPDATESTANDBY
22826000000,1.000000000000000,1.000000000000000,0.000000000000000,1,0,0,205,22727000000,6,UPDATESTANDBY
22926000000,1.000000000000000,1.000000000000000,0.000000000000000,1,0,0,206,22827000000,6,UPDATESTANDBY
23026000000,1.000000000000000,1.000000000000000,0.000000000000000,1,0,0,207,22927000000,6,UPDATESTANDBY
23126000000,1.000000000000000,1.000000000000000,0.000000000000000,1,0,0,208,23026000000,6,UPDATESTANDBY
23226000000,1.000000000000000,1.000000000000000,0.000000000000000,1,0,0,209,23127000000,6,UPDATESTANDBY
23326000000,1.000000000000000,1.000000000000000,0.000000000000000,1,0,0,210,23226000000,7,UPDATESTANDBY
23426000000,1.000000000000000,1.000000000000000,0.000000000000000,1,0,0,211,23326000000,6,UPDATESTANDBY
23526000000,1.000000000000000,1.000000000000000,0.000000000000000,1,0,0,212,23426000000,6,UPDATESTANDBY
23626000000,1.000000000000000,1.000000000000000,0.000000000000000,1,0,0,213,23527000000,6,UPDATESTANDBY
23726000000,1.000000000000000,1.000000000000000,0.000000000000000,1,0,0,214,23627000000,6,UPDATESTANDBY
23826000000,1.000000000000000,1.000000000000000,0.000000000000000,1,0,0,215,23728000000,6,UPDATESTANDBY
23926000000,1.000000000000000,1.000000000000000,0.000000000000000,1,0,0,216,23827000000,6,UPDATESTANDBY
24026000000,1.000000000000000,1.000000000000000,0.000000000000000,1,0,0,217,23927000000,6,UPDATESTANDBY
24126000000,1.000000000000000,1.000000000000000,0.000000000000000,1,0,0,218,24027000000,6,UPDATESTANDBY
24226000000,1.000000000000000,1.000000000000000,0.000000000000000,1,0,0,219,24126000000,6,UPDATESTANDBY
24327000000,1.000000000000000,1.000000000000000,0.000000000000000,1,0,0,220,24226000000,7,UPDATESTANDBY
24426000000,1.000000000000000,1.000000000000000,0.000000000000000,1,0,0,221,24327000000,6,UPDATESTANDBY
24526000000,1.000000000000000,1.000000000000000,0.000000000000000,1,0,0,222,24427000000,6,UPDATESTANDBY
24627000000,1.000000000000000,1.000000000000000,0.000000000000000,1,0,0,223,24526000000,6,UPDATESTANDBY
24726000000,1.000000000000000,1.000000000000000,0.000000000000000,1,0,0,224,24627000000,6,UPDATESTANDBY
24826000000,1.000000000000000,1.000000000000000,0.000000000000000,1,0,0,225,24726000000,6,UPDATESTANDBY
24926000000,1.000000000000000,1.000000000000000,0.000000000000000,1,0,0,226,24826000000,6,UPDATESTANDBY
25026000000,1.000000000000000,1.000000000000000,0.000000000000000,1,0,0,227,24926000000,6,UPDATESTANDBY
25126000000,1.000000000000000,1.000000000000000,0.000000000000000,1,0,0,228,25027000000,6,UPDATESTANDBY
25226000000,1.000000000000000,1.000000000000000,0.000000000000000,1,0,0,229,25126000000,6,UPDATESTANDBY
25326000000,1.000000000000000,1.000000000000000,0.000000000000000,1,0,0,230,25227000000,7,UPDATESTANDBY
25426000000,1.000000000000000,1.000000000000000,0.000000000000000,1,0,0,231,25326000000,6,UPDATESTANDBY
25526000000,1.000000000000000,1.000000000000000,0.000000000000000,1,0,0,232,25427000000,6,UPDATESTANDBY
25626000000,1.000000000000000,1.000000000000000,0.000000000000000,1,0,0,233,25527000000,6,UPDATESTANDBY
25726000000,1.000000000000000,1.000000000000000,0.000000000000000,1,0,0,234,25627000000,6,UPDATESTANDBY
25826000000,1.000000000000000,1.000000000000000,0.000000000000000,1,0,0,235,25726000000,6,UPDATESTANDBY
25926000000,1.000000000000000,1.000000000000000,0.000000000000000,1,0,0,236,25827000000,6,UPDATESTANDBY
26026000000,1.000000000000000,1.000000000000000,0.000000000000000,1,0,0,237,25927000000,6,UPDATESTANDBY
26127000000,1.000000000000000,1.000000000000000,0.000000000000000,1,0,0,238,26026000000,6,UPDATESTANDBY
26226000000,1.000000000000000,1.000000000000000,0.000000000000000,1,0,0,239,26127000000,6,UPDATESTANDBY
26326000000,1.000000000000000,1.000000000000000,0.000000000000000,1,0,0,240,26227000000,7,UPDATESTANDBY
26426000000,1.000000000000000,1.000000000000000,0.000000000000000,1,0,0,241,26327000000,6,UPDATESTANDBY
26526000000,1.000000000000000,1.000000000000000,0.000000000000000,1,0,0,242,26427000000,6,UPDATESTANDBY
26627000000,1.000000000000000,1.000000000000000,0.000000000000000,1,0,0,243,26526000000,6,UPDATESTANDBY
26726000000,1.000000000000000,1.000000000000000,0.000000000000000,1,0,0,244,26627000000,6,UPDATESTANDBY
26826000000,1.000000000000000,1.000000000000000,0.000000000000000,1,0,0,245,26726000000,6,UPDATESTANDBY
26927000000,1.000000000000000,1.000000000000000,0.000000000000000,1,0,0,246,26826000000,6,UPDATESTANDBY
27026000000,1.000000000000000,1.000000000000000,0.000000000000000,1,0,0,247,26927000000,6,UPDATESTANDBY
27126000000,1.000000000000000,1.000000000000000,0.000000000000000,1,0,0,248,27026000000,6,UPDATESTANDBY
27227000000,1.000000000000000,1.000000000000000,0.000000000000000,1,0,0,249,27126000000,6,UPDATESTANDBY
27326000000,1.000000000000000,1.000000000000000,0.000000000000000,1,0,0,250,27227000000,7,UPDATESTANDBY
27426000000,1.000000000000000,1.000000000000000,0.000000000000000,1,0,0,251,27326000000,6,UPDATESTANDBY
27526000000,1.000000000000000,1.000000000000000,0.000000000000000,1,0,0,252,27426000000,6,UPDATESTANDBY
27626000000,1.000000000000000,1.000000000000000,0.000000000000000,1,0,0,253,27527000000,6,UPDATESTANDBY
27726000000,1.000000000000000,1.000000000000000,0.000000000000000,1,0,0,254,27626000000,6,UPDATESTANDBY
27826000000,1.000000000000000,1.000000000000000,0.000000000000000,1,0,0,255,27726000000,6,UPDATESTANDBY
27926000000,1.000000000000000,1.000000000000000,0.000000000000000,1,0,0,256,27826000000,6,UPDATESTANDBY
28026000000,1.000000000000000,1.000000000000000,0.000000000000000,1,0,0,257,27926000000,6,UPDATESTANDBY
28126000000,1.000000000000000,1.000000000000000,0.000000000000000,1,0,0,258,28026000000,6,UPDATESTANDBY
28226000000,1.000000000000000,1.000000000000000,0.000000000000000,1,0,0,259,28126000000,6,UPDATESTANDBY
28326000000,1.000000000000000,1.000000000000000,0.000000000000000,1,0,0,260,28226000000,7,UPDATESTANDBY
28426000000,1.000000000000000,1.000000000000000,0.000000000000000,1,0,0,261,28326000000,6,UPDATESTANDBY
28527000000,1.000000000000000,1.000000000000000,0.000000000000000,1,0,0,262,28426000000,6,UPDATESTANDBY
28626000000,1.000000000000000,1.000000000000000,0.000000000000000,1,0,0,263,28527000000,6,UPDATESTANDBY
28726000000,1.000000000000000,1.000000000000000,0.000000000000000,1,0,0,264,28626000000,6,UPDATESTANDBY
28826000000,1.000000000000000,1.000000000000000,0.000000000000000,1,0,0,265,28726000000,6,UPDATESTANDBY
28926000000,1.000000000000000,1.000000000000000,0.000000000000000,1,0,0,266,28827000000,6,UPDATESTANDBY
29026000000,1.000000000000000,1.000000000000000,0.000000000000000,1,0,0,267,28926000000,6,UPDATESTANDBY
29126000000,1.000000000000000,1.000000000000000,0.000000000000000,1,0,0,268,29026000000,6,UPDATESTANDBY
29226000000,1.000000000000000,1.000000000000000,0.000000000000000,1,0,0,269,29126000000,6,UPDATESTANDBY
29326000000,1.000000000000000,1.000000000000000,0.000000000000000,1,0,0,270,29226000000,7,UPDATESTANDBY
29426000000,1.000000000000000,1.000000000000000,0.000000000000000,1,0,0,271,29326000000,6,UPDATESTANDBY
29526000000,1.000000000000000,1.000000000000000,0.000000000000000,1,0,0,272,29426000000,6,UPDATESTANDBY
29626000000,1.000000000000000,1.000000000000000,0.000000000000000,1,0,0,273,29527000000,6,UPDATESTANDBY
29726000000,1.000000000000000,1.000000000000000,0.000000000000000,1,0,0,274,29627000000,6,UPDATESTANDBY
29827000000,1.000000000000000,1.000000000000000,0.000000000000000,1,0,0,275,29727000000,6,UPDATESTANDBY
29926000000,1.000000000000000,1.000000000000000,0.000000000000000,1,0,0,276,29828000000,6,UPDATESTANDBY
30026000000,1.000000000000000,1.000000000000000,0.000000000000000,1,0,0,277,29926000000,6,UPDATESTANDBY
30126000000,1.000000000000000,1.000000000000000,0.000000000000000,1,0,0,278,30026000000,6,UPDATESTANDBY
30227000000,1.000000000000000,1.000000000000000,0.000000000000000,1,0,0,279,30127000000,6,UPDATESTANDBY
30326000000,1.000000000000000,1.000000000000000,0.000000000000000,1,0,0,280,30227000000,7,UPDATESTANDBY
30427000000,1.000000000000000,1.000000000000000,0.000000000000000,1,0,0,281,30327000000,6,UPDATESTANDBY
30526000000,1.000000000000000,1.000000000000000,0.000000000000000,1,0,0,282,30427000000,6,UPDATESTANDBY
30626000000,1.000000000000000,1.000000000000000,0.000000000000000,1,0,0,283,30527000000,6,UPDATESTANDBY
30726000000,1.000000000000000,1.000000000000000,0.000000000000000,1,0,0,284,30626000000,6,UPDATESTANDBY
30826000000,1.000000000000000,1.000000000000000,0.000000000000000,1,0,0,285,30726000000,6,UPDATESTANDBY
30926000000,1.000000000000000,1.000000000000000,0.000000000000000,1,0,0,286,30826000000,6,UPDATESTANDBY
31026000000,1.000000000000000,1.000000000000000,0.000000000000000,1,0,0,287,30926000000,6,UPDATESTANDBY
31126000000,1.000000000000000,1.000000000000000,0.000000000000000,1,0,0,288,31026000000,6,UPDATESTANDBY
31226000000,1.000000000000000,1.000000000000000,0.000000000000000,1,0,0,289,31126000000,6,UPDATESTANDBY
31326000000,1.000000000000000,1.000000000000000,0.000000000000000,1,0,0,290,31226000000,7,UPDATESTANDBY
31426000000,1.000000000000000,1.000000000000000,0.000000000000000,1,0,0,291,31326000000,6,UPDATESTANDBY
31526000000,1.000000000000000,1.000000000000000,0.000000000000000,1,0,0,292,31426000000,6,UPDATESTANDBY
31626000000,1.000000000000000,1.000000000000000,0.000000000000000,1,0,0,293,31526000000,6,UPDATESTANDBY
31727000000,1.000000000000000,1.000000000000000,0.000000000000000,1,0,0,294,31626000000,6,UPDATESTANDBY
31826000000,1.000000000000000,1.000000000000000,0.000000000000000,1,0,0,295,31727000000,6,UPDATESTANDBY
31927000000,1.000000000000000,1.000000000000000,0.000000000000000,1,0,0,296,31826000000,6,UPDATESTANDBY
32026000000,1.000000000000000,1.000000000000000,0.000000000000000,1,0,0,297,31927000000,6,UPDATESTANDBY
32126000000,1.000000000000000,1.000000000000000,0.000000000000000,1,0,0,298,32026000000,6,UPDATESTANDBY
32226000000,1.000000000000000,1.000000000000000,0.000000000000000,1,0,0,299,32126000000,6,UPDATESTANDBY
32326000000,1.000000000000000,1.000000000000000,0.000000000000000,1,0,0,300,32226000000,7,UPDATESTANDBY
32426000000,1.000000000000000,1.000000000000000,0.000000000000000,1,0,0,301,32327000000,6,UPDATESTANDBY
32526000000,1.000000000000000,1.000000000000000,0.000000000000000,1,0,0,302,32426000000,6,UPDATESTANDBY
32626000000,1.000000000000000,1.000000000000000,0.000000000000000,1,0,0,303,32526000000,6,UPDATESTANDBY
32726000000,1.000000000000000,1.000000000000000,0.000000000000000,1,0,0,304,32627000000,6,UPDATESTANDBY
32826000000,1.000000000000000,1.000000000000000,0.000000000000000,1,0,0,305,32727000000,6,UPDATESTANDBY
32926000000,1.000000000000000,1.000000000000000,0.000000000000000,1,0,0,306,32826000000,6,UPDATESTANDBY
33026000000,1.000000000000000,1.000000000000000,0.000000000000000,1,0,0,307,32926000000,6,UPDATESTANDBY
33126000000,1.000000000000000,1.000000000000000,0.000000000000000,1,0,0,308,33026000000,6,UPDATESTANDBY
33226000000,1.000000000000000,1.000000000000000,0.000000000000000,1,0,0,309,33126000000,6,UPDATESTANDBY
33326000000,1.000000000000000,1.000000000000000,0.000000000000000,1,0,0,310,33226000000,7,UPDATESTANDBY
33426000000,1.000000000000000,1.000000000000000,0.000000000000000,1,0,0,311,33326000000,6,UPDATESTANDBY
33526000000,1.000000000000000,1.000000000000000,0.000000000000000,1,0,0,312,33426000000,6,UPDATESTANDBY
33626000000,1.000000000000000,1.000000000000000,0.000000000000000,1,0,0,313,33526000000,6,UPDATESTANDBY
33726000000,1.000000000000000,1.000000000000000,0.000000000000000,1,0,0,314,33626000000,6,UPDATESTANDBY
33826000000,1.000000000000000,1.000000000000000,0.000000000000000,1,0,0,315,33726000000,6,UPDATESTANDBY
33926000000,1.000000000000000,1.000000000000000,0.000000000000000,1,0,0,316,33826000000,6,UPDATESTANDBY
34026000000,1.000000000000000,1.000000000000000,0.000000000000000,1,0,0,317,33926000000,6,UPDATESTANDBY
34126000000,1.000000000000000,1.000000000000000,0.000000000000000,1,0,0,318,34026000000,6,UPDATESTANDBY
34226000000,1.000000000000000,1.000000000000000,0.000000000000000,1,0,0,319,34126000000,6,UPDATESTANDBY
34326000000,1.000000000000000,1.000000000000000,0.000000000000000,1,0,0,320,34226000000,7,UPDATESTANDBY
34426000000,1.000000000000000,1.000000000000000,0.000000000000000,1,0,0,321,34326000000,6,UPDATESTANDBY
34526000000,1.000000000000000,1.000000000000000,0.000000000000000,1,0,0,322,34426000000,6,UPDATESTANDBY
34626000000,1.000000000000000,1.000000000000000,0.000000000000000,1,0,0,323,34527000000,6,UPDATESTANDBY
34726000000,1.000000000000000,1.000000000000000,0.000000000000000,1,0,0,324,34626000000,6,UPDATESTANDBY
34826000000,1.000000000000000,1.000000000000000,0.000000000000000,1,0,0,325,34726000000,6,UPDATESTANDBY
34926000000,1.000000000000000,1.000000000000000,0.000000000000000,1,0,0,326,34827000000,6,UPDATESTANDBY
35026000000,1.000000000000000,1.000000000000000,0.000000000000000,1,0,0,327,34926000000,6,UPDATESTANDBY
35126000000,1.000000000000000,1.000000000000000,0.000000000000000,1,0,0,328,35026000000,6,UPDATESTANDBY
35226000000,1.000000000000000,1.000000000000000,0.000000000000000,1,0,0,329,35126000000,6,UPDATESTANDBY
35326000000,1.000000000000000,1.000000000000000,0.000000000000000,1,0,0,330,35226000000,7,UPDATESTANDBY
35426000000,1.000000000000000,1.000000000000000,0.000000000000000,1,0,0,331,35326000000,6,UPDATESTANDBY
35527000000,1.000000000000000,1.000000000000000,0.000000000000000,1,0,0,332,35426000000,6,UPDATESTANDBY
35626000000,1.000000000000000,1.000000000000000,0.000000000000000,1,0,0,333,35527000000,6,UPDATESTANDBY
35727000000,1.000000000000000,1.000000000000000,0.000000000000000,1,0,0,334,35627000000,6,UPDATESTANDBY
35826000000,1.000000000000000,1.000000000000000,0.000000000000000,1,0,0,335,35727000000,6,UPDATESTANDBY
35926000000,1.000000000000000,1.000000000000000,0.000000000000000,1,0,0,336,35826000000,6,UPDATESTANDBY
36027000000,1.000000000000000,1.000000000000000,0.000000000000000,1,0,0,337,35926000000,6,UPDATESTANDBY
36126000000,1.000000000000000,1.000000000000000,0.000000000000000,1,0,0,338,36027000000,6,UPDATESTANDBY
36226000000,1.000000000000000,1.000000000000000,0.000000000000000,1,0,0,339,36126000000,6,UPDATESTANDBY
36326000000,1.000000000000000,1.000000000000000,0.000000000000000,1,0,0,340,36226000000,7,UPDATESTANDBY
36426000000,1.000000000000000,1.000000000000000,0.000000000000000,1,0,0,341,36326000000,6,UPDATESTANDBY
36527000000,1.000000000000000,1.000000000000000,0.000000000000000,1,0,0,342,36426000000,6,UPDATESTANDBY
36626000000,1.000000000000000,1.000000000000000,0.000000000000000,1,0,0,343,36527000000,6,UPDATESTANDBY
36726000000,1.000000000000000,1.000000000000000,0.000000000000000,1,0,0,344,36626000000,6,UPDATESTANDBY
36827000000,1.000000000000000,1.000000000000000,0.000000000000000,1,0,0,345,36726000000,6,UPDATESTANDBY
36926000000,1.000000000000000,1.000000000000000,0.000000000000000,1,0,0,346,36827000000,6,UPDATESTANDBY
37026000000,1.000000000000000,1.000000000000000,0.000000000000000,1,0,0,347,36926000000,6,UPDATESTANDBY
37126000000,1.000000000000000,1.000000000000000,0.000000000000000,1,0,0,348,37026000000,6,UPDATESTANDBY
37226000000,1.000000000000000,1.000000000000000,0.000000000000000,1,0,0,349,37126000000,6,UPDATESTANDBY
37326000000,1.000000000000000,1.000000000000000,0.000000000000000,1,0,0,350,37226000000,7,UPDATESTANDBY
37426000000,1.000000000000000,1.000000000000000,0.000000000000000,1,0,0,351,37326000000,6,UPDATESTANDBY
37526000000,1.000000000000000,1.000000000000000,0.000000000000000,1,0,0,352,37427000000,6,UPDATESTANDBY
37626000000,1.000000000000000,1.000000000000000,0.000000000000000,1,0,0,353,37526000000,6,UPDATESTANDBY
37726000000,1.000000000000000,1.000000000000000,0.000000000000000,1,0,0,354,37626000000,6,UPDATESTANDBY
37826000000,1.000000000000000,1.000000000000000,0.000000000000000,1,0,0,355,37726000000,6,UPDATESTANDBY
37926000000,1.000000000000000,1.000000000000000,0.000000000000000,1,0,0,356,37827000000,6,UPDATESTANDBY
38026000000,1.000000000000000,1.000000000000000,0.000000000000000,1,0,0,357,37926000000,6,UPDATESTANDBY
38126000000,1.000000000000000,1.000000000000000,0.000000000000000,1,0,0,358,38026000000,6,UPDATESTANDBY
38226000000,1.000000000000000,1.000000000000000,0.000000000000000,1,0,0,359,38126000000,6,UPDATESTANDBY
38327000000,1.000000000000000,1.000000000000000,0.000000000000000,1,0,0,360,38226000000,7,UPDATESTANDBY
38426000000,1.000000000000000,1.000000000000000,0.000000000000000,1,0,0,361,38327000000,6,UPDATESTANDBY
38527000000,1.000000000000000,1.000000000000000,0.000000000000000,1,0,0,362,38426000000,6,UPDATESTANDBY
38626000000,1.000000000000000,1.000000000000000,0.000000000000000,1,0,0,363,38527000000,6,UPDATESTANDBY
38727000000,1.000000000000000,1.000000000000000,0.000000000000000,1,0,0,364,38626000000,6,UPDATESTANDBY
38826000000,1.000000000000000,1.000000000000000,0.000000000000000,1,0,0,365,38727000000,6,UPDATESTANDBY
38926000000,1.000000000000000,1.000000000000000,0.000000000000000,1,0,0,366,38826000000,6,UPDATESTANDBY
39026000000,1.000000000000000,1.000000000000000,0.000000000000000,1,0,0,367,38927000000,6,UPDATESTANDBY
39126000000,1.000000000000000,1.000000000000000,0.000000000000000,1,0,0,368,39026000000,6,UPDATESTANDBY
39226000000,1.000000000000000,1.000000000000000,0.000000000000000,1,0,0,369,39127000000,6,UPDATESTANDBY
39326000000,1.000000000000000,1.000000000000000,0.000000000000000,1,0,0,370,39227000000,7,UPDATESTANDBY
39426000000,1.000000000000000,1.000000000000000,0.000000000000000,1,0,0,371,39326000000,6,UPDATESTANDBY
39526000000,1.000000000000000,1.000000000000000,0.000000000000000,1,0,0,372,39426000000,6,UPDATESTANDBY
39626000000,1.000000000000000,1.000000000000000,0.000000000000000,1,0,0,373,39526000000,6,UPDATESTANDBY
39726000000,1.000000000000000,1.000000000000000,0.000000000000000,1,0,0,374,39626000000,6,UPDATESTANDBY
39826000000,1.000000000000000,1.000000000000000,0.000000000000000,1,0,0,375,39726000000,6,UPDATESTANDBY
39926000000,1.000000000000000,1.000000000000000,0.000000000000000,1,0,0,376,39827000000,6,UPDATESTANDBY
40026000000,1.000000000000000,1.000000000000000,0.000000000000000,1,0,0,377,39926000000,6,UPDATESTANDBY
40126000000,1.000000000000000,1.000000000000000,0.000000000000000,1,0,0,378,40026000000,6,UPDATESTANDBY
40226000000,1.000000000000000,1.000000000000000,0.000000000000000,1,0,0,379,40126000000,6,UPDATESTANDBY
40326000000,1.000000000000000,1.000000000000000,0.000000000000000,1,0,0,380,40226000000,7,UPDATESTANDBY
40426000000,1.000000000000000,1.000000000000000,0.000000000000000,1,0,0,381,40326000000,6,UPDATESTANDBY
40526000000,1.000000000000000,1.000000000000000,0.000000000000000,1,0,0,382,40426000000,6,UPDATESTANDBY
40626000000,1.000000000000000,1.000000000000000,0.000000000000000,1,0,0,383,40526000000,6,UPDATESTANDBY
40726000000,1.000000000000000,1.000000000000000,0.000000000000000,1,0,0,384,40626000000,6,UPDATESTANDBY
40826000000,1.000000000000000,1.000000000000000,0.000000000000000,1,0,0,385,40726000000,6,UPDATESTANDBY
40926000000,1.000000000000000,1.000000000000000,0.000000000000000,1,0,0,386,40826000000,6,UPDATESTANDBY
41026000000,1.000000000000000,1.000000000000000,0.000000000000000,1,0,0,387,40926000000,6,UPDATESTANDBY
41126000000,1.000000000000000,1.000000000000000,0.000000000000000,1,0,0,388,41027000000,6,UPDATESTANDBY
41226000000,1.000000000000000,1.000000000000000,0.000000000000000,1,0,0,389,41126000000,6,UPDATESTANDBY
41326000000,1.000000000000000,1.000000000000000,0.000000000000000,1,0,0,390,41227000000,7,UPDATESTANDBY
41426000000,1.000000000000000,1.000000000000000,0.000000000000000,1,0,0,391,41326000000,6,UPDATESTANDBY
41526000000,1.000000000000000,1.000000000000000,0.000000000000000,1,0,0,392,41426000000,6,UPDATESTANDBY
41626000000,1.000000000000000,1.000000000000000,0.000000000000000,1,0,0,393,41527000000,6,UPDATESTANDBY
41726000000,1.000000000000000,1.000000000000000,0.000000000000000,1,0,0,394,41627000000,6,UPDATESTANDBY
41826000000,1.000000000000000,1.000000000000000,0.000000000000000,1,0,0,395,41727000000,6,UPDATESTANDBY
41926000000,1.000000000000000,1.000000000000000,0.000000000000000,1,0,0,396,41826000000,6,UPDATESTANDBY
42026000000,1.000000000000000,1.000000000000000,0.000000000000000,1,0,0,397,41926000000,6,UPDATESTANDBY
42126000000,1.000000000000000,1.000000000000000,0.000000000000000,1,0,0,398,42027000000,6,UPDATESTANDBY
42226000000,1.000000000000000,1.000000000000000,0.000000000000000,1,0,0,399,42126000000,6,UPDATESTANDBY
42326000000,1.000000000000000,1.000000000000000,0.000000000000000,1,0,0,400,42226000000,7,UPDATESTANDBY
42426000000,1.000000000000000,1.000000000000000,0.000000000000000,1,0,0,401,42326000000,6,UPDATESTANDBY
42526000000,1.000000000000000,1.000000000000000,0.000000000000000,1,0,0,402,42426000000,6,UPDATESTANDBY
42626000000,1.000000000000000,1.000000000000000,0.000000000000000,1,0,0,403,42526000000,6,UPDATESTANDBY
42727000000,1.000000000000000,1.000000000000000,0.000000000000000,1,0,0,404,42626000000,6,UPDATESTANDBY
42827000000,1.000000000000000,1.000000000000000,0.000000000000000,1,0,0,405,42727000000,6,UPDATESTANDBY
42927000000,1.000000000000000,1.000000000000000,0.000000000000000,1,0,0,406,42827000000,6,UPDATESTANDBY
43026000000,1.000000000000000,1.000000000000000,0.000000000000000,1,0,0,407,42927000000,6,UPDATESTANDBY
43126000000,1.000000000000000,1.000000000000000,0.000000000000000,1,0,0,408,43027000000,6,UPDATESTANDBY
43226000000,1.000000000000000,1.000000000000000,0.000000000000000,1,0,0,409,43126000000,6,UPDATESTANDBY
43326000000,1.000000000000000,1.000000000000000,0.000000000000000,1,0,0,410,43226000000,7,UPDATESTANDBY
43427000000,1.000000000000000,1.000000000000000,0.000000000000000,1,0,0,411,43327000000,6,UPDATESTANDBY
43526000000,1.000000000000000,1.000000000000000,0.000000000000000,1,0,0,412,43427000000,6,UPDATESTANDBY
43626000000,1.000000000000000,1.000000000000000,0.000000000000000,1,0,0,413,43527000000,6,UPDATESTANDBY
43726000000,1.000000000000000,1.000000000000000,0.000000000000000,1,0,0,414,43626000000,6,UPDATESTANDBY
43826000000,1.000000000000000,1.000000000000000,0.000000000000000,1,0,0,415,43727000000,6,UPDATESTANDBY
43926000000,1.000000000000000,1.000000000000000,0.000000000000000,1,0,0,416,43827000000,6,UPDATESTANDBY
44026000000,1.000000000000000,1.000000000000000,0.000000000000000,1,0,0,417,43927000000,6,UPDATESTANDBY
44126000000,1.000000000000000,1.000000000000000,0.000000000000000,1,0,0,418,44027000000,6,UPDATESTANDBY
44226000000,1.000000000000000,1.000000000000000,0.000000000000000,1,0,0,419,44127000000,6,UPDATESTANDBY
44326000000,1.000000000000000,1.000000000000000,0.000000000000000,1,0,0,420,44226000000,7,UPDATESTANDBY
44426000000,1.000000000000000,1.000000000000000,0.000000000000000,1,0,0,421,44326000000,6,UPDATESTANDBY
44526000000,1.000000000000000,1.000000000000000,0.000000000000000,1,0,0,422,44426000000,6,UPDATESTANDBY
44626000000,1.000000000000000,1.000000000000000,0.000000000000000,1,0,0,423,44526000000,6,UPDATESTANDBY
44726000000,1.000000000000000,1.000000000000000,0.000000000000000,1,0,0,424,44626000000,6,UPDATESTANDBY
44826000000,1.000000000000000,1.000000000000000,0.000000000000000,1,0,0,425,44726000000,6,UPDATESTANDBY
44926000000,1.000000000000000,1.000000000000000,0.000000000000000,1,0,0,426,44826000000,6,UPDATESTANDBY
45029000000,1.000000000000000,1.000000000000000,0.000000000000000,1,0,0,427,44926000000,6,UPDATESTANDBY
45126000000,1.000000000000000,1.000000000000000,0.000000000000000,1,0,0,428,45029000000,6,UPDATESTANDBY
45227000000,1.000000000000000,1.000000000000000,0.000000000000000,1,0,0,429,45126000000,6,UPDATESTANDBY
45326000000,1.000000000000000,1.000000000000000,0.000000000000000,1,0,0,430,45227000000,7,UPDATESTANDBY
45426000000,1.000000000000000,1.000000000000000,0.000000000000000,1,0,0,431,45326000000,6,UPDATESTANDBY
45526000000,1.000000000000000,1.000000000000000,0.000000000000000,1,0,0,432,45426000000,6,UPDATESTANDBY
45629000000,1.000000000000000,1.000000000000000,0.000000000000000,1,0,0,433,45526000000,6,UPDATESTANDBY
45726000000,1.000000000000000,1.000000000000000,0.000000000000000,1,0,0,434,45629000000,6,UPDATESTANDBY
45827000000,1.000000000000000,1.000000000000000,0.000000000000000,1,0,0,435,45726000000,6,UPDATESTANDBY
45926000000,1.000000000000000,1.000000000000000,0.000000000000000,1,0,0,436,45827000000,6,UPDATESTANDBY
46026000000,1.000000000000000,1.000000000000000,0.000000000000000,1,0,0,437,45926000000,6,UPDATESTANDBY
46126000000,1.000000000000000,1.000000000000000,0.000000000000000,1,0,0,438,46026000000,6,UPDATESTANDBY
46227000000,1.000000000000000,1.000000000000000,0.000000000000000,1,0,0,439,46126000000,6,UPDATESTANDBY
46326000000,1.000000000000000,1.000000000000000,0.000000000000000,1,0,0,440,46227000000,7,UPDATESTANDBY
46426000000,1.000000000000000,1.000000000000000,0.000000000000000,1,0,0,441,46326000000,6,UPDATESTANDBY
46526000000,1.000000000000000,1.000000000000000,0.000000000000000,1,0,0,442,46426000000,6,UPDATESTANDBY
46626000000,1.000000000000000,1.000000000000000,0.000000000000000,1,0,0,443,46526000000,6,UPDATESTANDBY
46726000000,1.000000000000000,1.000000000000000,0.000000000000000,1,0,0,444,46626000000,6,UPDATESTANDBY
46826000000,1.000000000000000,1.000000000000000,0.000000000000000,1,0,0,445,46727000000,6,UPDATESTANDBY
46926000000,1.000000000000000,1.000000000000000,0.000000000000000,1,0,0,446,46826000000,6,UPDATESTANDBY
47026000000,1.000000000000000,1.000000000000000,0.000000000000000,1,0,0,447,46926000000,6,UPDATESTANDBY
47126000000,1.000000000000000,1.000000000000000,0.000000000000000,1,0,0,448,47026000000,6,UPDATESTANDBY
47226000000,1.000000000000000,1.000000000000000,0.000000000000000,1,0,0,449,47126000000,6,UPDATESTANDBY
47326000000,1.000000000000000,1.000000000000000,0.000000000000000,1,0,0,450,47226000000,7,UPDATESTANDBY
47426000000,1.000000000000000,1.000000000000000,0.000000000000000,1,0,0,451,47326000000,6,UPDATESTANDBY
47526000000,1.000000000000000,1.000000000000000,0.000000000000000,1,0,0,452,47426000000,6,UPDATESTANDBY
47626000000,1.000000000000000,1.000000000000000,0.000000000000000,1,0,0,453,47527000000,6,UPDATESTANDBY
47726000000,1.000000000000000,1.000000000000000,0.000000000000000,1,0,0,454,47627000000,6,UPDATESTANDBY
47826000000,1.000000000000000,1.000000000000000,0.000000000000000,1,0,0,455,47726000000,6,UPDATESTANDBY
47926000000,1.000000000000000,1.000000000000000,0.000000000000000,1,0,0,456,47827000000,6,UPDATESTANDBY
48026000000,1.000000000000000,1.000000000000000,0.000000000000000,1,0,0,457,47927000000,6,UPDATESTANDBY
48126000000,1.000000000000000,1.000000000000000,0.000000000000000,1,0,0,458,48027000000,6,UPDATESTANDBY
48226000000,1.000000000000000,1.000000000000000,0.000000000000000,1,0,0,459,48126000000,6,UPDATESTANDBY
48326000000,1.000000000000000,1.000000000000000,0.000000000000000,1,0,0,460,48227000000,7,UPDATESTANDBY
48427000000,1.000000000000000,1.000000000000000,0.000000000000000,1,0,0,461,48326000000,6,UPDATESTANDBY
48526000000,1.000000000000000,1.000000000000000,0.000000000000000,1,0,0,462,48429000000,6,UPDATESTANDBY
48626000000,1.000000000000000,1.000000000000000,0.000000000000000,1,0,0,463,48527000000,6,UPDATESTANDBY
48727000000,1.000000000000000,1.000000000000000,0.000000000000000,1,0,0,464,48627000000,6,UPDATESTANDBY
48826000000,1.000000000000000,1.000000000000000,0.000000000000000,1,0,0,465,48727000000,6,UPDATESTANDBY
48927000000,1.000000000000000,1.000000000000000,0.000000000000000,1,0,0,466,48827000000,6,UPDATESTANDBY
49027000000,1.000000000000000,1.000000000000000,0.000000000000000,1,0,0,467,48927000000,6,UPDATESTANDBY
49126000000,1.000000000000000,1.000000000000000,0.000000000000000,1,0,0,468,49028000000,6,UPDATESTANDBY
49226000000,1.000000000000000,1.000000000000000,0.000000000000000,1,0,0,469,49126000000,6,UPDATESTANDBY
49326000000,1.000000000000000,1.000000000000000,0.000000000000000,1,0,0,470,49226000000,7,UPDATESTANDBY
49426000000,1.000000000000000,1.000000000000000,0.000000000000000,1,0,0,471,49326000000,6,UPDATESTANDBY
49526000000,1.000000000000000,1.000000000000000,0.000000000000000,1,0,0,472,49427000000,6,UPDATESTANDBY
49626000000,1.000000000000000,1.000000000000000,0.000000000000000,1,0,0,473,49527000000,6,UPDATESTANDBY
49726000000,1.000000000000000,1.000000000000000,0.000000000000000,1,0,0,474,49627000000,6,UPDATESTANDBY
49827000000,1.000000000000000,1.000000000000000,0.000000000000000,1,0,0,475,49726000000,6,UPDATESTANDBY
49926000000,1.000000000000000,1.000000000000000,0.000000000000000,1,0,0,476,49828000000,6,UPDATESTANDBY
50026000000,1.000000000000000,1.000000000000000,0.000000000000000,1,0,0,477,49927000000,6,UPDATESTANDBY
50126000000,1.000000000000000,1.000000000000000,0.000000000000000,1,0,0,478,50026000000,6,UPDATESTANDBY
50226000000,1.000000000000000,1.000000000000000,0.000000000000000,1,0,0,479,50126000000,6,UPDATESTANDBY
