2311000000,1.000000000000000,1.000000000000000,0.000000000000000,0,0,0,0,0,34,UPDATESTANDBY
2410000000,1.000000000000000,1.000000000000000,0.000000000000000,1,0,0,1,2312000000,7,UPDATESTANDBY
2510000000,1.000000000000000,1.000000000000000,0.000000000000000,1,0,0,2,2411000000,6,UPDATESTANDBY
2610000000,1.000000000000000,1.000000000000000,0.000000000000000,1,0,0,3,2510000000,6,UPDATESTANDBY
2711000000,1.000000000000000,1.000000000000000,0.000000000000000,1,0,0,4,2610000000,6,UPDATESTANDBY
2810000000,1.000000000000000,1.000000000000000,0.000000000000000,1,0,0,5,2711000000,6,UPDATESTANDBY
2910000000,1.000000000000000,1.000000000000000,0.000000000000000,1,0,0,6,2810000000,6,UPDATESTANDBY
3011000000,1.000000000000000,1.000000000000000,0.000000000000000,1,0,0,7,2910000000,6,UPDATESTANDBY
3110000000,1.000000000000000,1.000000000000000,0.000000000000000,1,0,0,8,3011000000,6,UPDATESTANDBY
3211000000,1.000000000000000,1.000000000000000,0.000000000000000,1,0,0,9,3110000000,6,UPDATESTANDBY
3311000000,1.000000000000000,1.000000000000000,0.000000000000000,1,0,0,10,3211000000,7,UPDATESTANDBY
3411000000,1.000000000000000,1.000000000000000,0.000000000000000,1,0,0,11,3311000000,6,UPDATESTANDBY
3510000000,1.000000000000000,1.000000000000000,0.000000000000000,1,0,0,12,3411000000,6,UPDATESTANDBY
3610000000,1.000000000000000,1.000000000000000,0.000000000000000,1,0,0,13,3511000000,6,UPDATESTANDBY
3710000000,1.000000000000000,1.000000000000000,0.000000000000000,1,0,0,14,3610000000,6,UPDATESTANDBY
3810000000,1.000000000000000,1.000000000000000,0.000000000000000,1,0,0,15,3710000000,6,UPDATESTANDBY
3911000000,1.000000000000000,1.000000000000000,0.000000000000000,1,0,0,16,3810000000,6,UPDATESTANDBY
4010000000,1.000000000000000,1.000000000000000,0.000000000000000,1,0,0,17,3911000000,6,UPDATESTANDBY
4110000000,1.000000000000000,1.000000000000000,0.000000000000000,1,0,0,18,4011000000,6,UPDATESTANDBY
4210000000,1.000000000000000,1.000000000000000,0.000000000000000,1,0,0,19,4110000000,6,UPDATESTANDBY
4311000000,1.000000000000000,1.000000000000000,0.000000000000000,1,0,0,20,4210000000,7,UPDATESTANDBY
4410000000,1.000000000000000,1.000000000000000,0.000000000000000,1,0,0,21,4311000000,6,UPDATESTANDBY
4510000000,1.000000000000000,1.000000000000000,0.000000000000000,1,0,0,22,4410000000,6,UPDATESTANDBY
4610000000,1.000000000000000,1.000000000000000,0.000000000000000,1,0,0,23,4510000000,6,UPDATESTANDBY
4710000000,1.000000000000000,1.000000000000000,0.000000000000000,1,0,0,24,4610000000,6,UPDATESTANDBY
4810000000,1.000000000000000,1.000000000000000,0.000000000000000,1,0,0,25,4710000000,6,UPDATESTANDBY
4910000000,1.000000000000000,1.000000000000000,0.000000000000000,1,0,0,26,4810000000,6,UPDATESTANDBY
5010000000,1.000000000000000,1.000000000000000,0.000000000000000,1,0,0,27,4911000000,6,UPDATESTANDBY
5111000000,1.000000000000000,1.000000000000000,0.000000000000000,1,0,0,28,5010000000,6,UPDATESTANDBY
5210000000,1.000000000000000,1.000000000000000,0.000000000000000,1,0,0,29,5111000000,6,UPDATESTANDBY
5311000000,1.000000000000000,1.000000000000000,0.000000000000000,1,0,0,30,5211000000,7,UPDATESTANDBY
5411000000,1.000000000000000,1.000000000000000,0.000000000000000,1,0,0,31,5311000000,6,UPDATESTANDBY
5510000000,1.000000000000000,1.000000000000000,0.000000000000000,1,0,0,32,5411000000,6,UPDATESTANDBY
5610000000,1.000000000000000,1.000000000000000,0.000000000000000,1,0,0,33,5510000000,6,UPDATESTANDBY
5710000000,1.000000000000000,1.000000000000000,0.000000000000000,1,0,0,34,5610000000,6,UPDATESTANDBY
5810000000,1.000000000000000,1.000000000000000,0.000000000000000,1,0,0,35,5710000000,6,UPDATESTANDBY
5910000000,1.000000000000000,1.000000000000000,0.000000000000000,1,0,0,36,5810000000,6,UPDATESTANDBY
6010000000,1.000000000000000,1.000000000000000,0.000000000000000,1,0,0,37,5910000000,6,UPDATESTANDBY
6110000000,1.000000000000000,1.000000000000000,0.000000000000000,1,0,0,38,6011000000,6,UPDATESTANDBY
6210000000,1.000000000000000,1.000000000000000,0.000000000000000,1,0,0,39,6111000000,6,UPDATESTANDBY
6310000000,1.000000000000000,1.000000000000000,0.000000000000000,1,0,0,40,6211000000,7,UPDATESTANDBY
6410000000,1.000000000000000,1.000000000000000,0.000000000000000,1,0,0,41,6311000000,6,UPDATESTANDBY
6510000000,1.000000000000000,1.000000000000000,0.000000000000000,1,0,0,42,6410000000,6,UPDATESTANDBY
6610000000,1.000000000000000,1.000000000000000,0.000000000000000,1,0,0,43,6511000000,6,UPDATESTANDBY
6710000000,1.000000000000000,1.000000000000000,0.000000000000000,1,0,0,44,6610000000,6,UPDATESTANDBY
6811000000,1.000000000000000,1.000000000000000,0.000000000000000,1,0,0,45,6711000000,6,UPDATESTANDBY
6910000000,1.000000000000000,1.000000000000000,0.000000000000000,1,0,0,46,6811000000,6,UPDATESTANDBY
7010000000,1.000000000000000,1.000000000000000,0.000000000000000,1,0,0,47,6910000000,6,UPDATESTANDBY
7111000000,1.000000000000000,1.000000000000000,0.000000000000000,1,0,0,48,7010000000,6,UPDATESTANDBY
7210000000,1.000000000000000,1.000000000000000,0.000000000000000,1,0,0,49,7111000000,6,UPDATESTANDBY
7310000000,1.000000000000000,1.000000000000000,0.000000000000000,1,0,0,50,7210000000,7,UPDATESTANDBY
7410000000,1.000000000000000,1.000000000000000,0.000000000000000,1,0,0,51,7310000000,6,UPDATESTANDBY
7510000000,1.000000000000000,1.000000000000000,0.000000000000000,1,0,0,52,7410000000,6,UPDATESTANDBY
7610000000,1.000000000000000,1.000000000000000,0.000000000000000,1,0,0,53,7511000000,6,UPDATESTANDBY
7710000000,1.000000000000000,1.000000000000000,0.000000000000000,1,0,0,54,7610000000,6,UPDATESTANDBY
7810000000,1.000000000000000,1.000000000000000,0.000000000000000,1,0,0,55,7711000000,6,UPDATESTANDBY
7910000000,1.000000000000000,1.000000000000000,0.000000000000000,1,0,0,56,7811000000,6,UPDATESTANDBY
8010000000,1.000000000000000,1.000000000000000,0.000000000000000,1,0,0,57,7911000000,6,UPDATESTANDBY
8111000000,1.000000000000000,1.000000000000000,0.000000000000000,1,0,0,58,8011000000,6,UPDATESTANDBY
8211000000,1.000000000000000,1.000000000000000,0.000000000000000,1,0,0,59,8111000000,6,UPDATESTANDBY
8311000000,1.000000000000000,1.000000000000000,0.000000000000000,1,0,0,60,8211000000,7,UPDATESTANDBY
8410000000,1.000000000000000,1.000000000000000,0.000000000000000,1,0,0,61,8311000000,6,UPDATESTANDBY
8510000000,1.000000000000000,1.000000000000000,0.000000000000000,1,0,0,62,8410000000,6,UPDATESTANDBY
8610000000,1.000000000000000,1.000000000000000,0.000000000000000,1,0,0,63,8510000000,6,UPDATESTANDBY
8710000000,1.000000000000000,1.000000000000000,0.000000000000000,1,0,0,64,8610000000,6,UPDATESTANDBY
8810000000,1.000000000000000,1.000000000000000,0.000000000000000,1,0,0,65,8711000000,6,UPDATESTANDBY
8910000000,1.000000000000000,1.000000000000000,0.000000000000000,1,0,0,66,8810000000,6,UPDATESTANDBY
9010000000,1.000000000000000,1.000000000000000,0.000000000000000,1,0,0,67,8910000000,6,UPDATESTANDBY
9111000000,1.000000000000000,1.000000000000000,0.000000000000000,1,0,0,68,9010000000,6,UPDATESTANDBY
9211000000,1.000000000000000,1.000000000000000,0.000000000000000,1,0,0,69,9111000000,6,UPDATESTANDBY
9310000000,1.000000000000000,1.000000000000000,0.000000000000000,1,0,0,70,9211000000,7,UPDATESTANDBY
9410000000,1.000000000000000,1.000000000000000,0.000000000000000,1,0,0,71,9310000000,6,UPDATESTANDBY
9510000000,1.000000000000000,1.000000000000000,0.000000000000000,1,0,0,72,9410000000,6,UPDATESTANDBY
9610000000,1.000000000000000,1.000000000000000,0.000000000000000,1,0,0,73,9511000000,6,UPDATESTANDBY
9710000000,1.000000000000000,1.000000000000000,0.000000000000000,1,0,0,74,9610000000,6,UPDATESTANDBY
9810000000,1.000000000000000,1.000000000000000,0.000000000000000,1,0,0,75,9710000000,6,UPDATESTANDBY
9910000000,1.000000000000000,1.000000000000000,0.000000000000000,1,0,0,76,9811000000,6,UPDATESTANDBY
10010000000,1.000000000000000,1.000000000000000,0.000000000000000,1,0,0,77,9910000000,6,UPDATESTANDBY
10110000000,1.000000000000000,1.000000000000000,0.000000000000000,1,0,0,78,10011000000,6,UPDATESTANDBY
10210000000,1.000000000000000,1.000000000000000,0.000000000000000,1,0,0,79,10110000000,6,UPDATESTANDBY
10310000000,1.000000000000000,1.000000000000000,0.000000000000000,1,0,0,80,10211000000,7,UPDATESTANDBY
10410000000,1.000000000000000,1.000000000000000,0.000000000000000,1,0,0,81,10310000000,6,UPDATESTANDBY
10510000000,1.000000000000000,1.000000000000000,0.000000000000000,1,0,0,82,10410000000,6,UPDATESTANDBY
10610000000,1.000000000000000,1.000000000000000,0.000000000000000,1,0,0,83,10510000000,6,UPDATESTANDBY
10710000000,1.000000000000000,1.000000000000000,0.000000000000000,1,0,0,84,10610000000,6,UPDATESTANDBY
10811000000,1.000000000000000,1.000000000000000,0.000000000000000,1,0,0,85,10710000000,6,UPDATESTANDBY
10910000000,1.000000000000000,1.000000000000000,0.000000000000000,1,0,0,86,10811000000,6,UPDATESTANDBY
11010000000,1.000000000000000,1.000000000000000,0.000000000000000,1,0,0,87,10911000000,6,UPDATESTANDBY
11110000000,1.000000000000000,1.000000000000000,0.000000000000000,1,0,0,88,11010000000,6,UPDATESTANDBY
11210000000,1.000000000000000,1.000000000000000,0.000000000000000,1,0,0,89,11110000000,6,UPDATESTANDBY
11310000000,1.000000000000000,1.000000000000000,0.000000000000000,1,0,0,90,11210000000,7,UPDATESTANDBY
11410000000,1.000000000000000,1.000000000000000,0.000000000000000,1,0,0,91,11310000000,6,UPDATESTANDBY
11510000000,1.000000000000000,1.000000000000000,0.000000000000000,1,0,0,92,11410000000,6,UPDATESTANDBY
11610000000,1.000000000000000,1.000000000000000,0.000000000000000,1,0,0,93,11510000000,6,UPDATESTANDBY
11710000000,1.000000000000000,1.000000000000000,0.000000000000000,1,0,0,94,11610000000,6,UPDATESTANDBY
11810000000,1.000000000000000,1.000000000000000,0.000000000000000,1,0,0,95,11710000000,6,UPDATESTANDBY
11911000000,1.000000000000000,1.000000000000000,0.000000000000000,1,0,0,96,11810000000,6,UPDATESTANDBY
12011000000,1.000000000000000,1.000000000000000,0.000000000000000,1,0,0,97,11911000000,6,UPDATESTANDBY
12110000000,1.000000000000000,1.000000000000000,0.000000000000000,1,0,0,98,12011000000,6,UPDATESTANDBY
12210000000,1.000000000000000,1.000000000000000,0.000000000000000,1,0,0,99,12111000000,6,UPDATESTANDBY
12310000000,1.000000000000000,1.000000000000000,0.000000000000000,1,0,0,100,12210000000,7,UPDATESTANDBY
12410000000,1.000000000000000,1.000000000000000,0.000000000000000,1,0,0,101,12310000000,6,UPDATESTANDBY
12510000000,1.000000000000000,1.000000000000000,0.000000000000000,1,0,0,102,12410000000,6,UPDATESTANDBY
12610000000,1.000000000000000,1.000000000000000,0.000000000000000,1,0,0,103,12510000000,6,UPDATESTANDBY
12710000000,1.000000000000000,1.000000000000000,0.000000000000000,1,0,0,104,12610000000,6,UPDATESTANDBY
12810000000,1.000000000000000,1.000000000000000,0.000000000000000,1,0,0,105,12710000000,6,UPDATESTANDBY
12910000000,1.000000000000000,1.000000000000000,0.000000000000000,1,0,0,106,12810000000,6,UPDATESTANDBY
13010000000,1.000000000000000,1.000000000000000,0.000000000000000,1,0,0,107,12910000000,6,UPDATESTANDBY
13110000000,1.000000000000000,1.000000000000000,0.000000000000000,1,0,0,108,13010000000,6,UPDATESTANDBY
13210000000,1.000000000000000,1.000000000000000,0.000000000000000,1,0,0,109,13110000000,6,UPDATESTANDBY
13310000000,1.000000000000000,1.000000000000000,0.000000000000000,1,0,0,110,13210000000,7,UPDATESTANDBY
13410000000,1.000000000000000,1.000000000000000,0.000000000000000,1,0,0,111,13310000000,6,UPDATESTANDBY
13510000000,1.000000000000000,1.000000000000000,0.000000000000000,1,0,0,112,13411000000,6,UPDATESTANDBY
13610000000,1.000000000000000,1.000000000000000,0.000000000000000,1,0,0,113,13510000000,6,UPDATESTANDBY
13710000000,1.000000000000000,1.000000000000000,0.000000000000000,1,0,0,114,13610000000,6,UPDATESTANDBY
13810000000,1.000000000000000,1.000000000000000,0.000000000000000,1,0,0,115,13710000000,6,UPDATESTANDBY
13910000000,1.000000000000000,1.000000000000000,0.000000000000000,1,0,0,116,13810000000,6,UPDATESTANDBY
14010000000,1.000000000000000,1.000000000000000,0.000000000000000,1,0,0,117,13910000000,6,UPDATESTANDBY
14110000000,1.000000000000000,1.000000000000000,0.000000000000000,1,0,0,118,14011000000,6,UPDATESTANDBY
14210000000,1.000000000000000,1.000000000000000,0.000000000000000,1,0,0,119,14110000000,6,UPDATESTANDBY
14311000000,1.000000000000000,1.000000000000000,0.000000000000000,1,0,0,120,14210000000,7,UPDATESTANDBY
14410000000,1.000000000000000,1.000000000000000,0.000000000000000,1,0,0,121,14311000000,6,UPDATESTANDBY
14510000000,1.000000000000000,1.000000000000000,0.000000000000000,1,0,0,122,14410000000,6,UPDATESTANDBY
14610000000,1.000000000000000,1.000000000000000,0.000000000000000,1,0,0,123,14511000000,6,UPDATESTANDBY
14710000000,1.000000000000000,1.000000000000000,0.000000000000000,1,0,0,124,14610000000,6,UPDATESTANDBY
14810000000,1.000000000000000,1.000000000000000,0.000000000000000,1,0,0,125,14711000000,6,UPDATESTANDBY
14911000000,1.000000000000000,1.000000000000000,0.000000000000000,1,0,0,126,14810000000,6,UPDATESTANDBY
15010000000,1.000000000000000,1.000000000000000,0.000000000000000,1,0,0,127,14912000000,6,UPDATESTANDBY
15111000000,1.000000000000000,1.000000000000000,0.000000000000000,1,0,0,128,15011000000,6,UPDATESTANDBY
15210000000,1.000000000000000,1.000000000000000,0.000000000000000,1,0,0,129,15111000000,6,UPDATESTANDBY
15310000000,1.000000000000000,1.000000000000000,0.000000000000000,1,0,0,130,15211000000,7,UPDATESTANDBY
15411000000,1.000000000000000,1.000000000000000,0.000000000000000,1,0,0,131,15310000000,6,UPDATESTANDBY
15510000000,1.000000000000000,1.000000000000000,0.000000000000000,1,0,0,132,15411000000,6,UPDATESTANDBY
15610000000,1.000000000000000,1.000000000000000,0.000000000000000,1,0,0,133,15510000000,6,UPDATESTANDBY
15711000000,1.000000000000000,1.000000000000000,0.000000000000000,1,0,0,134,15611000000,6,UPDATESTANDBY
15810000000,1.000000000000000,1.000000000000000,0.000000000000000,1,0,0,135,15711000000,6,UPDATESTANDBY
15910000000,1.000000000000000,1.000000000000000,0.000000000000000,1,0,0,136,15810000000,6,UPDATESTANDBY
16010000000,1.000000000000000,1.000000000000000,0.000000000000000,1,0,0,137,15910000000,6,UPDATESTANDBY
16110000000,1.000000000000000,1.000000000000000,0.000000000000000,1,0,0,138,16010000000,6,UPDATESTANDBY
16210000000,1.000000000000000,1.000000000000000,0.000000000000000,1,0,0,139,16111000000,6,UPDATESTANDBY
16310000000,1.000000000000000,1.000000000000000,0.000000000000000,1,0,0,140,16210000000,7,UPDATESTANDBY
16410000000,1.000000000000000,1.000000000000000,0.000000000000000,1,0,0,141,16311000000,6,UPDATESTANDBY
16510000000,1.000000000000000,1.000000000000000,0.000000000000000,1,0,0,142,16410000000,6,UPDATESTANDBY
16611000000,1.000000000000000,1.000000000000000,0.000000000000000,1,0,0,143,16510000000,6,UPDATESTANDBY
16710000000,1.000000000000000,1.000000000000000,0.000000000000000,1,0,0,144,16614000000,6,UPDATESTANDBY
16810000000,1.000000000000000,1.000000000000000,0.000000000000000,1,0,0,145,16710000000,6,UPDATESTANDBY
16910000000,1.000000000000000,1.000000000000000,0.000000000000000,1,0,0,146,16810000000,6,UPDATESTANDBY
17011000000,1.000000000000000,1.000000000000000,0.000000000000000,1,0,0,147,16910000000,6,UPDATESTANDBY
17111000000,1.000000000000000,1.000000000000000,0.000000000000000,1,0,0,148,17012000000,6,UPDATESTANDBY
17210000000,1.000000000000000,1.000000000000000,0.000000000000000,1,0,0,149,17111000000,6,UPDATESTANDBY
17310000000,1.000000000000000,1.000000000000000,0.000000000000000,1,0,0,150,17210000000,7,UPDATESTANDBY
17411000000,1.000000000000000,1.000000000000000,0.000000000000000,1,0,0,151,17311000000,6,UPDATESTANDBY
17510000000,1.000000000000000,1.000000000000000,0.000000000000000,1,0,0,152,17411000000,6,UPDATESTANDBY
17610000000,1.000000000000000,1.000000000000000,0.000000000000000,1,0,0,153,17511000000,6,UPDATESTANDBY
17710000000,1.000000000000000,1.000000000000000,0.000000000000000,1,0,0,154,17610000000,6,UPDATESTANDBY
17810000000,1.000000000000000,1.000000000000000,0.000000000000000,1,0,0,155,17710000000,6,UPDATESTANDBY
17910000000,1.000000000000000,1.000000000000000,0.000000000000000,1,0,0,156,17811000000,6,UPDATESTANDBY
18010000000,1.000000000000000,1.000000000000000,0.000000000000000,1,0,0,157,17911000000,6,UPDATESTANDBY
18110000000,1.000000000000000,1.000000000000000,0.000000000000000,1,0,0,158,18010000000,6,UPDATESTANDBY
18210000000,1.000000000000000,1.000000000000000,0.000000000000000,1,0,0,159,18110000000,6,UPDATESTANDBY
18310000000,1.000000000000000,1.000000000000000,0.000000000000000,1,0,0,160,18211000000,7,UPDATESTANDBY
18410000000,1.000000000000000,1.000000000000000,0.000000000000000,1,0,0,161,18310000000,6,UPDATESTANDBY
18510000000,1.000000000000000,1.000000000000000,0.000000000000000,1,0,0,162,18410000000,6,UPDATESTANDBY
18610000000,1.000000000000000,1.000000000000000,0.000000000000000,1,0,0,163,18511000000,6,UPDATESTANDBY
18710000000,1.000000000000000,1.000000000000000,0.000000000000000,1,0,0,164,18611000000,6,UPDATESTANDBY
18811000000,1.000000000000000,1.000000000000000,0.000000000000000,1,0,0,165,18711000000,6,UPDATESTANDBY
18910000000,1.000000000000000,1.000000000000000,0.000000000000000,1,0,0,166,18811000000,6,UPDATESTANDBY
19010000000,1.000000000000000,1.000000000000000,0.000000000000000,1,0,0,167,18911000000,6,UPDATESTANDBY
19110000000,1.000000000000000,1.000000000000000,0.000000000000000,1,0,0,168,19010000000,6,UPDATESTANDBY
19210000000,1.000000000000000,1.000000000000000,0.000000000000000,1,0,0,169,19110000000,6,UPDATESTANDBY
19311000000,1.000000000000000,1.000000000000000,0.000000000000000,1,0,0,170,19210000000,7,UPDATESTANDBY
19410000000,1.000000000000000,1.000000000000000,0.000000000000000,1,0,0,171,19311000000,6,UPDATESTANDBY
19511000000,1.000000000000000,1.000000000000000,0.000000000000000,1,0,0,172,19411000000,6,UPDATESTANDBY
19610000000,1.000000000000000,1.000000000000000,0.000000000000000,1,0,0,173,19511000000,6,UPDATESTANDBY
19710000000,1.000000000000000,1.000000000000000,0.000000000000000,1,0,0,174,19610000000,6,UPDATESTANDBY
19810000000,1.000000000000000,1.000000000000000,0.000000000000000,1,0,0,175,19710000000,6,UPDATESTANDBY
19910000000,1.000000000000000,1.000000000000000,0.000000000000000,1,0,0,176,19811000000,6,UPDATESTANDBY
20010000000,1.000000000000000,1.000000000000000,0.000000000000000,1,0,0,177,19910000000,6,UPDATESTANDBY
20110000000,1.000000000000000,1.000000000000000,0.000000000000000,1,0,0,178,20010000000,6,UPDATESTANDBY
20210000000,1.000000000000000,1.000000000000000,0.000000000000000,1,0,0,179,20110000000,6,UPDATESTANDBY
20311000000,1.000000000000000,1.000000000000000,0.000000000000000,1,0,0,180,20210000000,7,UPDATESTANDBY
20411000000,1.000000000000000,1.000000000000000,0.000000000000000,1,0,0,181,20311000000,6,UPDATESTANDBY
20510000000,1.000000000000000,1.000000000000000,0.000000000000000,1,0,0,182,20411000000,6,UPDATESTANDBY
20610000000,1.000000000000000,1.000000000000000,0.000000000000000,1,0,0,183,20510000000,6,UPDATESTANDBY
20710000000,1.000000000000000,1.000000000000000,0.000000000000000,1,0,0,184,20611000000,6,UPDATESTANDBY
20810000000,1.000000000000000,1.000000000000000,0.000000000000000,1,0,0,185,20710000000,6,UPDATESTANDBY
20910000000,1.000000000000000,1.000000000000000,0.000000000000000,1,0,0,186,20810000000,6,UPDATESTANDBY
21010000000,1.000000000000000,1.000000000000000,0.000000000000000,1,0,0,187,20911000000,6,UPDATESTANDBY
21110000000,1.000000000000000,1.000000000000000,0.000000000000000,1,0,0,188,21010000000,6,UPDATESTANDBY
21210000000,1.000000000000000,1.000000000000000,0.000000000000000,1,0,0,189,21110000000,6,UPDATESTANDBY
21310000000,1.000000000000000,1.000000000000000,0.000000000000000,1,0,0,190,21210000000,7,UPDATESTANDBY
21410000000,1.000000000000000,1.000000000000000,0.000000000000000,1,0,0,191,21310000000,6,UPDATESTANDBY
21510000000,1.000000000000000,1.000000000000000,0.000000000000000,1,0,0,192,21410000000,6,UPDATESTANDBY
21610000000,1.000000000000000,1.000000000000000,0.000000000000000,1,0,0,193,21510000000,6,UPDATESTANDBY
21710000000,1.000000000000000,1.000000000000000,0.000000000000000,1,0,0,194,21610000000,6,UPDATESTANDBY
21810000000,1.000000000000000,1.000000000000000,0.000000000000000,1,0,0,195,21711000000,6,UPDATESTANDBY
21910000000,1.000000000000000,1.000000000000000,0.000000000000000,1,0,0,196,21810000000,6,UPDATESTANDBY
22010000000,1.000000000000000,1.000000000000000,0.000000000000000,1,0,0,197,21911000000,6,UPDATESTANDBY
22110000000,1.000000000000000,1.000000000000000,0.000000000000000,1,0,0,198,22010000000,6,UPDATESTANDBY
22210000000,1.000000000000000,1.000000000000000,0.000000000000000,1,0,0,199,22110000000,6,UPDATESTANDBY
22310000000,1.000000000000000,1.000000000000000,0.000000000000000,1,0,0,200,22210000000,7,UPDATESTANDBY
22410000000,1.000000000000000,1.000000000000000,0.000000000000000,1,0,0,201,22311000000,6,UPDATESTANDBY
22510000000,1.000000000000000,1.000000000000000,0.000000000000000,1,0,0,202,22410000000,6,UPDATESTANDBY
22611000000,1.000000000000000,1.000000000000000,0.000000000000000,1,0,0,203,22511000000,6,UPDATESTANDBY
22710000000,1.000000000000000,1.000000000000000,0.000000000000000,1,0,0,204,22611000000,6,UPDATESTANDBY
22810000000,1.000000000000000,1.000000000000000,0.000000000000000,1,0,0,205,22710000000,6,UPDATESTANDBY
22910000000,1.000000000000000,1.000000000000000,0.000000000000000,1,0,0,206,22810000000,6,UPDATESTANDBY
23010000000,1.000000000000000,1.000000000000000,0.000000000000000,1,0,0,207,22910000000,6,UPDATESTANDBY
23110000000,1.000000000000000,1.000000000000000,0.000000000000000,1,0,0,208,23010000000,6,UPDATESTANDBY
23210000000,1.000000000000000,1.000000000000000,0.000000000000000,1,0,0,209,23110000000,6,UPDATESTANDBY
23310000000,1.000000000000000,1.000000000000000,0.000000000000000,1,0,0,210,23210000000,7,UPDATESTANDBY
23410000000,1.000000000000000,1.000000000000000,0.000000000000000,1,0,0,211,23310000000,6,UPDATESTANDBY
23510000000,1.000000000000000,1.000000000000000,0.000000000000000,1,0,0,212,23411000000,6,UPDATESTANDBY
23611000000,1.000000000000000,1.000000000000000,0.000000000000000,1,0,0,213,23511000000,6,UPDATESTANDBY
23711000000,1.000000000000000,1.000000000000000,0.000000000000000,1,0,0,214,23611000000,6,UPDATESTANDBY
23810000000,1.000000000000000,1.000000000000000,0.000000000000000,1,0,0,215,23711000000,6,UPDATESTANDBY
23910000000,1.000000000000000,1.000000000000000,0.000000000000000,1,0,0,216,23811000000,6,UPDATESTANDBY
24010000000,1.000000000000000,1.000000000000000,0.000000000000000,1,0,0,217,23910000000,6,UPDATESTANDBY
24110000000,1.000000000000000,1.000000000000000,0.000000000000000,1,0,0,218,24010000000,6,UPDATESTANDBY
24210000000,1.000000000000000,1.000000000000000,0.000000000000000,1,0,0,219,24110000000,6,UPDATESTANDBY
24310000000,1.000000000000000,1.000000000000000,0.000000000000000,1,0,0,220,24210000000,7,UPDATESTANDBY
24410000000,1.000000000000000,1.000000000000000,0.000000000000000,1,0,0,221,24310000000,6,UPDATESTANDBY
24510000000,1.000000000000000,1.000000000000000,0.000000000000000,1,0,0,222,24410000000,6,UPDATESTANDBY
24610000000,1.000000000000000,1.000000000000000,0.000000000000000,1,0,0,223,24510000000,6,UPDATESTANDBY
24710000000,1.000000000000000,1.000000000000000,0.000000000000000,1,0,0,224,24610000000,6,UPDATESTANDBY
24810000000,1.000000000000000,1.000000000000000,0.000000000000000,1,0,0,225,24710000000,6,UPDATESTANDBY
24910000000,1.000000000000000,1.000000000000000,0.000000000000000,1,0,0,226,24810000000,6,UPDATESTANDBY
25010000000,1.000000000000000,1.000000000000000,0.000000000000000,1,0,0,227,24916000000,6,UPDATESTANDBY
25110000000,1.000000000000000,1.000000000000000,0.000000000000000,1,0,0,228,25011000000,6,UPDATESTANDBY
25210000000,1.000000000000000,1.000000000000000,0.000000000000000,1,0,0,229,25111000000,6,UPDATESTANDBY
25310000000,1.000000000000000,1.000000000000000,0.000000000000000,1,0,0,230,25210000000,7,UPDATESTANDBY
25410000000,1.000000000000000,1.000000000000000,0.000000000000000,1,0,0,231,25310000000,6,UPDATESTANDBY
25510000000,1.000000000000000,1.000000000000000,0.000000000000000,1,0,0,232,25411000000,6,UPDATESTANDBY
25610000000,1.000000000000000,1.000000000000000,0.000000000000000,1,0,0,233,25510000000,6,UPDATESTANDBY
25710000000,1.000000000000000,1.000000000000000,0.000000000000000,1,0,0,234,25611000000,6,UPDATESTANDBY
25810000000,1.000000000000000,1.000000000000000,0.000000000000000,1,0,0,235,25711000000,6,UPDATESTANDBY
25910000000,1.000000000000000,1.000000000000000,0.000000000000000,1,0,0,236,25811000000,6,UPDATESTANDBY
26013000000,1.000000000000000,1.000000000000000,0.000000000000000,1,0,0,237,25911000000,6,UPDATESTANDBY
26110000000,1.000000000000000,1.000000000000000,0.000000000000000,1,0,0,238,26013000000,6,UPDATESTANDBY
26210000000,1.000000000000000,1.000000000000000,0.000000000000000,1,0,0,239,26110000000,6,UPDATESTANDBY
26310000000,1.000000000000000,1.000000000000000,0.000000000000000,1,0,0,240,26210000000,7,UPDATESTANDBY
26410000000,1.000000000000000,1.000000000000000,0.000000000000000,1,0,0,241,26311000000,6,UPDATESTANDBY
26510000000,1.000000000000000,1.000000000000000,0.000000000000000,1,0,0,242,26410000000,6,UPDATESTANDBY
26610000000,1.000000000000000,1.000000000000000,0.000000000000000,1,0,0,243,26511000000,6,UPDATESTANDBY
26710000000,1.000000000000000,1.000000000000000,0.000000000000000,1,0,0,244,26611000000,6,UPDATESTANDBY
26810000000,1.000000000000000,1.000000000000000,0.000000000000000,1,0,0,245,26710000000,6,UPDATESTANDBY
26911000000,1.000000000000000,1.000000000000000,0.000000000000000,1,0,0,246,26811000000,6,UPDATESTANDBY
27010000000,1.000000000000000,1.000000000000000,0.000000000000000,1,0,0,247,26911000000,6,UPDATESTANDBY
27110000000,1.000000000000000,1.000000000000000,0.000000000000000,1,0,0,248,27011000000,6,UPDATESTANDBY
27210000000,1.000000000000000,1.000000000000000,0.000000000000000,1,0,0,249,27111000000,6,UPDATESTANDBY
27310000000,1.000000000000000,1.000000000000000,0.000000000000000,1,0,0,250,27211000000,7,UPDATESTANDBY
27410000000,1.000000000000000,1.000000000000000,0.000000000000000,1,0,0,251,27311000000,6,UPDATESTANDBY
27510000000,1.000000000000000,1.000000000000000,0.000000000000000,1,0,0,252,27411000000,6,UPDATESTANDBY
27610000000,1.000000000000000,1.000000000000000,0.000000000000000,1,0,0,253,27510000000,6,UPDATESTANDBY
27710000000,1.000000000000000,1.000000000000000,0.000000000000000,1,0,0,254,27611000000,6,UPDATESTANDBY
27810000000,1.000000000000000,1.000000000000000,0.000000000000000,1,0,0,255,27711000000,6,UPDATESTANDBY
27910000000,1.000000000000000,1.000000000000000,0.000000000000000,1,0,0,256,27810000000,6,UPDATESTANDBY
28010000000,1.000000000000000,1.000000000000000,0.000000000000000,1,0,0,257,27911000000,6,UPDATESTANDBY
28110000000,1.000000000000000,1.000000000000000,0.000000000000000,1,0,0,258,28011000000,6,UPDATESTANDBY
28210000000,1.000000000000000,1.000000000000000,0.000000000000000,1,0,0,259,28110000000,6,UPDATESTANDBY
28310000000,1.000000000000000,1.000000000000000,0.000000000000000,1,0,0,260,28210000000,7,UPDATESTANDBY
28411000000,1.000000000000000,1.000000000000000,0.000000000000000,1,0,0,261,28311000000,6,UPDATESTANDBY
28511000000,1.000000000000000,1.000000000000000,0.000000000000000,1,0,0,262,28412000000,6,UPDATESTANDBY
28610000000,1.000000000000000,1.000000000000000,0.000000000000000,1,0,0,263,28511000000,6,UPDATESTANDBY
28711000000,1.000000000000000,1.000000000000000,0.000000000000000,1,0,0,264,28611000000,6,UPDATESTANDBY
28810000000,1.000000000000000,1.000000000000000,0.000000000000000,1,0,0,265,28711000000,6,UPDATESTANDBY
28911000000,1.000000000000000,1.000000000000000,0.000000000000000,1,0,0,266,28810000000,6,UPDATESTANDBY
29010000000,1.000000000000000,1.000000000000000,0.000000000000000,1,0,0,267,28911000000,6,UPDATESTANDBY
29110000000,1.000000000000000,1.000000000000000,0.000000000000000,1,0,0,268,29010000000,6,UPDATESTANDBY
29211000000,1.000000000000000,1.000000000000000,0.000000000000000,1,0,0,269,29110000000,6,UPDATESTANDBY
29310000000,1.000000000000000,1.000000000000000,0.000000000000000,1,0,0,270,29211000000,7,UPDATESTANDBY
29410000000,1.000000000000000,1.000000000000000,0.000000000000000,1,0,0,271,29311000000,6,UPDATESTANDBY
29510000000,1.000000000000000,1.000000000000000,0.000000000000000,1,0,0,272,29410000000,6,UPDATESTANDBY
29610000000,1.000000000000000,1.000000000000000,0.000000000000000,1,0,0,273,29510000000,6,UPDATESTANDBY
29710000000,1.000000000000000,1.000000000000000,0.000000000000000,1,0,0,274,29610000000,6,UPDATESTANDBY
29810000000,1.000000000000000,1.000000000000000,0.000000000000000,1,0,0,275,29710000000,6,UPDATESTANDBY
29910000000,1.000000000000000,1.000000000000000,0.000000000000000,1,0,0,276,29810000000,6,UPDATESTANDBY
30010000000,1.000000000000000,1.000000000000000,0.000000000000000,1,0,0,277,29910000000,6,UPDATESTANDBY
30110000000,1.000000000000000,1.000000000000000,0.000000000000000,1,0,0,278,30010000000,6,UPDATESTANDBY
30210000000,1.000000000000000,1.000000000000000,0.000000000000000,1,0,0,279,30110000000,6,UPDATESTANDBY
30310000000,1.000000000000000,1.000000000000000,0.000000000000000,1,0,0,280,30211000000,7,UPDATESTANDBY
30410000000,1.000000000000000,1.000000000000000,0.000000000000000,1,0,0,281,30310000000,6,UPDATESTANDBY
30510000000,1.000000000000000,1.000000000000000,0.000000000000000,1,0,0,282,30410000000,6,UPDATESTANDBY
30610000000,1.000000000000000,1.000000000000000,0.000000000000000,1,0,0,283,30510000000,6,UPDATESTANDBY
30710000000,1.000000000000000,1.000000000000000,0.000000000000000,1,0,0,284,30610000000,6,UPDATESTANDBY
30810000000,1.000000000000000,1.000000000000000,0.000000000000000,1,0,0,285,30710000000,6,UPDATESTANDBY
30910000000,1.000000000000000,1.000000000000000,0.000000000000000,1,0,0,286,30811000000,6,UPDATESTANDBY
31010000000,1.000000000000000,1.000000000000000,0.000000000000000,1,0,0,287,30911000000,6,UPDATESTANDBY
31110000000,1.000000000000000,1.000000000000000,0.000000000000000,1,0,0,288,31010000000,6,UPDATESTANDBY
31210000000,1.000000000000000,1.000000000000000,0.000000000000000,1,0,0,289,31110000000,6,UPDATESTANDBY
31310000000,1.000000000000000,1.000000000000000,0.000000000000000,1,0,0,290,31211000000,7,UPDATESTANDBY
31410000000,1.000000000000000,1.000000000000000,0.000000000000000,1,0,0,291,31310000000,6,UPDATESTANDBY
31510000000,1.000000000000000,1.000000000000000,0.000000000000000,1,0,0,292,31410000000,6,UPDATESTANDBY
31610000000,1.000000000000000,1.000000000000000,0.000000000000000,1,0,0,293,31510000000,6,UPDATESTANDBY
31711000000,1.000000000000000,1.000000000000000,0.000000000000000,1,0,0,294,31611000000,6,UPDATESTANDBY
31810000000,1.000000000000000,1.000000000000000,0.000000000000000,1,0,0,295,31711000000,6,UPDATESTANDBY
31910000000,1.000000000000000,1.000000000000000,0.000000000000000,1,0,0,296,31811000000,6,UPDATESTANDBY
32010000000,1.000000000000000,1.000000000000000,0.000000000000000,1,0,0,297,31910000000,6,UPDATESTANDBY
