2371000000,1.000000000000000,1.000000000000000,0.000000000000000,0,0,0,0,0,34,UPDATESTANDBY
2468000000,1.000000000000000,1.000000000000000,0.000000000000000,1,0,0,1,2372000000,7,UPDATESTANDBY
2568000000,1.000000000000000,1.000000000000000,0.000000000000000,1,0,0,2,2468000000,6,UPDATESTANDBY
2668000000,1.000000000000000,1.000000000000000,0.000000000000000,1,0,0,3,2568000000,6,UPDATESTANDBY
2768000000,1.000000000000000,1.000000000000000,0.000000000000000,1,0,0,4,2668000000,6,UPDATESTANDBY
2868000000,1.000000000000000,1.000000000000000,0.000000000000000,1,0,0,5,2768000000,6,UPDATESTANDBY
2968000000,1.000000000000000,1.000000000000000,0.000000000000000,1,0,0,6,2869000000,6,UPDATESTANDBY
3068000000,1.000000000000000,1.000000000000000,0.000000000000000,1,0,0,7,2968000000,6,UPDATESTANDBY
3168000000,1.000000000000000,1.000000000000000,0.000000000000000,1,0,0,8,3068000000,6,UPDATESTANDBY
3268000000,1.000000000000000,1.000000000000000,0.000000000000000,1,0,0,9,3168000000,6,UPDATESTANDBY
3368000000,1.000000000000000,1.000000000000000,0.000000000000000,1,0,0,10,3269000000,7,UPDATESTANDBY
3468000000,1.000000000000000,1.000000000000000,0.000000000000000,1,0,0,11,3369000000,6,UPDATESTANDBY
3568000000,1.000000000000000,1.000000000000000,0.000000000000000,1,0,0,12,3469000000,6,UPDATESTANDBY
3668000000,1.000000000000000,1.000000000000000,0.000000000000000,1,0,0,13,3568000000,6,UPDATESTANDBY
3769000000,1.000000000000000,1.000000000000000,0.000000000000000,1,0,0,14,3669000000,6,UPDATESTANDBY
3868000000,1.000000000000000,1.000000000000000,0.000000000000000,1,0,0,15,3769000000,6,UPDATESTANDBY
3968000000,1.000000000000000,1.000000000000000,0.000000000000000,1,0,0,16,3868000000,6,UPDATESTANDBY
4068000000,1.000000000000000,1.000000000000000,0.000000000000000,1,0,0,17,3968000000,6,UPDATESTANDBY
4168000000,1.000000000000000,1.000000000000000,0.000000000000000,1,0,0,18,4069000000,6,UPDATESTANDBY
4269000000,1.000000000000000,1.000000000000000,0.000000000000000,1,0,0,19,4168000000,6,UPDATESTANDBY
4368000000,1.000000000000000,1.000000000000000,0.000000000000000,1,0,0,20,4269000000,7,UPDATESTANDBY
4469000000,1.000000000000000,1.000000000000000,0.000000000000000,1,0,0,21,4369000000,6,UPDATESTANDBY
4568000000,1.000000000000000,1.000000000000000,0.000000000000000,1,0,0,22,4469000000,6,UPDATESTANDBY
4668000000,1.000000000000000,1.000000000000000,0.000000000000000,1,0,0,23,4569000000,6,UPDATESTANDBY
4768000000,1.000000000000000,1.000000000000000,0.000000000000000,1,0,0,24,4668000000,6,UPDATESTANDBY
4869000000,1.000000000000000,1.000000000000000,0.000000000000000,1,0,0,25,4768000000,6,UPDATESTANDBY
4969000000,1.000000000000000,1.000000000000000,0.000000000000000,1,0,0,26,4869000000,6,UPDATESTANDBY
5068000000,1.000000000000000,1.000000000000000,0.000000000000000,1,0,0,27,4969000000,6,UPDATESTANDBY
5168000000,1.000000000000000,1.000000000000000,0.000000000000000,1,0,0,28,5069000000,6,UPDATESTANDBY
5268000000,1.000000000000000,1.000000000000000,0.000000000000000,1,0,0,29,5169000000,6,UPDATESTANDBY
5368000000,1.000000000000000,1.000000000000000,0.000000000000000,1,0,0,30,5269000000,7,UPDATESTANDBY
5468000000,1.000000000000000,1.000000000000000,0.000000000000000,1,0,0,31,5369000000,6,UPDATESTANDBY
5568000000,1.000000000000000,1.000000000000000,0.000000000000000,1,0,0,32,5469000000,6,UPDATESTANDBY
5669000000,1.000000000000000,1.000000000000000,0.000000000000000,1,0,0,33,5569000000,6,UPDATESTANDBY
5768000000,1.000000000000000,1.000000000000000,0.000000000000000,1,0,0,34,5669000000,6,UPDATESTANDBY
5869000000,1.000000000000000,1.000000000000000,0.000000000000000,1,0,0,35,5769000000,6,UPDATESTANDBY
5968000000,1.000000000000000,1.000000000000000,0.000000000000000,1,0,0,36,5869000000,6,UPDATESTANDBY
6069000000,1.000000000000000,1.000000000000000,0.000000000000000,1,0,0,37,5968000000,6,UPDATESTANDBY
6168000000,1.000000000000000,1.000000000000000,0.000000000000000,1,0,0,38,6069000000,6,UPDATESTANDBY
6268000000,1.000000000000000,1.000000000000000,0.000000000000000,1,0,0,39,6169000000,6,UPDATESTANDBY
6368000000,1.000000000000000,1.000000000000000,0.000000000000000,1,0,0,40,6268000000,7,UPDATESTANDBY
6468000000,1.000000000000000,1.000000000000000,0.000000000000000,1,0,0,41,6368000000,6,UPDATESTANDBY
6568000000,1.000000000000000,1.000000000000000,0.000000000000000,1,0,0,42,6468000000,6,UPDATESTANDBY
6668000000,1.000000000000000,1.000000000000000,0.000000000000000,1,0,0,43,6568000000,6,UPDATESTANDBY
6768000000,1.000000000000000,1.000000000000000,0.000000000000000,1,0,0,44,6669000000,6,UPDATESTANDBY
6868000000,1.000000000000000,1.000000000000000,0.000000000000000,1,0,0,45,6769000000,6,UPDATESTANDBY
6968000000,1.000000000000000,1.000000000000000,0.000000000000000,1,0,0,46,6868000000,6,UPDATESTANDBY
7068000000,1.000000000000000,1.000000000000000,0.000000000000000,1,0,0,47,6969000000,6,UPDATESTANDBY
7168000000,1.000000000000000,1.000000000000000,0.000000000000000,1,0,0,48,7068000000,6,UPDATESTANDBY
7268000000,1.000000000000000,1.000000000000000,0.000000000000000,1,0,0,49,7169000000,6,UPDATESTANDBY
7368000000,1.000000000000000,1.000000000000000,0.000000000000000,1,0,0,50,7268000000,7,UPDATESTANDBY
7468000000,1.000000000000000,1.000000000000000,0.000000000000000,1,0,0,51,7369000000,6,UPDATESTANDBY
7568000000,1.000000000000000,1.000000000000000,0.000000000000000,1,0,0,52,7468000000,6,UPDATESTANDBY
7668000000,1.000000000000000,1.000000000000000,0.000000000000000,1,0,0,53,7568000000,6,UPDATESTANDBY
7768000000,1.000000000000000,1.000000000000000,0.000000000000000,1,0,0,54,7668000000,6,UPDATESTANDBY
7868000000,1.000000000000000,1.000000000000000,0.000000000000000,1,0,0,55,7769000000,6,UPDATESTANDBY
7968000000,1.000000000000000,1.000000000000000,0.000000000000000,1,0,0,56,7869000000,6,UPDATESTANDBY
8068000000,1.000000000000000,1.000000000000000,0.000000000000000,1,0,0,57,7968000000,6,UPDATESTANDBY
8168000000,1.000000000000000,1.000000000000000,0.000000000000000,1,0,0,58,8068000000,6,UPDATESTANDBY
8268000000,1.000000000000000,1.000000000000000,0.000000000000000,1,0,0,59,8169000000,6,UPDATESTANDBY
8368000000,1.000000000000000,1.000000000000000,0.000000000000000,1,0,0,60,8269000000,7,UPDATESTANDBY
8468000000,1.000000000000000,1.000000000000000,0.000000000000000,1,0,0,61,8369000000,6,UPDATESTANDBY
8568000000,1.000000000000000,1.000000000000000,0.000000000000000,1,0,0,62,8468000000,6,UPDATESTANDBY
8668000000,1.000000000000000,1.000000000000000,0.000000000000000,1,0,0,63,8569000000,6,UPDATESTANDBY
8768000000,1.000000000000000,1.000000000000000,0.000000000000000,1,0,0,64,8668000000,6,UPDATESTANDBY
8868000000,1.000000000000000,1.000000000000000,0.000000000000000,1,0,0,65,8768000000,6,UPDATESTANDBY
8968000000,1.000000000000000,1.000000000000000,0.000000000000000,1,0,0,66,8868000000,6,UPDATESTANDBY
9068000000,1.000000000000000,1.000000000000000,0.000000000000000,1,0,0,67,8969000000,6,UPDATESTANDBY
9168000000,1.000000000000000,1.000000000000000,0.000000000000000,1,0,0,68,9069000000,6,UPDATESTANDBY
9268000000,1.000000000000000,1.000000000000000,0.000000000000000,1,0,0,69,9168000000,6,UPDATESTANDBY
9369000000,1.000000000000000,1.000000000000000,0.000000000000000,1,0,0,70,9268000000,7,UPDATESTANDBY
9468000000,1.000000000000000,1.000000000000000,0.000000000000000,1,0,0,71,9370000000,6,UPDATESTANDBY
9569000000,1.000000000000000,1.000000000000000,0.000000000000000,1,0,0,72,9468000000,6,UPDATESTANDBY
9668000000,1.000000000000000,1.000000000000000,0.000000000000000,1,0,0,73,9569000000,6,UPDATESTANDBY
9768000000,1.000000000000000,1.000000000000000,0.000000000000000,1,0,0,74,9668000000,6,UPDATESTANDBY
9868000000,1.000000000000000,1.000000000000000,0.000000000000000,1,0,0,75,9769000000,6,UPDATESTANDBY
9968000000,1.000000000000000,1.000000000000000,0.000000000000000,1,0,0,76,9868000000,6,UPDATESTANDBY
10068000000,1.000000000000000,1.000000000000000,0.000000000000000,1,0,0,77,9969000000,6,UPDATESTANDBY
10168000000,1.000000000000000,1.000000000000000,0.000000000000000,1,0,0,78,10068000000,6,UPDATESTANDBY
10268000000,1.000000000000000,1.000000000000000,0.000000000000000,1,0,0,79,10168000000,6,UPDATESTANDBY
10368000000,1.000000000000000,1.000000000000000,0.000000000000000,1,0,0,80,10268000000,7,UPDATESTANDBY
10468000000,1.000000000000000,1.000000000000000,0.000000000000000,1,0,0,81,10369000000,6,UPDATESTANDBY
10568000000,1.000000000000000,1.000000000000000,0.000000000000000,1,0,0,82,10469000000,6,UPDATESTANDBY
10668000000,1.000000000000000,1.000000000000000,0.000000000000000,1,0,0,83,10569000000,6,UPDATESTANDBY
10768000000,1.000000000000000,1.000000000000000,0.000000000000000,1,0,0,84,10669000000,6,UPDATESTANDBY
10868000000,1.000000000000000,1.000000000000000,0.000000000000000,1,0,0,85,10769000000,6,UPDATESTANDBY
10968000000,1.000000000000000,1.000000000000000,0.000000000000000,1,0,0,86,10869000000,6,UPDATESTANDBY
11068000000,1.000000000000000,1.000000000000000,0.000000000000000,1,0,0,87,10969000000,6,UPDATESTANDBY
11168000000,1.000000000000000,1.000000000000000,0.000000000000000,1,0,0,88,11069000000,6,UPDATESTANDBY
11268000000,1.000000000000000,1.000000000000000,0.000000000000000,1,0,0,89,11169000000,6,UPDATESTANDBY
11368000000,1.000000000000000,1.000000000000000,0.000000000000000,1,0,0,90,11269000000,7,UPDATESTANDBY
11468000000,1.000000000000000,1.000000000000000,0.000000000000000,1,0,0,91,11368000000,6,UPDATESTANDBY
11568000000,1.000000000000000,1.000000000000000,0.000000000000000,1,0,0,92,11469000000,6,UPDATESTANDBY
11669000000,1.000000000000000,1.000000000000000,0.000000000000000,1,0,0,93,11569000000,6,UPDATESTANDBY
11769000000,1.000000000000000,1.000000000000000,0.000000000000000,1,0,0,94,11669000000,6,UPDATESTANDBY
11868000000,1.000000000000000,1.000000000000000,0.000000000000000,1,0,0,95,11769000000,6,UPDATESTANDBY
11968000000,1.000000000000000,1.000000000000000,0.000000000000000,1,0,0,96,11869000000,6,UPDATESTANDBY
12068000000,1.000000000000000,1.000000000000000,0.000000000000000,1,0,0,97,11969000000,6,UPDATESTANDBY
12168000000,1.000000000000000,1.000000000000000,0.000000000000000,1,0,0,98,12068000000,6,UPDATESTANDBY
12268000000,1.000000000000000,1.000000000000000,0.000000000000000,1,0,0,99,12169000000,6,UPDATESTANDBY
12368000000,1.000000000000000,1.000000000000000,0.000000000000000,1,0,0,100,12269000000,7,UPDATESTANDBY
12468000000,1.000000000000000,1.000000000000000,0.000000000000000,1,0,0,101,12368000000,6,UPDATESTANDBY
12568000000,1.000000000000000,1.000000000000000,0.000000000000000,1,0,0,102,12469000000,6,UPDATESTANDBY
12668000000,1.000000000000000,1.000000000000000,0.000000000000000,1,0,0,103,12568000000,6,UPDATESTANDBY
12769000000,1.000000000000000,1.000000000000000,0.000000000000000,1,0,0,104,12668000000,6,UPDATESTANDBY
12868000000,1.000000000000000,1.000000000000000,0.000000000000000,1,0,0,105,12769000000,6,UPDATESTANDBY
12968000000,1.000000000000000,1.000000000000000,0.000000000000000,1,0,0,106,12868000000,6,UPDATESTANDBY
13068000000,1.000000000000000,1.000000000000000,0.000000000000000,1,0,0,107,12969000000,6,UPDATESTANDBY
13168000000,1.000000000000000,1.000000000000000,0.000000000000000,1,0,0,108,13068000000,6,UPDATESTANDBY
13268000000,1.000000000000000,1.000000000000000,0.000000000000000,1,0,0,109,13168000000,6,UPDATESTANDBY
13369000000,1.000000000000000,1.000000000000000,0.000000000000000,1,0,0,110,13269000000,7,UPDATESTANDBY
13468000000,1.000000000000000,1.000000000000000,0.000000000000000,1,0,0,111,13370000000,6,UPDATESTANDBY
13569000000,1.000000000000000,1.000000000000000,0.000000000000000,1,0,0,112,13468000000,6,UPDATESTANDBY
13668000000,1.000000000000000,1.000000000000000,0.000000000000000,1,0,0,113,13569000000,6,UPDATESTANDBY
13768000000,1.000000000000000,1.000000000000000,0.000000000000000,1,0,0,114,13669000000,6,UPDATESTANDBY
13868000000,1.000000000000000,1.000000000000000,0.000000000000000,1,0,0,115,13769000000,6,UPDATESTANDBY
13968000000,1.000000000000000,1.000000000000000,0.000000000000000,1,0,0,116,13868000000,6,UPDATESTANDBY
14069000000,1.000000000000000,1.000000000000000,0.000000000000000,1,0,0,117,13969000000,6,UPDATESTANDBY
14171000000,1.000000000000000,1.000000000000000,0.000000000000000,1,0,0,118,14069000000,6,UPDATESTANDBY
14268000000,1.000000000000000,1.000000000000000,0.000000000000000,1,0,0,119,14171000000,6,UPDATESTANDBY
14368000000,1.000000000000000,1.000000000000000,0.000000000000000,1,0,0,120,14269000000,7,UPDATESTANDBY
14468000000,1.000000000000000,1.000000000000000,0.000000000000000,1,0,0,121,14368000000,6,UPDATESTANDBY
14568000000,1.000000000000000,1.000000000000000,0.000000000000000,1,0,0,122,14469000000,6,UPDATESTANDBY
14668000000,1.000000000000000,1.000000000000000,0.000000000000000,1,0,0,123,14568000000,6,UPDATESTANDBY
14768000000,1.000000000000000,1.000000000000000,0.000000000000000,1,0,0,124,14668000000,6,UPDATESTANDBY
14868000000,1.000000000000000,1.000000000000000,0.000000000000000,1,0,0,125,14768000000,6,UPDATESTANDBY
14968000000,1.000000000000000,1.000000000000000,0.000000000000000,1,0,0,126,14869000000,6,UPDATESTANDBY
15069000000,1.000000000000000,1.000000000000000,0.000000000000000,1,0,0,127,14968000000,6,UPDATESTANDBY
15168000000,1.000000000000000,1.000000000000000,0.000000000000000,1,0,0,128,15069000000,6,UPDATESTANDBY
15268000000,1.000000000000000,1.000000000000000,0.000000000000000,1,0,0,129,15168000000,6,UPDATESTANDBY
15368000000,1.000000000000000,1.000000000000000,0.000000000000000,1,0,0,130,15268000000,7,UPDATESTANDBY
15468000000,1.000000000000000,1.000000000000000,0.000000000000000,1,0,0,131,15369000000,6,UPDATESTANDBY
15568000000,1.000000000000000,1.000000000000000,0.000000000000000,1,0,0,132,15468000000,6,UPDATESTANDBY
15668000000,1.000000000000000,1.000000000000000,0.000000000000000,1,0,0,133,15569000000,6,UPDATESTANDBY
15768000000,1.000000000000000,1.000000000000000,0.000000000000000,1,0,0,134,15668000000,6,UPDATESTANDBY
15868000000,1.000000000000000,1.000000000000000,0.000000000000000,1,0,0,135,15769000000,6,UPDATESTANDBY
15968000000,1.000000000000000,1.000000000000000,0.000000000000000,1,0,0,136,15869000000,6,UPDATESTANDBY
16069000000,1.000000000000000,1.000000000000000,0.000000000000000,1,0,0,137,15970000000,6,UPDATESTANDBY
16168000000,1.000000000000000,1.000000000000000,0.000000000000000,1,0,0,138,16070000000,6,UPDATESTANDBY
16269000000,1.000000000000000,1.000000000000000,0.000000000000000,1,0,0,139,16168000000,6,UPDATESTANDBY
16368000000,1.000000000000000,1.000000000000000,0.000000000000000,1,0,0,140,16269000000,7,UPDATESTANDBY
16468000000,1.000000000000000,1.000000000000000,0.000000000000000,1,0,0,141,16368000000,6,UPDATESTANDBY
16568000000,1.000000000000000,1.000000000000000,0.000000000000000,1,0,0,142,16468000000,6,UPDATESTANDBY
16668000000,1.000000000000000,1.000000000000000,0.000000000000000,1,0,0,143,16568000000,6,UPDATESTANDBY
16768000000,1.000000000000000,1.000000000000000,0.000000000000000,1,0,0,144,16668000000,6,UPDATESTANDBY
16868000000,1.000000000000000,1.000000000000000,0.000000000000000,1,0,0,145,16768000000,6,UPDATESTANDBY
16968000000,1.000000000000000,1.000000000000000,0.000000000000000,1,0,0,146,16868000000,6,UPDATESTANDBY
17070000000,1.000000000000000,1.000000000000000,0.000000000000000,1,0,0,147,16968000000,6,UPDATESTANDBY
17169000000,1.000000000000000,1.000000000000000,0.000000000000000,1,0,0,148,17070000000,6,UPDATESTANDBY
17268000000,1.000000000000000,1.000000000000000,0.000000000000000,1,0,0,149,17169000000,6,UPDATESTANDBY
17369000000,1.000000000000000,1.000000000000000,0.000000000000000,1,0,0,150,17268000000,7,UPDATESTANDBY
17468000000,1.000000000000000,1.000000000000000,0.000000000000000,1,0,0,151,17369000000,6,UPDATESTANDBY
17569000000,1.000000000000000,1.000000000000000,0.000000000000000,1,0,0,152,17468000000,6,UPDATESTANDBY
17668000000,1.000000000000000,1.000000000000000,0.000000000000000,1,0,0,153,17569000000,6,UPDATESTANDBY
17768000000,1.000000000000000,1.000000000000000,0.000000000000000,1,0,0,154,17668000000,6,UPDATESTANDBY
17868000000,1.000000000000000,1.000000000000000,0.000000000000000,1,0,0,155,17768000000,6,UPDATESTANDBY
17968000000,1.000000000000000,1.000000000000000,0.000000000000000,1,0,0,156,17869000000,6,UPDATESTANDBY
18068000000,1.000000000000000,1.000000000000000,0.000000000000000,1,0,0,157,17968000000,6,UPDATESTANDBY
18168000000,1.000000000000000,1.000000000000000,0.000000000000000,1,0,0,158,18068000000,6,UPDATESTANDBY
18268000000,1.000000000000000,1.000000000000000,0.000000000000000,1,0,0,159,18169000000,6,UPDATESTANDBY
18368000000,1.000000000000000,1.000000000000000,0.000000000000000,1,0,0,160,18268000000,7,UPDATESTANDBY
18469000000,1.000000000000000,1.000000000000000,0.000000000000000,1,0,0,161,18368000000,6,UPDATESTANDBY
18569000000,1.000000000000000,1.000000000000000,0.000000000000000,1,0,0,162,18469000000,6,UPDATESTANDBY
18668000000,1.000000000000000,1.000000000000000,0.000000000000000,1,0,0,163,18569000000,6,UPDATESTANDBY
18768000000,1.000000000000000,1.000000000000000,0.000000000000000,1,0,0,164,18669000000,6,UPDATESTANDBY
18869000000,1.000000000000000,1.000000000000000,0.000000000000000,1,0,0,165,18768000000,6,UPDATESTANDBY
18968000000,1.000000000000000,1.000000000000000,0.000000000000000,1,0,0,166,18870000000,6,UPDATESTANDBY
19068000000,1.000000000000000,1.000000000000000,0.000000000000000,1,0,0,167,18969000000,6,UPDATESTANDBY
19168000000,1.000000000000000,1.000000000000000,0.000000000000000,1,0,0,168,19068000000,6,UPDATESTANDBY
19268000000,1.000000000000000,1.000000000000000,0.000000000000000,1,0,0,169,19168000000,6,UPDATESTANDBY
19368000000,1.000000000000000,1.000000000000000,0.000000000000000,1,0,0,170,19268000000,7,UPDATESTANDBY
19468000000,1.000000000000000,1.000000000000000,0.000000000000000,1,0,0,171,19369000000,6,UPDATESTANDBY
19568000000,1.000000000000000,1.000000000000000,0.000000000000000,1,0,0,172,19469000000,6,UPDATESTANDBY
19668000000,1.000000000000000,1.000000000000000,0.000000000000000,1,0,0,173,19568000000,6,UPDATESTANDBY
19769000000,1.000000000000000,1.000000000000000,0.000000000000000,1,0,0,174,19668000000,6,UPDATESTANDBY
19868000000,1.000000000000000,1.000000000000000,0.000000000000000,1,0,0,175,19770000000,6,UPDATESTANDBY
19968000000,1.000000000000000,1.000000000000000,0.000000000000000,1,0,0,176,19869000000,6,UPDATESTANDBY
20069000000,1.000000000000000,1.000000000000000,0.000000000000000,1,0,0,177,19969000000,6,UPDATESTANDBY
20168000000,1.000000000000000,1.000000000000000,0.000000000000000,1,0,0,178,20069000000,6,UPDATESTANDBY
20268000000,1.000000000000000,1.000000000000000,0.000000000000000,1,0,0,179,20169000000,6,UPDATESTANDBY
20368000000,1.000000000000000,1.000000000000000,0.000000000000000,1,0,0,180,20268000000,7,UPDATESTANDBY
20469000000,1.000000000000000,1.000000000000000,0.000000000000000,1,0,0,181,20368000000,6,UPDATESTANDBY
20568000000,1.000000000000000,1.000000000000000,0.000000000000000,1,0,0,182,20469000000,6,UPDATESTANDBY
20668000000,1.000000000000000,1.000000000000000,0.000000000000000,1,0,0,183,20568000000,6,UPDATESTANDBY
20769000000,1.000000000000000,1.000000000000000,0.000000000000000,1,0,0,184,20668000000,6,UPDATESTANDBY
20869000000,1.000000000000000,1.000000000000000,0.000000000000000,1,0,0,185,20769000000,6,UPDATESTANDBY
20968000000,1.000000000000000,1.000000000000000,0.000000000000000,1,0,0,186,20869000000,6,UPDATESTANDBY
21068000000,1.000000000000000,1.000000000000000,0.000000000000000,1,0,0,187,20968000000,6,UPDATESTANDBY
21169000000,1.000000000000000,1.000000000000000,0.000000000000000,1,0,0,188,21068000000,6,UPDATESTANDBY
21268000000,1.000000000000000,1.000000000000000,0.000000000000000,1,0,0,189,21169000000,6,UPDATESTANDBY
21368000000,1.000000000000000,1.000000000000000,0.000000000000000,1,0,0,190,21268000000,7,UPDATESTANDBY
21468000000,1.000000000000000,1.000000000000000,0.000000000000000,1,0,0,191,21368000000,6,UPDATESTANDBY
21568000000,1.000000000000000,1.000000000000000,0.000000000000000,1,0,0,192,21469000000,6,UPDATESTANDBY
21669000000,1.000000000000000,1.000000000000000,0.000000000000000,1,0,0,193,21569000000,6,UPDATESTANDBY
21768000000,1.000000000000000,1.000000000000000,0.000000000000000,1,0,0,194,21669000000,6,UPDATESTANDBY
21868000000,1.000000000000000,1.000000000000000,0.000000000000000,1,0,0,195,21768000000,6,UPDATESTANDBY
21969000000,1.000000000000000,1.000000000000000,0.000000000000000,1,0,0,196,21869000000,6,UPDATESTANDBY
22068000000,1.000000000000000,1.000000000000000,0.000000000000000,1,0,0,197,21969000000,6,UPDATESTANDBY
22168000000,1.000000000000000,1.000000000000000,0.000000000000000,1,0,0,198,22069000000,6,UPDATESTANDBY
22268000000,1.000000000000000,1.000000000000000,0.000000000000000,1,0,0,199,22168000000,6,UPDATESTANDBY
22369000000,1.000000000000000,1.000000000000000,0.000000000000000,1,0,0,200,22268000000,7,UPDATESTANDBY
22468000000,1.000000000000000,1.000000000000000,0.000000000000000,1,0,0,201,22369000000,6,UPDATESTANDBY
22568000000,1.000000000000000,1.000000000000000,0.000000000000000,1,0,0,202,22468000000,6,UPDATESTANDBY
22668000000,1.000000000000000,1.000000000000000,0.000000000000000,1,0,0,203,22568000000,6,UPDATESTANDBY
22770000000,1.000000000000000,1.000000000000000,0.000000000000000,1,0,0,204,22689000000,6,UPDATESTANDBY
22868000000,1.000000000000000,1.000000000000000,0.000000000000000,1,0,0,205,22770000000,6,UPDATESTANDBY
22968000000,1.000000000000000,1.000000000000000,0.000000000000000,1,0,0,206,22868000000,6,UPDATESTANDBY
23069000000,1.000000000000000,1.000000000000000,0.000000000000000,1,0,0,207,22969000000,6,UPDATESTANDBY
23168000000,1.000000000000000,1.000000000000000,0.000000000000000,1,0,0,208,23069000000,6,UPDATESTANDBY
23268000000,1.000000000000000,1.000000000000000,0.000000000000000,1,0,0,209,23169000000,6,UPDATESTANDBY
23369000000,1.000000000000000,1.000000000000000,0.000000000000000,1,0,0,210,23269000000,7,UPDATESTANDBY
23468000000,1.000000000000000,1.000000000000000,0.000000000000000,1,0,0,211,23369000000,6,UPDATESTANDBY
23568000000,1.000000000000000,1.000000000000000,0.000000000000000,1,0,0,212,23468000000,6,UPDATESTANDBY
23668000000,1.000000000000000,1.000000000000000,0.000000000000000,1,0,0,213,23569000000,6,UPDATESTANDBY
23768000000,1.000000000000000,1.000000000000000,0.000000000000000,1,0,0,214,23669000000,6,UPDATESTANDBY
23868000000,1.000000000000000,1.000000000000000,0.000000000000000,1,0,0,215,23768000000,6,UPDATESTANDBY
23968000000,1.000000000000000,1.000000000000000,0.000000000000000,1,0,0,216,23868000000,6,UPDATESTANDBY
24068000000,1.000000000000000,1.000000000000000,0.000000000000000,1,0,0,217,23969000000,6,UPDATESTANDBY
24168000000,1.000000000000000,1.000000000000000,0.000000000000000,1,0,0,218,24068000000,6,UPDATESTANDBY
24268000000,1.000000000000000,1.000000000000000,0.000000000000000,1,0,0,219,24169000000,6,UPDATESTANDBY
24369000000,1.000000000000000,1.000000000000000,0.000000000000000,1,0,0,220,24269000000,7,UPDATESTANDBY
24468000000,1.000000000000000,1.000000000000000,0.000000000000000,1,0,0,221,24369000000,6,UPDATESTANDBY
24568000000,1.000000000000000,1.000000000000000,0.000000000000000,1,0,0,222,24469000000,6,UPDATESTANDBY
24668000000,1.000000000000000,1.000000000000000,0.000000000000000,1,0,0,223,24569000000,6,UPDATESTANDBY
24768000000,1.000000000000000,1.000000000000000,0.000000000000000,1,0,0,224,24669000000,6,UPDATESTANDBY
24868000000,1.000000000000000,1.000000000000000,0.000000000000000,1,0,0,225,24768000000,6,UPDATESTANDBY
24968000000,1.000000000000000,1.000000000000000,0.000000000000000,1,0,0,226,24868000000,6,UPDATESTANDBY
25068000000,1.000000000000000,1.000000000000000,0.000000000000000,1,0,0,227,24968000000,6,UPDATESTANDBY
25168000000,1.000000000000000,1.000000000000000,0.000000000000000,1,0,0,228,25068000000,6,UPDATESTANDBY
25268000000,1.000000000000000,1.000000000000000,0.000000000000000,1,0,0,229,25168000000,6,UPDATESTANDBY
25368000000,1.000000000000000,1.000000000000000,0.000000000000000,1,0,0,230,25268000000,7,UPDATESTANDBY
25469000000,1.000000000000000,1.000000000000000,0.000000000000000,1,0,0,231,25368000000,6,UPDATESTANDBY
25568000000,1.000000000000000,1.000000000000000,0.000000000000000,1,0,0,232,25469000000,6,UPDATESTANDBY
25668000000,1.000000000000000,1.000000000000000,0.000000000000000,1,0,0,233,25568000000,6,UPDATESTANDBY
25768000000,1.000000000000000,1.000000000000000,0.000000000000000,1,0,0,234,25668000000,6,UPDATESTANDBY
25868000000,1.000000000000000,1.000000000000000,0.000000000000000,1,0,0,235,25769000000,6,UPDATESTANDBY
25968000000,1.000000000000000,1.000000000000000,0.000000000000000,1,0,0,236,25868000000,6,UPDATESTANDBY
26068000000,1.000000000000000,1.000000000000000,0.000000000000000,1,0,0,237,25968000000,6,UPDATESTANDBY
26168000000,1.000000000000000,1.000000000000000,0.000000000000000,1,0,0,238,26068000000,6,UPDATESTANDBY
26269000000,1.000000000000000,1.000000000000000,0.000000000000000,1,0,0,239,26169000000,6,UPDATESTANDBY
26368000000,1.000000000000000,1.000000000000000,0.000000000000000,1,0,0,240,26269000000,7,UPDATESTANDBY
26469000000,1.000000000000000,1.000000000000000,0.000000000000000,1,0,0,241,26368000000,6,UPDATESTANDBY
26569000000,1.000000000000000,1.000000000000000,0.000000000000000,1,0,0,242,26469000000,6,UPDATESTANDBY
26668000000,1.000000000000000,1.000000000000000,0.000000000000000,1,0,0,243,26569000000,6,UPDATESTANDBY
26768000000,1.000000000000000,1.000000000000000,0.000000000000000,1,0,0,244,26669000000,6,UPDATESTANDBY
26868000000,1.000000000000000,1.000000000000000,0.000000000000000,1,0,0,245,26768000000,6,UPDATESTANDBY
26968000000,1.000000000000000,1.000000000000000,0.000000000000000,1,0,0,246,26868000000,6,UPDATESTANDBY
27068000000,1.000000000000000,1.000000000000000,0.000000000000000,1,0,0,247,26968000000,6,UPDATESTANDBY
27168000000,1.000000000000000,1.000000000000000,0.000000000000000,1,0,0,248,27068000000,6,UPDATESTANDBY
27268000000,1.000000000000000,1.000000000000000,0.000000000000000,1,0,0,249,27169000000,6,UPDATESTANDBY
27368000000,1.000000000000000,1.000000000000000,0.000000000000000,1,0,0,250,27270000000,7,UPDATESTANDBY
27468000000,1.000000000000000,1.000000000000000,0.000000000000000,1,0,0,251,27368000000,6,UPDATESTANDBY
27568000000,1.000000000000000,1.000000000000000,0.000000000000000,1,0,0,252,27468000000,6,UPDATESTANDBY
27668000000,1.000000000000000,1.000000000000000,0.000000000000000,1,0,0,253,27568000000,6,UPDATESTANDBY
27768000000,1.000000000000000,1.000000000000000,0.000000000000000,1,0,0,254,27669000000,6,UPDATESTANDBY
27868000000,1.000000000000000,1.000000000000000,0.000000000000000,1,0,0,255,27768000000,6,UPDATESTANDBY
27968000000,1.000000000000000,1.000000000000000,0.000000000000000,1,0,0,256,27869000000,6,UPDATESTANDBY
28068000000,1.000000000000000,1.000000000000000,0.000000000000000,1,0,0,257,27969000000,6,UPDATESTANDBY
28168000000,1.000000000000000,1.000000000000000,0.000000000000000,1,0,0,258,28068000000,6,UPDATESTANDBY
28268000000,1.000000000000000,1.000000000000000,0.000000000000000,1,0,0,259,28168000000,6,UPDATESTANDBY
28368000000,1.000000000000000,1.000000000000000,0.000000000000000,1,0,0,260,28268000000,7,UPDATESTANDBY
28468000000,1.000000000000000,1.000000000000000,0.000000000000000,1,0,0,261,28368000000,6,UPDATESTANDBY
28569000000,1.000000000000000,1.000000000000000,0.000000000000000,1,0,0,262,28468000000,6,UPDATESTANDBY
28668000000,1.000000000000000,1.000000000000000,0.000000000000000,1,0,0,263,28569000000,6,UPDATESTANDBY
28768000000,1.000000000000000,1.000000000000000,0.000000000000000,1,0,0,264,28668000000,6,UPDATESTANDBY
28868000000,1.000000000000000,1.000000000000000,0.000000000000000,1,0,0,265,28768000000,6,UPDATESTANDBY
28968000000,1.000000000000000,1.000000000000000,0.000000000000000,1,0,0,266,28869000000,6,UPDATESTANDBY
29068000000,1.000000000000000,1.000000000000000,0.000000000000000,1,0,0,267,28968000000,6,UPDATESTANDBY
29168000000,1.000000000000000,1.000000000000000,0.000000000000000,1,0,0,268,29068000000,6,UPDATESTANDBY
29268000000,1.000000000000000,1.000000000000000,0.000000000000000,1,0,0,269,29168000000,6,UPDATESTANDBY
29368000000,1.000000000000000,1.000000000000000,0.000000000000000,1,0,0,270,29268000000,7,UPDATESTANDBY
29468000000,1.000000000000000,1.000000000000000,0.000000000000000,1,0,0,271,29368000000,6,UPDATESTANDBY
29568000000,1.000000000000000,1.000000000000000,0.000000000000000,1,0,0,272,29468000000,6,UPDATESTANDBY
29668000000,1.000000000000000,1.000000000000000,0.000000000000000,1,0,0,273,29569000000,6,UPDATESTANDBY
29768000000,1.000000000000000,1.000000000000000,0.000000000000000,1,0,0,274,29669000000,6,UPDATESTANDBY
29868000000,1.000000000000000,1.000000000000000,0.000000000000000,1,0,0,275,29768000000,6,UPDATESTANDBY
29969000000,1.000000000000000,1.000000000000000,0.000000000000000,1,0,0,276,29868000000,6,UPDATESTANDBY
30068000000,1.000000000000000,1.000000000000000,0.000000000000000,1,0,0,277,29969000000,6,UPDATESTANDBY
30168000000,1.000000000000000,1.000000000000000,0.000000000000000,1,0,0,278,30069000000,6,UPDATESTANDBY
30268000000,1.000000000000000,1.000000000000000,0.000000000000000,1,0,0,279,30169000000,6,UPDATESTANDBY
30368000000,1.000000000000000,1.000000000000000,0.000000000000000,1,0,0,280,30268000000,7,UPDATESTANDBY
30468000000,1.000000000000000,1.000000000000000,0.000000000000000,1,0,0,281,30368000000,6,UPDATESTANDBY
30568000000,1.000000000000000,1.000000000000000,0.000000000000000,1,0,0,282,30468000000,6,UPDATESTANDBY
30668000000,1.000000000000000,1.000000000000000,0.000000000000000,1,0,0,283,30568000000,6,UPDATESTANDBY
30768000000,1.000000000000000,1.000000000000000,0.000000000000000,1,0,0,284,30668000000,6,UPDATESTANDBY
30868000000,1.000000000000000,1.000000000000000,0.000000000000000,1,0,0,285,30768000000,6,UPDATESTANDBY
30968000000,1.000000000000000,1.000000000000000,0.000000000000000,1,0,0,286,30868000000,6,UPDATESTANDBY
31068000000,1.000000000000000,1.000000000000000,0.000000000000000,1,0,0,287,30968000000,6,UPDATESTANDBY
31168000000,1.000000000000000,1.000000000000000,0.000000000000000,1,0,0,288,31069000000,6,UPDATESTANDBY
31268000000,1.000000000000000,1.000000000000000,0.000000000000000,1,0,0,289,31168000000,6,UPDATESTANDBY
31368000000,1.000000000000000,1.000000000000000,0.000000000000000,1,0,0,290,31268000000,7,UPDATESTANDBY
31468000000,1.000000000000000,1.000000000000000,0.000000000000000,1,0,0,291,31368000000,6,UPDATESTANDBY
31568000000,1.000000000000000,1.000000000000000,0.000000000000000,1,0,0,292,31468000000,6,UPDATESTANDBY
31668000000,1.000000000000000,1.000000000000000,0.000000000000000,1,0,0,293,31568000000,6,UPDATESTANDBY
31768000000,1.000000000000000,1.000000000000000,0.000000000000000,1,0,0,294,31668000000,6,UPDATESTANDBY
31868000000,1.000000000000000,1.000000000000000,0.000000000000000,1,0,0,295,31769000000,6,UPDATESTANDBY
31968000000,1.000000000000000,1.000000000000000,0.000000000000000,1,0,0,296,31869000000,6,UPDATESTANDBY
32068000000,1.000000000000000,1.000000000000000,0.000000000000000,1,0,0,297,31969000000,6,UPDATESTANDBY
32168000000,1.000000000000000,1.000000000000000,0.000000000000000,1,0,0,298,32068000000,6,UPDATESTANDBY
32268000000,1.000000000000000,1.000000000000000,0.000000000000000,1,0,0,299,32169000000,6,UPDATESTANDBY
32368000000,1.000000000000000,1.000000000000000,0.000000000000000,1,0,0,300,32269000000,7,UPDATESTANDBY
32468000000,1.000000000000000,1.000000000000000,0.000000000000000,1,0,0,301,32369000000,6,UPDATESTANDBY
32568000000,1.000000000000000,1.000000000000000,0.000000000000000,1,0,0,302,32468000000,6,UPDATESTANDBY
32668000000,1.000000000000000,1.000000000000000,0.000000000000000,1,0,0,303,32569000000,6,UPDATESTANDBY
32768000000,1.000000000000000,1.000000000000000,0.000000000000000,1,0,0,304,32668000000,6,UPDATESTANDBY
32868000000,1.000000000000000,1.000000000000000,0.000000000000000,1,0,0,305,32768000000,6,UPDATESTANDBY
32968000000,1.000000000000000,1.000000000000000,0.000000000000000,1,0,0,306,32868000000,6,UPDATESTANDBY
33068000000,1.000000000000000,1.000000000000000,0.000000000000000,1,0,0,307,32968000000,6,UPDATESTANDBY
33168000000,1.000000000000000,1.000000000000000,0.000000000000000,1,0,0,308,33068000000,6,UPDATESTANDBY
33268000000,1.000000000000000,1.000000000000000,0.000000000000000,1,0,0,309,33168000000,6,UPDATESTANDBY
33368000000,1.000000000000000,1.000000000000000,0.000000000000000,1,0,0,310,33269000000,7,UPDATESTANDBY
33468000000,1.000000000000000,1.000000000000000,0.000000000000000,1,0,0,311,33368000000,6,UPDATESTANDBY
33568000000,1.000000000000000,1.000000000000000,0.000000000000000,1,0,0,312,33468000000,6,UPDATESTANDBY
33668000000,1.000000000000000,1.000000000000000,0.000000000000000,1,0,0,313,33568000000,6,UPDATESTANDBY
33768000000,1.000000000000000,1.000000000000000,0.000000000000000,1,0,0,314,33669000000,6,UPDATESTANDBY
33868000000,1.000000000000000,1.000000000000000,0.000000000000000,1,0,0,315,33768000000,6,UPDATESTANDBY
33968000000,1.000000000000000,1.000000000000000,0.000000000000000,1,0,0,316,33869000000,6,UPDATESTANDBY
34068000000,1.000000000000000,1.000000000000000,0.000000000000000,1,0,0,317,33969000000,6,UPDATESTANDBY
34168000000,1.000000000000000,1.000000000000000,0.000000000000000,1,0,0,318,34069000000,6,UPDATESTANDBY
34268000000,1.000000000000000,1.000000000000000,0.000000000000000,1,0,0,319,34168000000,6,UPDATESTANDBY
34368000000,1.000000000000000,1.000000000000000,0.000000000000000,1,0,0,320,34269000000,7,UPDATESTANDBY
34469000000,1.000000000000000,1.000000000000000,0.000000000000000,1,0,0,321,34369000000,6,UPDATESTANDBY
34568000000,1.000000000000000,1.000000000000000,0.000000000000000,1,0,0,322,34469000000,6,UPDATESTANDBY
34668000000,1.000000000000000,1.000000000000000,0.000000000000000,1,0,0,323,34569000000,6,UPDATESTANDBY
34768000000,1.000000000000000,1.000000000000000,0.000000000000000,1,0,0,324,34668000000,6,UPDATESTANDBY
34868000000,1.000000000000000,1.000000000000000,0.000000000000000,1,0,0,325,34768000000,6,UPDATESTANDBY
34968000000,1.000000000000000,1.000000000000000,0.000000000000000,1,0,0,326,34869000000,6,UPDATESTANDBY
35068000000,1.000000000000000,1.000000000000000,0.000000000000000,1,0,0,327,34968000000,6,UPDATESTANDBY
35168000000,1.000000000000000,1.000000000000000,0.000000000000000,1,0,0,328,35069000000,6,UPDATESTANDBY
35268000000,1.000000000000000,1.000000000000000,0.000000000000000,1,0,0,329,35169000000,6,UPDATESTANDBY
35368000000,1.000000000000000,1.000000000000000,0.000000000000000,1,0,0,330,35269000000,7,UPDATESTANDBY
35468000000,1.000000000000000,1.000000000000000,0.000000000000000,1,0,0,331,35368000000,6,UPDATESTANDBY
35568000000,1.000000000000000,1.000000000000000,0.000000000000000,1,0,0,332,35468000000,6,UPDATESTANDBY
35668000000,1.000000000000000,1.000000000000000,0.000000000000000,1,0,0,333,35568000000,6,UPDATESTANDBY
35768000000,1.000000000000000,1.000000000000000,0.000000000000000,1,0,0,334,35668000000,6,UPDATESTANDBY
35868000000,1.000000000000000,1.000000000000000,0.000000000000000,1,0,0,335,35769000000,6,UPDATESTANDBY
35968000000,1.000000000000000,1.000000000000000,0.000000000000000,1,0,0,336,35868000000,6,UPDATESTANDBY
