2303000000,1.000000000000000,1.000000000000000,0.000000000000000,0,0,0,0,0,34,UPDATESTANDBY
2403000000,1.000000000000000,1.000000000000000,0.000000000000000,1,0,0,1,2304000000,7,UPDATESTANDBY
2503000000,1.000000000000000,1.000000000000000,0.000000000000000,1,0,0,2,2403000000,6,UPDATESTANDBY
2603000000,1.000000000000000,1.000000000000000,0.000000000000000,1,0,0,3,2503000000,6,UPDATESTANDBY
2703000000,1.000000000000000,1.000000000000000,0.000000000000000,1,0,0,4,2603000000,6,UPDATESTANDBY
2803000000,1.000000000000000,1.000000000000000,0.000000000000000,1,0,0,5,2703000000,6,UPDATESTANDBY
2903000000,1.000000000000000,1.000000000000000,0.000000000000000,1,0,0,6,2803000000,6,UPDATESTANDBY
3003000000,1.000000000000000,1.000000000000000,0.000000000000000,1,0,0,7,2904000000,6,UPDATESTANDBY
3103000000,1.000000000000000,1.000000000000000,0.000000000000000,1,0,0,8,3003000000,6,UPDATESTANDBY
3203000000,1.000000000000000,1.000000000000000,0.000000000000000,1,0,0,9,3103000000,6,UPDATESTANDBY
3303000000,1.000000000000000,1.000000000000000,0.000000000000000,1,0,0,10,3204000000,7,UPDATESTANDBY
3403000000,1.000000000000000,1.000000000000000,0.000000000000000,1,0,0,11,3304000000,6,UPDATESTANDBY
3503000000,1.000000000000000,1.000000000000000,0.000000000000000,1,0,0,12,3404000000,6,UPDATESTANDBY
3603000000,1.000000000000000,1.000000000000000,0.000000000000000,1,0,0,13,3504000000,6,UPDATESTANDBY
3703000000,1.000000000000000,1.000000000000000,0.000000000000000,1,0,0,14,3603000000,6,UPDATESTANDBY
3803000000,1.000000000000000,1.000000000000000,0.000000000000000,1,0,0,15,3704000000,6,UPDATESTANDBY
3903000000,1.000000000000000,1.000000000000000,0.000000000000000,1,0,0,16,3804000000,6,UPDATESTANDBY
4004000000,1.000000000000000,1.000000000000000,0.000000000000000,1,0,0,17,3904000000,6,UPDATESTANDBY
4103000000,1.000000000000000,1.000000000000000,0.000000000000000,1,0,0,18,4004000000,6,UPDATESTANDBY
4203000000,1.000000000000000,1.000000000000000,0.000000000000000,1,0,0,19,4103000000,6,UPDATESTANDBY
4303000000,1.000000000000000,1.000000000000000,0.000000000000000,1,0,0,20,4203000000,7,UPDATESTANDBY
4403000000,1.000000000000000,1.000000000000000,0.000000000000000,1,0,0,21,4304000000,6,UPDATESTANDBY
4503000000,1.000000000000000,1.000000000000000,0.000000000000000,1,0,0,22,4404000000,6,UPDATESTANDBY
4603000000,1.000000000000000,1.000000000000000,0.000000000000000,1,0,0,23,4503000000,6,UPDATESTANDBY
4703000000,1.000000000000000,1.000000000000000,0.000000000000000,1,0,0,24,4604000000,6,UPDATESTANDBY
4803000000,1.000000000000000,1.000000000000000,0.000000000000000,1,0,0,25,4703000000,6,UPDATESTANDBY
4903000000,1.000000000000000,1.000000000000000,0.000000000000000,1,0,0,26,4804000000,6,UPDATESTANDBY
5004000000,1.000000000000000,1.000000000000000,0.000000000000000,1,0,0,27,4903000000,6,UPDATESTANDBY
5103000000,1.000000000000000,1.000000000000000,0.000000000000000,1,0,0,28,5004000000,6,UPDATESTANDBY
5203000000,1.000000000000000,1.000000000000000,0.000000000000000,1,0,0,29,5103000000,6,UPDATESTANDBY
5303000000,1.000000000000000,1.000000000000000,0.000000000000000,1,0,0,30,5203000000,7,UPDATESTANDBY
5403000000,1.000000000000000,1.000000000000000,0.000000000000000,1,0,0,31,5304000000,6,UPDATESTANDBY
5503000000,1.000000000000000,1.000000000000000,0.000000000000000,1,0,0,32,5403000000,6,UPDATESTANDBY
5604000000,1.000000000000000,1.000000000000000,0.000000000000000,1,0,0,33,5503000000,6,UPDATESTANDBY
5704000000,1.000000000000000,1.000000000000000,0.000000000000000,1,0,0,34,5604000000,6,UPDATESTANDBY
5803000000,1.000000000000000,1.000000000000000,0.000000000000000,1,0,0,35,5704000000,6,UPDATESTANDBY
5903000000,1.000000000000000,1.000000000000000,0.000000000000000,1,0,0,36,5804000000,6,UPDATESTANDBY
6003000000,1.000000000000000,1.000000000000000,0.000000000000000,1,0,0,37,5904000000,6,UPDATESTANDBY
6103000000,1.000000000000000,1.000000000000000,0.000000000000000,1,0,0,38,6003000000,6,UPDATESTANDBY
6203000000,1.000000000000000,1.000000000000000,0.000000000000000,1,0,0,39,6103000000,6,UPDATESTANDBY
6303000000,1.000000000000000,1.000000000000000,0.000000000000000,1,0,0,40,6203000000,7,UPDATESTANDBY
6403000000,1.000000000000000,1.000000000000000,0.000000000000000,1,0,0,41,6304000000,6,UPDATESTANDBY
6503000000,1.000000000000000,1.000000000000000,0.000000000000000,1,0,0,42,6404000000,6,UPDATESTANDBY
6604000000,1.000000000000000,1.000000000000000,0.000000000000000,1,0,0,43,6504000000,6,UPDATESTANDBY
6703000000,1.000000000000000,1.000000000000000,0.000000000000000,1,0,0,44,6604000000,6,UPDATESTANDBY
6803000000,1.000000000000000,1.000000000000000,0.000000000000000,1,0,0,45,6703000000,6,UPDATESTANDBY
6903000000,1.000000000000000,1.000000000000000,0.000000000000000,1,0,0,46,6803000000,6,UPDATESTANDBY
7003000000,1.000000000000000,1.000000000000000,0.000000000000000,1,0,0,47,6904000000,6,UPDATESTANDBY
7103000000,1.000000000000000,1.000000000000000,0.000000000000000,1,0,0,48,7003000000,6,UPDATESTANDBY
7203000000,1.000000000000000,1.000000000000000,0.000000000000000,1,0,0,49,7103000000,6,UPDATESTANDBY
7303000000,1.000000000000000,1.000000000000000,0.000000000000000,1,0,0,50,7204000000,7,UPDATESTANDBY
7403000000,1.000000000000000,1.000000000000000,0.000000000000000,1,0,0,51,7303000000,6,UPDATESTANDBY
7503000000,1.000000000000000,1.000000000000000,0.000000000000000,1,0,0,52,7404000000,6,UPDATESTANDBY
7603000000,1.000000000000000,1.000000000000000,0.000000000000000,1,0,0,53,7503000000,6,UPDATESTANDBY
7703000000,1.000000000000000,1.000000000000000,0.000000000000000,1,0,0,54,7604000000,6,UPDATESTANDBY
7803000000,1.000000000000000,1.000000000000000,0.000000000000000,1,0,0,55,7703000000,6,UPDATESTANDBY
7903000000,1.000000000000000,1.000000000000000,0.000000000000000,1,0,0,56,7804000000,6,UPDATESTANDBY
8003000000,1.000000000000000,1.000000000000000,0.000000000000000,1,0,0,57,7903000000,6,UPDATESTANDBY
8103000000,1.000000000000000,1.000000000000000,0.000000000000000,1,0,0,58,8003000000,6,UPDATESTANDBY
8203000000,1.000000000000000,1.000000000000000,0.000000000000000,1,0,0,59,8103000000,6,UPDATESTANDBY
8303000000,1.000000000000000,1.000000000000000,0.000000000000000,1,0,0,60,8203000000,7,UPDATESTANDBY
8403000000,1.000000000000000,1.000000000000000,0.000000000000000,1,0,0,61,8304000000,6,UPDATESTANDBY
8504000000,1.000000000000000,1.000000000000000,0.000000000000000,1,0,0,62,8404000000,6,UPDATESTANDBY
8603000000,1.000000000000000,1.000000000000000,0.000000000000000,1,0,0,63,8504000000,6,UPDATESTANDBY
8703000000,1.000000000000000,1.000000000000000,0.000000000000000,1,0,0,64,8603000000,6,UPDATESTANDBY
8803000000,1.000000000000000,1.000000000000000,0.000000000000000,1,0,0,65,8703000000,6,UPDATESTANDBY
8903000000,1.000000000000000,1.000000000000000,0.000000000000000,1,0,0,66,8804000000,6,UPDATESTANDBY
9004000000,1.000000000000000,1.000000000000000,0.000000000000000,1,0,0,67,8903000000,6,UPDATESTANDBY
9103000000,1.000000000000000,1.000000000000000,0.000000000000000,1,0,0,68,9004000000,6,UPDATESTANDBY
9203000000,1.000000000000000,1.000000000000000,0.000000000000000,1,0,0,69,9104000000,6,UPDATESTANDBY
9303000000,1.000000000000000,1.000000000000000,0.000000000000000,1,0,0,70,9203000000,7,UPDATESTANDBY
9403000000,1.000000000000000,1.000000000000000,0.000000000000000,1,0,0,71,9303000000,6,UPDATESTANDBY
9503000000,1.000000000000000,1.000000000000000,0.000000000000000,1,0,0,72,9403000000,6,UPDATESTANDBY
9603000000,1.000000000000000,1.000000000000000,0.000000000000000,1,0,0,73,9503000000,6,UPDATESTANDBY
9703000000,1.000000000000000,1.000000000000000,0.000000000000000,1,0,0,74,9603000000,6,UPDATESTANDBY
9803000000,1.000000000000000,1.000000000000000,0.000000000000000,1,0,0,75,9704000000,6,UPDATESTANDBY
9903000000,1.000000000000000,1.000000000000000,0.000000000000000,1,0,0,76,9803000000,6,UPDATESTANDBY
10003000000,1.000000000000000,1.000000000000000,0.000000000000000,1,0,0,77,9903000000,6,UPDATESTANDBY
10103000000,1.000000000000000,1.000000000000000,0.000000000000000,1,0,0,78,10004000000,6,UPDATESTANDBY
10203000000,1.000000000000000,1.000000000000000,0.000000000000000,1,0,0,79,10103000000,6,UPDATESTANDBY
10303000000,1.000000000000000,1.000000000000000,0.000000000000000,1,0,0,80,10203000000,7,UPDATESTANDBY
10403000000,1.000000000000000,1.000000000000000,0.000000000000000,1,0,0,81,10303000000,6,UPDATESTANDBY
10503000000,1.000000000000000,1.000000000000000,0.000000000000000,1,0,0,82,10404000000,6,UPDATESTANDBY
10603000000,1.000000000000000,1.000000000000000,0.000000000000000,1,0,0,83,10503000000,6,UPDATESTANDBY
10703000000,1.000000000000000,1.000000000000000,0.000000000000000,1,0,0,84,10603000000,6,UPDATESTANDBY
10804000000,1.000000000000000,1.000000000000000,0.000000000000000,1,0,0,85,10703000000,6,UPDATESTANDBY
10903000000,1.000000000000000,1.000000000000000,0.000000000000000,1,0,0,86,10804000000,6,UPDATESTANDBY
11004000000,1.000000000000000,1.000000000000000,0.000000000000000,1,0,0,87,10904000000,6,UPDATESTANDBY
11103000000,1.000000000000000,1.000000000000000,0.000000000000000,1,0,0,88,11004000000,6,UPDATESTANDBY
11203000000,1.000000000000000,1.000000000000000,0.000000000000000,1,0,0,89,11103000000,6,UPDATESTANDBY
11303000000,1.000000000000000,1.000000000000000,0.000000000000000,1,0,0,90,11203000000,7,UPDATESTANDBY
11404000000,1.000000000000000,1.000000000000000,0.000000000000000,1,0,0,91,11303000000,6,UPDATESTANDBY
11503000000,1.000000000000000,1.000000000000000,0.000000000000000,1,0,0,92,11404000000,6,UPDATESTANDBY
11603000000,1.000000000000000,1.000000000000000,0.000000000000000,1,0,0,93,11503000000,6,UPDATESTANDBY
11703000000,1.000000000000000,1.000000000000000,0.000000000000000,1,0,0,94,11603000000,6,UPDATESTANDBY
11803000000,1.000000000000000,1.000000000000000,0.000000000000000,1,0,0,95,11703000000,6,UPDATESTANDBY
11903000000,1.000000000000000,1.000000000000000,0.000000000000000,1,0,0,96,11803000000,6,UPDATESTANDBY
12003000000,1.000000000000000,1.000000000000000,0.000000000000000,1,0,0,97,11903000000,6,UPDATESTANDBY
12103000000,1.000000000000000,1.000000000000000,0.000000000000000,1,0,0,98,12003000000,6,UPDATESTANDBY
12203000000,1.000000000000000,1.000000000000000,0.000000000000000,1,0,0,99,12103000000,6,UPDATESTANDBY
12303000000,1.000000000000000,1.000000000000000,0.000000000000000,1,0,0,100,12203000000,7,UPDATESTANDBY
12403000000,1.000000000000000,1.000000000000000,0.000000000000000,1,0,0,101,12303000000,6,UPDATESTANDBY
12504000000,1.000000000000000,1.000000000000000,0.000000000000000,1,0,0,102,12403000000,6,UPDATESTANDBY
12603000000,1.000000000000000,1.000000000000000,0.000000000000000,1,0,0,103,12504000000,6,UPDATESTANDBY
12703000000,1.000000000000000,1.000000000000000,0.000000000000000,1,0,0,104,12603000000,6,UPDATESTANDBY
12803000000,1.000000000000000,1.000000000000000,0.000000000000000,1,0,0,105,12703000000,6,UPDATESTANDBY
12903000000,1.000000000000000,1.000000000000000,0.000000000000000,1,0,0,106,12804000000,6,UPDATESTANDBY
13003000000,1.000000000000000,1.000000000000000,0.000000000000000,1,0,0,107,12903000000,6,UPDATESTANDBY
13104000000,1.000000000000000,1.000000000000000,0.000000000000000,1,0,0,108,13003000000,6,UPDATESTANDBY
13203000000,1.000000000000000,1.000000000000000,0.000000000000000,1,0,0,109,13104000000,6,UPDATESTANDBY
13304000000,1.000000000000000,1.000000000000000,0.000000000000000,1,0,0,110,13203000000,7,UPDATESTANDBY
13403000000,1.000000000000000,1.000000000000000,0.000000000000000,1,0,0,111,13304000000,6,UPDATESTANDBY
13503000000,1.000000000000000,1.000000000000000,0.000000000000000,1,0,0,112,13403000000,6,UPDATESTANDBY
13603000000,1.000000000000000,1.000000000000000,0.000000000000000,1,0,0,113,13503000000,6,UPDATESTANDBY
13703000000,1.000000000000000,1.000000000000000,0.000000000000000,1,0,0,114,13604000000,6,UPDATESTANDBY
13803000000,1.000000000000000,1.000000000000000,0.000000000000000,1,0,0,115,13703000000,6,UPDATESTANDBY
13903000000,1.000000000000000,1.000000000000000,0.000000000000000,1,0,0,116,13803000000,6,UPDATESTANDBY
14003000000,1.000000000000000,1.000000000000000,0.000000000000000,1,0,0,117,13903000000,6,UPDATESTANDBY
14104000000,1.000000000000000,1.000000000000000,0.000000000000000,1,0,0,118,14004000000,6,UPDATESTANDBY
14204000000,1.000000000000000,1.000000000000000,0.000000000000000,1,0,0,119,14104000000,6,UPDATESTANDBY
14303000000,1.000000000000000,1.000000000000000,0.000000000000000,1,0,0,120,14204000000,7,UPDATESTANDBY
14403000000,1.000000000000000,1.000000000000000,0.000000000000000,1,0,0,121,14303000000,6,UPDATESTANDBY
14503000000,1.000000000000000,1.000000000000000,0.000000000000000,1,0,0,122,14403000000,6,UPDATESTANDBY
14604000000,1.000000000000000,1.000000000000000,0.000000000000000,1,0,0,123,14503000000,6,UPDATESTANDBY
14703000000,1.000000000000000,1.000000000000000,0.000000000000000,1,0,0,124,14604000000,6,UPDATESTANDBY
14803000000,1.000000000000000,1.000000000000000,0.000000000000000,1,0,0,125,14704000000,6,UPDATESTANDBY
14903000000,1.000000000000000,1.000000000000000,0.000000000000000,1,0,0,126,14803000000,6,UPDATESTANDBY
15004000000,1.000000000000000,1.000000000000000,0.000000000000000,1,0,0,127,14904000000,6,UPDATESTANDBY
15103000000,1.000000000000000,1.000000000000000,0.000000000000000,1,0,0,128,15004000000,6,UPDATESTANDBY
15204000000,1.000000000000000,1.000000000000000,0.000000000000000,1,0,0,129,15103000000,6,UPDATESTANDBY
15303000000,1.000000000000000,1.000000000000000,0.000000000000000,1,0,0,130,15204000000,7,UPDATESTANDBY
15403000000,1.000000000000000,1.000000000000000,0.000000000000000,1,0,0,131,15303000000,6,UPDATESTANDBY
15504000000,1.000000000000000,1.000000000000000,0.000000000000000,1,0,0,132,15404000000,6,UPDATESTANDBY
15604000000,1.000000000000000,1.000000000000000,0.000000000000000,1,0,0,133,15504000000,6,UPDATESTANDBY
15703000000,1.000000000000000,1.000000000000000,0.000000000000000,1,0,0,134,15604000000,6,UPDATESTANDBY
15803000000,1.000000000000000,1.000000000000000,0.000000000000000,1,0,0,135,15704000000,6,UPDATESTANDBY
15903000000,1.000000000000000,1.000000000000000,0.000000000000000,1,0,0,136,15804000000,6,UPDATESTANDBY
16003000000,1.000000000000000,1.000000000000000,0.000000000000000,1,0,0,137,15903000000,6,UPDATESTANDBY
16103000000,1.000000000000000,1.000000000000000,0.000000000000000,1,0,0,138,16003000000,6,UPDATESTANDBY
16203000000,1.000000000000000,1.000000000000000,0.000000000000000,1,0,0,139,16103000000,6,UPDATESTANDBY
16303000000,1.000000000000000,1.000000000000000,0.000000000000000,1,0,0,140,16203000000,7,UPDATESTANDBY
16404000000,1.000000000000000,1.000000000000000,0.000000000000000,1,0,0,141,16303000000,6,UPDATESTANDBY
16503000000,1.000000000000000,1.000000000000000,0.000000000000000,1,0,0,142,16404000000,6,UPDATESTANDBY
16604000000,1.000000000000000,1.000000000000000,0.000000000000000,1,0,0,143,16503000000,6,UPDATESTANDBY
16703000000,1.000000000000000,1.000000000000000,0.000000000000000,1,0,0,144,16604000000,6,UPDATESTANDBY
16803000000,1.000000000000000,1.000000000000000,0.000000000000000,1,0,0,145,16703000000,6,UPDATESTANDBY
16904000000,1.000000000000000,1.000000000000000,0.000000000000000,1,0,0,146,16804000000,6,UPDATESTANDBY
17003000000,1.000000000000000,1.000000000000000,0.000000000000000,1,0,0,147,16904000000,6,UPDATESTANDBY
17103000000,1.000000000000000,1.000000000000000,0.000000000000000,1,0,0,148,17004000000,6,UPDATESTANDBY
17203000000,1.000000000000000,1.000000000000000,0.000000000000000,1,0,0,149,17104000000,6,UPDATESTANDBY
17303000000,1.000000000000000,1.000000000000000,0.000000000000000,1,0,0,150,17203000000,7,UPDATESTANDBY
17403000000,1.000000000000000,1.000000000000000,0.000000000000000,1,0,0,151,17303000000,6,UPDATESTANDBY
17503000000,1.000000000000000,1.000000000000000,0.000000000000000,1,0,0,152,17403000000,6,UPDATESTANDBY
17603000000,1.000000000000000,1.000000000000000,0.000000000000000,1,0,0,153,17503000000,6,UPDATESTANDBY
17703000000,1.000000000000000,1.000000000000000,0.000000000000000,1,0,0,154,17603000000,6,UPDATESTANDBY
17803000000,1.000000000000000,1.000000000000000,0.000000000000000,1,0,0,155,17703000000,6,UPDATESTANDBY
17903000000,1.000000000000000,1.000000000000000,0.000000000000000,1,0,0,156,17803000000,6,UPDATESTANDBY
18003000000,1.000000000000000,1.000000000000000,0.000000000000000,1,0,0,157,17903000000,6,UPDATESTANDBY
18103000000,1.000000000000000,1.000000000000000,0.000000000000000,1,0,0,158,18003000000,6,UPDATESTANDBY
18203000000,1.000000000000000,1.000000000000000,0.000000000000000,1,0,0,159,18103000000,6,UPDATESTANDBY
18303000000,1.000000000000000,1.000000000000000,0.000000000000000,1,0,0,160,18203000000,7,UPDATESTANDBY
18403000000,1.000000000000000,1.000000000000000,0.000000000000000,1,0,0,161,18303000000,6,UPDATESTANDBY
18503000000,1.000000000000000,1.000000000000000,0.000000000000000,1,0,0,162,18404000000,6,UPDATESTANDBY
18603000000,1.000000000000000,1.000000000000000,0.000000000000000,1,0,0,163,18503000000,6,UPDATESTANDBY
18703000000,1.000000000000000,1.000000000000000,0.000000000000000,1,0,0,164,18603000000,6,UPDATESTANDBY
18803000000,1.000000000000000,1.000000000000000,0.000000000000000,1,0,0,165,18703000000,6,UPDATESTANDBY
18903000000,1.000000000000000,1.000000000000000,0.000000000000000,1,0,0,166,18804000000,6,UPDATESTANDBY
19003000000,1.000000000000000,1.000000000000000,0.000000000000000,1,0,0,167,18903000000,6,UPDATESTANDBY
19103000000,1.000000000000000,1.000000000000000,0.000000000000000,1,0,0,168,19003000000,6,UPDATESTANDBY
19203000000,1.000000000000000,1.000000000000000,0.000000000000000,1,0,0,169,19103000000,6,UPDATESTANDBY
19303000000,1.000000000000000,1.000000000000000,0.000000000000000,1,0,0,170,19204000000,7,UPDATESTANDBY
19404000000,1.000000000000000,1.000000000000000,0.000000000000000,1,0,0,171,19303000000,6,UPDATESTANDBY
19503000000,1.000000000000000,1.000000000000000,0.000000000000000,1,0,0,172,19405000000,6,UPDATESTANDBY
19603000000,1.000000000000000,1.000000000000000,0.000000000000000,1,0,0,173,19504000000,6,UPDATESTANDBY
19704000000,1.000000000000000,1.000000000000000,0.000000000000000,1,0,0,174,19604000000,6,UPDATESTANDBY
19804000000,1.000000000000000,1.000000000000000,0.000000000000000,1,0,0,175,19704000000,6,UPDATESTANDBY
19903000000,1.000000000000000,1.000000000000000,0.000000000000000,1,0,0,176,19804000000,6,UPDATESTANDBY
20003000000,1.000000000000000,1.000000000000000,0.000000000000000,1,0,0,177,19903000000,6,UPDATESTANDBY
20103000000,1.000000000000000,1.000000000000000,0.000000000000000,1,0,0,178,20003000000,6,UPDATESTANDBY
20203000000,1.000000000000000,1.000000000000000,0.000000000000000,1,0,0,179,20103000000,6,UPDATESTANDBY
20303000000,1.000000000000000,1.000000000000000,0.000000000000000,1,0,0,180,20203000000,7,UPDATESTANDBY
20403000000,1.000000000000000,1.000000000000000,0.000000000000000,1,0,0,181,20303000000,6,UPDATESTANDBY
20503000000,1.000000000000000,1.000000000000000,0.000000000000000,1,0,0,182,20403000000,6,UPDATESTANDBY
20603000000,1.000000000000000,1.000000000000000,0.000000000000000,1,0,0,183,20504000000,6,UPDATESTANDBY
20703000000,1.000000000000000,1.000000000000000,0.000000000000000,1,0,0,184,20604000000,6,UPDATESTANDBY
20803000000,1.000000000000000,1.000000000000000,0.000000000000000,1,0,0,185,20703000000,6,UPDATESTANDBY
20903000000,1.000000000000000,1.000000000000000,0.000000000000000,1,0,0,186,20804000000,6,UPDATESTANDBY
21003000000,1.000000000000000,1.000000000000000,0.000000000000000,1,0,0,187,20903000000,6,UPDATESTANDBY
21103000000,1.000000000000000,1.000000000000000,0.000000000000000,1,0,0,188,21003000000,6,UPDATESTANDBY
21203000000,1.000000000000000,1.000000000000000,0.000000000000000,1,0,0,189,21103000000,6,UPDATESTANDBY
21303000000,1.000000000000000,1.000000000000000,0.000000000000000,1,0,0,190,21203000000,7,UPDATESTANDBY
21403000000,1.000000000000000,1.000000000000000,0.000000000000000,1,0,0,191,21303000000,6,UPDATESTANDBY
21503000000,1.000000000000000,1.000000000000000,0.000000000000000,1,0,0,192,21404000000,6,UPDATESTANDBY
21603000000,1.000000000000000,1.000000000000000,0.000000000000000,1,0,0,193,21503000000,6,UPDATESTANDBY
21703000000,1.000000000000000,1.000000000000000,0.000000000000000,1,0,0,194,21604000000,6,UPDATESTANDBY
21804000000,1.000000000000000,1.000000000000000,0.000000000000000,1,0,0,195,21704000000,6,UPDATESTANDBY
21903000000,1.000000000000000,1.000000000000000,0.000000000000000,1,0,0,196,21804000000,6,UPDATESTANDBY
22003000000,1.000000000000000,1.000000000000000,0.000000000000000,1,0,0,197,21903000000,6,UPDATESTANDBY
22103000000,1.000000000000000,1.000000000000000,0.000000000000000,1,0,0,198,22003000000,6,UPDATESTANDBY
22204000000,1.000000000000000,1.000000000000000,0.000000000000000,1,0,0,199,22103000000,6,UPDATESTANDBY
22304000000,1.000000000000000,1.000000000000000,0.000000000000000,1,0,0,200,22204000000,7,UPDATESTANDBY
22403000000,1.000000000000000,1.000000000000000,0.000000000000000,1,0,0,201,22304000000,6,UPDATESTANDBY
22503000000,1.000000000000000,1.000000000000000,0.000000000000000,1,0,0,202,22404000000,6,UPDATESTANDBY
22603000000,1.000000000000000,1.000000000000000,0.000000000000000,1,0,0,203,22504000000,6,UPDATESTANDBY
22703000000,1.000000000000000,1.000000000000000,0.000000000000000,1,0,0,204,22604000000,6,UPDATESTANDBY
22803000000,1.000000000000000,1.000000000000000,0.000000000000000,1,0,0,205,22703000000,6,UPDATESTANDBY
22903000000,1.000000000000000,1.000000000000000,0.000000000000000,1,0,0,206,22803000000,6,UPDATESTANDBY
23003000000,1.000000000000000,1.000000000000000,0.000000000000000,1,0,0,207,22903000000,6,UPDATESTANDBY
23103000000,1.000000000000000,1.000000000000000,0.000000000000000,1,0,0,208,23003000000,6,UPDATESTANDBY
23203000000,1.000000000000000,1.000000000000000,0.000000000000000,1,0,0,209,23103000000,6,UPDATESTANDBY
23303000000,1.000000000000000,1.000000000000000,0.000000000000000,1,0,0,210,23203000000,7,UPDATESTANDBY
23403000000,1.000000000000000,1.000000000000000,0.000000000000000,1,0,0,211,23303000000,6,UPDATESTANDBY
23503000000,1.000000000000000,1.000000000000000,0.000000000000000,1,0,0,212,23404000000,6,UPDATESTANDBY
23603000000,1.000000000000000,1.000000000000000,0.000000000000000,1,0,0,213,23503000000,6,UPDATESTANDBY
23703000000,1.000000000000000,1.000000000000000,0.000000000000000,1,0,0,214,23603000000,6,UPDATESTANDBY
23803000000,1.000000000000000,1.000000000000000,0.000000000000000,1,0,0,215,23704000000,6,UPDATESTANDBY
23903000000,1.000000000000000,1.000000000000000,0.000000000000000,1,0,0,216,23804000000,6,UPDATESTANDBY
24003000000,1.000000000000000,1.000000000000000,0.000000000000000,1,0,0,217,23904000000,6,UPDATESTANDBY
24103000000,1.000000000000000,1.000000000000000,0.000000000000000,1,0,0,218,24003000000,6,UPDATESTANDBY
24204000000,1.000000000000000,1.000000000000000,0.000000000000000,1,0,0,219,24104000000,6,UPDATESTANDBY
24304000000,1.000000000000000,1.000000000000000,0.000000000000000,1,0,0,220,24204000000,7,UPDATESTANDBY
24403000000,1.000000000000000,1.000000000000000,0.000000000000000,1,0,0,221,24304000000,6,UPDATESTANDBY
24503000000,1.000000000000000,1.000000000000000,0.000000000000000,1,0,0,222,24404000000,6,UPDATESTANDBY
24604000000,1.000000000000000,1.000000000000000,0.000000000000000,1,0,0,223,24503000000,6,UPDATESTANDBY
24703000000,1.000000000000000,1.000000000000000,0.000000000000000,1,0,0,224,24604000000,6,UPDATESTANDBY
24803000000,1.000000000000000,1.000000000000000,0.000000000000000,1,0,0,225,24703000000,6,UPDATESTANDBY
24903000000,1.000000000000000,1.000000000000000,0.000000000000000,1,0,0,226,24803000000,6,UPDATESTANDBY
25003000000,1.000000000000000,1.000000000000000,0.000000000000000,1,0,0,227,24903000000,6,UPDATESTANDBY
25103000000,1.000000000000000,1.000000000000000,0.000000000000000,1,0,0,228,25004000000,6,UPDATESTANDBY
25203000000,1.000000000000000,1.000000000000000,0.000000000000000,1,0,0,229,25104000000,6,UPDATESTANDBY
25303000000,1.000000000000000,1.000000000000000,0.000000000000000,1,0,0,230,25204000000,7,UPDATESTANDBY
25403000000,1.000000000000000,1.000000000000000,0.000000000000000,1,0,0,231,25303000000,6,UPDATESTANDBY
25503000000,1.000000000000000,1.000000000000000,0.000000000000000,1,0,0,232,25403000000,6,UPDATESTANDBY
25604000000,1.000000000000000,1.000000000000000,0.000000000000000,1,0,0,233,25503000000,6,UPDATESTANDBY
25703000000,1.000000000000000,1.000000000000000,0.000000000000000,1,0,0,234,25604000000,6,UPDATESTANDBY
25803000000,1.000000000000000,1.000000000000000,0.000000000000000,1,0,0,235,25704000000,6,UPDATESTANDBY
25903000000,1.000000000000000,1.000000000000000,0.000000000000000,1,0,0,236,25804000000,6,UPDATESTANDBY
26004000000,1.000000000000000,1.000000000000000,0.000000000000000,1,0,0,237,25904000000,6,UPDATESTANDBY
26103000000,1.000000000000000,1.000000000000000,0.000000000000000,1,0,0,238,26004000000,6,UPDATESTANDBY
26203000000,1.000000000000000,1.000000000000000,0.000000000000000,1,0,0,239,26103000000,6,UPDATESTANDBY
26303000000,1.000000000000000,1.000000000000000,0.000000000000000,1,0,0,240,26204000000,7,UPDATESTANDBY
26403000000,1.000000000000000,1.000000000000000,0.000000000000000,1,0,0,241,26303000000,6,UPDATESTANDBY
26504000000,1.000000000000000,1.000000000000000,0.000000000000000,1,0,0,242,26404000000,6,UPDATESTANDBY
26603000000,1.000000000000000,1.000000000000000,0.000000000000000,1,0,0,243,26504000000,6,UPDATESTANDBY
26703000000,1.000000000000000,1.000000000000000,0.000000000000000,1,0,0,244,26604000000,6,UPDATESTANDBY
26803000000,1.000000000000000,1.000000000000000,0.000000000000000,1,0,0,245,26704000000,6,UPDATESTANDBY
26903000000,1.000000000000000,1.000000000000000,0.000000000000000,1,0,0,246,26803000000,6,UPDATESTANDBY
27003000000,1.000000000000000,1.000000000000000,0.000000000000000,1,0,0,247,26903000000,6,UPDATESTANDBY
27103000000,1.000000000000000,1.000000000000000,0.000000000000000,1,0,0,248,27004000000,6,UPDATESTANDBY
27203000000,1.000000000000000,1.000000000000000,0.000000000000000,1,0,0,249,27103000000,6,UPDATESTANDBY
27303000000,1.000000000000000,1.000000000000000,0.000000000000000,1,0,0,250,27204000000,7,UPDATESTANDBY
27403000000,1.000000000000000,1.000000000000000,0.000000000000000,1,0,0,251,27303000000,6,UPDATESTANDBY
27503000000,1.000000000000000,1.000000000000000,0.000000000000000,1,0,0,252,27403000000,6,UPDATESTANDBY
27603000000,1.000000000000000,1.000000000000000,0.000000000000000,1,0,0,253,27504000000,6,UPDATESTANDBY
27703000000,1.000000000000000,1.000000000000000,0.000000000000000,1,0,0,254,27604000000,6,UPDATESTANDBY
27803000000,1.000000000000000,1.000000000000000,0.000000000000000,1,0,0,255,27704000000,6,UPDATESTANDBY
27903000000,1.000000000000000,1.000000000000000,0.000000000000000,1,0,0,256,27803000000,6,UPDATESTANDBY
28003000000,1.000000000000000,1.000000000000000,0.000000000000000,1,0,0,257,27904000000,6,UPDATESTANDBY
28104000000,1.000000000000000,1.000000000000000,0.000000000000000,1,0,0,258,28003000000,6,UPDATESTANDBY
28203000000,1.000000000000000,1.000000000000000,0.000000000000000,1,0,0,259,28104000000,6,UPDATESTANDBY
28303000000,1.000000000000000,1.000000000000000,0.000000000000000,1,0,0,260,28204000000,7,UPDATESTANDBY
28403000000,1.000000000000000,1.000000000000000,0.000000000000000,1,0,0,261,28303000000,6,UPDATESTANDBY
28503000000,1.000000000000000,1.000000000000000,0.000000000000000,1,0,0,262,28403000000,6,UPDATESTANDBY
28603000000,1.000000000000000,1.000000000000000,0.000000000000000,1,0,0,263,28503000000,6,UPDATESTANDBY
28703000000,1.000000000000000,1.000000000000000,0.000000000000000,1,0,0,264,28603000000,6,UPDATESTANDBY
28803000000,1.000000000000000,1.000000000000000,0.000000000000000,1,0,0,265,28704000000,6,UPDATESTANDBY
28903000000,1.000000000000000,1.000000000000000,0.000000000000000,1,0,0,266,28803000000,6,UPDATESTANDBY
29003000000,1.000000000000000,1.000000000000000,0.000000000000000,1,0,0,267,28903000000,6,UPDATESTANDBY
29103000000,1.000000000000000,1.000000000000000,0.000000000000000,1,0,0,268,29003000000,6,UPDATESTANDBY
29203000000,1.000000000000000,1.000000000000000,0.000000000000000,1,0,0,269,29103000000,6,UPDATESTANDBY
29303000000,1.000000000000000,1.000000000000000,0.000000000000000,1,0,0,270,29203000000,7,UPDATESTANDBY
29403000000,1.000000000000000,1.000000000000000,0.000000000000000,1,0,0,271,29303000000,6,UPDATESTANDBY
29503000000,1.000000000000000,1.000000000000000,0.000000000000000,1,0,0,272,29403000000,6,UPDATESTANDBY
29603000000,1.000000000000000,1.000000000000000,0.000000000000000,1,0,0,273,29503000000,6,UPDATESTANDBY
29703000000,1.000000000000000,1.000000000000000,0.000000000000000,1,0,0,274,29604000000,6,UPDATESTANDBY
29803000000,1.000000000000000,1.000000000000000,0.000000000000000,1,0,0,275,29704000000,6,UPDATESTANDBY
29903000000,1.000000000000000,1.000000000000000,0.000000000000000,1,0,0,276,29803000000,6,UPDATESTANDBY
30003000000,1.000000000000000,1.000000000000000,0.000000000000000,1,0,0,277,29904000000,6,UPDATESTANDBY
30103000000,1.000000000000000,1.000000000000000,0.000000000000000,1,0,0,278,30004000000,6,UPDATESTANDBY
30203000000,1.000000000000000,1.000000000000000,0.000000000000000,1,0,0,279,30103000000,6,UPDATESTANDBY
30303000000,1.000000000000000,1.000000000000000,0.000000000000000,1,0,0,280,30203000000,7,UPDATESTANDBY
30403000000,1.000000000000000,1.000000000000000,0.000000000000000,1,0,0,281,30303000000,6,UPDATESTANDBY
30503000000,1.000000000000000,1.000000000000000,0.000000000000000,1,0,0,282,30403000000,6,UPDATESTANDBY
30603000000,1.000000000000000,1.000000000000000,0.000000000000000,1,0,0,283,30504000000,6,UPDATESTANDBY
30703000000,1.000000000000000,1.000000000000000,0.000000000000000,1,0,0,284,30603000000,6,UPDATESTANDBY
30803000000,1.000000000000000,1.000000000000000,0.000000000000000,1,0,0,285,30703000000,6,UPDATESTANDBY
30904000000,1.000000000000000,1.000000000000000,0.000000000000000,1,0,0,286,30803000000,6,UPDATESTANDBY
31003000000,1.000000000000000,1.000000000000000,0.000000000000000,1,0,0,287,30904000000,6,UPDATESTANDBY
31103000000,1.000000000000000,1.000000000000000,0.000000000000000,1,0,0,288,31003000000,6,UPDATESTANDBY
31203000000,1.000000000000000,1.000000000000000,0.000000000000000,1,0,0,289,31103000000,6,UPDATESTANDBY
31303000000,1.000000000000000,1.000000000000000,0.000000000000000,1,0,0,290,31204000000,7,UPDATESTANDBY
31403000000,1.000000000000000,1.000000000000000,0.000000000000000,1,0,0,291,31303000000,6,UPDATESTANDBY
31503000000,1.000000000000000,1.000000000000000,0.000000000000000,1,0,0,292,31404000000,6,UPDATESTANDBY
31603000000,1.000000000000000,1.000000000000000,0.000000000000000,1,0,0,293,31503000000,6,UPDATESTANDBY
31703000000,1.000000000000000,1.000000000000000,0.000000000000000,1,0,0,294,31603000000,6,UPDATESTANDBY
31804000000,1.000000000000000,1.000000000000000,0.000000000000000,1,0,0,295,31703000000,6,UPDATESTANDBY
31903000000,1.000000000000000,1.000000000000000,0.000000000000000,1,0,0,296,31804000000,6,UPDATESTANDBY
32003000000,1.000000000000000,1.000000000000000,0.000000000000000,1,0,0,297,31903000000,6,UPDATESTANDBY
