2304000000,1.000000000000000,1.000000000000000,0.000000000000000,0,0,0,0,0,34,UPDATESTANDBY
2404000000,1.000000000000000,1.000000000000000,0.000000000000000,1,0,0,1,2305000000,7,UPDATESTANDBY
2504000000,1.000000000000000,1.000000000000000,0.000000000000000,1,0,0,2,2404000000,6,UPDATESTANDBY
2603000000,1.000000000000000,1.000000000000000,0.000000000000000,1,0,0,3,2504000000,6,UPDATESTANDBY
2703000000,1.000000000000000,1.000000000000000,0.000000000000000,1,0,0,4,2603000000,6,UPDATESTANDBY
2803000000,1.000000000000000,1.000000000000000,0.000000000000000,1,0,0,5,2704000000,6,UPDATESTANDBY
2903000000,1.000000000000000,1.000000000000000,0.000000000000000,1,0,0,6,2803000000,6,UPDATESTANDBY
3003000000,1.000000000000000,1.000000000000000,0.000000000000000,1,0,0,7,2904000000,6,UPDATESTANDBY
3103000000,1.000000000000000,1.000000000000000,0.000000000000000,1,0,0,8,3004000000,6,UPDATESTANDBY
3203000000,1.000000000000000,1.000000000000000,0.000000000000000,1,0,0,9,3103000000,6,UPDATESTANDBY
3304000000,1.000000000000000,1.000000000000000,0.000000000000000,1,0,0,10,3203000000,7,UPDATESTANDBY
3403000000,1.000000000000000,1.000000000000000,0.000000000000000,1,0,0,11,3304000000,6,UPDATESTANDBY
3503000000,1.000000000000000,1.000000000000000,0.000000000000000,1,0,0,12,3403000000,6,UPDATESTANDBY
3603000000,1.000000000000000,1.000000000000000,0.000000000000000,1,0,0,13,3503000000,6,UPDATESTANDBY
3703000000,1.000000000000000,1.000000000000000,0.000000000000000,1,0,0,14,3603000000,6,UPDATESTANDBY
3803000000,1.000000000000000,1.000000000000000,0.000000000000000,1,0,0,15,3703000000,6,UPDATESTANDBY
3904000000,1.000000000000000,1.000000000000000,0.000000000000000,1,0,0,16,3804000000,6,UPDATESTANDBY
4003000000,1.000000000000000,1.000000000000000,0.000000000000000,1,0,0,17,3904000000,6,UPDATESTANDBY
4103000000,1.000000000000000,1.000000000000000,0.000000000000000,1,0,0,18,4003000000,6,UPDATESTANDBY
4204000000,1.000000000000000,1.000000000000000,0.000000000000000,1,0,0,19,4103000000,6,UPDATESTANDBY
4303000000,1.000000000000000,1.000000000000000,0.000000000000000,1,0,0,20,4204000000,7,UPDATESTANDBY
4403000000,1.000000000000000,1.000000000000000,0.000000000000000,1,0,0,21,4303000000,6,UPDATESTANDBY
4503000000,1.000000000000000,1.000000000000000,0.000000000000000,1,0,0,22,4403000000,6,UPDATESTANDBY
4603000000,1.000000000000000,1.000000000000000,0.000000000000000,1,0,0,23,4503000000,6,UPDATESTANDBY
4703000000,1.000000000000000,1.000000000000000,0.000000000000000,1,0,0,24,4603000000,6,UPDATESTANDBY
4803000000,1.000000000000000,1.000000000000000,0.000000000000000,1,0,0,25,4703000000,6,UPDATESTANDBY
4903000000,1.000000000000000,1.000000000000000,0.000000000000000,1,0,0,26,4804000000,6,UPDATESTANDBY
5003000000,1.000000000000000,1.000000000000000,0.000000000000000,1,0,0,27,4903000000,6,UPDATESTANDBY
5104000000,1.000000000000000,1.000000000000000,0.000000000000000,1,0,0,28,5003000000,6,UPDATESTANDBY
5203000000,1.000000000000000,1.000000000000000,0.000000000000000,1,0,0,29,5104000000,6,UPDATESTANDBY
5303000000,1.000000000000000,1.000000000000000,0.000000000000000,1,0,0,30,5203000000,7,UPDATESTANDBY
5403000000,1.000000000000000,1.000000000000000,0.000000000000000,1,0,0,31,5303000000,6,UPDATESTANDBY
5504000000,1.000000000000000,1.000000000000000,0.000000000000000,1,0,0,32,5404000000,6,UPDATESTANDBY
5603000000,1.000000000000000,1.000000000000000,0.000000000000000,1,0,0,33,5504000000,6,UPDATESTANDBY
5703000000,1.000000000000000,1.000000000000000,0.000000000000000,1,0,0,34,5603000000,6,UPDATESTANDBY
5803000000,1.000000000000000,1.000000000000000,0.000000000000000,1,0,0,35,5703000000,6,UPDATESTANDBY
5903000000,1.000000000000000,1.000000000000000,0.000000000000000,1,0,0,36,5803000000,6,UPDATESTANDBY
6003000000,1.000000000000000,1.000000000000000,0.000000000000000,1,0,0,37,5903000000,6,UPDATESTANDBY
6103000000,1.000000000000000,1.000000000000000,0.000000000000000,1,0,0,38,6003000000,6,UPDATESTANDBY
6203000000,1.000000000000000,1.000000000000000,0.000000000000000,1,0,0,39,6103000000,6,UPDATESTANDBY
6303000000,1.000000000000000,1.000000000000000,0.000000000000000,1,0,0,40,6204000000,7,UPDATESTANDBY
6403000000,1.000000000000000,1.000000000000000,0.000000000000000,1,0,0,41,6303000000,6,UPDATESTANDBY
6503000000,1.000000000000000,1.000000000000000,0.000000000000000,1,0,0,42,6403000000,6,UPDATESTANDBY
6603000000,1.000000000000000,1.000000000000000,0.000000000000000,1,0,0,43,6503000000,6,UPDATESTANDBY
6704000000,1.000000000000000,1.000000000000000,0.000000000000000,1,0,0,44,6603000000,6,UPDATESTANDBY
6804000000,1.000000000000000,1.000000000000000,0.000000000000000,1,0,0,45,6704000000,6,UPDATESTANDBY
6903000000,1.000000000000000,1.000000000000000,0.000000000000000,1,0,0,46,6804000000,6,UPDATESTANDBY
7003000000,1.000000000000000,1.000000000000000,0.000000000000000,1,0,0,47,6903000000,6,UPDATESTANDBY
7103000000,1.000000000000000,1.000000000000000,0.000000000000000,1,0,0,48,7003000000,6,UPDATESTANDBY
7203000000,1.000000000000000,1.000000000000000,0.000000000000000,1,0,0,49,7103000000,6,UPDATESTANDBY
7303000000,1.000000000000000,1.000000000000000,0.000000000000000,1,0,0,50,7203000000,7,UPDATESTANDBY
7403000000,1.000000000000000,1.000000000000000,0.000000000000000,1,0,0,51,7303000000,6,UPDATESTANDBY
7503000000,1.000000000000000,1.000000000000000,0.000000000000000,1,0,0,52,7403000000,6,UPDATESTANDBY
7603000000,1.000000000000000,1.000000000000000,0.000000000000000,1,0,0,53,7503000000,6,UPDATESTANDBY
7703000000,1.000000000000000,1.000000000000000,0.000000000000000,1,0,0,54,7603000000,6,UPDATESTANDBY
7803000000,1.000000000000000,1.000000000000000,0.000000000000000,1,0,0,55,7703000000,6,UPDATESTANDBY
7903000000,1.000000000000000,1.000000000000000,0.000000000000000,1,0,0,56,7803000000,6,UPDATESTANDBY
8003000000,1.000000000000000,1.000000000000000,0.000000000000000,1,0,0,57,7904000000,6,UPDATESTANDBY
8103000000,1.000000000000000,1.000000000000000,0.000000000000000,1,0,0,58,8003000000,6,UPDATESTANDBY
8204000000,1.000000000000000,1.000000000000000,0.000000000000000,1,0,0,59,8103000000,6,UPDATESTANDBY
8303000000,1.000000000000000,1.000000000000000,0.000000000000000,1,0,0,60,8204000000,7,UPDATESTANDBY
8403000000,1.000000000000000,1.000000000000000,0.000000000000000,1,0,0,61,8303000000,6,UPDATESTANDBY
8503000000,1.000000000000000,1.000000000000000,0.000000000000000,1,0,0,62,8404000000,6,UPDATESTANDBY
8603000000,1.000000000000000,1.000000000000000,0.000000000000000,1,0,0,63,8504000000,6,UPDATESTANDBY
8703000000,1.000000000000000,1.000000000000000,0.000000000000000,1,0,0,64,8604000000,6,UPDATESTANDBY
8803000000,1.000000000000000,1.000000000000000,0.000000000000000,1,0,0,65,8704000000,6,UPDATESTANDBY
8903000000,1.000000000000000,1.000000000000000,0.000000000000000,1,0,0,66,8804000000,6,UPDATESTANDBY
9003000000,1.000000000000000,1.000000000000000,0.000000000000000,1,0,0,67,8904000000,6,UPDATESTANDBY
9103000000,1.000000000000000,1.000000000000000,0.000000000000000,1,0,0,68,9004000000,6,UPDATESTANDBY
9203000000,1.000000000000000,1.000000000000000,0.000000000000000,1,0,0,69,9104000000,6,UPDATESTANDBY
9303000000,1.000000000000000,1.000000000000000,0.000000000000000,1,0,0,70,9204000000,7,UPDATESTANDBY
9404000000,1.000000000000000,1.000000000000000,0.000000000000000,1,0,0,71,9304000000,6,UPDATESTANDBY
9503000000,1.000000000000000,1.000000000000000,0.000000000000000,1,0,0,72,9404000000,6,UPDATESTANDBY
9603000000,1.000000000000000,1.000000000000000,0.000000000000000,1,0,0,73,9504000000,6,UPDATESTANDBY
9703000000,1.000000000000000,1.000000000000000,0.000000000000000,1,0,0,74,9603000000,6,UPDATESTANDBY
9803000000,1.000000000000000,1.000000000000000,0.000000000000000,1,0,0,75,9703000000,6,UPDATESTANDBY
9903000000,1.000000000000000,1.000000000000000,0.000000000000000,1,0,0,76,9804000000,6,UPDATESTANDBY
10003000000,1.000000000000000,1.000000000000000,0.000000000000000,1,0,0,77,9903000000,6,UPDATESTANDBY
10103000000,1.000000000000000,1.000000000000000,0.000000000000000,1,0,0,78,10003000000,6,UPDATESTANDBY
10204000000,1.000000000000000,1.000000000000000,0.000000000000000,1,0,0,79,10104000000,6,UPDATESTANDBY
10303000000,1.000000000000000,1.000000000000000,0.000000000000000,1,0,0,80,10204000000,7,UPDATESTANDBY
10403000000,1.000000000000000,1.000000000000000,0.000000000000000,1,0,0,81,10303000000,6,UPDATESTANDBY
10503000000,1.000000000000000,1.000000000000000,0.000000000000000,1,0,0,82,10404000000,6,UPDATESTANDBY
10603000000,1.000000000000000,1.000000000000000,0.000000000000000,1,0,0,83,10504000000,6,UPDATESTANDBY
10703000000,1.000000000000000,1.000000000000000,0.000000000000000,1,0,0,84,10604000000,6,UPDATESTANDBY
10803000000,1.000000000000000,1.000000000000000,0.000000000000000,1,0,0,85,10703000000,6,UPDATESTANDBY
10903000000,1.000000000000000,1.000000000000000,0.000000000000000,1,0,0,86,10803000000,6,UPDATESTANDBY
11003000000,1.000000000000000,1.000000000000000,0.000000000000000,1,0,0,87,10904000000,6,UPDATESTANDBY
11103000000,1.000000000000000,1.000000000000000,0.000000000000000,1,0,0,88,11004000000,6,UPDATESTANDBY
11204000000,1.000000000000000,1.000000000000000,0.000000000000000,1,0,0,89,11104000000,6,UPDATESTANDBY
11303000000,1.000000000000000,1.000000000000000,0.000000000000000,1,0,0,90,11204000000,7,UPDATESTANDBY
11403000000,1.000000000000000,1.000000000000000,0.000000000000000,1,0,0,91,11304000000,6,UPDATESTANDBY
11503000000,1.000000000000000,1.000000000000000,0.000000000000000,1,0,0,92,11404000000,6,UPDATESTANDBY
11603000000,1.000000000000000,1.000000000000000,0.000000000000000,1,0,0,93,11503000000,6,UPDATESTANDBY
11703000000,1.000000000000000,1.000000000000000,0.000000000000000,1,0,0,94,11603000000,6,UPDATESTANDBY
11803000000,1.000000000000000,1.000000000000000,0.000000000000000,1,0,0,95,11704000000,6,UPDATESTANDBY
11903000000,1.000000000000000,1.000000000000000,0.000000000000000,1,0,0,96,11804000000,6,UPDATESTANDBY
12003000000,1.000000000000000,1.000000000000000,0.000000000000000,1,0,0,97,11903000000,6,UPDATESTANDBY
12104000000,1.000000000000000,1.000000000000000,0.000000000000000,1,0,0,98,12004000000,6,UPDATESTANDBY
12203000000,1.000000000000000,1.000000000000000,0.000000000000000,1,0,0,99,12104000000,6,UPDATESTANDBY
12303000000,1.000000000000000,1.000000000000000,0.000000000000000,1,0,0,100,12203000000,7,UPDATESTANDBY
12403000000,1.000000000000000,1.000000000000000,0.000000000000000,1,0,0,101,12304000000,6,UPDATESTANDBY
12504000000,1.000000000000000,1.000000000000000,0.000000000000000,1,0,0,102,12404000000,6,UPDATESTANDBY
12603000000,1.000000000000000,1.000000000000000,0.000000000000000,1,0,0,103,12504000000,6,UPDATESTANDBY
12703000000,1.000000000000000,1.000000000000000,0.000000000000000,1,0,0,104,12604000000,6,UPDATESTANDBY
12803000000,1.000000000000000,1.000000000000000,0.000000000000000,1,0,0,105,12704000000,6,UPDATESTANDBY
12903000000,1.000000000000000,1.000000000000000,0.000000000000000,1,0,0,106,12803000000,6,UPDATESTANDBY
13003000000,1.000000000000000,1.000000000000000,0.000000000000000,1,0,0,107,12903000000,6,UPDATESTANDBY
13103000000,1.000000000000000,1.000000000000000,0.000000000000000,1,0,0,108,13003000000,6,UPDATESTANDBY
13203000000,1.000000000000000,1.000000000000000,0.000000000000000,1,0,0,109,13104000000,6,UPDATESTANDBY
13303000000,1.000000000000000,1.000000000000000,0.000000000000000,1,0,0,110,13204000000,7,UPDATESTANDBY
13403000000,1.000000000000000,1.000000000000000,0.000000000000000,1,0,0,111,13303000000,6,UPDATESTANDBY
13503000000,1.000000000000000,1.000000000000000,0.000000000000000,1,0,0,112,13403000000,6,UPDATESTANDBY
13603000000,1.000000000000000,1.000000000000000,0.000000000000000,1,0,0,113,13503000000,6,UPDATESTANDBY
13703000000,1.000000000000000,1.000000000000000,0.000000000000000,1,0,0,114,13603000000,6,UPDATESTANDBY
13803000000,1.000000000000000,1.000000000000000,0.000000000000000,1,0,0,115,13704000000,6,UPDATESTANDBY
13903000000,1.000000000000000,1.000000000000000,0.000000000000000,1,0,0,116,13803000000,6,UPDATESTANDBY
14003000000,1.000000000000000,1.000000000000000,0.000000000000000,1,0,0,117,13903000000,6,UPDATESTANDBY
14103000000,1.000000000000000,1.000000000000000,0.000000000000000,1,0,0,118,14004000000,6,UPDATESTANDBY
14203000000,1.000000000000000,1.000000000000000,0.000000000000000,1,0,0,119,14104000000,6,UPDATESTANDBY
14303000000,1.000000000000000,1.000000000000000,0.000000000000000,1,0,0,120,14204000000,7,UPDATESTANDBY
14404000000,1.000000000000000,1.000000000000000,0.000000000000000,1,0,0,121,14304000000,6,UPDATESTANDBY
14503000000,1.000000000000000,1.000000000000000,0.000000000000000,1,0,0,122,14404000000,6,UPDATESTANDBY
14603000000,1.000000000000000,1.000000000000000,0.000000000000000,1,0,0,123,14504000000,6,UPDATESTANDBY
14703000000,1.000000000000000,1.000000000000000,0.000000000000000,1,0,0,124,14603000000,6,UPDATESTANDBY
14803000000,1.000000000000000,1.000000000000000,0.000000000000000,1,0,0,125,14704000000,6,UPDATESTANDBY
14903000000,1.000000000000000,1.000000000000000,0.000000000000000,1,0,0,126,14804000000,6,UPDATESTANDBY
15003000000,1.000000000000000,1.000000000000000,0.000000000000000,1,0,0,127,14903000000,6,UPDATESTANDBY
15103000000,1.000000000000000,1.000000000000000,0.000000000000000,1,0,0,128,15004000000,6,UPDATESTANDBY
15204000000,1.000000000000000,1.000000000000000,0.000000000000000,1,0,0,129,15103000000,6,UPDATESTANDBY
15303000000,1.000000000000000,1.000000000000000,0.000000000000000,1,0,0,130,15204000000,7,UPDATESTANDBY
15403000000,1.000000000000000,1.000000000000000,0.000000000000000,1,0,0,131,15304000000,6,UPDATESTANDBY
15503000000,1.000000000000000,1.000000000000000,0.000000000000000,1,0,0,132,15403000000,6,UPDATESTANDBY
15603000000,1.000000000000000,1.000000000000000,0.000000000000000,1,0,0,133,15503000000,6,UPDATESTANDBY
15704000000,1.000000000000000,1.000000000000000,0.000000000000000,1,0,0,134,15604000000,6,UPDATESTANDBY
15803000000,1.000000000000000,1.000000000000000,0.000000000000000,1,0,0,135,15705000000,6,UPDATESTANDBY
15903000000,1.000000000000000,1.000000000000000,0.000000000000000,1,0,0,136,15804000000,6,UPDATESTANDBY
16003000000,1.000000000000000,1.000000000000000,0.000000000000000,1,0,0,137,15904000000,6,UPDATESTANDBY
16103000000,1.000000000000000,1.000000000000000,0.000000000000000,1,0,0,138,16005000000,6,UPDATESTANDBY
16203000000,1.000000000000000,1.000000000000000,0.000000000000000,1,0,0,139,16103000000,6,UPDATESTANDBY
16304000000,1.000000000000000,1.000000000000000,0.000000000000000,1,0,0,140,16203000000,7,UPDATESTANDBY
16404000000,1.000000000000000,1.000000000000000,0.000000000000000,1,0,0,141,16304000000,6,UPDATESTANDBY
16503000000,1.000000000000000,1.000000000000000,0.000000000000000,1,0,0,142,16404000000,6,UPDATESTANDBY
16603000000,1.000000000000000,1.000000000000000,0.000000000000000,1,0,0,143,16504000000,6,UPDATESTANDBY
16703000000,1.000000000000000,1.000000000000000,0.000000000000000,1,0,0,144,16603000000,6,UPDATESTANDBY
16803000000,1.000000000000000,1.000000000000000,0.000000000000000,1,0,0,145,16703000000,6,UPDATESTANDBY
16903000000,1.000000000000000,1.000000000000000,0.000000000000000,1,0,0,146,16803000000,6,UPDATESTANDBY
17003000000,1.000000000000000,1.000000000000000,0.000000000000000,1,0,0,147,16903000000,6,UPDATESTANDBY
17104000000,1.000000000000000,1.000000000000000,0.000000000000000,1,0,0,148,17003000000,6,UPDATESTANDBY
17203000000,1.000000000000000,1.000000000000000,0.000000000000000,1,0,0,149,17104000000,6,UPDATESTANDBY
17303000000,1.000000000000000,1.000000000000000,0.000000000000000,1,0,0,150,17203000000,7,UPDATESTANDBY
17403000000,1.000000000000000,1.000000000000000,0.000000000000000,1,0,0,151,17303000000,6,UPDATESTANDBY
17503000000,1.000000000000000,1.000000000000000,0.000000000000000,1,0,0,152,17403000000,6,UPDATESTANDBY
17603000000,1.000000000000000,1.000000000000000,0.000000000000000,1,0,0,153,17503000000,6,UPDATESTANDBY
17703000000,1.000000000000000,1.000000000000000,0.000000000000000,1,0,0,154,17603000000,6,UPDATESTANDBY
17803000000,1.000000000000000,1.000000000000000,0.000000000000000,1,0,0,155,17703000000,6,UPDATESTANDBY
17904000000,1.000000000000000,1.000000000000000,0.000000000000000,1,0,0,156,17804000000,6,UPDATESTANDBY
18003000000,1.000000000000000,1.000000000000000,0.000000000000000,1,0,0,157,17905000000,6,UPDATESTANDBY
18103000000,1.000000000000000,1.000000000000000,0.000000000000000,1,0,0,158,18003000000,6,UPDATESTANDBY
18203000000,1.000000000000000,1.000000000000000,0.000000000000000,1,0,0,159,18104000000,6,UPDATESTANDBY
18303000000,1.000000000000000,1.000000000000000,0.000000000000000,1,0,0,160,18203000000,7,UPDATESTANDBY
18403000000,1.000000000000000,1.000000000000000,0.000000000000000,1,0,0,161,18304000000,6,UPDATESTANDBY
18503000000,1.000000000000000,1.000000000000000,0.000000000000000,1,0,0,162,18405000000,6,UPDATESTANDBY
18603000000,1.000000000000000,1.000000000000000,0.000000000000000,1,0,0,163,18504000000,6,UPDATESTANDBY
18703000000,1.000000000000000,1.000000000000000,0.000000000000000,1,0,0,164,18604000000,6,UPDATESTANDBY
18803000000,1.000000000000000,1.000000000000000,0.000000000000000,1,0,0,165,18704000000,6,UPDATESTANDBY
18903000000,1.000000000000000,1.000000000000000,0.000000000000000,1,0,0,166,18804000000,6,UPDATESTANDBY
19003000000,1.000000000000000,1.000000000000000,0.000000000000000,1,0,0,167,18904000000,6,UPDATESTANDBY
19104000000,1.000000000000000,1.000000000000000,0.000000000000000,1,0,0,168,19004000000,6,UPDATESTANDBY
19203000000,1.000000000000000,1.000000000000000,0.000000000000000,1,0,0,169,19104000000,6,UPDATESTANDBY
19303000000,1.000000000000000,1.000000000000000,0.000000000000000,1,0,0,170,19203000000,7,UPDATESTANDBY
19403000000,1.000000000000000,1.000000000000000,0.000000000000000,1,0,0,171,19303000000,6,UPDATESTANDBY
19503000000,1.000000000000000,1.000000000000000,0.000000000000000,1,0,0,172,19404000000,6,UPDATESTANDBY
19603000000,1.000000000000000,1.000000000000000,0.000000000000000,1,0,0,173,19504000000,6,UPDATESTANDBY
19703000000,1.000000000000000,1.000000000000000,0.000000000000000,1,0,0,174,19604000000,6,UPDATESTANDBY
19803000000,1.000000000000000,1.000000000000000,0.000000000000000,1,0,0,175,19704000000,6,UPDATESTANDBY
19903000000,1.000000000000000,1.000000000000000,0.000000000000000,1,0,0,176,19804000000,6,UPDATESTANDBY
20003000000,1.000000000000000,1.000000000000000,0.000000000000000,1,0,0,177,19904000000,6,UPDATESTANDBY
20103000000,1.000000000000000,1.000000000000000,0.000000000000000,1,0,0,178,20004000000,6,UPDATESTANDBY
20203000000,1.000000000000000,1.000000000000000,0.000000000000000,1,0,0,179,20103000000,6,UPDATESTANDBY
20304000000,1.000000000000000,1.000000000000000,0.000000000000000,1,0,0,180,20204000000,7,UPDATESTANDBY
20404000000,1.000000000000000,1.000000000000000,0.000000000000000,1,0,0,181,20304000000,6,UPDATESTANDBY
20503000000,1.000000000000000,1.000000000000000,0.000000000000000,1,0,0,182,20404000000,6,UPDATESTANDBY
20603000000,1.000000000000000,1.000000000000000,0.000000000000000,1,0,0,183,20504000000,6,UPDATESTANDBY
20705000000,1.000000000000000,1.000000000000000,0.000000000000000,1,0,0,184,20604000000,6,UPDATESTANDBY
20803000000,1.000000000000000,1.000000000000000,0.000000000000000,1,0,0,185,20705000000,6,UPDATESTANDBY
20904000000,1.000000000000000,1.000000000000000,0.000000000000000,1,0,0,186,20804000000,6,UPDATESTANDBY
21003000000,1.000000000000000,1.000000000000000,0.000000000000000,1,0,0,187,20904000000,6,UPDATESTANDBY
21103000000,1.000000000000000,1.000000000000000,0.000000000000000,1,0,0,188,21004000000,6,UPDATESTANDBY
21203000000,1.000000000000000,1.000000000000000,0.000000000000000,1,0,0,189,21103000000,6,UPDATESTANDBY
21303000000,1.000000000000000,1.000000000000000,0.000000000000000,1,0,0,190,21203000000,7,UPDATESTANDBY
21403000000,1.000000000000000,1.000000000000000,0.000000000000000,1,0,0,191,21303000000,6,UPDATESTANDBY
21503000000,1.000000000000000,1.000000000000000,0.000000000000000,1,0,0,192,21403000000,6,UPDATESTANDBY
21603000000,1.000000000000000,1.000000000000000,0.000000000000000,1,0,0,193,21503000000,6,UPDATESTANDBY
21704000000,1.000000000000000,1.000000000000000,0.000000000000000,1,0,0,194,21604000000,6,UPDATESTANDBY
21803000000,1.000000000000000,1.000000000000000,0.000000000000000,1,0,0,195,21705000000,6,UPDATESTANDBY
21903000000,1.000000000000000,1.000000000000000,0.000000000000000,1,0,0,196,21804000000,6,UPDATESTANDBY
22003000000,1.000000000000000,1.000000000000000,0.000000000000000,1,0,0,197,21905000000,6,UPDATESTANDBY
22103000000,1.000000000000000,1.000000000000000,0.000000000000000,1,0,0,198,22003000000,6,UPDATESTANDBY
22204000000,1.000000000000000,1.000000000000000,0.000000000000000,1,0,0,199,22103000000,6,UPDATESTANDBY
22304000000,1.000000000000000,1.000000000000000,0.000000000000000,1,0,0,200,22204000000,7,UPDATESTANDBY
22403000000,1.000000000000000,1.000000000000000,0.000000000000000,1,0,0,201,22304000000,6,UPDATESTANDBY
22503000000,1.000000000000000,1.000000000000000,0.000000000000000,1,0,0,202,22403000000,6,UPDATESTANDBY
22604000000,1.000000000000000,1.000000000000000,0.000000000000000,1,0,0,203,22503000000,6,UPDATESTANDBY
22703000000,1.000000000000000,1.000000000000000,0.000000000000000,1,0,0,204,22604000000,6,UPDATESTANDBY
22803000000,1.000000000000000,1.000000000000000,0.000000000000000,1,0,0,205,22704000000,6,UPDATESTANDBY
22903000000,1.000000000000000,1.000000000000000,0.000000000000000,1,0,0,206,22804000000,6,UPDATESTANDBY
23003000000,1.000000000000000,1.000000000000000,0.000000000000000,1,0,0,207,22904000000,6,UPDATESTANDBY
23103000000,1.000000000000000,1.000000000000000,0.000000000000000,1,0,0,208,23003000000,6,UPDATESTANDBY
23203000000,1.000000000000000,1.000000000000000,0.000000000000000,1,0,0,209,23103000000,6,UPDATESTANDBY
23304000000,1.000000000000000,1.000000000000000,0.000000000000000,1,0,0,210,23203000000,7,UPDATESTANDBY
23403000000,1.000000000000000,1.000000000000000,0.000000000000000,1,0,0,211,23304000000,6,UPDATESTANDBY
23503000000,1.000000000000000,1.000000000000000,0.000000000000000,1,0,0,212,23403000000,6,UPDATESTANDBY
23603000000,1.000000000000000,1.000000000000000,0.000000000000000,1,0,0,213,23505000000,6,UPDATESTANDBY
23703000000,1.000000000000000,1.000000000000000,0.000000000000000,1,0,0,214,23603000000,6,UPDATESTANDBY
23803000000,1.000000000000000,1.000000000000000,0.000000000000000,1,0,0,215,23703000000,6,UPDATESTANDBY
23904000000,1.000000000000000,1.000000000000000,0.000000000000000,1,0,0,216,23803000000,6,UPDATESTANDBY
24003000000,1.000000000000000,1.000000000000000,0.000000000000000,1,0,0,217,23904000000,6,UPDATESTANDBY
24103000000,1.000000000000000,1.000000000000000,0.000000000000000,1,0,0,218,24003000000,6,UPDATESTANDBY
24203000000,1.000000000000000,1.000000000000000,0.000000000000000,1,0,0,219,24103000000,6,UPDATESTANDBY
24303000000,1.000000000000000,1.000000000000000,0.000000000000000,1,0,0,220,24204000000,7,UPDATESTANDBY
24403000000,1.000000000000000,1.000000000000000,0.000000000000000,1,0,0,221,24303000000,6,UPDATESTANDBY
24503000000,1.000000000000000,1.000000000000000,0.000000000000000,1,0,0,222,24403000000,6,UPDATESTANDBY
24604000000,1.000000000000000,1.000000000000000,0.000000000000000,1,0,0,223,24503000000,6,UPDATESTANDBY
24703000000,1.000000000000000,1.000000000000000,0.000000000000000,1,0,0,224,24604000000,6,UPDATESTANDBY
24803000000,1.000000000000000,1.000000000000000,0.000000000000000,1,0,0,225,24703000000,6,UPDATESTANDBY
24904000000,1.000000000000000,1.000000000000000,0.000000000000000,1,0,0,226,24803000000,6,UPDATESTANDBY
25003000000,1.000000000000000,1.000000000000000,0.000000000000000,1,0,0,227,24904000000,6,UPDATESTANDBY
25103000000,1.000000000000000,1.000000000000000,0.000000000000000,1,0,0,228,25003000000,6,UPDATESTANDBY
25203000000,1.000000000000000,1.000000000000000,0.000000000000000,1,0,0,229,25103000000,6,UPDATESTANDBY
25303000000,1.000000000000000,1.000000000000000,0.000000000000000,1,0,0,230,25203000000,7,UPDATESTANDBY
25403000000,1.000000000000000,1.000000000000000,0.000000000000000,1,0,0,231,25304000000,6,UPDATESTANDBY
25503000000,1.000000000000000,1.000000000000000,0.000000000000000,1,0,0,232,25404000000,6,UPDATESTANDBY
25603000000,1.000000000000000,1.000000000000000,0.000000000000000,1,0,0,233,25504000000,6,UPDATESTANDBY
25703000000,1.000000000000000,1.000000000000000,0.000000000000000,1,0,0,234,25604000000,6,UPDATESTANDBY
25803000000,1.000000000000000,1.000000000000000,0.000000000000000,1,0,0,235,25703000000,6,UPDATESTANDBY
25903000000,1.000000000000000,1.000000000000000,0.000000000000000,1,0,0,236,25803000000,6,UPDATESTANDBY
26003000000,1.000000000000000,1.000000000000000,0.000000000000000,1,0,0,237,25903000000,6,UPDATESTANDBY
26103000000,1.000000000000000,1.000000000000000,0.000000000000000,1,0,0,238,26004000000,6,UPDATESTANDBY
26203000000,1.000000000000000,1.000000000000000,0.000000000000000,1,0,0,239,26103000000,6,UPDATESTANDBY
26304000000,1.000000000000000,1.000000000000000,0.000000000000000,1,0,0,240,26203000000,7,UPDATESTANDBY
26403000000,1.000000000000000,1.000000000000000,0.000000000000000,1,0,0,241,26304000000,6,UPDATESTANDBY
26503000000,1.000000000000000,1.000000000000000,0.000000000000000,1,0,0,242,26403000000,6,UPDATESTANDBY
26603000000,1.000000000000000,1.000000000000000,0.000000000000000,1,0,0,243,26503000000,6,UPDATESTANDBY
26703000000,1.000000000000000,1.000000000000000,0.000000000000000,1,0,0,244,26604000000,6,UPDATESTANDBY
26803000000,1.000000000000000,1.000000000000000,0.000000000000000,1,0,0,245,26704000000,6,UPDATESTANDBY
26903000000,1.000000000000000,1.000000000000000,0.000000000000000,1,0,0,246,26803000000,6,UPDATESTANDBY
27004000000,1.000000000000000,1.000000000000000,0.000000000000000,1,0,0,247,26903000000,6,UPDATESTANDBY
27103000000,1.000000000000000,1.000000000000000,0.000000000000000,1,0,0,248,27004000000,6,UPDATESTANDBY
27203000000,1.000000000000000,1.000000000000000,0.000000000000000,1,0,0,249,27103000000,6,UPDATESTANDBY
27303000000,1.000000000000000,1.000000000000000,0.000000000000000,1,0,0,250,27203000000,7,UPDATESTANDBY
27403000000,1.000000000000000,1.000000000000000,0.000000000000000,1,0,0,251,27303000000,6,UPDATESTANDBY
27503000000,1.000000000000000,1.000000000000000,0.000000000000000,1,0,0,252,27404000000,6,UPDATESTANDBY
27603000000,1.000000000000000,1.000000000000000,0.000000000000000,1,0,0,253,27504000000,6,UPDATESTANDBY
27703000000,1.000000000000000,1.000000000000000,0.000000000000000,1,0,0,254,27605000000,6,UPDATESTANDBY
27803000000,1.000000000000000,1.000000000000000,0.000000000000000,1,0,0,255,27704000000,6,UPDATESTANDBY
27903000000,1.000000000000000,1.000000000000000,0.000000000000000,1,0,0,256,27804000000,6,UPDATESTANDBY
28003000000,1.000000000000000,1.000000000000000,0.000000000000000,1,0,0,257,27904000000,6,UPDATESTANDBY
28103000000,1.000000000000000,1.000000000000000,0.000000000000000,1,0,0,258,28004000000,6,UPDATESTANDBY
28203000000,1.000000000000000,1.000000000000000,0.000000000000000,1,0,0,259,28104000000,6,UPDATESTANDBY
28303000000,1.000000000000000,1.000000000000000,0.000000000000000,1,0,0,260,28204000000,7,UPDATESTANDBY
28403000000,1.000000000000000,1.000000000000000,0.000000000000000,1,0,0,261,28304000000,6,UPDATESTANDBY
28503000000,1.000000000000000,1.000000000000000,0.000000000000000,1,0,0,262,28404000000,6,UPDATESTANDBY
28605000000,1.000000000000000,1.000000000000000,0.000000000000000,1,0,0,263,28504000000,6,UPDATESTANDBY
28704000000,1.000000000000000,1.000000000000000,0.000000000000000,1,0,0,264,28606000000,6,UPDATESTANDBY
28803000000,1.000000000000000,1.000000000000000,0.000000000000000,1,0,0,265,28705000000,6,UPDATESTANDBY
28904000000,1.000000000000000,1.000000000000000,0.000000000000000,1,0,0,266,28804000000,6,UPDATESTANDBY
29003000000,1.000000000000000,1.000000000000000,0.000000000000000,1,0,0,267,28905000000,6,UPDATESTANDBY
29103000000,1.000000000000000,1.000000000000000,0.000000000000000,1,0,0,268,29004000000,6,UPDATESTANDBY
29203000000,1.000000000000000,1.000000000000000,0.000000000000000,1,0,0,269,29104000000,6,UPDATESTANDBY
29303000000,1.000000000000000,1.000000000000000,0.000000000000000,1,0,0,270,29204000000,7,UPDATESTANDBY
29403000000,1.000000000000000,1.000000000000000,0.000000000000000,1,0,0,271,29304000000,6,UPDATESTANDBY
29506000000,1.000000000000000,1.000000000000000,0.000000000000000,1,0,0,272,29404000000,6,UPDATESTANDBY
29603000000,1.000000000000000,1.000000000000000,0.000000000000000,1,0,0,273,29507000000,6,UPDATESTANDBY
29704000000,1.000000000000000,1.000000000000000,0.000000000000000,1,0,0,274,29604000000,6,UPDATESTANDBY
29804000000,1.000000000000000,1.000000000000000,0.000000000000000,1,0,0,275,29704000000,6,UPDATESTANDBY
29903000000,1.000000000000000,1.000000000000000,0.000000000000000,1,0,0,276,29804000000,6,UPDATESTANDBY
30003000000,1.000000000000000,1.000000000000000,0.000000000000000,1,0,0,277,29903000000,6,UPDATESTANDBY
30103000000,1.000000000000000,1.000000000000000,0.000000000000000,1,0,0,278,30003000000,6,UPDATESTANDBY
30203000000,1.000000000000000,1.000000000000000,0.000000000000000,1,0,0,279,30103000000,6,UPDATESTANDBY
30303000000,1.000000000000000,1.000000000000000,0.000000000000000,1,0,0,280,30204000000,7,UPDATESTANDBY
30404000000,1.000000000000000,1.000000000000000,0.000000000000000,1,0,0,281,30303000000,6,UPDATESTANDBY
30504000000,1.000000000000000,1.000000000000000,0.000000000000000,1,0,0,282,30404000000,6,UPDATESTANDBY
30604000000,1.000000000000000,1.000000000000000,0.000000000000000,1,0,0,283,30504000000,6,UPDATESTANDBY
30703000000,1.000000000000000,1.000000000000000,0.000000000000000,1,0,0,284,30604000000,6,UPDATESTANDBY
30803000000,1.000000000000000,1.000000000000000,0.000000000000000,1,0,0,285,30703000000,6,UPDATESTANDBY
30903000000,1.000000000000000,1.000000000000000,0.000000000000000,1,0,0,286,30803000000,6,UPDATESTANDBY
31003000000,1.000000000000000,1.000000000000000,0.000000000000000,1,0,0,287,30903000000,6,UPDATESTANDBY
31103000000,1.000000000000000,1.000000000000000,0.000000000000000,1,0,0,288,31003000000,6,UPDATESTANDBY
31203000000,1.000000000000000,1.000000000000000,0.000000000000000,1,0,0,289,31103000000,6,UPDATESTANDBY
31303000000,1.000000000000000,1.000000000000000,0.000000000000000,1,0,0,290,31203000000,7,UPDATESTANDBY
31403000000,1.000000000000000,1.000000000000000,0.000000000000000,1,0,0,291,31303000000,6,UPDATESTANDBY
31503000000,1.000000000000000,1.000000000000000,0.000000000000000,1,0,0,292,31403000000,6,UPDATESTANDBY
31604000000,1.000000000000000,1.000000000000000,0.000000000000000,1,0,0,293,31503000000,6,UPDATESTANDBY
31703000000,1.000000000000000,1.000000000000000,0.000000000000000,1,0,0,294,31604000000,6,UPDATESTANDBY
31804000000,1.000000000000000,1.000000000000000,0.000000000000000,1,0,0,295,31703000000,6,UPDATESTANDBY
31904000000,1.000000000000000,1.000000000000000,0.000000000000000,1,0,0,296,31804000000,6,UPDATESTANDBY
32004000000,1.000000000000000,1.000000000000000,0.000000000000000,1,0,0,297,31904000000,6,UPDATESTANDBY
32103000000,1.000000000000000,1.000000000000000,0.000000000000000,1,0,0,298,32004000000,6,UPDATESTANDBY
32203000000,1.000000000000000,1.000000000000000,0.000000000000000,1,0,0,299,32103000000,6,UPDATESTANDBY
32303000000,1.000000000000000,1.000000000000000,0.000000000000000,1,0,0,300,32203000000,7,UPDATESTANDBY
32403000000,1.000000000000000,1.000000000000000,0.000000000000000,1,0,0,301,32304000000,6,UPDATESTANDBY
32503000000,1.000000000000000,1.000000000000000,0.000000000000000,1,0,0,302,32403000000,6,UPDATESTANDBY
32603000000,1.000000000000000,1.000000000000000,0.000000000000000,1,0,0,303,32503000000,6,UPDATESTANDBY
32703000000,1.000000000000000,1.000000000000000,0.000000000000000,1,0,0,304,32603000000,6,UPDATESTANDBY
32803000000,1.000000000000000,1.000000000000000,0.000000000000000,1,0,0,305,32703000000,6,UPDATESTANDBY
32903000000,1.000000000000000,1.000000000000000,0.000000000000000,1,0,0,306,32803000000,6,UPDATESTANDBY
33003000000,1.000000000000000,1.000000000000000,0.000000000000000,1,0,0,307,32903000000,6,UPDATESTANDBY
33103000000,1.000000000000000,1.000000000000000,0.000000000000000,1,0,0,308,33003000000,6,UPDATESTANDBY
33203000000,1.000000000000000,1.000000000000000,0.000000000000000,1,0,0,309,33103000000,6,UPDATESTANDBY
33303000000,1.000000000000000,1.000000000000000,0.000000000000000,1,0,0,310,33203000000,7,UPDATESTANDBY
33403000000,1.000000000000000,1.000000000000000,0.000000000000000,1,0,0,311,33303000000,6,UPDATESTANDBY
33503000000,1.000000000000000,1.000000000000000,0.000000000000000,1,0,0,312,33403000000,6,UPDATESTANDBY
33603000000,1.000000000000000,1.000000000000000,0.000000000000000,1,0,0,313,33503000000,6,UPDATESTANDBY
33703000000,1.000000000000000,1.000000000000000,0.000000000000000,1,0,0,314,33604000000,6,UPDATESTANDBY
33803000000,1.000000000000000,1.000000000000000,0.000000000000000,1,0,0,315,33703000000,6,UPDATESTANDBY
33903000000,1.000000000000000,1.000000000000000,0.000000000000000,1,0,0,316,33803000000,6,UPDATESTANDBY
34003000000,1.000000000000000,1.000000000000000,0.000000000000000,1,0,0,317,33903000000,6,UPDATESTANDBY
34103000000,1.000000000000000,1.000000000000000,0.000000000000000,1,0,0,318,34003000000,6,UPDATESTANDBY
34203000000,1.000000000000000,1.000000000000000,0.000000000000000,1,0,0,319,34103000000,6,UPDATESTANDBY
34303000000,1.000000000000000,1.000000000000000,0.000000000000000,1,0,0,320,34204000000,7,UPDATESTANDBY
34403000000,1.000000000000000,1.000000000000000,0.000000000000000,1,0,0,321,34303000000,6,UPDATESTANDBY
34503000000,1.000000000000000,1.000000000000000,0.000000000000000,1,0,0,322,34404000000,6,UPDATESTANDBY
34603000000,1.000000000000000,1.000000000000000,0.000000000000000,1,0,0,323,34504000000,6,UPDATESTANDBY
34703000000,1.000000000000000,1.000000000000000,0.000000000000000,1,0,0,324,34603000000,6,UPDATESTANDBY
34804000000,1.000000000000000,1.000000000000000,0.000000000000000,1,0,0,325,34703000000,6,UPDATESTANDBY
34903000000,1.000000000000000,1.000000000000000,0.000000000000000,1,0,0,326,34804000000,6,UPDATESTANDBY
35003000000,1.000000000000000,1.000000000000000,0.000000000000000,1,0,0,327,34903000000,6,UPDATESTANDBY
35103000000,1.000000000000000,1.000000000000000,0.000000000000000,1,0,0,328,35003000000,6,UPDATESTANDBY
35204000000,1.000000000000000,1.000000000000000,0.000000000000000,1,0,0,329,35103000000,6,UPDATESTANDBY
35303000000,1.000000000000000,1.000000000000000,0.000000000000000,1,0,0,330,35204000000,7,UPDATESTANDBY
35403000000,1.000000000000000,1.000000000000000,0.000000000000000,1,0,0,331,35304000000,6,UPDATESTANDBY
35503000000,1.000000000000000,1.000000000000000,0.000000000000000,1,0,0,332,35403000000,6,UPDATESTANDBY
35603000000,1.000000000000000,1.000000000000000,0.000000000000000,1,0,0,333,35503000000,6,UPDATESTANDBY
35703000000,1.000000000000000,1.000000000000000,0.000000000000000,1,0,0,334,35603000000,6,UPDATESTANDBY
35803000000,1.000000000000000,1.000000000000000,0.000000000000000,1,0,0,335,35703000000,6,UPDATESTANDBY
35903000000,1.000000000000000,1.000000000000000,0.000000000000000,1,0,0,336,35804000000,6,UPDATESTANDBY
36003000000,1.000000000000000,1.000000000000000,0.000000000000000,1,0,0,337,35903000000,6,UPDATESTANDBY
36103000000,1.000000000000000,1.000000000000000,0.000000000000000,1,0,0,338,36003000000,6,UPDATESTANDBY
36204000000,1.000000000000000,1.000000000000000,0.000000000000000,1,0,0,339,36103000000,6,UPDATESTANDBY
36304000000,1.000000000000000,1.000000000000000,0.000000000000000,1,0,0,340,36204000000,7,UPDATESTANDBY
36403000000,1.000000000000000,1.000000000000000,0.000000000000000,1,0,0,341,36304000000,6,UPDATESTANDBY
36503000000,1.000000000000000,1.000000000000000,0.000000000000000,1,0,0,342,36403000000,6,UPDATESTANDBY
36603000000,1.000000000000000,1.000000000000000,0.000000000000000,1,0,0,343,36503000000,6,UPDATESTANDBY
36703000000,1.000000000000000,1.000000000000000,0.000000000000000,1,0,0,344,36603000000,6,UPDATESTANDBY
36803000000,1.000000000000000,1.000000000000000,0.000000000000000,1,0,0,345,36703000000,6,UPDATESTANDBY
36904000000,1.000000000000000,1.000000000000000,0.000000000000000,1,0,0,346,36803000000,6,UPDATESTANDBY
37003000000,1.000000000000000,1.000000000000000,0.000000000000000,1,0,0,347,36904000000,6,UPDATESTANDBY
37103000000,1.000000000000000,1.000000000000000,0.000000000000000,1,0,0,348,37003000000,6,UPDATESTANDBY
37203000000,1.000000000000000,1.000000000000000,0.000000000000000,1,0,0,349,37103000000,6,UPDATESTANDBY
37303000000,1.000000000000000,1.000000000000000,0.000000000000000,1,0,0,350,37203000000,7,UPDATESTANDBY
37404000000,1.000000000000000,1.000000000000000,0.000000000000000,1,0,0,351,37303000000,6,UPDATESTANDBY
37504000000,1.000000000000000,1.000000000000000,0.000000000000000,1,0,0,352,37404000000,6,UPDATESTANDBY
37603000000,1.000000000000000,1.000000000000000,0.000000000000000,1,0,0,353,37504000000,6,UPDATESTANDBY
37703000000,1.000000000000000,1.000000000000000,0.000000000000000,1,0,0,354,37603000000,6,UPDATESTANDBY
37803000000,1.000000000000000,1.000000000000000,0.000000000000000,1,0,0,355,37703000000,6,UPDATESTANDBY
37903000000,1.000000000000000,1.000000000000000,0.000000000000000,1,0,0,356,37803000000,6,UPDATESTANDBY
38003000000,1.000000000000000,1.000000000000000,0.000000000000000,1,0,0,357,37903000000,6,UPDATESTANDBY
38103000000,1.000000000000000,1.000000000000000,0.000000000000000,1,0,0,358,38003000000,6,UPDATESTANDBY
38203000000,1.000000000000000,1.000000000000000,0.000000000000000,1,0,0,359,38103000000,6,UPDATESTANDBY
38303000000,1.000000000000000,1.000000000000000,0.000000000000000,1,0,0,360,38203000000,7,UPDATESTANDBY
38403000000,1.000000000000000,1.000000000000000,0.000000000000000,1,0,0,361,38303000000,6,UPDATESTANDBY
38503000000,1.000000000000000,1.000000000000000,0.000000000000000,1,0,0,362,38403000000,6,UPDATESTANDBY
38603000000,1.000000000000000,1.000000000000000,0.000000000000000,1,0,0,363,38503000000,6,UPDATESTANDBY
38703000000,1.000000000000000,1.000000000000000,0.000000000000000,1,0,0,364,38603000000,6,UPDATESTANDBY
38803000000,1.000000000000000,1.000000000000000,0.000000000000000,1,0,0,365,38703000000,6,UPDATESTANDBY
38903000000,1.000000000000000,1.000000000000000,0.000000000000000,1,0,0,366,38803000000,6,UPDATESTANDBY
39003000000,1.000000000000000,1.000000000000000,0.000000000000000,1,0,0,367,38903000000,6,UPDATESTANDBY
39103000000,1.000000000000000,1.000000000000000,0.000000000000000,1,0,0,368,39003000000,6,UPDATESTANDBY
39203000000,1.000000000000000,1.000000000000000,0.000000000000000,1,0,0,369,39103000000,6,UPDATESTANDBY
39303000000,1.000000000000000,1.000000000000000,0.000000000000000,1,0,0,370,39203000000,7,UPDATESTANDBY
39403000000,1.000000000000000,1.000000000000000,0.000000000000000,1,0,0,371,39303000000,6,UPDATESTANDBY
39503000000,1.000000000000000,1.000000000000000,0.000000000000000,1,0,0,372,39403000000,6,UPDATESTANDBY
39603000000,1.000000000000000,1.000000000000000,0.000000000000000,1,0,0,373,39503000000,6,UPDATESTANDBY
39703000000,1.000000000000000,1.000000000000000,0.000000000000000,1,0,0,374,39603000000,6,UPDATESTANDBY
39804000000,1.000000000000000,1.000000000000000,0.000000000000000,1,0,0,375,39703000000,6,UPDATESTANDBY
39903000000,1.000000000000000,1.000000000000000,0.000000000000000,1,0,0,376,39804000000,6,UPDATESTANDBY
40003000000,1.000000000000000,1.000000000000000,0.000000000000000,1,0,0,377,39903000000,6,UPDATESTANDBY
40103000000,1.000000000000000,1.000000000000000,0.000000000000000,1,0,0,378,40003000000,6,UPDATESTANDBY
40203000000,1.000000000000000,1.000000000000000,0.000000000000000,1,0,0,379,40103000000,6,UPDATESTANDBY
40303000000,1.000000000000000,1.000000000000000,0.000000000000000,1,0,0,380,40203000000,7,UPDATESTANDBY
40404000000,1.000000000000000,1.000000000000000,0.000000000000000,1,0,0,381,40303000000,6,UPDATESTANDBY
40503000000,1.000000000000000,1.000000000000000,0.000000000000000,1,0,0,382,40404000000,6,UPDATESTANDBY
40604000000,1.000000000000000,1.000000000000000,0.000000000000000,1,0,0,383,40503000000,6,UPDATESTANDBY
40704000000,1.000000000000000,1.000000000000000,0.000000000000000,1,0,0,384,40604000000,6,UPDATESTANDBY
40803000000,1.000000000000000,1.000000000000000,0.000000000000000,1,0,0,385,40704000000,6,UPDATESTANDBY
40903000000,1.000000000000000,1.000000000000000,0.000000000000000,1,0,0,386,40803000000,6,UPDATESTANDBY
41004000000,1.000000000000000,1.000000000000000,0.000000000000000,1,0,0,387,40903000000,6,UPDATESTANDBY
41104000000,1.000000000000000,1.000000000000000,0.000000000000000,1,0,0,388,41004000000,6,UPDATESTANDBY
41203000000,1.000000000000000,1.000000000000000,0.000000000000000,1,0,0,389,41104000000,6,UPDATESTANDBY
41303000000,1.000000000000000,1.000000000000000,0.000000000000000,1,0,0,390,41203000000,7,UPDATESTANDBY
41403000000,1.000000000000000,1.000000000000000,0.000000000000000,1,0,0,391,41303000000,6,UPDATESTANDBY
41503000000,1.000000000000000,1.000000000000000,0.000000000000000,1,0,0,392,41403000000,6,UPDATESTANDBY
41603000000,1.000000000000000,1.000000000000000,0.000000000000000,1,0,0,393,41503000000,6,UPDATESTANDBY
41703000000,1.000000000000000,1.000000000000000,0.000000000000000,1,0,0,394,41603000000,6,UPDATESTANDBY
41803000000,1.000000000000000,1.000000000000000,0.000000000000000,1,0,0,395,41703000000,6,UPDATESTANDBY
41903000000,1.000000000000000,1.000000000000000,0.000000000000000,1,0,0,396,41803000000,6,UPDATESTANDBY
42003000000,1.000000000000000,1.000000000000000,0.000000000000000,1,0,0,397,41903000000,6,UPDATESTANDBY
42104000000,1.000000000000000,1.000000000000000,0.000000000000000,1,0,0,398,42003000000,6,UPDATESTANDBY
42203000000,1.000000000000000,1.000000000000000,0.000000000000000,1,0,0,399,42104000000,6,UPDATESTANDBY
42303000000,1.000000000000000,1.000000000000000,0.000000000000000,1,0,0,400,42204000000,7,UPDATESTANDBY
42403000000,1.000000000000000,1.000000000000000,0.000000000000000,1,0,0,401,42303000000,6,UPDATESTANDBY
42503000000,1.000000000000000,1.000000000000000,0.000000000000000,1,0,0,402,42404000000,6,UPDATESTANDBY
42605000000,1.000000000000000,1.000000000000000,0.000000000000000,1,0,0,403,42503000000,6,UPDATESTANDBY
42703000000,1.000000000000000,1.000000000000000,0.000000000000000,1,0,0,404,42605000000,6,UPDATESTANDBY
42803000000,1.000000000000000,1.000000000000000,0.000000000000000,1,0,0,405,42704000000,6,UPDATESTANDBY
42903000000,1.000000000000000,1.000000000000000,0.000000000000000,1,0,0,406,42804000000,6,UPDATESTANDBY
43003000000,1.000000000000000,1.000000000000000,0.000000000000000,1,0,0,407,42903000000,6,UPDATESTANDBY
43104000000,1.000000000000000,1.000000000000000,0.000000000000000,1,0,0,408,43003000000,6,UPDATESTANDBY
43203000000,1.000000000000000,1.000000000000000,0.000000000000000,1,0,0,409,43104000000,6,UPDATESTANDBY
43303000000,1.000000000000000,1.000000000000000,0.000000000000000,1,0,0,410,43204000000,7,UPDATESTANDBY
43404000000,1.000000000000000,1.000000000000000,0.000000000000000,1,0,0,411,43303000000,6,UPDATESTANDBY
43503000000,1.000000000000000,1.000000000000000,0.000000000000000,1,0,0,412,43404000000,6,UPDATESTANDBY
43603000000,1.000000000000000,1.000000000000000,0.000000000000000,1,0,0,413,43504000000,6,UPDATESTANDBY
43704000000,1.000000000000000,1.000000000000000,0.000000000000000,1,0,0,414,43603000000,6,UPDATESTANDBY
43803000000,1.000000000000000,1.000000000000000,0.000000000000000,1,0,0,415,43704000000,6,UPDATESTANDBY
43903000000,1.000000000000000,1.000000000000000,0.000000000000000,1,0,0,416,43804000000,6,UPDATESTANDBY
44003000000,1.000000000000000,1.000000000000000,0.000000000000000,1,0,0,417,43904000000,6,UPDATESTANDBY
44103000000,1.000000000000000,1.000000000000000,0.000000000000000,1,0,0,418,44004000000,6,UPDATESTANDBY
44203000000,1.000000000000000,1.000000000000000,0.000000000000000,1,0,0,419,44104000000,6,UPDATESTANDBY
44303000000,1.000000000000000,1.000000000000000,0.000000000000000,1,0,0,420,44204000000,7,UPDATESTANDBY
44404000000,1.000000000000000,1.000000000000000,0.000000000000000,1,0,0,421,44303000000,6,UPDATESTANDBY
44503000000,1.000000000000000,1.000000000000000,0.000000000000000,1,0,0,422,44404000000,6,UPDATESTANDBY
44603000000,1.000000000000000,1.000000000000000,0.000000000000000,1,0,0,423,44503000000,6,UPDATESTANDBY
44703000000,1.000000000000000,1.000000000000000,0.000000000000000,1,0,0,424,44603000000,6,UPDATESTANDBY
44803000000,1.000000000000000,1.000000000000000,0.000000000000000,1,0,0,425,44703000000,6,UPDATESTANDBY
44903000000,1.000000000000000,1.000000000000000,0.000000000000000,1,0,0,426,44804000000,6,UPDATESTANDBY
45003000000,1.000000000000000,1.000000000000000,0.000000000000000,1,0,0,427,44903000000,6,UPDATESTANDBY
45103000000,1.000000000000000,1.000000000000000,0.000000000000000,1,0,0,428,45003000000,6,UPDATESTANDBY
45204000000,1.000000000000000,1.000000000000000,0.000000000000000,1,0,0,429,45103000000,6,UPDATESTANDBY
45303000000,1.000000000000000,1.000000000000000,0.000000000000000,1,0,0,430,45204000000,7,UPDATESTANDBY
45404000000,1.000000000000000,1.000000000000000,0.000000000000000,1,0,0,431,45303000000,6,UPDATESTANDBY
45509000000,1.000000000000000,1.000000000000000,0.000000000000000,1,0,0,432,45404000000,6,UPDATESTANDBY
45603000000,1.000000000000000,1.000000000000000,0.000000000000000,1,0,0,433,45509000000,6,UPDATESTANDBY
45703000000,1.000000000000000,1.000000000000000,0.000000000000000,1,0,0,434,45605000000,6,UPDATESTANDBY
45803000000,1.000000000000000,1.000000000000000,0.000000000000000,1,0,0,435,45704000000,6,UPDATESTANDBY
45904000000,1.000000000000000,1.000000000000000,0.000000000000000,1,0,0,436,45804000000,6,UPDATESTANDBY
46003000000,1.000000000000000,1.000000000000000,0.000000000000000,1,0,0,437,45904000000,6,UPDATESTANDBY
46103000000,1.000000000000000,1.000000000000000,0.000000000000000,1,0,0,438,46004000000,6,UPDATESTANDBY
46203000000,1.000000000000000,1.000000000000000,0.000000000000000,1,0,0,439,46104000000,6,UPDATESTANDBY
46304000000,1.000000000000000,1.000000000000000,0.000000000000000,1,0,0,440,46204000000,7,UPDATESTANDBY
46403000000,1.000000000000000,1.000000000000000,0.000000000000000,1,0,0,441,46304000000,6,UPDATESTANDBY
46503000000,1.000000000000000,1.000000000000000,0.000000000000000,1,0,0,442,46404000000,6,UPDATESTANDBY
46604000000,1.000000000000000,1.000000000000000,0.000000000000000,1,0,0,443,46504000000,6,UPDATESTANDBY
46703000000,1.000000000000000,1.000000000000000,0.000000000000000,1,0,0,444,46605000000,6,UPDATESTANDBY
46803000000,1.000000000000000,1.000000000000000,0.000000000000000,1,0,0,445,46704000000,6,UPDATESTANDBY
46903000000,1.000000000000000,1.000000000000000,0.000000000000000,1,0,0,446,46804000000,6,UPDATESTANDBY
47003000000,1.000000000000000,1.000000000000000,0.000000000000000,1,0,0,447,46904000000,6,UPDATESTANDBY
47103000000,1.000000000000000,1.000000000000000,0.000000000000000,1,0,0,448,47003000000,6,UPDATESTANDBY
47203000000,1.000000000000000,1.000000000000000,0.000000000000000,1,0,0,449,47103000000,6,UPDATESTANDBY
47303000000,1.000000000000000,1.000000000000000,0.000000000000000,1,0,0,450,47203000000,7,UPDATESTANDBY
47403000000,1.000000000000000,1.000000000000000,0.000000000000000,1,0,0,451,47304000000,6,UPDATESTANDBY
47503000000,1.000000000000000,1.000000000000000,0.000000000000000,1,0,0,452,47404000000,6,UPDATESTANDBY
47603000000,1.000000000000000,1.000000000000000,0.000000000000000,1,0,0,453,47503000000,6,UPDATESTANDBY
47703000000,1.000000000000000,1.000000000000000,0.000000000000000,1,0,0,454,47604000000,6,UPDATESTANDBY
47804000000,1.000000000000000,1.000000000000000,0.000000000000000,1,0,0,455,47704000000,6,UPDATESTANDBY
47903000000,1.000000000000000,1.000000000000000,0.000000000000000,1,0,0,456,47804000000,6,UPDATESTANDBY
48004000000,1.000000000000000,1.000000000000000,0.000000000000000,1,0,0,457,47903000000,6,UPDATESTANDBY
48104000000,1.000000000000000,1.000000000000000,0.000000000000000,1,0,0,458,48004000000,6,UPDATESTANDBY
48203000000,1.000000000000000,1.000000000000000,0.000000000000000,1,0,0,459,48104000000,6,UPDATESTANDBY
48303000000,1.000000000000000,1.000000000000000,0.000000000000000,1,0,0,460,48203000000,7,UPDATESTANDBY
48403000000,1.000000000000000,1.000000000000000,0.000000000000000,1,0,0,461,48303000000,6,UPDATESTANDBY
48503000000,1.000000000000000,1.000000000000000,0.000000000000000,1,0,0,462,48403000000,6,UPDATESTANDBY
48603000000,1.000000000000000,1.000000000000000,0.000000000000000,1,0,0,463,48503000000,6,UPDATESTANDBY
48703000000,1.000000000000000,1.000000000000000,0.000000000000000,1,0,0,464,48603000000,6,UPDATESTANDBY
48803000000,1.000000000000000,1.000000000000000,0.000000000000000,1,0,0,465,48703000000,6,UPDATESTANDBY
48903000000,1.000000000000000,1.000000000000000,0.000000000000000,1,0,0,466,48803000000,6,UPDATESTANDBY
49003000000,1.000000000000000,1.000000000000000,0.000000000000000,1,0,0,467,48903000000,6,UPDATESTANDBY
49103000000,1.000000000000000,1.000000000000000,0.000000000000000,1,0,0,468,49003000000,6,UPDATESTANDBY
49203000000,1.000000000000000,1.000000000000000,0.000000000000000,1,0,0,469,49103000000,6,UPDATESTANDBY
49304000000,1.000000000000000,1.000000000000000,0.000000000000000,1,0,0,470,49203000000,7,UPDATESTANDBY
49403000000,1.000000000000000,1.000000000000000,0.000000000000000,1,0,0,471,49304000000,6,UPDATESTANDBY
49503000000,1.000000000000000,1.000000000000000,0.000000000000000,1,0,0,472,49403000000,6,UPDATESTANDBY
49603000000,1.000000000000000,1.000000000000000,0.000000000000000,1,0,0,473,49503000000,6,UPDATESTANDBY
49703000000,1.000000000000000,1.000000000000000,0.000000000000000,1,0,0,474,49603000000,6,UPDATESTANDBY
49803000000,1.000000000000000,1.000000000000000,0.000000000000000,1,0,0,475,49703000000,6,UPDATESTANDBY
49903000000,1.000000000000000,1.000000000000000,0.000000000000000,1,0,0,476,49804000000,6,UPDATESTANDBY
50003000000,1.000000000000000,1.000000000000000,0.000000000000000,1,0,0,477,49903000000,6,UPDATESTANDBY
50103000000,1.000000000000000,1.000000000000000,0.000000000000000,1,0,0,478,50004000000,6,UPDATESTANDBY
50204000000,1.000000000000000,1.000000000000000,0.000000000000000,1,0,0,479,50103000000,6,UPDATESTANDBY
50303000000,1.000000000000000,1.000000000000000,0.000000000000000,1,0,0,480,50204000000,7,UPDATESTANDBY
