2394000000,1.000000000000000,1.000000000000000,0.000000000000000,0,0,0,0,0,34,UPDATESTANDBY
2493000000,1.000000000000000,1.000000000000000,0.000000000000000,1,0,0,1,2395000000,7,UPDATESTANDBY
2593000000,1.000000000000000,1.000000000000000,0.000000000000000,1,0,0,2,2493000000,6,UPDATESTANDBY
2693000000,1.000000000000000,1.000000000000000,0.000000000000000,1,0,0,3,2593000000,6,UPDATESTANDBY
2793000000,1.000000000000000,1.000000000000000,0.000000000000000,1,0,0,4,2693000000,6,UPDATESTANDBY
2893000000,1.000000000000000,1.000000000000000,0.000000000000000,1,0,0,5,2794000000,6,UPDATESTANDBY
2993000000,1.000000000000000,1.000000000000000,0.000000000000000,1,0,0,6,2893000000,6,UPDATESTANDBY
3093000000,1.000000000000000,1.000000000000000,0.000000000000000,1,0,0,7,2993000000,6,UPDATESTANDBY
3193000000,1.000000000000000,1.000000000000000,0.000000000000000,1,0,0,8,3093000000,6,UPDATESTANDBY
3293000000,1.000000000000000,1.000000000000000,0.000000000000000,1,0,0,9,3193000000,6,UPDATESTANDBY
3393000000,1.000000000000000,1.000000000000000,0.000000000000000,1,0,0,10,3293000000,7,UPDATESTANDBY
3493000000,1.000000000000000,1.000000000000000,0.000000000000000,1,0,0,11,3394000000,6,UPDATESTANDBY
3593000000,1.000000000000000,1.000000000000000,0.000000000000000,1,0,0,12,3493000000,6,UPDATESTANDBY
3693000000,1.000000000000000,1.000000000000000,0.000000000000000,1,0,0,13,3593000000,6,UPDATESTANDBY
3793000000,1.000000000000000,1.000000000000000,0.000000000000000,1,0,0,14,3694000000,6,UPDATESTANDBY
3893000000,1.000000000000000,1.000000000000000,0.000000000000000,1,0,0,15,3793000000,6,UPDATESTANDBY
3994000000,1.000000000000000,1.000000000000000,0.000000000000000,1,0,0,16,3893000000,6,UPDATESTANDBY
4093000000,1.000000000000000,1.000000000000000,0.000000000000000,1,0,0,17,3994000000,6,UPDATESTANDBY
4193000000,1.000000000000000,1.000000000000000,0.000000000000000,1,0,0,18,4093000000,6,UPDATESTANDBY
4293000000,1.000000000000000,1.000000000000000,0.000000000000000,1,0,0,19,4193000000,6,UPDATESTANDBY
4393000000,1.000000000000000,1.000000000000000,0.000000000000000,1,0,0,20,4293000000,7,UPDATESTANDBY
4493000000,1.000000000000000,1.000000000000000,0.000000000000000,1,0,0,21,4393000000,6,UPDATESTANDBY
4593000000,1.000000000000000,1.000000000000000,0.000000000000000,1,0,0,22,4493000000,6,UPDATESTANDBY
4694000000,1.000000000000000,1.000000000000000,0.000000000000000,1,0,0,23,4593000000,6,UPDATESTANDBY
4793000000,1.000000000000000,1.000000000000000,0.000000000000000,1,0,0,24,4694000000,6,UPDATESTANDBY
4893000000,1.000000000000000,1.000000000000000,0.000000000000000,1,0,0,25,4794000000,6,UPDATESTANDBY
4996000000,1.000000000000000,1.000000000000000,0.000000000000000,1,0,0,26,4893000000,6,UPDATESTANDBY
5093000000,1.000000000000000,1.000000000000000,0.000000000000000,1,0,0,27,4996000000,6,UPDATESTANDBY
5193000000,1.000000000000000,1.000000000000000,0.000000000000000,1,0,0,28,5094000000,6,UPDATESTANDBY
5293000000,1.000000000000000,1.000000000000000,0.000000000000000,1,0,0,29,5193000000,6,UPDATESTANDBY
5393000000,1.000000000000000,1.000000000000000,0.000000000000000,1,0,0,30,5293000000,7,UPDATESTANDBY
5493000000,1.000000000000000,1.000000000000000,0.000000000000000,1,0,0,31,5393000000,6,UPDATESTANDBY
5593000000,1.000000000000000,1.000000000000000,0.000000000000000,1,0,0,32,5493000000,6,UPDATESTANDBY
5694000000,1.000000000000000,1.000000000000000,0.000000000000000,1,0,0,33,5593000000,6,UPDATESTANDBY
5793000000,1.000000000000000,1.000000000000000,0.000000000000000,1,0,0,34,5694000000,6,UPDATESTANDBY
5893000000,1.000000000000000,1.000000000000000,0.000000000000000,1,0,0,35,5793000000,6,UPDATESTANDBY
5993000000,1.000000000000000,1.000000000000000,0.000000000000000,1,0,0,36,5893000000,6,UPDATESTANDBY
6093000000,1.000000000000000,1.000000000000000,0.000000000000000,1,0,0,37,5993000000,6,UPDATESTANDBY
6193000000,1.000000000000000,1.000000000000000,0.000000000000000,1,0,0,38,6093000000,6,UPDATESTANDBY
6294000000,1.000000000000000,1.000000000000000,0.000000000000000,1,0,0,39,6193000000,6,UPDATESTANDBY
6393000000,1.000000000000000,1.000000000000000,0.000000000000000,1,0,0,40,6294000000,7,UPDATESTANDBY
6494000000,1.000000000000000,1.000000000000000,0.000000000000000,1,0,0,41,6393000000,6,UPDATESTANDBY
6593000000,1.000000000000000,1.000000000000000,0.000000000000000,1,0,0,42,6494000000,6,UPDATESTANDBY
6693000000,1.000000000000000,1.000000000000000,0.000000000000000,1,0,0,43,6593000000,6,UPDATESTANDBY
6793000000,1.000000000000000,1.000000000000000,0.000000000000000,1,0,0,44,6694000000,6,UPDATESTANDBY
6893000000,1.000000000000000,1.000000000000000,0.000000000000000,1,0,0,45,6793000000,6,UPDATESTANDBY
6994000000,1.000000000000000,1.000000000000000,0.000000000000000,1,0,0,46,6894000000,6,UPDATESTANDBY
7093000000,1.000000000000000,1.000000000000000,0.000000000000000,1,0,0,47,6994000000,6,UPDATESTANDBY
7193000000,1.000000000000000,1.000000000000000,0.000000000000000,1,0,0,48,7093000000,6,UPDATESTANDBY
7294000000,1.000000000000000,1.000000000000000,0.000000000000000,1,0,0,49,7193000000,6,UPDATESTANDBY
7393000000,1.000000000000000,1.000000000000000,0.000000000000000,1,0,0,50,7295000000,7,UPDATESTANDBY
7493000000,1.000000000000000,1.000000000000000,0.000000000000000,1,0,0,51,7393000000,6,UPDATESTANDBY
7593000000,1.000000000000000,1.000000000000000,0.000000000000000,1,0,0,52,7493000000,6,UPDATESTANDBY
7693000000,1.000000000000000,1.000000000000000,0.000000000000000,1,0,0,53,7594000000,6,UPDATESTANDBY
7793000000,1.000000000000000,1.000000000000000,0.000000000000000,1,0,0,54,7694000000,6,UPDATESTANDBY
7894000000,1.000000000000000,1.000000000000000,0.000000000000000,1,0,0,55,7793000000,6,UPDATESTANDBY
7993000000,1.000000000000000,1.000000000000000,0.000000000000000,1,0,0,56,7894000000,6,UPDATESTANDBY
8093000000,1.000000000000000,1.000000000000000,0.000000000000000,1,0,0,57,7993000000,6,UPDATESTANDBY
8193000000,1.000000000000000,1.000000000000000,0.000000000000000,1,0,0,58,8094000000,6,UPDATESTANDBY
8294000000,1.000000000000000,1.000000000000000,0.000000000000000,1,0,0,59,8194000000,6,UPDATESTANDBY
8393000000,1.000000000000000,1.000000000000000,0.000000000000000,1,0,0,60,8294000000,7,UPDATESTANDBY
8493000000,1.000000000000000,1.000000000000000,0.000000000000000,1,0,0,61,8394000000,6,UPDATESTANDBY
8593000000,1.000000000000000,1.000000000000000,0.000000000000000,1,0,0,62,8494000000,6,UPDATESTANDBY
8693000000,1.000000000000000,1.000000000000000,0.000000000000000,1,0,0,63,8594000000,6,UPDATESTANDBY
8794000000,1.000000000000000,1.000000000000000,0.000000000000000,1,0,0,64,8693000000,6,UPDATESTANDBY
8894000000,1.000000000000000,1.000000000000000,0.000000000000000,1,0,0,65,8794000000,6,UPDATESTANDBY
8994000000,1.000000000000000,1.000000000000000,0.000000000000000,1,0,0,66,8894000000,6,UPDATESTANDBY
9096000000,1.000000000000000,1.000000000000000,0.000000000000000,1,0,0,67,8994000000,6,UPDATESTANDBY
9193000000,1.000000000000000,1.000000000000000,0.000000000000000,1,0,0,68,9097000000,6,UPDATESTANDBY
9293000000,1.000000000000000,1.000000000000000,0.000000000000000,1,0,0,69,9193000000,6,UPDATESTANDBY
9394000000,1.000000000000000,1.000000000000000,0.000000000000000,1,0,0,70,9294000000,7,UPDATESTANDBY
9493000000,1.000000000000000,1.000000000000000,0.000000000000000,1,0,0,71,9395000000,6,UPDATESTANDBY
9593000000,1.000000000000000,1.000000000000000,0.000000000000000,1,0,0,72,9493000000,6,UPDATESTANDBY
9693000000,1.000000000000000,1.000000000000000,0.000000000000000,1,0,0,73,9593000000,6,UPDATESTANDBY
9793000000,1.000000000000000,1.000000000000000,0.000000000000000,1,0,0,74,9694000000,6,UPDATESTANDBY
9893000000,1.000000000000000,1.000000000000000,0.000000000000000,1,0,0,75,9793000000,6,UPDATESTANDBY
9996000000,1.000000000000000,1.000000000000000,0.000000000000000,1,0,0,76,9894000000,6,UPDATESTANDBY
10093000000,1.000000000000000,1.000000000000000,0.000000000000000,1,0,0,77,9996000000,6,UPDATESTANDBY
10193000000,1.000000000000000,1.000000000000000,0.000000000000000,1,0,0,78,10093000000,6,UPDATESTANDBY
10293000000,1.000000000000000,1.000000000000000,0.000000000000000,1,0,0,79,10193000000,6,UPDATESTANDBY
10393000000,1.000000000000000,1.000000000000000,0.000000000000000,1,0,0,80,10293000000,7,UPDATESTANDBY
10493000000,1.000000000000000,1.000000000000000,0.000000000000000,1,0,0,81,10393000000,6,UPDATESTANDBY
10593000000,1.000000000000000,1.000000000000000,0.000000000000000,1,0,0,82,10493000000,6,UPDATESTANDBY
10693000000,1.000000000000000,1.000000000000000,0.000000000000000,1,0,0,83,10594000000,6,UPDATESTANDBY
10793000000,1.000000000000000,1.000000000000000,0.000000000000000,1,0,0,84,10694000000,6,UPDATESTANDBY
10893000000,1.000000000000000,1.000000000000000,0.000000000000000,1,0,0,85,10793000000,6,UPDATESTANDBY
10993000000,1.000000000000000,1.000000000000000,0.000000000000000,1,0,0,86,10893000000,6,UPDATESTANDBY
11094000000,1.000000000000000,1.000000000000000,0.000000000000000,1,0,0,87,10993000000,6,UPDATESTANDBY
11194000000,1.000000000000000,1.000000000000000,0.000000000000000,1,0,0,88,11094000000,6,UPDATESTANDBY
11293000000,1.000000000000000,1.000000000000000,0.000000000000000,1,0,0,89,11194000000,6,UPDATESTANDBY
11393000000,1.000000000000000,1.000000000000000,0.000000000000000,1,0,0,90,11293000000,7,UPDATESTANDBY
11493000000,1.000000000000000,1.000000000000000,0.000000000000000,1,0,0,91,11393000000,6,UPDATESTANDBY
11593000000,1.000000000000000,1.000000000000000,0.000000000000000,1,0,0,92,11493000000,6,UPDATESTANDBY
11693000000,1.000000000000000,1.000000000000000,0.000000000000000,1,0,0,93,11594000000,6,UPDATESTANDBY
11794000000,1.000000000000000,1.000000000000000,0.000000000000000,1,0,0,94,11693000000,6,UPDATESTANDBY
11893000000,1.000000000000000,1.000000000000000,0.000000000000000,1,0,0,95,11795000000,6,UPDATESTANDBY
11993000000,1.000000000000000,1.000000000000000,0.000000000000000,1,0,0,96,11894000000,6,UPDATESTANDBY
12093000000,1.000000000000000,1.000000000000000,0.000000000000000,1,0,0,97,11993000000,6,UPDATESTANDBY
12193000000,1.000000000000000,1.000000000000000,0.000000000000000,1,0,0,98,12093000000,6,UPDATESTANDBY
12294000000,1.000000000000000,1.000000000000000,0.000000000000000,1,0,0,99,12193000000,6,UPDATESTANDBY
12393000000,1.000000000000000,1.000000000000000,0.000000000000000,1,0,0,100,12295000000,7,UPDATESTANDBY
12493000000,1.000000000000000,1.000000000000000,0.000000000000000,1,0,0,101,12393000000,6,UPDATESTANDBY
12593000000,1.000000000000000,1.000000000000000,0.000000000000000,1,0,0,102,12493000000,6,UPDATESTANDBY
12694000000,1.000000000000000,1.000000000000000,0.000000000000000,1,0,0,103,12593000000,6,UPDATESTANDBY
12793000000,1.000000000000000,1.000000000000000,0.000000000000000,1,0,0,104,12694000000,6,UPDATESTANDBY
12893000000,1.000000000000000,1.000000000000000,0.000000000000000,1,0,0,105,12793000000,6,UPDATESTANDBY
12993000000,1.000000000000000,1.000000000000000,0.000000000000000,1,0,0,106,12894000000,6,UPDATESTANDBY
13100000000,1.000000000000000,1.000000000000000,0.000000000000000,1,0,0,107,12993000000,6,UPDATESTANDBY
13193000000,1.000000000000000,1.000000000000000,0.000000000000000,1,0,0,108,13100000000,6,UPDATESTANDBY
13293000000,1.000000000000000,1.000000000000000,0.000000000000000,1,0,0,109,13193000000,6,UPDATESTANDBY
13394000000,1.000000000000000,1.000000000000000,0.000000000000000,1,0,0,110,13293000000,7,UPDATESTANDBY
13494000000,1.000000000000000,1.000000000000000,0.000000000000000,1,0,0,111,13394000000,6,UPDATESTANDBY
13593000000,1.000000000000000,1.000000000000000,0.000000000000000,1,0,0,112,13494000000,6,UPDATESTANDBY
13693000000,1.000000000000000,1.000000000000000,0.000000000000000,1,0,0,113,13593000000,6,UPDATESTANDBY
13793000000,1.000000000000000,1.000000000000000,0.000000000000000,1,0,0,114,13693000000,6,UPDATESTANDBY
13893000000,1.000000000000000,1.000000000000000,0.000000000000000,1,0,0,115,13793000000,6,UPDATESTANDBY
13993000000,1.000000000000000,1.000000000000000,0.000000000000000,1,0,0,116,13893000000,6,UPDATESTANDBY
14093000000,1.000000000000000,1.000000000000000,0.000000000000000,1,0,0,117,13993000000,6,UPDATESTANDBY
14194000000,1.000000000000000,1.000000000000000,0.000000000000000,1,0,0,118,14093000000,6,UPDATESTANDBY
14293000000,1.000000000000000,1.000000000000000,0.000000000000000,1,0,0,119,14194000000,6,UPDATESTANDBY
14393000000,1.000000000000000,1.000000000000000,0.000000000000000,1,0,0,120,14293000000,7,UPDATESTANDBY
14493000000,1.000000000000000,1.000000000000000,0.000000000000000,1,0,0,121,14394000000,6,UPDATESTANDBY
14593000000,1.000000000000000,1.000000000000000,0.000000000000000,1,0,0,122,14493000000,6,UPDATESTANDBY
14693000000,1.000000000000000,1.000000000000000,0.000000000000000,1,0,0,123,14594000000,6,UPDATESTANDBY
14793000000,1.000000000000000,1.000000000000000,0.000000000000000,1,0,0,124,14693000000,6,UPDATESTANDBY
14894000000,1.000000000000000,1.000000000000000,0.000000000000000,1,0,0,125,14793000000,6,UPDATESTANDBY
14993000000,1.000000000000000,1.000000000000000,0.000000000000000,1,0,0,126,14895000000,6,UPDATESTANDBY
15093000000,1.000000000000000,1.000000000000000,0.000000000000000,1,0,0,127,14993000000,6,UPDATESTANDBY
15193000000,1.000000000000000,1.000000000000000,0.000000000000000,1,0,0,128,15093000000,6,UPDATESTANDBY
15293000000,1.000000000000000,1.000000000000000,0.000000000000000,1,0,0,129,15193000000,6,UPDATESTANDBY
15393000000,1.000000000000000,1.000000000000000,0.000000000000000,1,0,0,130,15293000000,7,UPDATESTANDBY
15493000000,1.000000000000000,1.000000000000000,0.000000000000000,1,0,0,131,15393000000,6,UPDATESTANDBY
15593000000,1.000000000000000,1.000000000000000,0.000000000000000,1,0,0,132,15494000000,6,UPDATESTANDBY
15693000000,1.000000000000000,1.000000000000000,0.000000000000000,1,0,0,133,15593000000,6,UPDATESTANDBY
15793000000,1.000000000000000,1.000000000000000,0.000000000000000,1,0,0,134,15694000000,6,UPDATESTANDBY
15893000000,1.000000000000000,1.000000000000000,0.000000000000000,1,0,0,135,15794000000,6,UPDATESTANDBY
15993000000,1.000000000000000,1.000000000000000,0.000000000000000,1,0,0,136,15893000000,6,UPDATESTANDBY
16093000000,1.000000000000000,1.000000000000000,0.000000000000000,1,0,0,137,15993000000,6,UPDATESTANDBY
16194000000,1.000000000000000,1.000000000000000,0.000000000000000,1,0,0,138,16094000000,6,UPDATESTANDBY
16294000000,1.000000000000000,1.000000000000000,0.000000000000000,1,0,0,139,16196000000,6,UPDATESTANDBY
16394000000,1.000000000000000,1.000000000000000,0.000000000000000,1,0,0,140,16294000000,7,UPDATESTANDBY
16493000000,1.000000000000000,1.000000000000000,0.000000000000000,1,0,0,141,16394000000,6,UPDATESTANDBY
16593000000,1.000000000000000,1.000000000000000,0.000000000000000,1,0,0,142,16494000000,6,UPDATESTANDBY
16693000000,1.000000000000000,1.000000000000000,0.000000000000000,1,0,0,143,16593000000,6,UPDATESTANDBY
16793000000,1.000000000000000,1.000000000000000,0.000000000000000,1,0,0,144,16694000000,6,UPDATESTANDBY
16893000000,1.000000000000000,1.000000000000000,0.000000000000000,1,0,0,145,16794000000,6,UPDATESTANDBY
16993000000,1.000000000000000,1.000000000000000,0.000000000000000,1,0,0,146,16894000000,6,UPDATESTANDBY
17093000000,1.000000000000000,1.000000000000000,0.000000000000000,1,0,0,147,16994000000,6,UPDATESTANDBY
17193000000,1.000000000000000,1.000000000000000,0.000000000000000,1,0,0,148,17094000000,6,UPDATESTANDBY
17293000000,1.000000000000000,1.000000000000000,0.000000000000000,1,0,0,149,17194000000,6,UPDATESTANDBY
17393000000,1.000000000000000,1.000000000000000,0.000000000000000,1,0,0,150,17294000000,7,UPDATESTANDBY
17493000000,1.000000000000000,1.000000000000000,0.000000000000000,1,0,0,151,17393000000,6,UPDATESTANDBY
17593000000,1.000000000000000,1.000000000000000,0.000000000000000,1,0,0,152,17493000000,6,UPDATESTANDBY
17693000000,1.000000000000000,1.000000000000000,0.000000000000000,1,0,0,153,17594000000,6,UPDATESTANDBY
17793000000,1.000000000000000,1.000000000000000,0.000000000000000,1,0,0,154,17694000000,6,UPDATESTANDBY
17893000000,1.000000000000000,1.000000000000000,0.000000000000000,1,0,0,155,17794000000,6,UPDATESTANDBY
17993000000,1.000000000000000,1.000000000000000,0.000000000000000,1,0,0,156,17894000000,6,UPDATESTANDBY
18093000000,1.000000000000000,1.000000000000000,0.000000000000000,1,0,0,157,17994000000,6,UPDATESTANDBY
18194000000,1.000000000000000,1.000000000000000,0.000000000000000,1,0,0,158,18093000000,6,UPDATESTANDBY
18293000000,1.000000000000000,1.000000000000000,0.000000000000000,1,0,0,159,18194000000,6,UPDATESTANDBY
18393000000,1.000000000000000,1.000000000000000,0.000000000000000,1,0,0,160,18293000000,7,UPDATESTANDBY
18493000000,1.000000000000000,1.000000000000000,0.000000000000000,1,0,0,161,18393000000,6,UPDATESTANDBY
18593000000,1.000000000000000,1.000000000000000,0.000000000000000,1,0,0,162,18494000000,6,UPDATESTANDBY
18693000000,1.000000000000000,1.000000000000000,0.000000000000000,1,0,0,163,18593000000,6,UPDATESTANDBY
18794000000,1.000000000000000,1.000000000000000,0.000000000000000,1,0,0,164,18694000000,6,UPDATESTANDBY
18893000000,1.000000000000000,1.000000000000000,0.000000000000000,1,0,0,165,18794000000,6,UPDATESTANDBY
18993000000,1.000000000000000,1.000000000000000,0.000000000000000,1,0,0,166,18893000000,6,UPDATESTANDBY
19094000000,1.000000000000000,1.000000000000000,0.000000000000000,1,0,0,167,18994000000,6,UPDATESTANDBY
19193000000,1.000000000000000,1.000000000000000,0.000000000000000,1,0,0,168,19094000000,6,UPDATESTANDBY
19294000000,1.000000000000000,1.000000000000000,0.000000000000000,1,0,0,169,19195000000,6,UPDATESTANDBY
19393000000,1.000000000000000,1.000000000000000,0.000000000000000,1,0,0,170,19294000000,7,UPDATESTANDBY
19493000000,1.000000000000000,1.000000000000000,0.000000000000000,1,0,0,171,19393000000,6,UPDATESTANDBY
19593000000,1.000000000000000,1.000000000000000,0.000000000000000,1,0,0,172,19494000000,6,UPDATESTANDBY
19693000000,1.000000000000000,1.000000000000000,0.000000000000000,1,0,0,173,19593000000,6,UPDATESTANDBY
19794000000,1.000000000000000,1.000000000000000,0.000000000000000,1,0,0,174,19693000000,6,UPDATESTANDBY
19893000000,1.000000000000000,1.000000000000000,0.000000000000000,1,0,0,175,19794000000,6,UPDATESTANDBY
19994000000,1.000000000000000,1.000000000000000,0.000000000000000,1,0,0,176,19893000000,6,UPDATESTANDBY
20093000000,1.000000000000000,1.000000000000000,0.000000000000000,1,0,0,177,19994000000,6,UPDATESTANDBY
20193000000,1.000000000000000,1.000000000000000,0.000000000000000,1,0,0,178,20093000000,6,UPDATESTANDBY
20293000000,1.000000000000000,1.000000000000000,0.000000000000000,1,0,0,179,20193000000,6,UPDATESTANDBY
20393000000,1.000000000000000,1.000000000000000,0.000000000000000,1,0,0,180,20293000000,7,UPDATESTANDBY
20493000000,1.000000000000000,1.000000000000000,0.000000000000000,1,0,0,181,20393000000,6,UPDATESTANDBY
20593000000,1.000000000000000,1.000000000000000,0.000000000000000,1,0,0,182,20494000000,6,UPDATESTANDBY
20694000000,1.000000000000000,1.000000000000000,0.000000000000000,1,0,0,183,20593000000,6,UPDATESTANDBY
20793000000,1.000000000000000,1.000000000000000,0.000000000000000,1,0,0,184,20694000000,6,UPDATESTANDBY
20893000000,1.000000000000000,1.000000000000000,0.000000000000000,1,0,0,185,20793000000,6,UPDATESTANDBY
20993000000,1.000000000000000,1.000000000000000,0.000000000000000,1,0,0,186,20894000000,6,UPDATESTANDBY
21093000000,1.000000000000000,1.000000000000000,0.000000000000000,1,0,0,187,20994000000,6,UPDATESTANDBY
21193000000,1.000000000000000,1.000000000000000,0.000000000000000,1,0,0,188,21093000000,6,UPDATESTANDBY
21293000000,1.000000000000000,1.000000000000000,0.000000000000000,1,0,0,189,21194000000,6,UPDATESTANDBY
21393000000,1.000000000000000,1.000000000000000,0.000000000000000,1,0,0,190,21293000000,7,UPDATESTANDBY
21493000000,1.000000000000000,1.000000000000000,0.000000000000000,1,0,0,191,21393000000,6,UPDATESTANDBY
21593000000,1.000000000000000,1.000000000000000,0.000000000000000,1,0,0,192,21494000000,6,UPDATESTANDBY
21693000000,1.000000000000000,1.000000000000000,0.000000000000000,1,0,0,193,21594000000,6,UPDATESTANDBY
21793000000,1.000000000000000,1.000000000000000,0.000000000000000,1,0,0,194,21693000000,6,UPDATESTANDBY
21893000000,1.000000000000000,1.000000000000000,0.000000000000000,1,0,0,195,21793000000,6,UPDATESTANDBY
21993000000,1.000000000000000,1.000000000000000,0.000000000000000,1,0,0,196,21894000000,6,UPDATESTANDBY
22093000000,1.000000000000000,1.000000000000000,0.000000000000000,1,0,0,197,21993000000,6,UPDATESTANDBY
22193000000,1.000000000000000,1.000000000000000,0.000000000000000,1,0,0,198,22094000000,6,UPDATESTANDBY
22293000000,1.000000000000000,1.000000000000000,0.000000000000000,1,0,0,199,22194000000,6,UPDATESTANDBY
22394000000,1.000000000000000,1.000000000000000,0.000000000000000,1,0,0,200,22294000000,7,UPDATESTANDBY
22493000000,1.000000000000000,1.000000000000000,0.000000000000000,1,0,0,201,22394000000,6,UPDATESTANDBY
22593000000,1.000000000000000,1.000000000000000,0.000000000000000,1,0,0,202,22494000000,6,UPDATESTANDBY
22694000000,1.000000000000000,1.000000000000000,0.000000000000000,1,0,0,203,22594000000,6,UPDATESTANDBY
22794000000,1.000000000000000,1.000000000000000,0.000000000000000,1,0,0,204,22694000000,6,UPDATESTANDBY
22893000000,1.000000000000000,1.000000000000000,0.000000000000000,1,0,0,205,22794000000,6,UPDATESTANDBY
22993000000,1.000000000000000,1.000000000000000,0.000000000000000,1,0,0,206,22894000000,6,UPDATESTANDBY
23094000000,1.000000000000000,1.000000000000000,0.000000000000000,1,0,0,207,22993000000,6,UPDATESTANDBY
23193000000,1.000000000000000,1.000000000000000,0.000000000000000,1,0,0,208,23094000000,6,UPDATESTANDBY
23293000000,1.000000000000000,1.000000000000000,0.000000000000000,1,0,0,209,23193000000,6,UPDATESTANDBY
23395000000,1.000000000000000,1.000000000000000,0.000000000000000,1,0,0,210,23294000000,7,UPDATESTANDBY
23494000000,1.000000000000000,1.000000000000000,0.000000000000000,1,0,0,211,23395000000,6,UPDATESTANDBY
23593000000,1.000000000000000,1.000000000000000,0.000000000000000,1,0,0,212,23494000000,6,UPDATESTANDBY
23693000000,1.000000000000000,1.000000000000000,0.000000000000000,1,0,0,213,23594000000,6,UPDATESTANDBY
23793000000,1.000000000000000,1.000000000000000,0.000000000000000,1,0,0,214,23693000000,6,UPDATESTANDBY
23893000000,1.000000000000000,1.000000000000000,0.000000000000000,1,0,0,215,23794000000,6,UPDATESTANDBY
23993000000,1.000000000000000,1.000000000000000,0.000000000000000,1,0,0,216,23893000000,6,UPDATESTANDBY
24093000000,1.000000000000000,1.000000000000000,0.000000000000000,1,0,0,217,23993000000,6,UPDATESTANDBY
24193000000,1.000000000000000,1.000000000000000,0.000000000000000,1,0,0,218,24094000000,6,UPDATESTANDBY
24293000000,1.000000000000000,1.000000000000000,0.000000000000000,1,0,0,219,24194000000,6,UPDATESTANDBY
24393000000,1.000000000000000,1.000000000000000,0.000000000000000,1,0,0,220,24294000000,7,UPDATESTANDBY
24493000000,1.000000000000000,1.000000000000000,0.000000000000000,1,0,0,221,24394000000,6,UPDATESTANDBY
24593000000,1.000000000000000,1.000000000000000,0.000000000000000,1,0,0,222,24495000000,6,UPDATESTANDBY
24693000000,1.000000000000000,1.000000000000000,0.000000000000000,1,0,0,223,24593000000,6,UPDATESTANDBY
24793000000,1.000000000000000,1.000000000000000,0.000000000000000,1,0,0,224,24694000000,6,UPDATESTANDBY
24893000000,1.000000000000000,1.000000000000000,0.000000000000000,1,0,0,225,24793000000,6,UPDATESTANDBY
24994000000,1.000000000000000,1.000000000000000,0.000000000000000,1,0,0,226,24894000000,6,UPDATESTANDBY
25094000000,1.000000000000000,1.000000000000000,0.000000000000000,1,0,0,227,24995000000,6,UPDATESTANDBY
25193000000,1.000000000000000,1.000000000000000,0.000000000000000,1,0,0,228,25094000000,6,UPDATESTANDBY
25293000000,1.000000000000000,1.000000000000000,0.000000000000000,1,0,0,229,25194000000,6,UPDATESTANDBY
25393000000,1.000000000000000,1.000000000000000,0.000000000000000,1,0,0,230,25294000000,7,UPDATESTANDBY
25493000000,1.000000000000000,1.000000000000000,0.000000000000000,1,0,0,231,25393000000,6,UPDATESTANDBY
25593000000,1.000000000000000,1.000000000000000,0.000000000000000,1,0,0,232,25494000000,6,UPDATESTANDBY
25693000000,1.000000000000000,1.000000000000000,0.000000000000000,1,0,0,233,25593000000,6,UPDATESTANDBY
25794000000,1.000000000000000,1.000000000000000,0.000000000000000,1,0,0,234,25693000000,6,UPDATESTANDBY
25893000000,1.000000000000000,1.000000000000000,0.000000000000000,1,0,0,235,25794000000,6,UPDATESTANDBY
25993000000,1.000000000000000,1.000000000000000,0.000000000000000,1,0,0,236,25893000000,6,UPDATESTANDBY
26093000000,1.000000000000000,1.000000000000000,0.000000000000000,1,0,0,237,25994000000,6,UPDATESTANDBY
26193000000,1.000000000000000,1.000000000000000,0.000000000000000,1,0,0,238,26093000000,6,UPDATESTANDBY
26293000000,1.000000000000000,1.000000000000000,0.000000000000000,1,0,0,239,26194000000,6,UPDATESTANDBY
26393000000,1.000000000000000,1.000000000000000,0.000000000000000,1,0,0,240,26294000000,7,UPDATESTANDBY
26494000000,1.000000000000000,1.000000000000000,0.000000000000000,1,0,0,241,26394000000,6,UPDATESTANDBY
26594000000,1.000000000000000,1.000000000000000,0.000000000000000,1,0,0,242,26494000000,6,UPDATESTANDBY
26695000000,1.000000000000000,1.000000000000000,0.000000000000000,1,0,0,243,26595000000,6,UPDATESTANDBY
26793000000,1.000000000000000,1.000000000000000,0.000000000000000,1,0,0,244,26696000000,6,UPDATESTANDBY
26893000000,1.000000000000000,1.000000000000000,0.000000000000000,1,0,0,245,26794000000,6,UPDATESTANDBY
26993000000,1.000000000000000,1.000000000000000,0.000000000000000,1,0,0,246,26893000000,6,UPDATESTANDBY
27093000000,1.000000000000000,1.000000000000000,0.000000000000000,1,0,0,247,26993000000,6,UPDATESTANDBY
27193000000,1.000000000000000,1.000000000000000,0.000000000000000,1,0,0,248,27094000000,6,UPDATESTANDBY
27293000000,1.000000000000000,1.000000000000000,0.000000000000000,1,0,0,249,27194000000,6,UPDATESTANDBY
27394000000,1.000000000000000,1.000000000000000,0.000000000000000,1,0,0,250,27293000000,7,UPDATESTANDBY
27493000000,1.000000000000000,1.000000000000000,0.000000000000000,1,0,0,251,27394000000,6,UPDATESTANDBY
27593000000,1.000000000000000,1.000000000000000,0.000000000000000,1,0,0,252,27494000000,6,UPDATESTANDBY
27693000000,1.000000000000000,1.000000000000000,0.000000000000000,1,0,0,253,27594000000,6,UPDATESTANDBY
27793000000,1.000000000000000,1.000000000000000,0.000000000000000,1,0,0,254,27694000000,6,UPDATESTANDBY
27893000000,1.000000000000000,1.000000000000000,0.000000000000000,1,0,0,255,27794000000,6,UPDATESTANDBY
27993000000,1.000000000000000,1.000000000000000,0.000000000000000,1,0,0,256,27893000000,6,UPDATESTANDBY
28093000000,1.000000000000000,1.000000000000000,0.000000000000000,1,0,0,257,27993000000,6,UPDATESTANDBY
28193000000,1.000000000000000,1.000000000000000,0.000000000000000,1,0,0,258,28094000000,6,UPDATESTANDBY
28293000000,1.000000000000000,1.000000000000000,0.000000000000000,1,0,0,259,28194000000,6,UPDATESTANDBY
28393000000,1.000000000000000,1.000000000000000,0.000000000000000,1,0,0,260,28294000000,7,UPDATESTANDBY
28493000000,1.000000000000000,1.000000000000000,0.000000000000000,1,0,0,261,28394000000,6,UPDATESTANDBY
28593000000,1.000000000000000,1.000000000000000,0.000000000000000,1,0,0,262,28494000000,6,UPDATESTANDBY
28693000000,1.000000000000000,1.000000000000000,0.000000000000000,1,0,0,263,28594000000,6,UPDATESTANDBY
28793000000,1.000000000000000,1.000000000000000,0.000000000000000,1,0,0,264,28693000000,6,UPDATESTANDBY
28893000000,1.000000000000000,1.000000000000000,0.000000000000000,1,0,0,265,28794000000,6,UPDATESTANDBY
28993000000,1.000000000000000,1.000000000000000,0.000000000000000,1,0,0,266,28894000000,6,UPDATESTANDBY
29093000000,1.000000000000000,1.000000000000000,0.000000000000000,1,0,0,267,28994000000,6,UPDATESTANDBY
29193000000,1.000000000000000,1.000000000000000,0.000000000000000,1,0,0,268,29094000000,6,UPDATESTANDBY
29293000000,1.000000000000000,1.000000000000000,0.000000000000000,1,0,0,269,29194000000,6,UPDATESTANDBY
29393000000,1.000000000000000,1.000000000000000,0.000000000000000,1,0,0,270,29293000000,7,UPDATESTANDBY
29493000000,1.000000000000000,1.000000000000000,0.000000000000000,1,0,0,271,29394000000,6,UPDATESTANDBY
29593000000,1.000000000000000,1.000000000000000,0.000000000000000,1,0,0,272,29494000000,6,UPDATESTANDBY
29693000000,1.000000000000000,1.000000000000000,0.000000000000000,1,0,0,273,29593000000,6,UPDATESTANDBY
29793000000,1.000000000000000,1.000000000000000,0.000000000000000,1,0,0,274,29694000000,6,UPDATESTANDBY
29893000000,1.000000000000000,1.000000000000000,0.000000000000000,1,0,0,275,29793000000,6,UPDATESTANDBY
29993000000,1.000000000000000,1.000000000000000,0.000000000000000,1,0,0,276,29894000000,6,UPDATESTANDBY
30093000000,1.000000000000000,1.000000000000000,0.000000000000000,1,0,0,277,29993000000,6,UPDATESTANDBY
30193000000,1.000000000000000,1.000000000000000,0.000000000000000,1,0,0,278,30093000000,6,UPDATESTANDBY
30293000000,1.000000000000000,1.000000000000000,0.000000000000000,1,0,0,279,30193000000,6,UPDATESTANDBY
30393000000,1.000000000000000,1.000000000000000,0.000000000000000,1,0,0,280,30294000000,7,UPDATESTANDBY
30493000000,1.000000000000000,1.000000000000000,0.000000000000000,1,0,0,281,30393000000,6,UPDATESTANDBY
30593000000,1.000000000000000,1.000000000000000,0.000000000000000,1,0,0,282,30494000000,6,UPDATESTANDBY
30694000000,1.000000000000000,1.000000000000000,0.000000000000000,1,0,0,283,30594000000,6,UPDATESTANDBY
30793000000,1.000000000000000,1.000000000000000,0.000000000000000,1,0,0,284,30694000000,6,UPDATESTANDBY
30893000000,1.000000000000000,1.000000000000000,0.000000000000000,1,0,0,285,30794000000,6,UPDATESTANDBY
30993000000,1.000000000000000,1.000000000000000,0.000000000000000,1,0,0,286,30894000000,6,UPDATESTANDBY
31093000000,1.000000000000000,1.000000000000000,0.000000000000000,1,0,0,287,30994000000,6,UPDATESTANDBY
31193000000,1.000000000000000,1.000000000000000,0.000000000000000,1,0,0,288,31094000000,6,UPDATESTANDBY
31293000000,1.000000000000000,1.000000000000000,0.000000000000000,1,0,0,289,31193000000,6,UPDATESTANDBY
31393000000,1.000000000000000,1.000000000000000,0.000000000000000,1,0,0,290,31293000000,7,UPDATESTANDBY
31493000000,1.000000000000000,1.000000000000000,0.000000000000000,1,0,0,291,31393000000,6,UPDATESTANDBY
31593000000,1.000000000000000,1.000000000000000,0.000000000000000,1,0,0,292,31494000000,6,UPDATESTANDBY
31694000000,1.000000000000000,1.000000000000000,0.000000000000000,1,0,0,293,31594000000,6,UPDATESTANDBY
31793000000,1.000000000000000,1.000000000000000,0.000000000000000,1,0,0,294,31694000000,6,UPDATESTANDBY
31893000000,1.000000000000000,1.000000000000000,0.000000000000000,1,0,0,295,31794000000,6,UPDATESTANDBY
31993000000,1.000000000000000,1.000000000000000,0.000000000000000,1,0,0,296,31894000000,6,UPDATESTANDBY
32093000000,1.000000000000000,1.000000000000000,0.000000000000000,1,0,0,297,31994000000,6,UPDATESTANDBY
32193000000,1.000000000000000,1.000000000000000,0.000000000000000,1,0,0,298,32094000000,6,UPDATESTANDBY
32293000000,1.000000000000000,1.000000000000000,0.000000000000000,1,0,0,299,32194000000,6,UPDATESTANDBY
32393000000,1.000000000000000,1.000000000000000,0.000000000000000,1,0,0,300,32294000000,7,UPDATESTANDBY
32493000000,1.000000000000000,1.000000000000000,0.000000000000000,1,0,0,301,32393000000,6,UPDATESTANDBY
32593000000,1.000000000000000,1.000000000000000,0.000000000000000,1,0,0,302,32494000000,6,UPDATESTANDBY
32693000000,1.000000000000000,1.000000000000000,0.000000000000000,1,0,0,303,32593000000,6,UPDATESTANDBY
32793000000,1.000000000000000,1.000000000000000,0.000000000000000,1,0,0,304,32693000000,6,UPDATESTANDBY
32893000000,1.000000000000000,1.000000000000000,0.000000000000000,1,0,0,305,32794000000,6,UPDATESTANDBY
32993000000,1.000000000000000,1.000000000000000,0.000000000000000,1,0,0,306,32894000000,6,UPDATESTANDBY
33093000000,1.000000000000000,1.000000000000000,0.000000000000000,1,0,0,307,32994000000,6,UPDATESTANDBY
33193000000,1.000000000000000,1.000000000000000,0.000000000000000,1,0,0,308,33094000000,6,UPDATESTANDBY
33293000000,1.000000000000000,1.000000000000000,0.000000000000000,1,0,0,309,33194000000,6,UPDATESTANDBY
33393000000,1.000000000000000,1.000000000000000,0.000000000000000,1,0,0,310,33293000000,7,UPDATESTANDBY
33494000000,1.000000000000000,1.000000000000000,0.000000000000000,1,0,0,311,33393000000,6,UPDATESTANDBY
33602000000,1.000000000000000,1.000000000000000,0.000000000000000,1,0,0,312,33495000000,6,UPDATESTANDBY
33697000000,1.000000000000000,1.000000000000000,0.000000000000000,1,0,0,313,33602000000,6,UPDATESTANDBY
33793000000,1.000000000000000,1.000000000000000,0.000000000000000,1,0,0,314,33697000000,6,UPDATESTANDBY
33894000000,1.000000000000000,1.000000000000000,0.000000000000000,1,0,0,315,33794000000,6,UPDATESTANDBY
33993000000,1.000000000000000,1.000000000000000,0.000000000000000,1,0,0,316,33894000000,6,UPDATESTANDBY
34093000000,1.000000000000000,1.000000000000000,0.000000000000000,1,0,0,317,33993000000,6,UPDATESTANDBY
34193000000,1.000000000000000,1.000000000000000,0.000000000000000,1,0,0,318,34093000000,6,UPDATESTANDBY
34294000000,1.000000000000000,1.000000000000000,0.000000000000000,1,0,0,319,34199000000,6,UPDATESTANDBY
34393000000,1.000000000000000,1.000000000000000,0.000000000000000,1,0,0,320,34294000000,7,UPDATESTANDBY
34494000000,1.000000000000000,1.000000000000000,0.000000000000000,1,0,0,321,34394000000,6,UPDATESTANDBY
34593000000,1.000000000000000,1.000000000000000,0.000000000000000,1,0,0,322,34494000000,6,UPDATESTANDBY
34693000000,1.000000000000000,1.000000000000000,0.000000000000000,1,0,0,323,34594000000,6,UPDATESTANDBY
34793000000,1.000000000000000,1.000000000000000,0.000000000000000,1,0,0,324,34693000000,6,UPDATESTANDBY
34893000000,1.000000000000000,1.000000000000000,0.000000000000000,1,0,0,325,34794000000,6,UPDATESTANDBY
34993000000,1.000000000000000,1.000000000000000,0.000000000000000,1,0,0,326,34893000000,6,UPDATESTANDBY
35093000000,1.000000000000000,1.000000000000000,0.000000000000000,1,0,0,327,34999000000,6,UPDATESTANDBY
35193000000,1.000000000000000,1.000000000000000,0.000000000000000,1,0,0,328,35094000000,6,UPDATESTANDBY
35293000000,1.000000000000000,1.000000000000000,0.000000000000000,1,0,0,329,35194000000,6,UPDATESTANDBY
35393000000,1.000000000000000,1.000000000000000,0.000000000000000,1,0,0,330,35294000000,7,UPDATESTANDBY
35493000000,1.000000000000000,1.000000000000000,0.000000000000000,1,0,0,331,35393000000,6,UPDATESTANDBY
35593000000,1.000000000000000,1.000000000000000,0.000000000000000,1,0,0,332,35493000000,6,UPDATESTANDBY
35693000000,1.000000000000000,1.000000000000000,0.000000000000000,1,0,0,333,35593000000,6,UPDATESTANDBY
35793000000,1.000000000000000,1.000000000000000,0.000000000000000,1,0,0,334,35694000000,6,UPDATESTANDBY
35893000000,1.000000000000000,1.000000000000000,0.000000000000000,1,0,0,335,35793000000,6,UPDATESTANDBY
35993000000,1.000000000000000,1.000000000000000,0.000000000000000,1,0,0,336,35894000000,6,UPDATESTANDBY
36094000000,1.000000000000000,1.000000000000000,0.000000000000000,1,0,0,337,35994000000,6,UPDATESTANDBY
36194000000,1.000000000000000,1.000000000000000,0.000000000000000,1,0,0,338,36094000000,6,UPDATESTANDBY
36293000000,1.000000000000000,1.000000000000000,0.000000000000000,1,0,0,339,36194000000,6,UPDATESTANDBY
36393000000,1.000000000000000,1.000000000000000,0.000000000000000,1,0,0,340,36294000000,7,UPDATESTANDBY
36494000000,1.000000000000000,1.000000000000000,0.000000000000000,1,0,0,341,36394000000,6,UPDATESTANDBY
36593000000,1.000000000000000,1.000000000000000,0.000000000000000,1,0,0,342,36494000000,6,UPDATESTANDBY
36694000000,1.000000000000000,1.000000000000000,0.000000000000000,1,0,0,343,36593000000,6,UPDATESTANDBY
36793000000,1.000000000000000,1.000000000000000,0.000000000000000,1,0,0,344,36694000000,6,UPDATESTANDBY
36894000000,1.000000000000000,1.000000000000000,0.000000000000000,1,0,0,345,36794000000,6,UPDATESTANDBY
36993000000,1.000000000000000,1.000000000000000,0.000000000000000,1,0,0,346,36895000000,6,UPDATESTANDBY
37094000000,1.000000000000000,1.000000000000000,0.000000000000000,1,0,0,347,36994000000,6,UPDATESTANDBY
37193000000,1.000000000000000,1.000000000000000,0.000000000000000,1,0,0,348,37094000000,6,UPDATESTANDBY
37294000000,1.000000000000000,1.000000000000000,0.000000000000000,1,0,0,349,37194000000,6,UPDATESTANDBY
37393000000,1.000000000000000,1.000000000000000,0.000000000000000,1,0,0,350,37294000000,7,UPDATESTANDBY
37493000000,1.000000000000000,1.000000000000000,0.000000000000000,1,0,0,351,37394000000,6,UPDATESTANDBY
37594000000,1.000000000000000,1.000000000000000,0.000000000000000,1,0,0,352,37494000000,6,UPDATESTANDBY
37693000000,1.000000000000000,1.000000000000000,0.000000000000000,1,0,0,353,37594000000,6,UPDATESTANDBY
37793000000,1.000000000000000,1.000000000000000,0.000000000000000,1,0,0,354,37694000000,6,UPDATESTANDBY
37893000000,1.000000000000000,1.000000000000000,0.000000000000000,1,0,0,355,37794000000,6,UPDATESTANDBY
37994000000,1.000000000000000,1.000000000000000,0.000000000000000,1,0,0,356,37893000000,6,UPDATESTANDBY
38094000000,1.000000000000000,1.000000000000000,0.000000000000000,1,0,0,357,37994000000,6,UPDATESTANDBY
38193000000,1.000000000000000,1.000000000000000,0.000000000000000,1,0,0,358,38095000000,6,UPDATESTANDBY
38293000000,1.000000000000000,1.000000000000000,0.000000000000000,1,0,0,359,38194000000,6,UPDATESTANDBY
38393000000,1.000000000000000,1.000000000000000,0.000000000000000,1,0,0,360,38294000000,7,UPDATESTANDBY
38493000000,1.000000000000000,1.000000000000000,0.000000000000000,1,0,0,361,38394000000,6,UPDATESTANDBY
38593000000,1.000000000000000,1.000000000000000,0.000000000000000,1,0,0,362,38493000000,6,UPDATESTANDBY
38693000000,1.000000000000000,1.000000000000000,0.000000000000000,1,0,0,363,38594000000,6,UPDATESTANDBY
38793000000,1.000000000000000,1.000000000000000,0.000000000000000,1,0,0,364,38694000000,6,UPDATESTANDBY
38893000000,1.000000000000000,1.000000000000000,0.000000000000000,1,0,0,365,38793000000,6,UPDATESTANDBY
38993000000,1.000000000000000,1.000000000000000,0.000000000000000,1,0,0,366,38893000000,6,UPDATESTANDBY
39093000000,1.000000000000000,1.000000000000000,0.000000000000000,1,0,0,367,38994000000,6,UPDATESTANDBY
39193000000,1.000000000000000,1.000000000000000,0.000000000000000,1,0,0,368,39094000000,6,UPDATESTANDBY
39293000000,1.000000000000000,1.000000000000000,0.000000000000000,1,0,0,369,39194000000,6,UPDATESTANDBY
39393000000,1.000000000000000,1.000000000000000,0.000000000000000,1,0,0,370,39294000000,7,UPDATESTANDBY
39494000000,1.000000000000000,1.000000000000000,0.000000000000000,1,0,0,371,39394000000,6,UPDATESTANDBY
39594000000,1.000000000000000,1.000000000000000,0.000000000000000,1,0,0,372,39495000000,6,UPDATESTANDBY
39693000000,1.000000000000000,1.000000000000000,0.000000000000000,1,0,0,373,39595000000,6,UPDATESTANDBY
39793000000,1.000000000000000,1.000000000000000,0.000000000000000,1,0,0,374,39693000000,6,UPDATESTANDBY
39894000000,1.000000000000000,1.000000000000000,0.000000000000000,1,0,0,375,39794000000,6,UPDATESTANDBY
39993000000,1.000000000000000,1.000000000000000,0.000000000000000,1,0,0,376,39894000000,6,UPDATESTANDBY
40093000000,1.000000000000000,1.000000000000000,0.000000000000000,1,0,0,377,39993000000,6,UPDATESTANDBY
40193000000,1.000000000000000,1.000000000000000,0.000000000000000,1,0,0,378,40093000000,6,UPDATESTANDBY
40294000000,1.000000000000000,1.000000000000000,0.000000000000000,1,0,0,379,40193000000,6,UPDATESTANDBY
40394000000,1.000000000000000,1.000000000000000,0.000000000000000,1,0,0,380,40294000000,7,UPDATESTANDBY
40494000000,1.000000000000000,1.000000000000000,0.000000000000000,1,0,0,381,40394000000,6,UPDATESTANDBY
40593000000,1.000000000000000,1.000000000000000,0.000000000000000,1,0,0,382,40494000000,6,UPDATESTANDBY
40693000000,1.000000000000000,1.000000000000000,0.000000000000000,1,0,0,383,40593000000,6,UPDATESTANDBY
40793000000,1.000000000000000,1.000000000000000,0.000000000000000,1,0,0,384,40693000000,6,UPDATESTANDBY
40893000000,1.000000000000000,1.000000000000000,0.000000000000000,1,0,0,385,40793000000,6,UPDATESTANDBY
40994000000,1.000000000000000,1.000000000000000,0.000000000000000,1,0,0,386,40893000000,6,UPDATESTANDBY
41093000000,1.000000000000000,1.000000000000000,0.000000000000000,1,0,0,387,40994000000,6,UPDATESTANDBY
41193000000,1.000000000000000,1.000000000000000,0.000000000000000,1,0,0,388,41093000000,6,UPDATESTANDBY
41293000000,1.000000000000000,1.000000000000000,0.000000000000000,1,0,0,389,41193000000,6,UPDATESTANDBY
41393000000,1.000000000000000,1.000000000000000,0.000000000000000,1,0,0,390,41293000000,7,UPDATESTANDBY
41493000000,1.000000000000000,1.000000000000000,0.000000000000000,1,0,0,391,41393000000,6,UPDATESTANDBY
41593000000,1.000000000000000,1.000000000000000,0.000000000000000,1,0,0,392,41494000000,6,UPDATESTANDBY
41693000000,1.000000000000000,1.000000000000000,0.000000000000000,1,0,0,393,41593000000,6,UPDATESTANDBY
41793000000,1.000000000000000,1.000000000000000,0.000000000000000,1,0,0,394,41693000000,6,UPDATESTANDBY
41893000000,1.000000000000000,1.000000000000000,0.000000000000000,1,0,0,395,41793000000,6,UPDATESTANDBY
41993000000,1.000000000000000,1.000000000000000,0.000000000000000,1,0,0,396,41893000000,6,UPDATESTANDBY
42093000000,1.000000000000000,1.000000000000000,0.000000000000000,1,0,0,397,41993000000,6,UPDATESTANDBY
42193000000,1.000000000000000,1.000000000000000,0.000000000000000,1,0,0,398,42094000000,6,UPDATESTANDBY
42293000000,1.000000000000000,1.000000000000000,0.000000000000000,1,0,0,399,42194000000,6,UPDATESTANDBY
42394000000,1.000000000000000,1.000000000000000,0.000000000000000,1,0,0,400,42293000000,7,UPDATESTANDBY
42494000000,1.000000000000000,1.000000000000000,0.000000000000000,1,0,0,401,42395000000,6,UPDATESTANDBY
42593000000,1.000000000000000,1.000000000000000,0.000000000000000,1,0,0,402,42494000000,6,UPDATESTANDBY
42693000000,1.000000000000000,1.000000000000000,0.000000000000000,1,0,0,403,42593000000,6,UPDATESTANDBY
42793000000,1.000000000000000,1.000000000000000,0.000000000000000,1,0,0,404,42694000000,6,UPDATESTANDBY
42893000000,1.000000000000000,1.000000000000000,0.000000000000000,1,0,0,405,42793000000,6,UPDATESTANDBY
42993000000,1.000000000000000,1.000000000000000,0.000000000000000,1,0,0,406,42893000000,6,UPDATESTANDBY
43093000000,1.000000000000000,1.000000000000000,0.000000000000000,1,0,0,407,42994000000,6,UPDATESTANDBY
43194000000,1.000000000000000,1.000000000000000,0.000000000000000,1,0,0,408,43094000000,6,UPDATESTANDBY
43295000000,1.000000000000000,1.000000000000000,0.000000000000000,1,0,0,409,43195000000,6,UPDATESTANDBY
43394000000,1.000000000000000,1.000000000000000,0.000000000000000,1,0,0,410,43295000000,7,UPDATESTANDBY
43494000000,1.000000000000000,1.000000000000000,0.000000000000000,1,0,0,411,43394000000,6,UPDATESTANDBY
43593000000,1.000000000000000,1.000000000000000,0.000000000000000,1,0,0,412,43494000000,6,UPDATESTANDBY
43695000000,1.000000000000000,1.000000000000000,0.000000000000000,1,0,0,413,43593000000,6,UPDATESTANDBY
43793000000,1.000000000000000,1.000000000000000,0.000000000000000,1,0,0,414,43695000000,6,UPDATESTANDBY
43893000000,1.000000000000000,1.000000000000000,0.000000000000000,1,0,0,415,43793000000,6,UPDATESTANDBY
43994000000,1.000000000000000,1.000000000000000,0.000000000000000,1,0,0,416,43894000000,6,UPDATESTANDBY
44093000000,1.000000000000000,1.000000000000000,0.000000000000000,1,0,0,417,43994000000,6,UPDATESTANDBY
44193000000,1.000000000000000,1.000000000000000,0.000000000000000,1,0,0,418,44093000000,6,UPDATESTANDBY
44294000000,1.000000000000000,1.000000000000000,0.000000000000000,1,0,0,419,44194000000,6,UPDATESTANDBY
44393000000,1.000000000000000,1.000000000000000,0.000000000000000,1,0,0,420,44294000000,7,UPDATESTANDBY
44493000000,1.000000000000000,1.000000000000000,0.000000000000000,1,0,0,421,44394000000,6,UPDATESTANDBY
44594000000,1.000000000000000,1.000000000000000,0.000000000000000,1,0,0,422,44494000000,6,UPDATESTANDBY
44693000000,1.000000000000000,1.000000000000000,0.000000000000000,1,0,0,423,44594000000,6,UPDATESTANDBY
44793000000,1.000000000000000,1.000000000000000,0.000000000000000,1,0,0,424,44693000000,6,UPDATESTANDBY
44893000000,1.000000000000000,1.000000000000000,0.000000000000000,1,0,0,425,44793000000,6,UPDATESTANDBY
44993000000,1.000000000000000,1.000000000000000,0.000000000000000,1,0,0,426,44894000000,6,UPDATESTANDBY
45093000000,1.000000000000000,1.000000000000000,0.000000000000000,1,0,0,427,44994000000,6,UPDATESTANDBY
45193000000,1.000000000000000,1.000000000000000,0.000000000000000,1,0,0,428,45093000000,6,UPDATESTANDBY
45293000000,1.000000000000000,1.000000000000000,0.000000000000000,1,0,0,429,45193000000,6,UPDATESTANDBY
45393000000,1.000000000000000,1.000000000000000,0.000000000000000,1,0,0,430,45294000000,7,UPDATESTANDBY
45493000000,1.000000000000000,1.000000000000000,0.000000000000000,1,0,0,431,45393000000,6,UPDATESTANDBY
45594000000,1.000000000000000,1.000000000000000,0.000000000000000,1,0,0,432,45494000000,6,UPDATESTANDBY
45693000000,1.000000000000000,1.000000000000000,0.000000000000000,1,0,0,433,45595000000,6,UPDATESTANDBY
45793000000,1.000000000000000,1.000000000000000,0.000000000000000,1,0,0,434,45693000000,6,UPDATESTANDBY
45894000000,1.000000000000000,1.000000000000000,0.000000000000000,1,0,0,435,45793000000,6,UPDATESTANDBY
45993000000,1.000000000000000,1.000000000000000,0.000000000000000,1,0,0,436,45894000000,6,UPDATESTANDBY
46093000000,1.000000000000000,1.000000000000000,0.000000000000000,1,0,0,437,45993000000,6,UPDATESTANDBY
46194000000,1.000000000000000,1.000000000000000,0.000000000000000,1,0,0,438,46093000000,6,UPDATESTANDBY
46294000000,1.000000000000000,1.000000000000000,0.000000000000000,1,0,0,439,46194000000,6,UPDATESTANDBY
46393000000,1.000000000000000,1.000000000000000,0.000000000000000,1,0,0,440,46294000000,7,UPDATESTANDBY
46494000000,1.000000000000000,1.000000000000000,0.000000000000000,1,0,0,441,46393000000,6,UPDATESTANDBY
46593000000,1.000000000000000,1.000000000000000,0.000000000000000,1,0,0,442,46494000000,6,UPDATESTANDBY
46693000000,1.000000000000000,1.000000000000000,0.000000000000000,1,0,0,443,46593000000,6,UPDATESTANDBY
46793000000,1.000000000000000,1.000000000000000,0.000000000000000,1,0,0,444,46693000000,6,UPDATESTANDBY
46893000000,1.000000000000000,1.000000000000000,0.000000000000000,1,0,0,445,46793000000,6,UPDATESTANDBY
46993000000,1.000000000000000,1.000000000000000,0.000000000000000,1,0,0,446,46893000000,6,UPDATESTANDBY
47093000000,1.000000000000000,1.000000000000000,0.000000000000000,1,0,0,447,46993000000,6,UPDATESTANDBY
47193000000,1.000000000000000,1.000000000000000,0.000000000000000,1,0,0,448,47094000000,6,UPDATESTANDBY
47293000000,1.000000000000000,1.000000000000000,0.000000000000000,1,0,0,449,47193000000,6,UPDATESTANDBY
47393000000,1.000000000000000,1.000000000000000,0.000000000000000,1,0,0,450,47293000000,7,UPDATESTANDBY
47493000000,1.000000000000000,1.000000000000000,0.000000000000000,1,0,0,451,47394000000,6,UPDATESTANDBY
47594000000,1.000000000000000,1.000000000000000,0.000000000000000,1,0,0,452,47494000000,6,UPDATESTANDBY
47693000000,1.000000000000000,1.000000000000000,0.000000000000000,1,0,0,453,47594000000,6,UPDATESTANDBY
47793000000,1.000000000000000,1.000000000000000,0.000000000000000,1,0,0,454,47694000000,6,UPDATESTANDBY
47896000000,1.000000000000000,1.000000000000000,0.000000000000000,1,0,0,455,47794000000,6,UPDATESTANDBY
47993000000,1.000000000000000,1.000000000000000,0.000000000000000,1,0,0,456,47898000000,6,UPDATESTANDBY
48093000000,1.000000000000000,1.000000000000000,0.000000000000000,1,0,0,457,47994000000,6,UPDATESTANDBY
48193000000,1.000000000000000,1.000000000000000,0.000000000000000,1,0,0,458,48094000000,6,UPDATESTANDBY
48293000000,1.000000000000000,1.000000000000000,0.000000000000000,1,0,0,459,48193000000,6,UPDATESTANDBY
48393000000,1.000000000000000,1.000000000000000,0.000000000000000,1,0,0,460,48294000000,7,UPDATESTANDBY
48493000000,1.000000000000000,1.000000000000000,0.000000000000000,1,0,0,461,48394000000,6,UPDATESTANDBY
48594000000,1.000000000000000,1.000000000000000,0.000000000000000,1,0,0,462,48493000000,6,UPDATESTANDBY
48694000000,1.000000000000000,1.000000000000000,0.000000000000000,1,0,0,463,48594000000,6,UPDATESTANDBY
48794000000,1.000000000000000,1.000000000000000,0.000000000000000,1,0,0,464,48694000000,6,UPDATESTANDBY
48893000000,1.000000000000000,1.000000000000000,0.000000000000000,1,0,0,465,48794000000,6,UPDATESTANDBY
48993000000,1.000000000000000,1.000000000000000,0.000000000000000,1,0,0,466,48893000000,6,UPDATESTANDBY
49093000000,1.000000000000000,1.000000000000000,0.000000000000000,1,0,0,467,48994000000,6,UPDATESTANDBY
49193000000,1.000000000000000,1.000000000000000,0.000000000000000,1,0,0,468,49094000000,6,UPDATESTANDBY
49293000000,1.000000000000000,1.000000000000000,0.000000000000000,1,0,0,469,49193000000,6,UPDATESTANDBY
49393000000,1.000000000000000,1.000000000000000,0.000000000000000,1,0,0,470,49294000000,7,UPDATESTANDBY
49493000000,1.000000000000000,1.000000000000000,0.000000000000000,1,0,0,471,49394000000,6,UPDATESTANDBY
49593000000,1.000000000000000,1.000000000000000,0.000000000000000,1,0,0,472,49493000000,6,UPDATESTANDBY
49694000000,1.000000000000000,1.000000000000000,0.000000000000000,1,0,0,473,49593000000,6,UPDATESTANDBY
49793000000,1.000000000000000,1.000000000000000,0.000000000000000,1,0,0,474,49694000000,6,UPDATESTANDBY
49893000000,1.000000000000000,1.000000000000000,0.000000000000000,1,0,0,475,49793000000,6,UPDATESTANDBY
49993000000,1.000000000000000,1.000000000000000,0.000000000000000,1,0,0,476,49893000000,6,UPDATESTANDBY
50093000000,1.000000000000000,1.000000000000000,0.000000000000000,1,0,0,477,49993000000,6,UPDATESTANDBY
50193000000,1.000000000000000,1.000000000000000,0.000000000000000,1,0,0,478,50093000000,6,UPDATESTANDBY
50293000000,1.000000000000000,1.000000000000000,0.000000000000000,1,0,0,479,50193000000,6,UPDATESTANDBY
50394000000,1.000000000000000,1.000000000000000,0.000000000000000,1,0,0,480,50293000000,7,UPDATESTANDBY
50493000000,1.000000000000000,1.000000000000000,0.000000000000000,1,0,0,481,50395000000,6,UPDATESTANDBY
50594000000,1.000000000000000,1.000000000000000,0.000000000000000,1,0,0,482,50494000000,6,UPDATESTANDBY
50694000000,1.000000000000000,1.000000000000000,0.000000000000000,1,0,0,483,50594000000,6,UPDATESTANDBY
50793000000,1.000000000000000,1.000000000000000,0.000000000000000,1,0,0,484,50694000000,6,UPDATESTANDBY
50893000000,1.000000000000000,1.000000000000000,0.000000000000000,1,0,0,485,50793000000,6,UPDATESTANDBY
50993000000,1.000000000000000,1.000000000000000,0.000000000000000,1,0,0,486,50893000000,6,UPDATESTANDBY
51093000000,1.000000000000000,1.000000000000000,0.000000000000000,1,0,0,487,50993000000,6,UPDATESTANDBY
51193000000,1.000000000000000,1.000000000000000,0.000000000000000,1,0,0,488,51093000000,6,UPDATESTANDBY
51294000000,1.000000000000000,1.000000000000000,0.000000000000000,1,0,0,489,51193000000,6,UPDATESTANDBY
51393000000,1.000000000000000,1.000000000000000,0.000000000000000,1,0,0,490,51294000000,7,UPDATESTANDBY
51493000000,1.000000000000000,1.000000000000000,0.000000000000000,1,0,0,491,51394000000,6,UPDATESTANDBY
51594000000,1.000000000000000,1.000000000000000,0.000000000000000,1,0,0,492,51494000000,6,UPDATESTANDBY
51693000000,1.000000000000000,1.000000000000000,0.000000000000000,1,0,0,493,51594000000,6,UPDATESTANDBY
51794000000,1.000000000000000,1.000000000000000,0.000000000000000,1,0,0,494,51693000000,6,UPDATESTANDBY
51894000000,1.000000000000000,1.000000000000000,0.000000000000000,1,0,0,495,51794000000,6,UPDATESTANDBY
51994000000,1.000000000000000,1.000000000000000,0.000000000000000,1,0,0,496,51894000000,6,UPDATESTANDBY
52093000000,1.000000000000000,1.000000000000000,0.000000000000000,1,0,0,497,51994000000,6,UPDATESTANDBY
52194000000,1.000000000000000,1.000000000000000,0.000000000000000,1,0,0,498,52093000000,6,UPDATESTANDBY
52293000000,1.000000000000000,1.000000000000000,0.000000000000000,1,0,0,499,52194000000,6,UPDATESTANDBY
52394000000,1.000000000000000,1.000000000000000,0.000000000000000,1,0,0,500,52293000000,7,UPDATESTANDBY
52493000000,1.000000000000000,1.000000000000000,0.000000000000000,1,0,0,501,52395000000,6,UPDATESTANDBY
52593000000,1.000000000000000,1.000000000000000,0.000000000000000,1,0,0,502,52493000000,6,UPDATESTANDBY
52693000000,1.000000000000000,1.000000000000000,0.000000000000000,1,0,0,503,52593000000,6,UPDATESTANDBY
52794000000,1.000000000000000,1.000000000000000,0.000000000000000,1,0,0,504,52694000000,6,UPDATESTANDBY
52893000000,1.000000000000000,1.000000000000000,0.000000000000000,1,0,0,505,52794000000,6,UPDATESTANDBY
52993000000,1.000000000000000,1.000000000000000,0.000000000000000,1,0,0,506,52894000000,6,UPDATESTANDBY
53093000000,1.000000000000000,1.000000000000000,0.000000000000000,1,0,0,507,52993000000,6,UPDATESTANDBY
53193000000,1.000000000000000,1.000000000000000,0.000000000000000,1,0,0,508,53093000000,6,UPDATESTANDBY
53293000000,1.000000000000000,1.000000000000000,0.000000000000000,1,0,0,509,53193000000,6,UPDATESTANDBY
53393000000,1.000000000000000,1.000000000000000,0.000000000000000,1,0,0,510,53293000000,7,UPDATESTANDBY
53493000000,1.000000000000000,1.000000000000000,0.000000000000000,1,0,0,511,53394000000,6,UPDATESTANDBY
53593000000,1.000000000000000,1.000000000000000,0.000000000000000,1,0,0,512,53493000000,6,UPDATESTANDBY
53693000000,1.000000000000000,1.000000000000000,0.000000000000000,1,0,0,513,53593000000,6,UPDATESTANDBY
53793000000,1.000000000000000,1.000000000000000,0.000000000000000,1,0,0,514,53693000000,6,UPDATESTANDBY
53894000000,1.000000000000000,1.000000000000000,0.000000000000000,1,0,0,515,53793000000,6,UPDATESTANDBY
53993000000,1.000000000000000,1.000000000000000,0.000000000000000,1,0,0,516,53894000000,6,UPDATESTANDBY
54093000000,1.000000000000000,1.000000000000000,0.000000000000000,1,0,0,517,53993000000,6,UPDATESTANDBY
54193000000,1.000000000000000,1.000000000000000,0.000000000000000,1,0,0,518,54093000000,6,UPDATESTANDBY
54293000000,1.000000000000000,1.000000000000000,0.000000000000000,1,0,0,519,54194000000,6,UPDATESTANDBY
54393000000,1.000000000000000,1.000000000000000,0.000000000000000,1,0,0,520,54293000000,7,UPDATESTANDBY
54493000000,1.000000000000000,1.000000000000000,0.000000000000000,1,0,0,521,54393000000,6,UPDATESTANDBY
54593000000,1.000000000000000,1.000000000000000,0.000000000000000,1,0,0,522,54493000000,6,UPDATESTANDBY
54693000000,1.000000000000000,1.000000000000000,0.000000000000000,1,0,0,523,54593000000,6,UPDATESTANDBY
54793000000,1.000000000000000,1.000000000000000,0.000000000000000,1,0,0,524,54694000000,6,UPDATESTANDBY
54893000000,1.000000000000000,1.000000000000000,0.000000000000000,1,0,0,525,54793000000,6,UPDATESTANDBY
54993000000,1.000000000000000,1.000000000000000,0.000000000000000,1,0,0,526,54893000000,6,UPDATESTANDBY
55093000000,1.000000000000000,1.000000000000000,0.000000000000000,1,0,0,527,54993000000,6,UPDATESTANDBY
55193000000,1.000000000000000,1.000000000000000,0.000000000000000,1,0,0,528,55093000000,6,UPDATESTANDBY
55294000000,1.000000000000000,1.000000000000000,0.000000000000000,1,0,0,529,55194000000,6,UPDATESTANDBY
55393000000,1.000000000000000,1.000000000000000,0.000000000000000,1,0,0,530,55294000000,7,UPDATESTANDBY
55493000000,1.000000000000000,1.000000000000000,0.000000000000000,1,0,0,531,55393000000,6,UPDATESTANDBY
55593000000,1.000000000000000,1.000000000000000,0.000000000000000,1,0,0,532,55493000000,6,UPDATESTANDBY
55693000000,1.000000000000000,1.000000000000000,0.000000000000000,1,0,0,533,55594000000,6,UPDATESTANDBY
55793000000,1.000000000000000,1.000000000000000,0.000000000000000,1,0,0,534,55694000000,6,UPDATESTANDBY
55893000000,1.000000000000000,1.000000000000000,0.000000000000000,1,0,0,535,55793000000,6,UPDATESTANDBY
55993000000,1.000000000000000,1.000000000000000,0.000000000000000,1,0,0,536,55893000000,6,UPDATESTANDBY
56093000000,1.000000000000000,1.000000000000000,0.000000000000000,1,0,0,537,55994000000,6,UPDATESTANDBY
56193000000,1.000000000000000,1.000000000000000,0.000000000000000,1,0,0,538,56094000000,6,UPDATESTANDBY
56294000000,1.000000000000000,1.000000000000000,0.000000000000000,1,0,0,539,56193000000,6,UPDATESTANDBY
56393000000,1.000000000000000,1.000000000000000,0.000000000000000,1,0,0,540,56294000000,7,UPDATESTANDBY
56493000000,1.000000000000000,1.000000000000000,0.000000000000000,1,0,0,541,56393000000,6,UPDATESTANDBY
56594000000,1.000000000000000,1.000000000000000,0.000000000000000,1,0,0,542,56493000000,6,UPDATESTANDBY
56693000000,1.000000000000000,1.000000000000000,0.000000000000000,1,0,0,543,56594000000,6,UPDATESTANDBY
56793000000,1.000000000000000,1.000000000000000,0.000000000000000,1,0,0,544,56693000000,6,UPDATESTANDBY
56893000000,1.000000000000000,1.000000000000000,0.000000000000000,1,0,0,545,56794000000,6,UPDATESTANDBY
56993000000,1.000000000000000,1.000000000000000,0.000000000000000,1,0,0,546,56894000000,6,UPDATESTANDBY
57093000000,1.000000000000000,1.000000000000000,0.000000000000000,1,0,0,547,56993000000,6,UPDATESTANDBY
57193000000,1.000000000000000,1.000000000000000,0.000000000000000,1,0,0,548,57094000000,6,UPDATESTANDBY
57293000000,1.000000000000000,1.000000000000000,0.000000000000000,1,0,0,549,57193000000,6,UPDATESTANDBY
57393000000,1.000000000000000,1.000000000000000,0.000000000000000,1,0,0,550,57293000000,7,UPDATESTANDBY
57493000000,1.000000000000000,1.000000000000000,0.000000000000000,1,0,0,551,57393000000,6,UPDATESTANDBY
57593000000,1.000000000000000,1.000000000000000,0.000000000000000,1,0,0,552,57493000000,6,UPDATESTANDBY
57693000000,1.000000000000000,1.000000000000000,0.000000000000000,1,0,0,553,57593000000,6,UPDATESTANDBY
57793000000,1.000000000000000,1.000000000000000,0.000000000000000,1,0,0,554,57693000000,6,UPDATESTANDBY
57893000000,1.000000000000000,1.000000000000000,0.000000000000000,1,0,0,555,57794000000,6,UPDATESTANDBY
57993000000,1.000000000000000,1.000000000000000,0.000000000000000,1,0,0,556,57893000000,6,UPDATESTANDBY
58093000000,1.000000000000000,1.000000000000000,0.000000000000000,1,0,0,557,57994000000,6,UPDATESTANDBY
58194000000,1.000000000000000,1.000000000000000,0.000000000000000,1,0,0,558,58094000000,6,UPDATESTANDBY
58293000000,1.000000000000000,1.000000000000000,0.000000000000000,1,0,0,559,58194000000,6,UPDATESTANDBY
58393000000,1.000000000000000,1.000000000000000,0.000000000000000,1,0,0,560,58294000000,7,UPDATESTANDBY
58493000000,1.000000000000000,1.000000000000000,0.000000000000000,1,0,0,561,58393000000,6,UPDATESTANDBY
58594000000,1.000000000000000,1.000000000000000,0.000000000000000,1,0,0,562,58493000000,6,UPDATESTANDBY
58693000000,1.000000000000000,1.000000000000000,0.000000000000000,1,0,0,563,58594000000,6,UPDATESTANDBY
58793000000,1.000000000000000,1.000000000000000,0.000000000000000,1,0,0,564,58693000000,6,UPDATESTANDBY
58893000000,1.000000000000000,1.000000000000000,0.000000000000000,1,0,0,565,58794000000,6,UPDATESTANDBY
58993000000,1.000000000000000,1.000000000000000,0.000000000000000,1,0,0,566,58893000000,6,UPDATESTANDBY
59093000000,1.000000000000000,1.000000000000000,0.000000000000000,1,0,0,567,58993000000,6,UPDATESTANDBY
59193000000,1.000000000000000,1.000000000000000,0.000000000000000,1,0,0,568,59093000000,6,UPDATESTANDBY
59293000000,1.000000000000000,1.000000000000000,0.000000000000000,1,0,0,569,59193000000,6,UPDATESTANDBY
59393000000,1.000000000000000,1.000000000000000,0.000000000000000,1,0,0,570,59293000000,7,UPDATESTANDBY
59494000000,1.000000000000000,1.000000000000000,0.000000000000000,1,0,0,571,59393000000,6,UPDATESTANDBY
59593000000,1.000000000000000,1.000000000000000,0.000000000000000,1,0,0,572,59494000000,6,UPDATESTANDBY
59694000000,1.000000000000000,1.000000000000000,0.000000000000000,1,0,0,573,59594000000,6,UPDATESTANDBY
59794000000,1.000000000000000,1.000000000000000,0.000000000000000,1,0,0,574,59694000000,6,UPDATESTANDBY
59893000000,1.000000000000000,1.000000000000000,0.000000000000000,1,0,0,575,59794000000,6,UPDATESTANDBY
59993000000,1.000000000000000,1.000000000000000,0.000000000000000,1,0,0,576,59893000000,6,UPDATESTANDBY
60093000000,1.000000000000000,1.000000000000000,0.000000000000000,1,0,0,577,59994000000,6,UPDATESTANDBY
60193000000,1.000000000000000,1.000000000000000,0.000000000000000,1,0,0,578,60094000000,6,UPDATESTANDBY
60293000000,1.000000000000000,1.000000000000000,0.000000000000000,1,0,0,579,60193000000,6,UPDATESTANDBY
60393000000,1.000000000000000,1.000000000000000,0.000000000000000,1,0,0,580,60293000000,7,UPDATESTANDBY
60493000000,1.000000000000000,1.000000000000000,0.000000000000000,1,0,0,581,60393000000,6,UPDATESTANDBY
60593000000,1.000000000000000,1.000000000000000,0.000000000000000,1,0,0,582,60493000000,6,UPDATESTANDBY
60693000000,1.000000000000000,1.000000000000000,0.000000000000000,1,0,0,583,60594000000,6,UPDATESTANDBY
60793000000,1.000000000000000,1.000000000000000,0.000000000000000,1,0,0,584,60694000000,6,UPDATESTANDBY
60894000000,1.000000000000000,1.000000000000000,0.000000000000000,1,0,0,585,60793000000,6,UPDATESTANDBY
60993000000,1.000000000000000,1.000000000000000,0.000000000000000,1,0,0,586,60894000000,6,UPDATESTANDBY
61093000000,1.000000000000000,1.000000000000000,0.000000000000000,1,0,0,587,60993000000,6,UPDATESTANDBY
61194000000,1.000000000000000,1.000000000000000,0.000000000000000,1,0,0,588,61093000000,6,UPDATESTANDBY
61293000000,1.000000000000000,1.000000000000000,0.000000000000000,1,0,0,589,61194000000,6,UPDATESTANDBY
61393000000,1.000000000000000,1.000000000000000,0.000000000000000,1,0,0,590,61293000000,7,UPDATESTANDBY
61493000000,1.000000000000000,1.000000000000000,0.000000000000000,1,0,0,591,61394000000,6,UPDATESTANDBY
61593000000,1.000000000000000,1.000000000000000,0.000000000000000,1,0,0,592,61493000000,6,UPDATESTANDBY
61693000000,1.000000000000000,1.000000000000000,0.000000000000000,1,0,0,593,61593000000,6,UPDATESTANDBY
61793000000,1.000000000000000,1.000000000000000,0.000000000000000,1,0,0,594,61693000000,6,UPDATESTANDBY
61894000000,1.000000000000000,1.000000000000000,0.000000000000000,1,0,0,595,61793000000,6,UPDATESTANDBY
61993000000,1.000000000000000,1.000000000000000,0.000000000000000,1,0,0,596,61894000000,6,UPDATESTANDBY
62093000000,1.000000000000000,1.000000000000000,0.000000000000000,1,0,0,597,61993000000,6,UPDATESTANDBY
62193000000,1.000000000000000,1.000000000000000,0.000000000000000,1,0,0,598,62094000000,6,UPDATESTANDBY
62294000000,1.000000000000000,1.000000000000000,0.000000000000000,1,0,0,599,62194000000,6,UPDATESTANDBY
62394000000,1.000000000000000,1.000000000000000,0.000000000000000,1,0,0,600,62294000000,7,UPDATESTANDBY
62493000000,1.000000000000000,1.000000000000000,0.000000000000000,1,0,0,601,62394000000,6,UPDATESTANDBY
62593000000,1.000000000000000,1.000000000000000,0.000000000000000,1,0,0,602,62493000000,6,UPDATESTANDBY
62693000000,1.000000000000000,1.000000000000000,0.000000000000000,1,0,0,603,62593000000,6,UPDATESTANDBY
62793000000,1.000000000000000,1.000000000000000,0.000000000000000,1,0,0,604,62693000000,6,UPDATESTANDBY
62893000000,1.000000000000000,1.000000000000000,0.000000000000000,1,0,0,605,62794000000,6,UPDATESTANDBY
62993000000,1.000000000000000,1.000000000000000,0.000000000000000,1,0,0,606,62894000000,6,UPDATESTANDBY
63093000000,1.000000000000000,1.000000000000000,0.000000000000000,1,0,0,607,62993000000,6,UPDATESTANDBY
63193000000,1.000000000000000,1.000000000000000,0.000000000000000,1,0,0,608,63094000000,6,UPDATESTANDBY
63293000000,1.000000000000000,1.000000000000000,0.000000000000000,1,0,0,609,63194000000,6,UPDATESTANDBY
63393000000,1.000000000000000,1.000000000000000,0.000000000000000,1,0,0,610,63293000000,7,UPDATESTANDBY
63493000000,1.000000000000000,1.000000000000000,0.000000000000000,1,0,0,611,63393000000,6,UPDATESTANDBY
63593000000,1.000000000000000,1.000000000000000,0.000000000000000,1,0,0,612,63493000000,6,UPDATESTANDBY
63694000000,1.000000000000000,1.000000000000000,0.000000000000000,1,0,0,613,63593000000,6,UPDATESTANDBY
63793000000,1.000000000000000,1.000000000000000,0.000000000000000,1,0,0,614,63694000000,6,UPDATESTANDBY
63893000000,1.000000000000000,1.000000000000000,0.000000000000000,1,0,0,615,63793000000,6,UPDATESTANDBY
63993000000,1.000000000000000,1.000000000000000,0.000000000000000,1,0,0,616,63893000000,6,UPDATESTANDBY
64093000000,1.000000000000000,1.000000000000000,0.000000000000000,1,0,0,617,63993000000,6,UPDATESTANDBY
64193000000,1.000000000000000,1.000000000000000,0.000000000000000,1,0,0,618,64093000000,6,UPDATESTANDBY
64293000000,1.000000000000000,1.000000000000000,0.000000000000000,1,0,0,619,64193000000,6,UPDATESTANDBY
64394000000,1.000000000000000,1.000000000000000,0.000000000000000,1,0,0,620,64293000000,7,UPDATESTANDBY
64493000000,1.000000000000000,1.000000000000000,0.000000000000000,1,0,0,621,64394000000,6,UPDATESTANDBY
64593000000,1.000000000000000,1.000000000000000,0.000000000000000,1,0,0,622,64493000000,6,UPDATESTANDBY
64693000000,1.000000000000000,1.000000000000000,0.000000000000000,1,0,0,623,64594000000,6,UPDATESTANDBY
64793000000,1.000000000000000,1.000000000000000,0.000000000000000,1,0,0,624,64693000000,6,UPDATESTANDBY
64893000000,1.000000000000000,1.000000000000000,0.000000000000000,1,0,0,625,64793000000,6,UPDATESTANDBY
64993000000,1.000000000000000,1.000000000000000,0.000000000000000,1,0,0,626,64894000000,6,UPDATESTANDBY
65093000000,1.000000000000000,1.000000000000000,0.000000000000000,1,0,0,627,64993000000,6,UPDATESTANDBY
65193000000,1.000000000000000,1.000000000000000,0.000000000000000,1,0,0,628,65093000000,6,UPDATESTANDBY
65293000000,1.000000000000000,1.000000000000000,0.000000000000000,1,0,0,629,65193000000,6,UPDATESTANDBY
65394000000,1.000000000000000,1.000000000000000,0.000000000000000,1,0,0,630,65293000000,7,UPDATESTANDBY
65493000000,1.000000000000000,1.000000000000000,0.000000000000000,1,0,0,631,65394000000,6,UPDATESTANDBY
65593000000,1.000000000000000,1.000000000000000,0.000000000000000,1,0,0,632,65493000000,6,UPDATESTANDBY
65693000000,1.000000000000000,1.000000000000000,0.000000000000000,1,0,0,633,65593000000,6,UPDATESTANDBY
65793000000,1.000000000000000,1.000000000000000,0.000000000000000,1,0,0,634,65693000000,6,UPDATESTANDBY
65893000000,1.000000000000000,1.000000000000000,0.000000000000000,1,0,0,635,65793000000,6,UPDATESTANDBY
65993000000,1.000000000000000,1.000000000000000,0.000000000000000,1,0,0,636,65893000000,6,UPDATESTANDBY
66093000000,1.000000000000000,1.000000000000000,0.000000000000000,1,0,0,637,65993000000,6,UPDATESTANDBY
66194000000,1.000000000000000,1.000000000000000,0.000000000000000,1,0,0,638,66093000000,6,UPDATESTANDBY
66293000000,1.000000000000000,1.000000000000000,0.000000000000000,1,0,0,639,66194000000,6,UPDATESTANDBY
66394000000,1.000000000000000,1.000000000000000,0.000000000000000,1,0,0,640,66293000000,7,UPDATESTANDBY
66493000000,1.000000000000000,1.000000000000000,0.000000000000000,1,0,0,641,66394000000,6,UPDATESTANDBY
66593000000,1.000000000000000,1.000000000000000,0.000000000000000,1,0,0,642,66493000000,6,UPDATESTANDBY
66693000000,1.000000000000000,1.000000000000000,0.000000000000000,1,0,0,643,66593000000,6,UPDATESTANDBY
66793000000,1.000000000000000,1.000000000000000,0.000000000000000,1,0,0,644,66693000000,6,UPDATESTANDBY
66893000000,1.000000000000000,1.000000000000000,0.000000000000000,1,0,0,645,66793000000,6,UPDATESTANDBY
66994000000,1.000000000000000,1.000000000000000,0.000000000000000,1,0,0,646,66894000000,6,UPDATESTANDBY
67093000000,1.000000000000000,1.000000000000000,0.000000000000000,1,0,0,647,66994000000,6,UPDATESTANDBY
67194000000,1.000000000000000,1.000000000000000,0.000000000000000,1,0,0,648,67093000000,6,UPDATESTANDBY
67293000000,1.000000000000000,1.000000000000000,0.000000000000000,1,0,0,649,67195000000,6,UPDATESTANDBY
67393000000,1.000000000000000,1.000000000000000,0.000000000000000,1,0,0,650,67295000000,7,UPDATESTANDBY
67493000000,1.000000000000000,1.000000000000000,0.000000000000000,1,0,0,651,67395000000,6,UPDATESTANDBY
67594000000,1.000000000000000,1.000000000000000,0.000000000000000,1,0,0,652,67494000000,6,UPDATESTANDBY
67693000000,1.000000000000000,1.000000000000000,0.000000000000000,1,0,0,653,67594000000,6,UPDATESTANDBY
67793000000,1.000000000000000,1.000000000000000,0.000000000000000,1,0,0,654,67694000000,6,UPDATESTANDBY
67893000000,1.000000000000000,1.000000000000000,0.000000000000000,1,0,0,655,67795000000,6,UPDATESTANDBY
67993000000,1.000000000000000,1.000000000000000,0.000000000000000,1,0,0,656,67893000000,6,UPDATESTANDBY
68093000000,1.000000000000000,1.000000000000000,0.000000000000000,1,0,0,657,67993000000,6,UPDATESTANDBY
68193000000,1.000000000000000,1.000000000000000,0.000000000000000,1,0,0,658,68094000000,6,UPDATESTANDBY
68294000000,1.000000000000000,1.000000000000000,0.000000000000000,1,0,0,659,68194000000,6,UPDATESTANDBY
68393000000,1.000000000000000,1.000000000000000,0.000000000000000,1,0,0,660,68294000000,7,UPDATESTANDBY
68493000000,1.000000000000000,1.000000000000000,0.000000000000000,1,0,0,661,68394000000,6,UPDATESTANDBY
68593000000,1.000000000000000,1.000000000000000,0.000000000000000,1,0,0,662,68494000000,6,UPDATESTANDBY
68693000000,1.000000000000000,1.000000000000000,0.000000000000000,1,0,0,663,68594000000,6,UPDATESTANDBY
68793000000,1.000000000000000,1.000000000000000,0.000000000000000,1,0,0,664,68694000000,6,UPDATESTANDBY
68893000000,1.000000000000000,1.000000000000000,0.000000000000000,1,0,0,665,68794000000,6,UPDATESTANDBY
68994000000,1.000000000000000,1.000000000000000,0.000000000000000,1,0,0,666,68894000000,6,UPDATESTANDBY
69093000000,1.000000000000000,1.000000000000000,0.000000000000000,1,0,0,667,68994000000,6,UPDATESTANDBY
69193000000,1.000000000000000,1.000000000000000,0.000000000000000,1,0,0,668,69093000000,6,UPDATESTANDBY
69293000000,1.000000000000000,1.000000000000000,0.000000000000000,1,0,0,669,69193000000,6,UPDATESTANDBY
69393000000,1.000000000000000,1.000000000000000,0.000000000000000,1,0,0,670,69294000000,7,UPDATESTANDBY
69493000000,1.000000000000000,1.000000000000000,0.000000000000000,1,0,0,671,69394000000,6,UPDATESTANDBY
69594000000,1.000000000000000,1.000000000000000,0.000000000000000,1,0,0,672,69494000000,6,UPDATESTANDBY
69693000000,1.000000000000000,1.000000000000000,0.000000000000000,1,0,0,673,69594000000,6,UPDATESTANDBY
69793000000,1.000000000000000,1.000000000000000,0.000000000000000,1,0,0,674,69693000000,6,UPDATESTANDBY
69893000000,1.000000000000000,1.000000000000000,0.000000000000000,1,0,0,675,69793000000,6,UPDATESTANDBY
69993000000,1.000000000000000,1.000000000000000,0.000000000000000,1,0,0,676,69894000000,6,UPDATESTANDBY
70094000000,1.000000000000000,1.000000000000000,0.000000000000000,1,0,0,677,69993000000,6,UPDATESTANDBY
70193000000,1.000000000000000,1.000000000000000,0.000000000000000,1,0,0,678,70094000000,6,UPDATESTANDBY
70294000000,1.000000000000000,1.000000000000000,0.000000000000000,1,0,0,679,70193000000,6,UPDATESTANDBY
70393000000,1.000000000000000,1.000000000000000,0.000000000000000,1,0,0,680,70294000000,7,UPDATESTANDBY
70494000000,1.000000000000000,1.000000000000000,0.000000000000000,1,0,0,681,70394000000,6,UPDATESTANDBY
70593000000,1.000000000000000,1.000000000000000,0.000000000000000,1,0,0,682,70494000000,6,UPDATESTANDBY
70693000000,1.000000000000000,1.000000000000000,0.000000000000000,1,0,0,683,70593000000,6,UPDATESTANDBY
70794000000,1.000000000000000,1.000000000000000,0.000000000000000,1,0,0,684,70693000000,6,UPDATESTANDBY
70893000000,1.000000000000000,1.000000000000000,0.000000000000000,1,0,0,685,70794000000,6,UPDATESTANDBY
70994000000,1.000000000000000,1.000000000000000,0.000000000000000,1,0,0,686,70893000000,6,UPDATESTANDBY
71093000000,1.000000000000000,1.000000000000000,0.000000000000000,1,0,0,687,70994000000,6,UPDATESTANDBY
71193000000,1.000000000000000,1.000000000000000,0.000000000000000,1,0,0,688,71093000000,6,UPDATESTANDBY
71293000000,1.000000000000000,1.000000000000000,0.000000000000000,1,0,0,689,71194000000,6,UPDATESTANDBY
71394000000,1.000000000000000,1.000000000000000,0.000000000000000,1,0,0,690,71293000000,7,UPDATESTANDBY
71493000000,1.000000000000000,1.000000000000000,0.000000000000000,1,0,0,691,71394000000,6,UPDATESTANDBY
71593000000,1.000000000000000,1.000000000000000,0.000000000000000,1,0,0,692,71494000000,6,UPDATESTANDBY
71693000000,1.000000000000000,1.000000000000000,0.000000000000000,1,0,0,693,71593000000,6,UPDATESTANDBY
71794000000,1.000000000000000,1.000000000000000,0.000000000000000,1,0,0,694,71694000000,6,UPDATESTANDBY
71893000000,1.000000000000000,1.000000000000000,0.000000000000000,1,0,0,695,71794000000,6,UPDATESTANDBY
71993000000,1.000000000000000,1.000000000000000,0.000000000000000,1,0,0,696,71893000000,6,UPDATESTANDBY
72094000000,1.000000000000000,1.000000000000000,0.000000000000000,1,0,0,697,71994000000,6,UPDATESTANDBY
72194000000,1.000000000000000,1.000000000000000,0.000000000000000,1,0,0,698,72094000000,6,UPDATESTANDBY
72293000000,1.000000000000000,1.000000000000000,0.000000000000000,1,0,0,699,72194000000,6,UPDATESTANDBY
72393000000,1.000000000000000,1.000000000000000,0.000000000000000,1,0,0,700,72294000000,7,UPDATESTANDBY
72494000000,1.000000000000000,1.000000000000000,0.000000000000000,1,0,0,701,72393000000,6,UPDATESTANDBY
72593000000,1.000000000000000,1.000000000000000,0.000000000000000,1,0,0,702,72494000000,6,UPDATESTANDBY
72693000000,1.000000000000000,1.000000000000000,0.000000000000000,1,0,0,703,72594000000,6,UPDATESTANDBY
72793000000,1.000000000000000,1.000000000000000,0.000000000000000,1,0,0,704,72694000000,6,UPDATESTANDBY
72893000000,1.000000000000000,1.000000000000000,0.000000000000000,1,0,0,705,72794000000,6,UPDATESTANDBY
72994000000,1.000000000000000,1.000000000000000,0.000000000000000,1,0,0,706,72893000000,6,UPDATESTANDBY
73093000000,1.000000000000000,1.000000000000000,0.000000000000000,1,0,0,707,72994000000,6,UPDATESTANDBY
73193000000,1.000000000000000,1.000000000000000,0.000000000000000,1,0,0,708,73093000000,6,UPDATESTANDBY
73293000000,1.000000000000000,1.000000000000000,0.000000000000000,1,0,0,709,73193000000,6,UPDATESTANDBY
73393000000,1.000000000000000,1.000000000000000,0.000000000000000,1,0,0,710,73293000000,7,UPDATESTANDBY
73494000000,1.000000000000000,1.000000000000000,0.000000000000000,1,0,0,711,73393000000,6,UPDATESTANDBY
73593000000,1.000000000000000,1.000000000000000,0.000000000000000,1,0,0,712,73494000000,6,UPDATESTANDBY
73693000000,1.000000000000000,1.000000000000000,0.000000000000000,1,0,0,713,73593000000,6,UPDATESTANDBY
73793000000,1.000000000000000,1.000000000000000,0.000000000000000,1,0,0,714,73693000000,6,UPDATESTANDBY
73894000000,1.000000000000000,1.000000000000000,0.000000000000000,1,0,0,715,73793000000,6,UPDATESTANDBY
73993000000,1.000000000000000,1.000000000000000,0.000000000000000,1,0,0,716,73894000000,6,UPDATESTANDBY
74093000000,1.000000000000000,1.000000000000000,0.000000000000000,1,0,0,717,73994000000,6,UPDATESTANDBY
74193000000,1.000000000000000,1.000000000000000,0.000000000000000,1,0,0,718,74094000000,6,UPDATESTANDBY
74293000000,1.000000000000000,1.000000000000000,0.000000000000000,1,0,0,719,74193000000,6,UPDATESTANDBY
74394000000,1.000000000000000,1.000000000000000,0.000000000000000,1,0,0,720,74294000000,7,UPDATESTANDBY
74493000000,1.000000000000000,1.000000000000000,0.000000000000000,1,0,0,721,74395000000,6,UPDATESTANDBY
74594000000,1.000000000000000,1.000000000000000,0.000000000000000,1,0,0,722,74494000000,6,UPDATESTANDBY
74693000000,1.000000000000000,1.000000000000000,0.000000000000000,1,0,0,723,74594000000,6,UPDATESTANDBY
74793000000,1.000000000000000,1.000000000000000,0.000000000000000,1,0,0,724,74695000000,6,UPDATESTANDBY
74893000000,1.000000000000000,1.000000000000000,0.000000000000000,1,0,0,725,74794000000,6,UPDATESTANDBY
74993000000,1.000000000000000,1.000000000000000,0.000000000000000,1,0,0,726,74894000000,6,UPDATESTANDBY
75094000000,1.000000000000000,1.000000000000000,0.000000000000000,1,0,0,727,74993000000,6,UPDATESTANDBY
75193000000,1.000000000000000,1.000000000000000,0.000000000000000,1,0,0,728,75094000000,6,UPDATESTANDBY
75293000000,1.000000000000000,1.000000000000000,0.000000000000000,1,0,0,729,75195000000,6,UPDATESTANDBY
75393000000,1.000000000000000,1.000000000000000,0.000000000000000,1,0,0,730,75294000000,7,UPDATESTANDBY
75493000000,1.000000000000000,1.000000000000000,0.000000000000000,1,0,0,731,75393000000,6,UPDATESTANDBY
75594000000,1.000000000000000,1.000000000000000,0.000000000000000,1,0,0,732,75495000000,6,UPDATESTANDBY
75693000000,1.000000000000000,1.000000000000000,0.000000000000000,1,0,0,733,75595000000,6,UPDATESTANDBY
75793000000,1.000000000000000,1.000000000000000,0.000000000000000,1,0,0,734,75694000000,6,UPDATESTANDBY
75894000000,1.000000000000000,1.000000000000000,0.000000000000000,1,0,0,735,75794000000,6,UPDATESTANDBY
75993000000,1.000000000000000,1.000000000000000,0.000000000000000,1,0,0,736,75894000000,6,UPDATESTANDBY
76093000000,1.000000000000000,1.000000000000000,0.000000000000000,1,0,0,737,75994000000,6,UPDATESTANDBY
76193000000,1.000000000000000,1.000000000000000,0.000000000000000,1,0,0,738,76093000000,6,UPDATESTANDBY
76293000000,1.000000000000000,1.000000000000000,0.000000000000000,1,0,0,739,76194000000,6,UPDATESTANDBY
76394000000,1.000000000000000,1.000000000000000,0.000000000000000,1,0,0,740,76294000000,7,UPDATESTANDBY
76493000000,1.000000000000000,1.000000000000000,0.000000000000000,1,0,0,741,76395000000,6,UPDATESTANDBY
76593000000,1.000000000000000,1.000000000000000,0.000000000000000,1,0,0,742,76494000000,6,UPDATESTANDBY
76693000000,1.000000000000000,1.000000000000000,0.000000000000000,1,0,0,743,76594000000,6,UPDATESTANDBY
76793000000,1.000000000000000,1.000000000000000,0.000000000000000,1,0,0,744,76694000000,6,UPDATESTANDBY
76894000000,1.000000000000000,1.000000000000000,0.000000000000000,1,0,0,745,76793000000,6,UPDATESTANDBY
76994000000,1.000000000000000,1.000000000000000,0.000000000000000,1,0,0,746,76894000000,6,UPDATESTANDBY
77093000000,1.000000000000000,1.000000000000000,0.000000000000000,1,0,0,747,76994000000,6,UPDATESTANDBY
77194000000,1.000000000000000,1.000000000000000,0.000000000000000,1,0,0,748,77094000000,6,UPDATESTANDBY
77293000000,1.000000000000000,1.000000000000000,0.000000000000000,1,0,0,749,77194000000,6,UPDATESTANDBY
77393000000,1.000000000000000,1.000000000000000,0.000000000000000,1,0,0,750,77294000000,7,UPDATESTANDBY
77493000000,1.000000000000000,1.000000000000000,0.000000000000000,1,0,0,751,77394000000,6,UPDATESTANDBY
77593000000,1.000000000000000,1.000000000000000,0.000000000000000,1,0,0,752,77494000000,6,UPDATESTANDBY
77693000000,1.000000000000000,1.000000000000000,0.000000000000000,1,0,0,753,77593000000,6,UPDATESTANDBY
77793000000,1.000000000000000,1.000000000000000,0.000000000000000,1,0,0,754,77694000000,6,UPDATESTANDBY
77893000000,1.000000000000000,1.000000000000000,0.000000000000000,1,0,0,755,77794000000,6,UPDATESTANDBY
77993000000,1.000000000000000,1.000000000000000,0.000000000000000,1,0,0,756,77894000000,6,UPDATESTANDBY
78093000000,1.000000000000000,1.000000000000000,0.000000000000000,1,0,0,757,77993000000,6,UPDATESTANDBY
78193000000,1.000000000000000,1.000000000000000,0.000000000000000,1,0,0,758,78094000000,6,UPDATESTANDBY
78293000000,1.000000000000000,1.000000000000000,0.000000000000000,1,0,0,759,78193000000,6,UPDATESTANDBY
78393000000,1.000000000000000,1.000000000000000,0.000000000000000,1,0,0,760,78294000000,7,UPDATESTANDBY
78493000000,1.000000000000000,1.000000000000000,0.000000000000000,1,0,0,761,78394000000,6,UPDATESTANDBY
78593000000,1.000000000000000,1.000000000000000,0.000000000000000,1,0,0,762,78494000000,6,UPDATESTANDBY
78693000000,1.000000000000000,1.000000000000000,0.000000000000000,1,0,0,763,78594000000,6,UPDATESTANDBY
78793000000,1.000000000000000,1.000000000000000,0.000000000000000,1,0,0,764,78694000000,6,UPDATESTANDBY
78894000000,1.000000000000000,1.000000000000000,0.000000000000000,1,0,0,765,78795000000,6,UPDATESTANDBY
78993000000,1.000000000000000,1.000000000000000,0.000000000000000,1,0,0,766,78894000000,6,UPDATESTANDBY
79093000000,1.000000000000000,1.000000000000000,0.000000000000000,1,0,0,767,78994000000,6,UPDATESTANDBY
79193000000,1.000000000000000,1.000000000000000,0.000000000000000,1,0,0,768,79094000000,6,UPDATESTANDBY
79293000000,1.000000000000000,1.000000000000000,0.000000000000000,1,0,0,769,79194000000,6,UPDATESTANDBY
79393000000,1.000000000000000,1.000000000000000,0.000000000000000,1,0,0,770,79294000000,7,UPDATESTANDBY
79493000000,1.000000000000000,1.000000000000000,0.000000000000000,1,0,0,771,79393000000,6,UPDATESTANDBY
79593000000,1.000000000000000,1.000000000000000,0.000000000000000,1,0,0,772,79494000000,6,UPDATESTANDBY
79693000000,1.000000000000000,1.000000000000000,0.000000000000000,1,0,0,773,79593000000,6,UPDATESTANDBY
79793000000,1.000000000000000,1.000000000000000,0.000000000000000,1,0,0,774,79693000000,6,UPDATESTANDBY
79894000000,1.000000000000000,1.000000000000000,0.000000000000000,1,0,0,775,79794000000,6,UPDATESTANDBY
79993000000,1.000000000000000,1.000000000000000,0.000000000000000,1,0,0,776,79895000000,6,UPDATESTANDBY
80093000000,1.000000000000000,1.000000000000000,0.000000000000000,1,0,0,777,79994000000,6,UPDATESTANDBY
80193000000,1.000000000000000,1.000000000000000,0.000000000000000,1,0,0,778,80094000000,6,UPDATESTANDBY
80293000000,1.000000000000000,1.000000000000000,0.000000000000000,1,0,0,779,80194000000,6,UPDATESTANDBY
80394000000,1.000000000000000,1.000000000000000,0.000000000000000,1,0,0,780,80294000000,7,UPDATESTANDBY
80493000000,1.000000000000000,1.000000000000000,0.000000000000000,1,0,0,781,80395000000,6,UPDATESTANDBY
80593000000,1.000000000000000,1.000000000000000,0.000000000000000,1,0,0,782,80494000000,6,UPDATESTANDBY
80693000000,1.000000000000000,1.000000000000000,0.000000000000000,1,0,0,783,80594000000,6,UPDATESTANDBY
80794000000,1.000000000000000,1.000000000000000,0.000000000000000,1,0,0,784,80694000000,6,UPDATESTANDBY
80893000000,1.000000000000000,1.000000000000000,0.000000000000000,1,0,0,785,80794000000,6,UPDATESTANDBY
80993000000,1.000000000000000,1.000000000000000,0.000000000000000,1,0,0,786,80894000000,6,UPDATESTANDBY
81093000000,1.000000000000000,1.000000000000000,0.000000000000000,1,0,0,787,80994000000,6,UPDATESTANDBY
81193000000,1.000000000000000,1.000000000000000,0.000000000000000,1,0,0,788,81094000000,6,UPDATESTANDBY
81293000000,1.000000000000000,1.000000000000000,0.000000000000000,1,0,0,789,81193000000,6,UPDATESTANDBY
81393000000,1.000000000000000,1.000000000000000,0.000000000000000,1,0,0,790,81294000000,7,UPDATESTANDBY
81493000000,1.000000000000000,1.000000000000000,0.000000000000000,1,0,0,791,81394000000,6,UPDATESTANDBY
81593000000,1.000000000000000,1.000000000000000,0.000000000000000,1,0,0,792,81493000000,6,UPDATESTANDBY
81693000000,1.000000000000000,1.000000000000000,0.000000000000000,1,0,0,793,81594000000,6,UPDATESTANDBY
81793000000,1.000000000000000,1.000000000000000,0.000000000000000,1,0,0,794,81693000000,6,UPDATESTANDBY
81893000000,1.000000000000000,1.000000000000000,0.000000000000000,1,0,0,795,81793000000,6,UPDATESTANDBY
81994000000,1.000000000000000,1.000000000000000,0.000000000000000,1,0,0,796,81893000000,6,UPDATESTANDBY
82094000000,1.000000000000000,1.000000000000000,0.000000000000000,1,0,0,797,81994000000,6,UPDATESTANDBY
82193000000,1.000000000000000,1.000000000000000,0.000000000000000,1,0,0,798,82094000000,6,UPDATESTANDBY
82293000000,1.000000000000000,1.000000000000000,0.000000000000000,1,0,0,799,82193000000,6,UPDATESTANDBY
82393000000,1.000000000000000,1.000000000000000,0.000000000000000,1,0,0,800,82293000000,7,UPDATESTANDBY
82494000000,1.000000000000000,1.000000000000000,0.000000000000000,1,0,0,801,82393000000,6,UPDATESTANDBY
82593000000,1.000000000000000,1.000000000000000,0.000000000000000,1,0,0,802,82494000000,6,UPDATESTANDBY
82693000000,1.000000000000000,1.000000000000000,0.000000000000000,1,0,0,803,82593000000,6,UPDATESTANDBY
82793000000,1.000000000000000,1.000000000000000,0.000000000000000,1,0,0,804,82693000000,6,UPDATESTANDBY
82893000000,1.000000000000000,1.000000000000000,0.000000000000000,1,0,0,805,82793000000,6,UPDATESTANDBY
82993000000,1.000000000000000,1.000000000000000,0.000000000000000,1,0,0,806,82893000000,6,UPDATESTANDBY
83093000000,1.000000000000000,1.000000000000000,0.000000000000000,1,0,0,807,82993000000,6,UPDATESTANDBY
83193000000,1.000000000000000,1.000000000000000,0.000000000000000,1,0,0,808,83093000000,6,UPDATESTANDBY
83293000000,1.000000000000000,1.000000000000000,0.000000000000000,1,0,0,809,83193000000,6,UPDATESTANDBY
83393000000,1.000000000000000,1.000000000000000,0.000000000000000,1,0,0,810,83294000000,7,UPDATESTANDBY
83493000000,1.000000000000000,1.000000000000000,0.000000000000000,1,0,0,811,83393000000,6,UPDATESTANDBY
83593000000,1.000000000000000,1.000000000000000,0.000000000000000,1,0,0,812,83494000000,6,UPDATESTANDBY
83694000000,1.000000000000000,1.000000000000000,0.000000000000000,1,0,0,813,83593000000,6,UPDATESTANDBY
83793000000,1.000000000000000,1.000000000000000,0.000000000000000,1,0,0,814,83694000000,6,UPDATESTANDBY
83893000000,1.000000000000000,1.000000000000000,0.000000000000000,1,0,0,815,83794000000,6,UPDATESTANDBY
83994000000,1.000000000000000,1.000000000000000,0.000000000000000,1,0,0,816,83894000000,6,UPDATESTANDBY
84093000000,1.000000000000000,1.000000000000000,0.000000000000000,1,0,0,817,83995000000,6,UPDATESTANDBY
84193000000,1.000000000000000,1.000000000000000,0.000000000000000,1,0,0,818,84094000000,6,UPDATESTANDBY
84293000000,1.000000000000000,1.000000000000000,0.000000000000000,1,0,0,819,84193000000,6,UPDATESTANDBY
84393000000,1.000000000000000,1.000000000000000,0.000000000000000,1,0,0,820,84293000000,7,UPDATESTANDBY
84493000000,1.000000000000000,1.000000000000000,0.000000000000000,1,0,0,821,84394000000,6,UPDATESTANDBY
84594000000,1.000000000000000,1.000000000000000,0.000000000000000,1,0,0,822,84494000000,6,UPDATESTANDBY
84693000000,1.000000000000000,1.000000000000000,0.000000000000000,1,0,0,823,84594000000,6,UPDATESTANDBY
84793000000,1.000000000000000,1.000000000000000,0.000000000000000,1,0,0,824,84694000000,6,UPDATESTANDBY
84893000000,1.000000000000000,1.000000000000000,0.000000000000000,1,0,0,825,84794000000,6,UPDATESTANDBY
84993000000,1.000000000000000,1.000000000000000,0.000000000000000,1,0,0,826,84894000000,6,UPDATESTANDBY
85094000000,1.000000000000000,1.000000000000000,0.000000000000000,1,0,0,827,84994000000,6,UPDATESTANDBY
85193000000,1.000000000000000,1.000000000000000,0.000000000000000,1,0,0,828,85095000000,6,UPDATESTANDBY
85293000000,1.000000000000000,1.000000000000000,0.000000000000000,1,0,0,829,85194000000,6,UPDATESTANDBY
85394000000,1.000000000000000,1.000000000000000,0.000000000000000,1,0,0,830,85294000000,7,UPDATESTANDBY
85494000000,1.000000000000000,1.000000000000000,0.000000000000000,1,0,0,831,85394000000,6,UPDATESTANDBY
85593000000,1.000000000000000,1.000000000000000,0.000000000000000,1,0,0,832,85495000000,6,UPDATESTANDBY
85693000000,1.000000000000000,1.000000000000000,0.000000000000000,1,0,0,833,85595000000,6,UPDATESTANDBY
85794000000,1.000000000000000,1.000000000000000,0.000000000000000,1,0,0,834,85693000000,6,UPDATESTANDBY
85893000000,1.000000000000000,1.000000000000000,0.000000000000000,1,0,0,835,85794000000,6,UPDATESTANDBY
85993000000,1.000000000000000,1.000000000000000,0.000000000000000,1,0,0,836,85893000000,6,UPDATESTANDBY
86093000000,1.000000000000000,1.000000000000000,0.000000000000000,1,0,0,837,85993000000,6,UPDATESTANDBY
86193000000,1.000000000000000,1.000000000000000,0.000000000000000,1,0,0,838,86093000000,6,UPDATESTANDBY
86294000000,1.000000000000000,1.000000000000000,0.000000000000000,1,0,0,839,86193000000,6,UPDATESTANDBY
