2316000000,1.000000000000000,1.000000000000000,0.000000000000000,0,0,0,0,0,34,UPDATESTANDBY
2414000000,1.000000000000000,1.000000000000000,0.000000000000000,1,0,0,1,2317000000,7,UPDATESTANDBY
2514000000,1.000000000000000,1.000000000000000,0.000000000000000,1,0,0,2,2414000000,6,UPDATESTANDBY
2614000000,1.000000000000000,1.000000000000000,0.000000000000000,1,0,0,3,2515000000,6,UPDATESTANDBY
2714000000,1.000000000000000,1.000000000000000,0.000000000000000,1,0,0,4,2614000000,6,UPDATESTANDBY
2814000000,1.000000000000000,1.000000000000000,0.000000000000000,1,0,0,5,2714000000,6,UPDATESTANDBY
2915000000,1.000000000000000,1.000000000000000,0.000000000000000,1,0,0,6,2815000000,6,UPDATESTANDBY
3014000000,1.000000000000000,1.000000000000000,0.000000000000000,1,0,0,7,2915000000,6,UPDATESTANDBY
3114000000,1.000000000000000,1.000000000000000,0.000000000000000,1,0,0,8,3015000000,6,UPDATESTANDBY
3215000000,1.000000000000000,1.000000000000000,0.000000000000000,1,0,0,9,3114000000,6,UPDATESTANDBY
3314000000,1.000000000000000,1.000000000000000,0.000000000000000,1,0,0,10,3215000000,7,UPDATESTANDBY
3414000000,1.000000000000000,1.000000000000000,0.000000000000000,1,0,0,11,3314000000,6,UPDATESTANDBY
3514000000,1.000000000000000,1.000000000000000,0.000000000000000,1,0,0,12,3415000000,6,UPDATESTANDBY
3614000000,1.000000000000000,1.000000000000000,0.000000000000000,1,0,0,13,3514000000,6,UPDATESTANDBY
3714000000,1.000000000000000,1.000000000000000,0.000000000000000,1,0,0,14,3614000000,6,UPDATESTANDBY
3814000000,1.000000000000000,1.000000000000000,0.000000000000000,1,0,0,15,3714000000,6,UPDATESTANDBY
3915000000,1.000000000000000,1.000000000000000,0.000000000000000,1,0,0,16,3815000000,6,UPDATESTANDBY
4014000000,1.000000000000000,1.000000000000000,0.000000000000000,1,0,0,17,3915000000,6,UPDATESTANDBY
4114000000,1.000000000000000,1.000000000000000,0.000000000000000,1,0,0,18,4015000000,6,UPDATESTANDBY
4214000000,1.000000000000000,1.000000000000000,0.000000000000000,1,0,0,19,4115000000,6,UPDATESTANDBY
4314000000,1.000000000000000,1.000000000000000,0.000000000000000,1,0,0,20,4214000000,7,UPDATESTANDBY
4414000000,1.000000000000000,1.000000000000000,0.000000000000000,1,0,0,21,4315000000,6,UPDATESTANDBY
4514000000,1.000000000000000,1.000000000000000,0.000000000000000,1,0,0,22,4414000000,6,UPDATESTANDBY
4614000000,1.000000000000000,1.000000000000000,0.000000000000000,1,0,0,23,4514000000,6,UPDATESTANDBY
4714000000,1.000000000000000,1.000000000000000,0.000000000000000,1,0,0,24,4614000000,6,UPDATESTANDBY
4814000000,1.000000000000000,1.000000000000000,0.000000000000000,1,0,0,25,4714000000,6,UPDATESTANDBY
4914000000,1.000000000000000,1.000000000000000,0.000000000000000,1,0,0,26,4814000000,6,UPDATESTANDBY
5014000000,1.000000000000000,1.000000000000000,0.000000000000000,1,0,0,27,4914000000,6,UPDATESTANDBY
5114000000,1.000000000000000,1.000000000000000,0.000000000000000,1,0,0,28,5014000000,6,UPDATESTANDBY
5214000000,1.000000000000000,1.000000000000000,0.000000000000000,1,0,0,29,5114000000,6,UPDATESTANDBY
5314000000,1.000000000000000,1.000000000000000,0.000000000000000,1,0,0,30,5214000000,7,UPDATESTANDBY
5414000000,1.000000000000000,1.000000000000000,0.000000000000000,1,0,0,31,5314000000,6,UPDATESTANDBY
5514000000,1.000000000000000,1.000000000000000,0.000000000000000,1,0,0,32,5414000000,6,UPDATESTANDBY
5614000000,1.000000000000000,1.000000000000000,0.000000000000000,1,0,0,33,5515000000,6,UPDATESTANDBY
5714000000,1.000000000000000,1.000000000000000,0.000000000000000,1,0,0,34,5614000000,6,UPDATESTANDBY
5816000000,1.000000000000000,1.000000000000000,0.000000000000000,1,0,0,35,5715000000,6,UPDATESTANDBY
5914000000,1.000000000000000,1.000000000000000,0.000000000000000,1,0,0,36,5817000000,6,UPDATESTANDBY
6015000000,1.000000000000000,1.000000000000000,0.000000000000000,1,0,0,37,5915000000,6,UPDATESTANDBY
6114000000,1.000000000000000,1.000000000000000,0.000000000000000,1,0,0,38,6015000000,6,UPDATESTANDBY
6214000000,1.000000000000000,1.000000000000000,0.000000000000000,1,0,0,39,6114000000,6,UPDATESTANDBY
6314000000,1.000000000000000,1.000000000000000,0.000000000000000,1,0,0,40,6214000000,7,UPDATESTANDBY
6414000000,1.000000000000000,1.000000000000000,0.000000000000000,1,0,0,41,6314000000,6,UPDATESTANDBY
6515000000,1.000000000000000,1.000000000000000,0.000000000000000,1,0,0,42,6414000000,6,UPDATESTANDBY
6614000000,1.000000000000000,1.000000000000000,0.000000000000000,1,0,0,43,6515000000,6,UPDATESTANDBY
6714000000,1.000000000000000,1.000000000000000,0.000000000000000,1,0,0,44,6614000000,6,UPDATESTANDBY
6814000000,1.000000000000000,1.000000000000000,0.000000000000000,1,0,0,45,6714000000,6,UPDATESTANDBY
6914000000,1.000000000000000,1.000000000000000,0.000000000000000,1,0,0,46,6814000000,6,UPDATESTANDBY
7014000000,1.000000000000000,1.000000000000000,0.000000000000000,1,0,0,47,6914000000,6,UPDATESTANDBY
7114000000,1.000000000000000,1.000000000000000,0.000000000000000,1,0,0,48,7014000000,6,UPDATESTANDBY
7214000000,1.000000000000000,1.000000000000000,0.000000000000000,1,0,0,49,7114000000,6,UPDATESTANDBY
7314000000,1.000000000000000,1.000000000000000,0.000000000000000,1,0,0,50,7214000000,7,UPDATESTANDBY
7414000000,1.000000000000000,1.000000000000000,0.000000000000000,1,0,0,51,7314000000,6,UPDATESTANDBY
7514000000,1.000000000000000,1.000000000000000,0.000000000000000,1,0,0,52,7414000000,6,UPDATESTANDBY
7614000000,1.000000000000000,1.000000000000000,0.000000000000000,1,0,0,53,7515000000,6,UPDATESTANDBY
7714000000,1.000000000000000,1.000000000000000,0.000000000000000,1,0,0,54,7614000000,6,UPDATESTANDBY
7814000000,1.000000000000000,1.000000000000000,0.000000000000000,1,0,0,55,7715000000,6,UPDATESTANDBY
7914000000,1.000000000000000,1.000000000000000,0.000000000000000,1,0,0,56,7814000000,6,UPDATESTANDBY
8014000000,1.000000000000000,1.000000000000000,0.000000000000000,1,0,0,57,7914000000,6,UPDATESTANDBY
8114000000,1.000000000000000,1.000000000000000,0.000000000000000,1,0,0,58,8014000000,6,UPDATESTANDBY
8214000000,1.000000000000000,1.000000000000000,0.000000000000000,1,0,0,59,8114000000,6,UPDATESTANDBY
8314000000,1.000000000000000,1.000000000000000,0.000000000000000,1,0,0,60,8215000000,7,UPDATESTANDBY
8414000000,1.000000000000000,1.000000000000000,0.000000000000000,1,0,0,61,8314000000,6,UPDATESTANDBY
8514000000,1.000000000000000,1.000000000000000,0.000000000000000,1,0,0,62,8414000000,6,UPDATESTANDBY
8615000000,1.000000000000000,1.000000000000000,0.000000000000000,1,0,0,63,8514000000,6,UPDATESTANDBY
8715000000,1.000000000000000,1.000000000000000,0.000000000000000,1,0,0,64,8615000000,6,UPDATESTANDBY
8814000000,1.000000000000000,1.000000000000000,0.000000000000000,1,0,0,65,8715000000,6,UPDATESTANDBY
8914000000,1.000000000000000,1.000000000000000,0.000000000000000,1,0,0,66,8814000000,6,UPDATESTANDBY
9014000000,1.000000000000000,1.000000000000000,0.000000000000000,1,0,0,67,8914000000,6,UPDATESTANDBY
9114000000,1.000000000000000,1.000000000000000,0.000000000000000,1,0,0,68,9015000000,6,UPDATESTANDBY
9214000000,1.000000000000000,1.000000000000000,0.000000000000000,1,0,0,69,9114000000,6,UPDATESTANDBY
9314000000,1.000000000000000,1.000000000000000,0.000000000000000,1,0,0,70,9214000000,7,UPDATESTANDBY
9414000000,1.000000000000000,1.000000000000000,0.000000000000000,1,0,0,71,9314000000,6,UPDATESTANDBY
9514000000,1.000000000000000,1.000000000000000,0.000000000000000,1,0,0,72,9414000000,6,UPDATESTANDBY
9614000000,1.000000000000000,1.000000000000000,0.000000000000000,1,0,0,73,9514000000,6,UPDATESTANDBY
9714000000,1.000000000000000,1.000000000000000,0.000000000000000,1,0,0,74,9614000000,6,UPDATESTANDBY
9814000000,1.000000000000000,1.000000000000000,0.000000000000000,1,0,0,75,9714000000,6,UPDATESTANDBY
9915000000,1.000000000000000,1.000000000000000,0.000000000000000,1,0,0,76,9814000000,6,UPDATESTANDBY
10014000000,1.000000000000000,1.000000000000000,0.000000000000000,1,0,0,77,9915000000,6,UPDATESTANDBY
10114000000,1.000000000000000,1.000000000000000,0.000000000000000,1,0,0,78,10015000000,6,UPDATESTANDBY
10214000000,1.000000000000000,1.000000000000000,0.000000000000000,1,0,0,79,10114000000,6,UPDATESTANDBY
10314000000,1.000000000000000,1.000000000000000,0.000000000000000,1,0,0,80,10214000000,7,UPDATESTANDBY
10414000000,1.000000000000000,1.000000000000000,0.000000000000000,1,0,0,81,10314000000,6,UPDATESTANDBY
10514000000,1.000000000000000,1.000000000000000,0.000000000000000,1,0,0,82,10414000000,6,UPDATESTANDBY
10614000000,1.000000000000000,1.000000000000000,0.000000000000000,1,0,0,83,10514000000,6,UPDATESTANDBY
10715000000,1.000000000000000,1.000000000000000,0.000000000000000,1,0,0,84,10615000000,6,UPDATESTANDBY
10814000000,1.000000000000000,1.000000000000000,0.000000000000000,1,0,0,85,10715000000,6,UPDATESTANDBY
10914000000,1.000000000000000,1.000000000000000,0.000000000000000,1,0,0,86,10814000000,6,UPDATESTANDBY
11014000000,1.000000000000000,1.000000000000000,0.000000000000000,1,0,0,87,10915000000,6,UPDATESTANDBY
11114000000,1.000000000000000,1.000000000000000,0.000000000000000,1,0,0,88,11015000000,6,UPDATESTANDBY
11214000000,1.000000000000000,1.000000000000000,0.000000000000000,1,0,0,89,11115000000,6,UPDATESTANDBY
11315000000,1.000000000000000,1.000000000000000,0.000000000000000,1,0,0,90,11215000000,7,UPDATESTANDBY
11415000000,1.000000000000000,1.000000000000000,0.000000000000000,1,0,0,91,11315000000,6,UPDATESTANDBY
11515000000,1.000000000000000,1.000000000000000,0.000000000000000,1,0,0,92,11415000000,6,UPDATESTANDBY
11614000000,1.000000000000000,1.000000000000000,0.000000000000000,1,0,0,93,11515000000,6,UPDATESTANDBY
11714000000,1.000000000000000,1.000000000000000,0.000000000000000,1,0,0,94,11616000000,6,UPDATESTANDBY
11814000000,1.000000000000000,1.000000000000000,0.000000000000000,1,0,0,95,11715000000,6,UPDATESTANDBY
11915000000,1.000000000000000,1.000000000000000,0.000000000000000,1,0,0,96,11816000000,6,UPDATESTANDBY
12015000000,1.000000000000000,1.000000000000000,0.000000000000000,1,0,0,97,11915000000,6,UPDATESTANDBY
12115000000,1.000000000000000,1.000000000000000,0.000000000000000,1,0,0,98,12015000000,6,UPDATESTANDBY
12214000000,1.000000000000000,1.000000000000000,0.000000000000000,1,0,0,99,12116000000,6,UPDATESTANDBY
12314000000,1.000000000000000,1.000000000000000,0.000000000000000,1,0,0,100,12214000000,7,UPDATESTANDBY
12414000000,1.000000000000000,1.000000000000000,0.000000000000000,1,0,0,101,12315000000,6,UPDATESTANDBY
12515000000,1.000000000000000,1.000000000000000,0.000000000000000,1,0,0,102,12414000000,6,UPDATESTANDBY
12614000000,1.000000000000000,1.000000000000000,0.000000000000000,1,0,0,103,12516000000,6,UPDATESTANDBY
12714000000,1.000000000000000,1.000000000000000,0.000000000000000,1,0,0,104,12615000000,6,UPDATESTANDBY
12814000000,1.000000000000000,1.000000000000000,0.000000000000000,1,0,0,105,12714000000,6,UPDATESTANDBY
12915000000,1.000000000000000,1.000000000000000,0.000000000000000,1,0,0,106,12814000000,6,UPDATESTANDBY
13014000000,1.000000000000000,1.000000000000000,0.000000000000000,1,0,0,107,12916000000,6,UPDATESTANDBY
13115000000,1.000000000000000,1.000000000000000,0.000000000000000,1,0,0,108,13015000000,6,UPDATESTANDBY
13215000000,1.000000000000000,1.000000000000000,0.000000000000000,1,0,0,109,13116000000,6,UPDATESTANDBY
13314000000,1.000000000000000,1.000000000000000,0.000000000000000,1,0,0,110,13215000000,7,UPDATESTANDBY
13414000000,1.000000000000000,1.000000000000000,0.000000000000000,1,0,0,111,13315000000,6,UPDATESTANDBY
13514000000,1.000000000000000,1.000000000000000,0.000000000000000,1,0,0,112,13414000000,6,UPDATESTANDBY
13614000000,1.000000000000000,1.000000000000000,0.000000000000000,1,0,0,113,13518000000,6,UPDATESTANDBY
13714000000,1.000000000000000,1.000000000000000,0.000000000000000,1,0,0,114,13615000000,6,UPDATESTANDBY
13814000000,1.000000000000000,1.000000000000000,0.000000000000000,1,0,0,115,13715000000,6,UPDATESTANDBY
13915000000,1.000000000000000,1.000000000000000,0.000000000000000,1,0,0,116,13815000000,6,UPDATESTANDBY
14015000000,1.000000000000000,1.000000000000000,0.000000000000000,1,0,0,117,13915000000,6,UPDATESTANDBY
14114000000,1.000000000000000,1.000000000000000,0.000000000000000,1,0,0,118,14015000000,6,UPDATESTANDBY
14214000000,1.000000000000000,1.000000000000000,0.000000000000000,1,0,0,119,14115000000,6,UPDATESTANDBY
14315000000,1.000000000000000,1.000000000000000,0.000000000000000,1,0,0,120,14214000000,7,UPDATESTANDBY
14414000000,1.000000000000000,1.000000000000000,0.000000000000000,1,0,0,121,14315000000,6,UPDATESTANDBY
14514000000,1.000000000000000,1.000000000000000,0.000000000000000,1,0,0,122,14414000000,6,UPDATESTANDBY
14614000000,1.000000000000000,1.000000000000000,0.000000000000000,1,0,0,123,14514000000,6,UPDATESTANDBY
14714000000,1.000000000000000,1.000000000000000,0.000000000000000,1,0,0,124,14614000000,6,UPDATESTANDBY
14815000000,1.000000000000000,1.000000000000000,0.000000000000000,1,0,0,125,14715000000,6,UPDATESTANDBY
14914000000,1.000000000000000,1.000000000000000,0.000000000000000,1,0,0,126,14815000000,6,UPDATESTANDBY
15014000000,1.000000000000000,1.000000000000000,0.000000000000000,1,0,0,127,14914000000,6,UPDATESTANDBY
15114000000,1.000000000000000,1.000000000000000,0.000000000000000,1,0,0,128,15014000000,6,UPDATESTANDBY
15214000000,1.000000000000000,1.000000000000000,0.000000000000000,1,0,0,129,15114000000,6,UPDATESTANDBY
15315000000,1.000000000000000,1.000000000000000,0.000000000000000,1,0,0,130,15215000000,7,UPDATESTANDBY
15415000000,1.000000000000000,1.000000000000000,0.000000000000000,1,0,0,131,15315000000,6,UPDATESTANDBY
15515000000,1.000000000000000,1.000000000000000,0.000000000000000,1,0,0,132,15415000000,6,UPDATESTANDBY
15615000000,1.000000000000000,1.000000000000000,0.000000000000000,1,0,0,133,15515000000,6,UPDATESTANDBY
15715000000,1.000000000000000,1.000000000000000,0.000000000000000,1,0,0,134,15615000000,6,UPDATESTANDBY
15815000000,1.000000000000000,1.000000000000000,0.000000000000000,1,0,0,135,15715000000,6,UPDATESTANDBY
15914000000,1.000000000000000,1.000000000000000,0.000000000000000,1,0,0,136,15815000000,6,UPDATESTANDBY
16014000000,1.000000000000000,1.000000000000000,0.000000000000000,1,0,0,137,15914000000,6,UPDATESTANDBY
16114000000,1.000000000000000,1.000000000000000,0.000000000000000,1,0,0,138,16014000000,6,UPDATESTANDBY
16214000000,1.000000000000000,1.000000000000000,0.000000000000000,1,0,0,139,16115000000,6,UPDATESTANDBY
16315000000,1.000000000000000,1.000000000000000,0.000000000000000,1,0,0,140,16215000000,7,UPDATESTANDBY
16415000000,1.000000000000000,1.000000000000000,0.000000000000000,1,0,0,141,16315000000,6,UPDATESTANDBY
16514000000,1.000000000000000,1.000000000000000,0.000000000000000,1,0,0,142,16415000000,6,UPDATESTANDBY
16614000000,1.000000000000000,1.000000000000000,0.000000000000000,1,0,0,143,16514000000,6,UPDATESTANDBY
16714000000,1.000000000000000,1.000000000000000,0.000000000000000,1,0,0,144,16614000000,6,UPDATESTANDBY
16814000000,1.000000000000000,1.000000000000000,0.000000000000000,1,0,0,145,16715000000,6,UPDATESTANDBY
16914000000,1.000000000000000,1.000000000000000,0.000000000000000,1,0,0,146,16814000000,6,UPDATESTANDBY
17015000000,1.000000000000000,1.000000000000000,0.000000000000000,1,0,0,147,16914000000,6,UPDATESTANDBY
17114000000,1.000000000000000,1.000000000000000,0.000000000000000,1,0,0,148,17015000000,6,UPDATESTANDBY
17215000000,1.000000000000000,1.000000000000000,0.000000000000000,1,0,0,149,17114000000,6,UPDATESTANDBY
17315000000,1.000000000000000,1.000000000000000,0.000000000000000,1,0,0,150,17215000000,7,UPDATESTANDBY
17414000000,1.000000000000000,1.000000000000000,0.000000000000000,1,0,0,151,17315000000,6,UPDATESTANDBY
17515000000,1.000000000000000,1.000000000000000,0.000000000000000,1,0,0,152,17414000000,6,UPDATESTANDBY
17614000000,1.000000000000000,1.000000000000000,0.000000000000000,1,0,0,153,17515000000,6,UPDATESTANDBY
17715000000,1.000000000000000,1.000000000000000,0.000000000000000,1,0,0,154,17614000000,6,UPDATESTANDBY
17814000000,1.000000000000000,1.000000000000000,0.000000000000000,1,0,0,155,17715000000,6,UPDATESTANDBY
17915000000,1.000000000000000,1.000000000000000,0.000000000000000,1,0,0,156,17814000000,6,UPDATESTANDBY
18015000000,1.000000000000000,1.000000000000000,0.000000000000000,1,0,0,157,17915000000,6,UPDATESTANDBY
18114000000,1.000000000000000,1.000000000000000,0.000000000000000,1,0,0,158,18015000000,6,UPDATESTANDBY
18215000000,1.000000000000000,1.000000000000000,0.000000000000000,1,0,0,159,18114000000,6,UPDATESTANDBY
18314000000,1.000000000000000,1.000000000000000,0.000000000000000,1,0,0,160,18215000000,7,UPDATESTANDBY
18414000000,1.000000000000000,1.000000000000000,0.000000000000000,1,0,0,161,18314000000,6,UPDATESTANDBY
18515000000,1.000000000000000,1.000000000000000,0.000000000000000,1,0,0,162,18414000000,6,UPDATESTANDBY
18615000000,1.000000000000000,1.000000000000000,0.000000000000000,1,0,0,163,18515000000,6,UPDATESTANDBY
18714000000,1.000000000000000,1.000000000000000,0.000000000000000,1,0,0,164,18615000000,6,UPDATESTANDBY
18814000000,1.000000000000000,1.000000000000000,0.000000000000000,1,0,0,165,18714000000,6,UPDATESTANDBY
18914000000,1.000000000000000,1.000000000000000,0.000000000000000,1,0,0,166,18814000000,6,UPDATESTANDBY
19014000000,1.000000000000000,1.000000000000000,0.000000000000000,1,0,0,167,18914000000,6,UPDATESTANDBY
19114000000,1.000000000000000,1.000000000000000,0.000000000000000,1,0,0,168,19015000000,6,UPDATESTANDBY
19215000000,1.000000000000000,1.000000000000000,0.000000000000000,1,0,0,169,19114000000,6,UPDATESTANDBY
19315000000,1.000000000000000,1.000000000000000,0.000000000000000,1,0,0,170,19215000000,7,UPDATESTANDBY
19414000000,1.000000000000000,1.000000000000000,0.000000000000000,1,0,0,171,19315000000,6,UPDATESTANDBY
19515000000,1.000000000000000,1.000000000000000,0.000000000000000,1,0,0,172,19414000000,6,UPDATESTANDBY
19614000000,1.000000000000000,1.000000000000000,0.000000000000000,1,0,0,173,19515000000,6,UPDATESTANDBY
19715000000,1.000000000000000,1.000000000000000,0.000000000000000,1,0,0,174,19614000000,6,UPDATESTANDBY
19814000000,1.000000000000000,1.000000000000000,0.000000000000000,1,0,0,175,19715000000,6,UPDATESTANDBY
19914000000,1.000000000000000,1.000000000000000,0.000000000000000,1,0,0,176,19814000000,6,UPDATESTANDBY
20014000000,1.000000000000000,1.000000000000000,0.000000000000000,1,0,0,177,19914000000,6,UPDATESTANDBY
20115000000,1.000000000000000,1.000000000000000,0.000000000000000,1,0,0,178,20014000000,6,UPDATESTANDBY
20214000000,1.000000000000000,1.000000000000000,0.000000000000000,1,0,0,179,20115000000,6,UPDATESTANDBY
20314000000,1.000000000000000,1.000000000000000,0.000000000000000,1,0,0,180,20214000000,7,UPDATESTANDBY
20414000000,1.000000000000000,1.000000000000000,0.000000000000000,1,0,0,181,20314000000,6,UPDATESTANDBY
20514000000,1.000000000000000,1.000000000000000,0.000000000000000,1,0,0,182,20414000000,6,UPDATESTANDBY
20614000000,1.000000000000000,1.000000000000000,0.000000000000000,1,0,0,183,20514000000,6,UPDATESTANDBY
20715000000,1.000000000000000,1.000000000000000,0.000000000000000,1,0,0,184,20614000000,6,UPDATESTANDBY
20814000000,1.000000000000000,1.000000000000000,0.000000000000000,1,0,0,185,20715000000,6,UPDATESTANDBY
20914000000,1.000000000000000,1.000000000000000,0.000000000000000,1,0,0,186,20814000000,6,UPDATESTANDBY
21014000000,1.000000000000000,1.000000000000000,0.000000000000000,1,0,0,187,20914000000,6,UPDATESTANDBY
21114000000,1.000000000000000,1.000000000000000,0.000000000000000,1,0,0,188,21014000000,6,UPDATESTANDBY
21215000000,1.000000000000000,1.000000000000000,0.000000000000000,1,0,0,189,21115000000,6,UPDATESTANDBY
21315000000,1.000000000000000,1.000000000000000,0.000000000000000,1,0,0,190,21215000000,7,UPDATESTANDBY
21414000000,1.000000000000000,1.000000000000000,0.000000000000000,1,0,0,191,21315000000,6,UPDATESTANDBY
21515000000,1.000000000000000,1.000000000000000,0.000000000000000,1,0,0,192,21414000000,6,UPDATESTANDBY
21615000000,1.000000000000000,1.000000000000000,0.000000000000000,1,0,0,193,21515000000,6,UPDATESTANDBY
21715000000,1.000000000000000,1.000000000000000,0.000000000000000,1,0,0,194,21615000000,6,UPDATESTANDBY
21815000000,1.000000000000000,1.000000000000000,0.000000000000000,1,0,0,195,21715000000,6,UPDATESTANDBY
21914000000,1.000000000000000,1.000000000000000,0.000000000000000,1,0,0,196,21815000000,6,UPDATESTANDBY
22014000000,1.000000000000000,1.000000000000000,0.000000000000000,1,0,0,197,21914000000,6,UPDATESTANDBY
22114000000,1.000000000000000,1.000000000000000,0.000000000000000,1,0,0,198,22014000000,6,UPDATESTANDBY
22214000000,1.000000000000000,1.000000000000000,0.000000000000000,1,0,0,199,22114000000,6,UPDATESTANDBY
22314000000,1.000000000000000,1.000000000000000,0.000000000000000,1,0,0,200,22214000000,7,UPDATESTANDBY
22415000000,1.000000000000000,1.000000000000000,0.000000000000000,1,0,0,201,22314000000,6,UPDATESTANDBY
22514000000,1.000000000000000,1.000000000000000,0.000000000000000,1,0,0,202,22415000000,6,UPDATESTANDBY
22614000000,1.000000000000000,1.000000000000000,0.000000000000000,1,0,0,203,22514000000,6,UPDATESTANDBY
22715000000,1.000000000000000,1.000000000000000,0.000000000000000,1,0,0,204,22614000000,6,UPDATESTANDBY
22814000000,1.000000000000000,1.000000000000000,0.000000000000000,1,0,0,205,22715000000,6,UPDATESTANDBY
22915000000,1.000000000000000,1.000000000000000,0.000000000000000,1,0,0,206,22814000000,6,UPDATESTANDBY
23015000000,1.000000000000000,1.000000000000000,0.000000000000000,1,0,0,207,22915000000,6,UPDATESTANDBY
23114000000,1.000000000000000,1.000000000000000,0.000000000000000,1,0,0,208,23015000000,6,UPDATESTANDBY
23215000000,1.000000000000000,1.000000000000000,0.000000000000000,1,0,0,209,23115000000,6,UPDATESTANDBY
23314000000,1.000000000000000,1.000000000000000,0.000000000000000,1,0,0,210,23215000000,7,UPDATESTANDBY
23414000000,1.000000000000000,1.000000000000000,0.000000000000000,1,0,0,211,23315000000,6,UPDATESTANDBY
23515000000,1.000000000000000,1.000000000000000,0.000000000000000,1,0,0,212,23415000000,6,UPDATESTANDBY
23614000000,1.000000000000000,1.000000000000000,0.000000000000000,1,0,0,213,23515000000,6,UPDATESTANDBY
23714000000,1.000000000000000,1.000000000000000,0.000000000000000,1,0,0,214,23614000000,6,UPDATESTANDBY
23814000000,1.000000000000000,1.000000000000000,0.000000000000000,1,0,0,215,23714000000,6,UPDATESTANDBY
23915000000,1.000000000000000,1.000000000000000,0.000000000000000,1,0,0,216,23814000000,6,UPDATESTANDBY
24014000000,1.000000000000000,1.000000000000000,0.000000000000000,1,0,0,217,23915000000,6,UPDATESTANDBY
24114000000,1.000000000000000,1.000000000000000,0.000000000000000,1,0,0,218,24014000000,6,UPDATESTANDBY
24214000000,1.000000000000000,1.000000000000000,0.000000000000000,1,0,0,219,24115000000,6,UPDATESTANDBY
24314000000,1.000000000000000,1.000000000000000,0.000000000000000,1,0,0,220,24214000000,7,UPDATESTANDBY
24414000000,1.000000000000000,1.000000000000000,0.000000000000000,1,0,0,221,24315000000,6,UPDATESTANDBY
24514000000,1.000000000000000,1.000000000000000,0.000000000000000,1,0,0,222,24415000000,6,UPDATESTANDBY
24614000000,1.000000000000000,1.000000000000000,0.000000000000000,1,0,0,223,24514000000,6,UPDATESTANDBY
24715000000,1.000000000000000,1.000000000000000,0.000000000000000,1,0,0,224,24614000000,6,UPDATESTANDBY
24814000000,1.000000000000000,1.000000000000000,0.000000000000000,1,0,0,225,24715000000,6,UPDATESTANDBY
24915000000,1.000000000000000,1.000000000000000,0.000000000000000,1,0,0,226,24814000000,6,UPDATESTANDBY
25014000000,1.000000000000000,1.000000000000000,0.000000000000000,1,0,0,227,24916000000,6,UPDATESTANDBY
25114000000,1.000000000000000,1.000000000000000,0.000000000000000,1,0,0,228,25015000000,6,UPDATESTANDBY
25214000000,1.000000000000000,1.000000000000000,0.000000000000000,1,0,0,229,25114000000,6,UPDATESTANDBY
25314000000,1.000000000000000,1.000000000000000,0.000000000000000,1,0,0,230,25214000000,7,UPDATESTANDBY
25415000000,1.000000000000000,1.000000000000000,0.000000000000000,1,0,0,231,25314000000,6,UPDATESTANDBY
25515000000,1.000000000000000,1.000000000000000,0.000000000000000,1,0,0,232,25415000000,6,UPDATESTANDBY
25615000000,1.000000000000000,1.000000000000000,0.000000000000000,1,0,0,233,25516000000,6,UPDATESTANDBY
25714000000,1.000000000000000,1.000000000000000,0.000000000000000,1,0,0,234,25615000000,6,UPDATESTANDBY
25815000000,1.000000000000000,1.000000000000000,0.000000000000000,1,0,0,235,25714000000,6,UPDATESTANDBY
25915000000,1.000000000000000,1.000000000000000,0.000000000000000,1,0,0,236,25815000000,6,UPDATESTANDBY
26014000000,1.000000000000000,1.000000000000000,0.000000000000000,1,0,0,237,25915000000,6,UPDATESTANDBY
26114000000,1.000000000000000,1.000000000000000,0.000000000000000,1,0,0,238,26014000000,6,UPDATESTANDBY
26214000000,1.000000000000000,1.000000000000000,0.000000000000000,1,0,0,239,26115000000,6,UPDATESTANDBY
26315000000,1.000000000000000,1.000000000000000,0.000000000000000,1,0,0,240,26214000000,7,UPDATESTANDBY
26414000000,1.000000000000000,1.000000000000000,0.000000000000000,1,0,0,241,26315000000,6,UPDATESTANDBY
26515000000,1.000000000000000,1.000000000000000,0.000000000000000,1,0,0,242,26414000000,6,UPDATESTANDBY
26614000000,1.000000000000000,1.000000000000000,0.000000000000000,1,0,0,243,26515000000,6,UPDATESTANDBY
26714000000,1.000000000000000,1.000000000000000,0.000000000000000,1,0,0,244,26615000000,6,UPDATESTANDBY
26814000000,1.000000000000000,1.000000000000000,0.000000000000000,1,0,0,245,26714000000,6,UPDATESTANDBY
26914000000,1.000000000000000,1.000000000000000,0.000000000000000,1,0,0,246,26814000000,6,UPDATESTANDBY
27014000000,1.000000000000000,1.000000000000000,0.000000000000000,1,0,0,247,26914000000,6,UPDATESTANDBY
27114000000,1.000000000000000,1.000000000000000,0.000000000000000,1,0,0,248,27014000000,6,UPDATESTANDBY
27214000000,1.000000000000000,1.000000000000000,0.000000000000000,1,0,0,249,27114000000,6,UPDATESTANDBY
27314000000,1.000000000000000,1.000000000000000,0.000000000000000,1,0,0,250,27214000000,7,UPDATESTANDBY
27414000000,1.000000000000000,1.000000000000000,0.000000000000000,1,0,0,251,27315000000,6,UPDATESTANDBY
27515000000,1.000000000000000,1.000000000000000,0.000000000000000,1,0,0,252,27414000000,6,UPDATESTANDBY
27615000000,1.000000000000000,1.000000000000000,0.000000000000000,1,0,0,253,27515000000,6,UPDATESTANDBY
27715000000,1.000000000000000,1.000000000000000,0.000000000000000,1,0,0,254,27615000000,6,UPDATESTANDBY
27815000000,1.000000000000000,1.000000000000000,0.000000000000000,1,0,0,255,27715000000,6,UPDATESTANDBY
27915000000,1.000000000000000,1.000000000000000,0.000000000000000,1,0,0,256,27815000000,6,UPDATESTANDBY
28014000000,1.000000000000000,1.000000000000000,0.000000000000000,1,0,0,257,27915000000,6,UPDATESTANDBY
28114000000,1.000000000000000,1.000000000000000,0.000000000000000,1,0,0,258,28014000000,6,UPDATESTANDBY
28214000000,1.000000000000000,1.000000000000000,0.000000000000000,1,0,0,259,28114000000,6,UPDATESTANDBY
28315000000,1.000000000000000,1.000000000000000,0.000000000000000,1,0,0,260,28215000000,7,UPDATESTANDBY
28414000000,1.000000000000000,1.000000000000000,0.000000000000000,1,0,0,261,28315000000,6,UPDATESTANDBY
28514000000,1.000000000000000,1.000000000000000,0.000000000000000,1,0,0,262,28414000000,6,UPDATESTANDBY
28614000000,1.000000000000000,1.000000000000000,0.000000000000000,1,0,0,263,28514000000,6,UPDATESTANDBY
28714000000,1.000000000000000,1.000000000000000,0.000000000000000,1,0,0,264,28614000000,6,UPDATESTANDBY
28815000000,1.000000000000000,1.000000000000000,0.000000000000000,1,0,0,265,28715000000,6,UPDATESTANDBY
28915000000,1.000000000000000,1.000000000000000,0.000000000000000,1,0,0,266,28815000000,6,UPDATESTANDBY
29014000000,1.000000000000000,1.000000000000000,0.000000000000000,1,0,0,267,28915000000,6,UPDATESTANDBY
29114000000,1.000000000000000,1.000000000000000,0.000000000000000,1,0,0,268,29014000000,6,UPDATESTANDBY
29214000000,1.000000000000000,1.000000000000000,0.000000000000000,1,0,0,269,29114000000,6,UPDATESTANDBY
29314000000,1.000000000000000,1.000000000000000,0.000000000000000,1,0,0,270,29214000000,7,UPDATESTANDBY
29414000000,1.000000000000000,1.000000000000000,0.000000000000000,1,0,0,271,29314000000,6,UPDATESTANDBY
29514000000,1.000000000000000,1.000000000000000,0.000000000000000,1,0,0,272,29414000000,6,UPDATESTANDBY
29614000000,1.000000000000000,1.000000000000000,0.000000000000000,1,0,0,273,29514000000,6,UPDATESTANDBY
29714000000,1.000000000000000,1.000000000000000,0.000000000000000,1,0,0,274,29614000000,6,UPDATESTANDBY
29814000000,1.000000000000000,1.000000000000000,0.000000000000000,1,0,0,275,29714000000,6,UPDATESTANDBY
29914000000,1.000000000000000,1.000000000000000,0.000000000000000,1,0,0,276,29814000000,6,UPDATESTANDBY
30014000000,1.000000000000000,1.000000000000000,0.000000000000000,1,0,0,277,29914000000,6,UPDATESTANDBY
30114000000,1.000000000000000,1.000000000000000,0.000000000000000,1,0,0,278,30014000000,6,UPDATESTANDBY
30214000000,1.000000000000000,1.000000000000000,0.000000000000000,1,0,0,279,30115000000,6,UPDATESTANDBY
30314000000,1.000000000000000,1.000000000000000,0.000000000000000,1,0,0,280,30214000000,7,UPDATESTANDBY
30414000000,1.000000000000000,1.000000000000000,0.000000000000000,1,0,0,281,30314000000,6,UPDATESTANDBY
30514000000,1.000000000000000,1.000000000000000,0.000000000000000,1,0,0,282,30414000000,6,UPDATESTANDBY
30614000000,1.000000000000000,1.000000000000000,0.000000000000000,1,0,0,283,30514000000,6,UPDATESTANDBY
30714000000,1.000000000000000,1.000000000000000,0.000000000000000,1,0,0,284,30614000000,6,UPDATESTANDBY
30814000000,1.000000000000000,1.000000000000000,0.000000000000000,1,0,0,285,30714000000,6,UPDATESTANDBY
30914000000,1.000000000000000,1.000000000000000,0.000000000000000,1,0,0,286,30814000000,6,UPDATESTANDBY
31014000000,1.000000000000000,1.000000000000000,0.000000000000000,1,0,0,287,30914000000,6,UPDATESTANDBY
31115000000,1.000000000000000,1.000000000000000,0.000000000000000,1,0,0,288,31014000000,6,UPDATESTANDBY
31214000000,1.000000000000000,1.000000000000000,0.000000000000000,1,0,0,289,31115000000,6,UPDATESTANDBY
31314000000,1.000000000000000,1.000000000000000,0.000000000000000,1,0,0,290,31214000000,7,UPDATESTANDBY
31414000000,1.000000000000000,1.000000000000000,0.000000000000000,1,0,0,291,31314000000,6,UPDATESTANDBY
31514000000,1.000000000000000,1.000000000000000,0.000000000000000,1,0,0,292,31414000000,6,UPDATESTANDBY
31614000000,1.000000000000000,1.000000000000000,0.000000000000000,1,0,0,293,31514000000,6,UPDATESTANDBY
31714000000,1.000000000000000,1.000000000000000,0.000000000000000,1,0,0,294,31614000000,6,UPDATESTANDBY
31814000000,1.000000000000000,1.000000000000000,0.000000000000000,1,0,0,295,31714000000,6,UPDATESTANDBY
31914000000,1.000000000000000,1.000000000000000,0.000000000000000,1,0,0,296,31814000000,6,UPDATESTANDBY
32014000000,1.000000000000000,1.000000000000000,0.000000000000000,1,0,0,297,31914000000,6,UPDATESTANDBY
32114000000,1.000000000000000,1.000000000000000,0.000000000000000,1,0,0,298,32014000000,6,UPDATESTANDBY
32215000000,1.000000000000000,1.000000000000000,0.000000000000000,1,0,0,299,32114000000,6,UPDATESTANDBY
32315000000,1.000000000000000,1.000000000000000,0.000000000000000,1,0,0,300,32215000000,7,UPDATESTANDBY
32414000000,1.000000000000000,1.000000000000000,0.000000000000000,1,0,0,301,32315000000,6,UPDATESTANDBY
32514000000,1.000000000000000,1.000000000000000,0.000000000000000,1,0,0,302,32415000000,6,UPDATESTANDBY
32614000000,1.000000000000000,1.000000000000000,0.000000000000000,1,0,0,303,32515000000,6,UPDATESTANDBY
32714000000,1.000000000000000,1.000000000000000,0.000000000000000,1,0,0,304,32614000000,6,UPDATESTANDBY
32814000000,1.000000000000000,1.000000000000000,0.000000000000000,1,0,0,305,32714000000,6,UPDATESTANDBY
32914000000,1.000000000000000,1.000000000000000,0.000000000000000,1,0,0,306,32814000000,6,UPDATESTANDBY
33014000000,1.000000000000000,1.000000000000000,0.000000000000000,1,0,0,307,32915000000,6,UPDATESTANDBY
33114000000,1.000000000000000,1.000000000000000,0.000000000000000,1,0,0,308,33015000000,6,UPDATESTANDBY
33214000000,1.000000000000000,1.000000000000000,0.000000000000000,1,0,0,309,33114000000,6,UPDATESTANDBY
33314000000,1.000000000000000,1.000000000000000,0.000000000000000,1,0,0,310,33214000000,7,UPDATESTANDBY
33414000000,1.000000000000000,1.000000000000000,0.000000000000000,1,0,0,311,33314000000,6,UPDATESTANDBY
33514000000,1.000000000000000,1.000000000000000,0.000000000000000,1,0,0,312,33414000000,6,UPDATESTANDBY
33614000000,1.000000000000000,1.000000000000000,0.000000000000000,1,0,0,313,33515000000,6,UPDATESTANDBY
33714000000,1.000000000000000,1.000000000000000,0.000000000000000,1,0,0,314,33615000000,6,UPDATESTANDBY
33814000000,1.000000000000000,1.000000000000000,0.000000000000000,1,0,0,315,33714000000,6,UPDATESTANDBY
33914000000,1.000000000000000,1.000000000000000,0.000000000000000,1,0,0,316,33815000000,6,UPDATESTANDBY
34014000000,1.000000000000000,1.000000000000000,0.000000000000000,1,0,0,317,33915000000,6,UPDATESTANDBY
34114000000,1.000000000000000,1.000000000000000,0.000000000000000,1,0,0,318,34014000000,6,UPDATESTANDBY
34214000000,1.000000000000000,1.000000000000000,0.000000000000000,1,0,0,319,34114000000,6,UPDATESTANDBY
34314000000,1.000000000000000,1.000000000000000,0.000000000000000,1,0,0,320,34214000000,7,UPDATESTANDBY
34414000000,1.000000000000000,1.000000000000000,0.000000000000000,1,0,0,321,34314000000,6,UPDATESTANDBY
34514000000,1.000000000000000,1.000000000000000,0.000000000000000,1,0,0,322,34414000000,6,UPDATESTANDBY
34615000000,1.000000000000000,1.000000000000000,0.000000000000000,1,0,0,323,34515000000,6,UPDATESTANDBY
34714000000,1.000000000000000,1.000000000000000,0.000000000000000,1,0,0,324,34615000000,6,UPDATESTANDBY
34814000000,1.000000000000000,1.000000000000000,0.000000000000000,1,0,0,325,34714000000,6,UPDATESTANDBY
34914000000,1.000000000000000,1.000000000000000,0.000000000000000,1,0,0,326,34815000000,6,UPDATESTANDBY
35014000000,1.000000000000000,1.000000000000000,0.000000000000000,1,0,0,327,34914000000,6,UPDATESTANDBY
35115000000,1.000000000000000,1.000000000000000,0.000000000000000,1,0,0,328,35014000000,6,UPDATESTANDBY
35214000000,1.000000000000000,1.000000000000000,0.000000000000000,1,0,0,329,35115000000,6,UPDATESTANDBY
35314000000,1.000000000000000,1.000000000000000,0.000000000000000,1,0,0,330,35215000000,7,UPDATESTANDBY
35414000000,1.000000000000000,1.000000000000000,0.000000000000000,1,0,0,331,35315000000,6,UPDATESTANDBY
35514000000,1.000000000000000,1.000000000000000,0.000000000000000,1,0,0,332,35414000000,6,UPDATESTANDBY
35614000000,1.000000000000000,1.000000000000000,0.000000000000000,1,0,0,333,35515000000,6,UPDATESTANDBY
