\BOOKMARK [1][-]{section.1}{Introduction}{}% 1
\BOOKMARK [1][-]{section.2}{Methodology}{}% 2
\BOOKMARK [2][-]{subsection.2.1}{Testing Framework}{section.2}% 3
\BOOKMARK [3][-]{subsubsection.2.1.1}{Entities}{subsection.2.1}% 4
\BOOKMARK [3][-]{subsubsection.2.1.2}{Motion Model}{subsection.2.1}% 5
\BOOKMARK [3][-]{subsubsection.2.1.3}{Adding Robots}{subsection.2.1}% 6
\BOOKMARK [3][-]{subsubsection.2.1.4}{Robot.run\(\)}{subsection.2.1}% 7
\BOOKMARK [3][-]{subsubsection.2.1.5}{Simulated Map}{subsection.2.1}% 8
\BOOKMARK [2][-]{subsection.2.2}{Algorithms}{section.2}% 9
\BOOKMARK [3][-]{subsubsection.2.2.1}{DFS}{subsection.2.2}% 10
\BOOKMARK [3][-]{subsubsection.2.2.2}{Greedy Best First Search}{subsection.2.2}% 11
\BOOKMARK [3][-]{subsubsection.2.2.3}{Role Switching}{subsection.2.2}% 12
\BOOKMARK [1][-]{section.3}{Discussion}{}% 13
\BOOKMARK [2][-]{subsection.3.1}{Conclusion}{section.3}% 14
\BOOKMARK [2][-]{subsection.3.2}{Future Work}{section.3}% 15
\BOOKMARK [2][-]{subsection.3.3}{Eventual Rejuvenation of Initial Goals}{section.3}% 16
\BOOKMARK [1][-]{section.4}{Using The Code From This Paper}{}% 17
\BOOKMARK [1][-]{section.5}{Attribute Listing}{}% 18
\BOOKMARK [1][-]{section*.6}{References}{}% 19
\BOOKMARK [1][-]{IEEEbiography.0}{Biographies}{}% 20
\BOOKMARK [2][-]{IEEEbiography.1}{Jackson Parker}{IEEEbiography.0}% 21
